{"uid":"72cdcb1428c5c462","name":"testTextErrorWhenCreateNewNodeWithEmptyName","fullName":"school.redrover.ManageJenkinsTest.testTextErrorWhenCreateNewNodeWithEmptyName","historyId":"5501f060d3981d811b75e623f17da325","time":{"start":1692288374495,"stop":1692288377339,"duration":2844},"description":"Check error message creating new node with empty name","descriptionHtml":"<p>Check error message creating new node with empty name</p>\n","status":"passed","flaky":false,"newFailed":false,"newBroken":false,"newPassed":false,"retriesCount":0,"retriesStatusChange":false,"beforeStages":[{"name":"beforeClass","time":{"start":1692288242249,"stop":1692288242249,"duration":0},"description":"","status":"passed","steps":[],"attachments":[],"parameters":[],"stepsCount":0,"attachmentsCount":0,"shouldDisplayMessage":false,"hasContent":false},{"name":"beforeMethod","time":{"start":1692288372681,"stop":1692288374495,"duration":1814},"description":"","status":"passed","steps":[],"attachments":[],"parameters":[],"stepsCount":0,"attachmentsCount":0,"shouldDisplayMessage":false,"hasContent":false}],"testStage":{"description":"Check error message creating new node with empty name","status":"passed","steps":[{"name":"click 'Manage Jenkins' link from Main page","time":{"start":1692288374495,"stop":1692288375133,"duration":638},"status":"passed","steps":[],"attachments":[],"parameters":[],"stepsCount":0,"attachmentsCount":0,"shouldDisplayMessage":false,"hasContent":false},{"name":"Click Manage Nodes on ManageJenkins Page","time":{"start":1692288375133,"stop":1692288375478,"duration":345},"status":"passed","steps":[],"attachments":[],"parameters":[],"stepsCount":0,"attachmentsCount":0,"shouldDisplayMessage":false,"hasContent":false},{"name":"Click on 'New Node' button","time":{"start":1692288375478,"stop":1692288375725,"duration":247},"status":"passed","steps":[],"attachments":[],"parameters":[],"stepsCount":0,"attachmentsCount":0,"shouldDisplayMessage":false,"hasContent":false},{"name":"Input Node name 'testNameNewNode' in field","time":{"start":1692288375725,"stop":1692288375868,"duration":143},"status":"passed","steps":[],"attachments":[],"parameters":[{"name":"text","value":"testNameNewNode"}],"stepsCount":0,"attachmentsCount":0,"shouldDisplayMessage":false,"hasContent":true},{"name":"Click on the 'Permanent Agent' Radio button on the New node page","time":{"start":1692288375868,"stop":1692288376045,"duration":177},"status":"passed","steps":[],"attachments":[],"parameters":[],"stepsCount":0,"attachmentsCount":0,"shouldDisplayMessage":false,"hasContent":false},{"name":"Click on the 'Create' button on the New node page","time":{"start":1692288376045,"stop":1692288376352,"duration":307},"status":"passed","steps":[],"attachments":[],"parameters":[],"stepsCount":0,"attachmentsCount":0,"shouldDisplayMessage":false,"hasContent":false},{"name":"Input the Name in the field","time":{"start":1692288376352,"stop":1692288376956,"duration":604},"status":"passed","steps":[],"attachments":[],"parameters":[],"stepsCount":0,"attachmentsCount":0,"shouldDisplayMessage":false,"hasContent":false},{"name":"Click on the 'Save' button and move to Error page","time":{"start":1692288376956,"stop":1692288377253,"duration":297},"status":"passed","steps":[],"attachments":[],"parameters":[],"stepsCount":0,"attachmentsCount":0,"shouldDisplayMessage":false,"hasContent":false},{"name":"Get Error text from Error Node page","time":{"start":1692288377254,"stop":1692288377339,"duration":85},"status":"passed","steps":[],"attachments":[],"parameters":[],"stepsCount":0,"attachmentsCount":0,"shouldDisplayMessage":false,"hasContent":false}],"attachments":[],"parameters":[],"stepsCount":9,"attachmentsCount":0,"shouldDisplayMessage":false,"hasContent":true},"afterStages":[{"name":"afterMethod","time":{"start":1692288377340,"stop":1692288378100,"duration":760},"description":"","status":"broken","statusMessage":"Authorization does not work with user: \"admin\" and password: \"5e0aef0b28024018aa59bd5f2cd22fc8\"","statusTrace":"java.lang.RuntimeException: Authorization does not work with user: \"admin\" and password: \"5e0aef0b28024018aa59bd5f2cd22fc8\"\n\tat school.redrover.runner.JenkinsUtils.getPage(JenkinsUtils.java:109)\n\tat school.redrover.runner.JenkinsUtils.deleteJobs(JenkinsUtils.java:126)\n\tat school.redrover.runner.JenkinsUtils.clearData(JenkinsUtils.java:175)\n\tat school.redrover.runner.BaseTest.clearData(BaseTest.java:64)\n\tat school.redrover.runner.BaseTest.afterMethod(BaseTest.java:126)\n\tat jdk.internal.reflect.GeneratedMethodAccessor66.invoke(Unknown Source)\n\tat java.base/jdk.internal.reflect.DelegatingMethodAccessorImpl.invoke(DelegatingMethodAccessorImpl.java:43)\n\tat java.base/java.lang.reflect.Method.invoke(Method.java:568)\n\tat org.testng.internal.invokers.MethodInvocationHelper.invokeMethod(MethodInvocationHelper.java:139)\n\tat org.testng.internal.invokers.MethodInvocationHelper.invokeMethodConsideringTimeout(MethodInvocationHelper.java:69)\n\tat org.testng.internal.invokers.ConfigInvoker.invokeConfigurationMethod(ConfigInvoker.java:361)\n\tat org.testng.internal.invokers.ConfigInvoker.invokeConfigurations(ConfigInvoker.java:296)\n\tat org.testng.internal.invokers.TestInvoker.runConfigMethods(TestInvoker.java:823)\n\tat org.testng.internal.invokers.TestInvoker.runAfterConfigurations(TestInvoker.java:792)\n\tat org.testng.internal.invokers.TestInvoker.invokeMethod(TestInvoker.java:768)\n\tat org.testng.internal.invokers.TestInvoker.invokeTestMethod(TestInvoker.java:221)\n\tat org.testng.internal.invokers.MethodRunner.runInSequence(MethodRunner.java:50)\n\tat org.testng.internal.invokers.TestInvoker$MethodInvocationAgent.invoke(TestInvoker.java:969)\n\tat org.testng.internal.invokers.TestInvoker.invokeTestMethods(TestInvoker.java:194)\n\tat org.testng.internal.invokers.TestMethodWorker.invokeTestMethods(TestMethodWorker.java:148)\n\tat org.testng.internal.invokers.TestMethodWorker.run(TestMethodWorker.java:128)\n\tat java.base/java.util.concurrent.ThreadPoolExecutor.runWorker(ThreadPoolExecutor.java:1136)\n\tat java.base/java.util.concurrent.ThreadPoolExecutor$Worker.run(ThreadPoolExecutor.java:635)\n\tat java.base/java.lang.Thread.run(Thread.java:833)\n","steps":[{"name":"Logout from instance http://localhost:8080/","time":{"start":1692288377340,"stop":1692288377646,"duration":306},"status":"passed","steps":[],"attachments":[],"parameters":[{"name":"driver","value":"ChromeDriver: chrome on LINUX (5311fef0dec18d4e349495cdc3cb3088)"},{"name":"url","value":"http://localhost:8080/"}],"stepsCount":0,"attachmentsCount":0,"shouldDisplayMessage":false,"hasContent":true},{"name":"Clear Data for Jenkins instance http://localhost:8080/","time":{"start":1692288377751,"stop":1692288378100,"duration":349},"status":"broken","statusMessage":"Authorization does not work with user: \"admin\" and password: \"5e0aef0b28024018aa59bd5f2cd22fc8\"","statusTrace":"java.lang.RuntimeException: Authorization does not work with user: \"admin\" and password: \"5e0aef0b28024018aa59bd5f2cd22fc8\"\n\tat school.redrover.runner.JenkinsUtils.getPage(JenkinsUtils.java:109)\n\tat school.redrover.runner.JenkinsUtils.deleteJobs(JenkinsUtils.java:126)\n\tat school.redrover.runner.JenkinsUtils.clearData(JenkinsUtils.java:175)\n\tat school.redrover.runner.BaseTest.clearData(BaseTest.java:64)\n\tat school.redrover.runner.BaseTest.afterMethod(BaseTest.java:126)\n\tat jdk.internal.reflect.GeneratedMethodAccessor66.invoke(Unknown Source)\n\tat java.base/jdk.internal.reflect.DelegatingMethodAccessorImpl.invoke(DelegatingMethodAccessorImpl.java:43)\n\tat java.base/java.lang.reflect.Method.invoke(Method.java:568)\n\tat org.testng.internal.invokers.MethodInvocationHelper.invokeMethod(MethodInvocationHelper.java:139)\n\tat org.testng.internal.invokers.MethodInvocationHelper.invokeMethodConsideringTimeout(MethodInvocationHelper.java:69)\n\tat org.testng.internal.invokers.ConfigInvoker.invokeConfigurationMethod(ConfigInvoker.java:361)\n\tat org.testng.internal.invokers.ConfigInvoker.invokeConfigurations(ConfigInvoker.java:296)\n\tat org.testng.internal.invokers.TestInvoker.runConfigMethods(TestInvoker.java:823)\n\tat org.testng.internal.invokers.TestInvoker.runAfterConfigurations(TestInvoker.java:792)\n\tat org.testng.internal.invokers.TestInvoker.invokeMethod(TestInvoker.java:768)\n\tat org.testng.internal.invokers.TestInvoker.invokeTestMethod(TestInvoker.java:221)\n\tat org.testng.internal.invokers.MethodRunner.runInSequence(MethodRunner.java:50)\n\tat org.testng.internal.invokers.TestInvoker$MethodInvocationAgent.invoke(TestInvoker.java:969)\n\tat org.testng.internal.invokers.TestInvoker.invokeTestMethods(TestInvoker.java:194)\n\tat org.testng.internal.invokers.TestMethodWorker.invokeTestMethods(TestMethodWorker.java:148)\n\tat org.testng.internal.invokers.TestMethodWorker.run(TestMethodWorker.java:128)\n\tat java.base/java.util.concurrent.ThreadPoolExecutor.runWorker(ThreadPoolExecutor.java:1136)\n\tat java.base/java.util.concurrent.ThreadPoolExecutor$Worker.run(ThreadPoolExecutor.java:635)\n\tat java.base/java.lang.Thread.run(Thread.java:833)\n","steps":[{"name":"Delete Views","time":{"start":1692288377751,"stop":1692288377896,"duration":145},"status":"passed","steps":[],"attachments":[],"parameters":[{"name":"baseUrl","value":"http://localhost:8080/"}],"stepsCount":0,"attachmentsCount":0,"shouldDisplayMessage":false,"hasContent":true},{"name":"Delete Jobs","time":{"start":1692288377896,"stop":1692288378100,"duration":204},"status":"broken","statusMessage":"Authorization does not work with user: \"admin\" and password: \"5e0aef0b28024018aa59bd5f2cd22fc8\"","statusTrace":"java.lang.RuntimeException: Authorization does not work with user: \"admin\" and password: \"5e0aef0b28024018aa59bd5f2cd22fc8\"\n\tat school.redrover.runner.JenkinsUtils.getPage(JenkinsUtils.java:109)\n\tat school.redrover.runner.JenkinsUtils.deleteJobs(JenkinsUtils.java:126)\n\tat school.redrover.runner.JenkinsUtils.clearData(JenkinsUtils.java:175)\n\tat school.redrover.runner.BaseTest.clearData(BaseTest.java:64)\n\tat school.redrover.runner.BaseTest.afterMethod(BaseTest.java:126)\n\tat jdk.internal.reflect.GeneratedMethodAccessor66.invoke(Unknown Source)\n\tat java.base/jdk.internal.reflect.DelegatingMethodAccessorImpl.invoke(DelegatingMethodAccessorImpl.java:43)\n\tat java.base/java.lang.reflect.Method.invoke(Method.java:568)\n\tat org.testng.internal.invokers.MethodInvocationHelper.invokeMethod(MethodInvocationHelper.java:139)\n\tat org.testng.internal.invokers.MethodInvocationHelper.invokeMethodConsideringTimeout(MethodInvocationHelper.java:69)\n\tat org.testng.internal.invokers.ConfigInvoker.invokeConfigurationMethod(ConfigInvoker.java:361)\n\tat org.testng.internal.invokers.ConfigInvoker.invokeConfigurations(ConfigInvoker.java:296)\n\tat org.testng.internal.invokers.TestInvoker.runConfigMethods(TestInvoker.java:823)\n\tat org.testng.internal.invokers.TestInvoker.runAfterConfigurations(TestInvoker.java:792)\n\tat org.testng.internal.invokers.TestInvoker.invokeMethod(TestInvoker.java:768)\n\tat org.testng.internal.invokers.TestInvoker.invokeTestMethod(TestInvoker.java:221)\n\tat org.testng.internal.invokers.MethodRunner.runInSequence(MethodRunner.java:50)\n\tat org.testng.internal.invokers.TestInvoker$MethodInvocationAgent.invoke(TestInvoker.java:969)\n\tat org.testng.internal.invokers.TestInvoker.invokeTestMethods(TestInvoker.java:194)\n\tat org.testng.internal.invokers.TestMethodWorker.invokeTestMethods(TestMethodWorker.java:148)\n\tat org.testng.internal.invokers.TestMethodWorker.run(TestMethodWorker.java:128)\n\tat java.base/java.util.concurrent.ThreadPoolExecutor.runWorker(ThreadPoolExecutor.java:1136)\n\tat java.base/java.util.concurrent.ThreadPoolExecutor$Worker.run(ThreadPoolExecutor.java:635)\n\tat java.base/java.lang.Thread.run(Thread.java:833)\n","steps":[],"attachments":[],"parameters":[{"name":"baseUrl","value":"http://localhost:8080/"}],"stepsCount":0,"attachmentsCount":0,"shouldDisplayMessage":true,"hasContent":true}],"attachments":[],"parameters":[{"name":"baseUrl","value":"http://localhost:8080/"}],"stepsCount":2,"attachmentsCount":0,"shouldDisplayMessage":false,"hasContent":true}],"attachments":[],"parameters":[],"stepsCount":4,"attachmentsCount":0,"shouldDisplayMessage":false,"hasContent":true},{"name":"unlockInstance","time":{"start":1692288378101,"stop":1692288378101,"duration":0},"description":"","status":"passed","steps":[],"attachments":[],"parameters":[],"stepsCount":0,"attachmentsCount":0,"shouldDisplayMessage":false,"hasContent":false}],"labels":[{"name":"package","value":"school.redrover.ManageJenkinsTest"},{"name":"testClass","value":"school.redrover.ManageJenkinsTest"},{"name":"testMethod","value":"testTextErrorWhenCreateNewNodeWithEmptyName"},{"name":"parentSuite","value":"AllTestsSuite"},{"name":"suite","value":"AllTests"},{"name":"subSuite","value":"school.redrover.ManageJenkinsTest"},{"name":"host","value":"fv-az445-580"},{"name":"thread","value":"2907@fv-az445-580.TestNG-test=AllTests-2(18)"},{"name":"framework","value":"testng"},{"name":"language","value":"java"},{"name":"feature","value":"Function"},{"name":"severity","value":"trivial"},{"name":"resultFormat","value":"allure2"}],"parameters":[],"links":[],"hidden":false,"retry":false,"extra":{"severity":"trivial","retries":[],"categories":[],"history":{"statistic":{"failed":0,"broken":0,"skipped":5,"passed":10,"unknown":0,"total":15},"items":[{"uid":"db388772fb5c339b","reportUrl":"https://RedRoverSchool.github.io/JenkinsQA_06/6491//#testresult/db388772fb5c339b","status":"passed","time":{"start":1692279986510,"stop":1692279988676,"duration":2166}},{"uid":"c4ee49cf0abc5aa8","reportUrl":"https://RedRoverSchool.github.io/JenkinsQA_06/6490//#testresult/c4ee49cf0abc5aa8","status":"passed","time":{"start":1692277906616,"stop":1692277909531,"duration":2915}},{"uid":"2cf77f561fecf9a","reportUrl":"https://RedRoverSchool.github.io/JenkinsQA_06/6486//#testresult/2cf77f561fecf9a","status":"passed","time":{"start":1692274994782,"stop":1692274996719,"duration":1937}},{"uid":"37e841ff5c7fc6d9","reportUrl":"https://RedRoverSchool.github.io/JenkinsQA_06/6487//#testresult/37e841ff5c7fc6d9","status":"passed","time":{"start":1692274636934,"stop":1692274639855,"duration":2921}},{"uid":"f5bdfe7c8b312e62","reportUrl":"https://RedRoverSchool.github.io/JenkinsQA_06/6484//#testresult/f5bdfe7c8b312e62","status":"passed","time":{"start":1692273183854,"stop":1692273186022,"duration":2168}},{"uid":"1f2e6a82c7ee9c35","reportUrl":"https://RedRoverSchool.github.io/JenkinsQA_06/6481//#testresult/1f2e6a82c7ee9c35","status":"passed","time":{"start":1692267721169,"stop":1692267723741,"duration":2572}},{"uid":"d66f36c579e84d82","reportUrl":"https://RedRoverSchool.github.io/JenkinsQA_06/6480//#testresult/d66f36c579e84d82","status":"passed","time":{"start":1692266553152,"stop":1692266555014,"duration":1862}},{"uid":"e29141a67091342b","reportUrl":"https://RedRoverSchool.github.io/JenkinsQA_06/6479//#testresult/e29141a67091342b","status":"passed","time":{"start":1692262602228,"stop":1692262603988,"duration":1760}},{"uid":"2d0c1caa7e37c1dc","reportUrl":"https://RedRoverSchool.github.io/JenkinsQA_06/6478//#testresult/2d0c1caa7e37c1dc","status":"skipped","statusDetails":"Cannot invoke \"school.redrover.JenkinsInstance.setBusy(boolean)\" because \"this.instance\" is null","time":{"start":1692258817862,"stop":1692258817862,"duration":0}},{"uid":"9ae48ea0b23951f6","reportUrl":"https://RedRoverSchool.github.io/JenkinsQA_06/6477//#testresult/9ae48ea0b23951f6","status":"skipped","statusDetails":"Cannot invoke \"school.redrover.JenkinsInstance.setBusy(boolean)\" because \"this.instance\" is null","time":{"start":1692257713230,"stop":1692257713230,"duration":0}},{"uid":"2873fee0771247f1","reportUrl":"https://RedRoverSchool.github.io/JenkinsQA_06/6476//#testresult/2873fee0771247f1","status":"skipped","statusDetails":"\nCan inject only one of <ITestContext, XmlTest> into a @BeforeClass annotated beforeClass.\nFor more information on native dependency injection please refer to https://testng.org/doc/documentation-main.html#native-dependency-injection","time":{"start":1692256996295,"stop":1692256996295,"duration":0}},{"uid":"47b8b3eaa43aee3c","reportUrl":"https://RedRoverSchool.github.io/JenkinsQA_06/6475//#testresult/47b8b3eaa43aee3c","status":"skipped","statusDetails":"java.lang.NullPointerException: Cannot invoke \"school.redrover.JenkinsInstance.setBusy(boolean)\" because \"this.instance\" is null","time":{"start":1692255999698,"stop":1692255999698,"duration":0}},{"uid":"9e08be6a7ad738fb","reportUrl":"https://RedRoverSchool.github.io/JenkinsQA_06/6474//#testresult/9e08be6a7ad738fb","status":"passed","time":{"start":1692250229949,"stop":1692250231472,"duration":1523}},{"uid":"530b795cc342e81","reportUrl":"https://RedRoverSchool.github.io/JenkinsQA_06/6473//#testresult/530b795cc342e81","status":"skipped","statusDetails":"java.lang.NullPointerException: Cannot invoke \"school.redrover.JenkinsInstance.setBusy(boolean)\" because \"this.instance\" is null","time":{"start":1692225264789,"stop":1692225264789,"duration":0}}]},"tags":[]},"source":"72cdcb1428c5c462.json","parameterValues":[]}