{"uid":"cc56d5b6d8d60df0","name":"testCreateBuildNowFromDropDown","fullName":"school.redrover.MultiConfigurationProjectTest.testCreateBuildNowFromDropDown","historyId":"aded8663b5d9b382621a3a9684cb4c00","time":{"start":1692540782108,"stop":1692540782108,"duration":0},"description":"Verification of possibility to build  MultiConfiguration project from drop-down menu","descriptionHtml":"<p>Verification of possibility to build  MultiConfiguration project from drop-down menu</p>\n","status":"skipped","statusMessage":"Cannot invoke \"org.openqa.selenium.TakesScreenshot.getScreenshotAs(org.openqa.selenium.OutputType)\" because \"driver\" is null","statusTrace":"java.lang.NullPointerException: Cannot invoke \"org.openqa.selenium.TakesScreenshot.getScreenshotAs(org.openqa.selenium.OutputType)\" because \"driver\" is null\n\tat school.redrover.runner.ProjectUtils.takeScreenshot(ProjectUtils.java:126)\n\tat school.redrover.runner.BaseTest.afterMethod(BaseTest.java:119)\n\tat jdk.internal.reflect.GeneratedMethodAccessor124.invoke(Unknown Source)\n\tat java.base/jdk.internal.reflect.DelegatingMethodAccessorImpl.invoke(DelegatingMethodAccessorImpl.java:43)\n\tat java.base/java.lang.reflect.Method.invoke(Method.java:568)\n\tat org.testng.internal.invokers.MethodInvocationHelper.invokeMethod(MethodInvocationHelper.java:139)\n\tat org.testng.internal.invokers.MethodInvocationHelper.invokeMethodConsideringTimeout(MethodInvocationHelper.java:69)\n\tat org.testng.internal.invokers.ConfigInvoker.invokeConfigurationMethod(ConfigInvoker.java:361)\n\tat org.testng.internal.invokers.ConfigInvoker.invokeConfigurations(ConfigInvoker.java:296)\n\tat org.testng.internal.invokers.TestInvoker.runConfigMethods(TestInvoker.java:823)\n\tat org.testng.internal.invokers.TestInvoker.runAfterConfigurations(TestInvoker.java:792)\n\tat org.testng.internal.invokers.TestInvoker.invokeMethod(TestInvoker.java:613)\n\tat org.testng.internal.invokers.TestInvoker.invokeTestMethod(TestInvoker.java:221)\n\tat org.testng.internal.invokers.MethodRunner.runInSequence(MethodRunner.java:50)\n\tat org.testng.internal.invokers.TestInvoker$MethodInvocationAgent.invoke(TestInvoker.java:969)\n\tat org.testng.internal.invokers.TestInvoker.invokeTestMethods(TestInvoker.java:194)\n\tat org.testng.internal.invokers.TestMethodWorker.invokeTestMethods(TestMethodWorker.java:148)\n\tat org.testng.internal.invokers.TestMethodWorker.run(TestMethodWorker.java:128)\n\tat java.base/java.util.concurrent.ThreadPoolExecutor.runWorker(ThreadPoolExecutor.java:1136)\n\tat java.base/java.util.concurrent.ThreadPoolExecutor$Worker.run(ThreadPoolExecutor.java:635)\n\tat java.base/java.lang.Thread.run(Thread.java:833)\n","flaky":false,"newFailed":false,"newBroken":false,"newPassed":false,"retriesCount":0,"retriesStatusChange":false,"beforeStages":[{"name":"beforeClass","time":{"start":1692540727157,"stop":1692540731074,"duration":3917},"description":"","status":"passed","steps":[],"attachments":[],"parameters":[],"stepsCount":0,"attachmentsCount":0,"shouldDisplayMessage":false,"hasContent":false},{"name":"beforeMethod","time":{"start":1692540782106,"stop":1692540782106,"duration":0},"description":"","status":"broken","steps":[],"attachments":[],"parameters":[],"stepsCount":0,"attachmentsCount":0,"shouldDisplayMessage":false,"hasContent":false}],"afterStages":[{"name":"afterMethod","time":{"start":1692540782110,"stop":1692540782110,"duration":0},"description":"","status":"broken","statusMessage":"Cannot invoke \"org.openqa.selenium.TakesScreenshot.getScreenshotAs(org.openqa.selenium.OutputType)\" because \"driver\" is null","statusTrace":"java.lang.NullPointerException: Cannot invoke \"org.openqa.selenium.TakesScreenshot.getScreenshotAs(org.openqa.selenium.OutputType)\" because \"driver\" is null\n\tat school.redrover.runner.ProjectUtils.takeScreenshot(ProjectUtils.java:126)\n\tat school.redrover.runner.BaseTest.afterMethod(BaseTest.java:119)\n\tat jdk.internal.reflect.GeneratedMethodAccessor124.invoke(Unknown Source)\n\tat java.base/jdk.internal.reflect.DelegatingMethodAccessorImpl.invoke(DelegatingMethodAccessorImpl.java:43)\n\tat java.base/java.lang.reflect.Method.invoke(Method.java:568)\n\tat org.testng.internal.invokers.MethodInvocationHelper.invokeMethod(MethodInvocationHelper.java:139)\n\tat org.testng.internal.invokers.MethodInvocationHelper.invokeMethodConsideringTimeout(MethodInvocationHelper.java:69)\n\tat org.testng.internal.invokers.ConfigInvoker.invokeConfigurationMethod(ConfigInvoker.java:361)\n\tat org.testng.internal.invokers.ConfigInvoker.invokeConfigurations(ConfigInvoker.java:296)\n\tat org.testng.internal.invokers.TestInvoker.runConfigMethods(TestInvoker.java:823)\n\tat org.testng.internal.invokers.TestInvoker.runAfterConfigurations(TestInvoker.java:792)\n\tat org.testng.internal.invokers.TestInvoker.invokeMethod(TestInvoker.java:613)\n\tat org.testng.internal.invokers.TestInvoker.invokeTestMethod(TestInvoker.java:221)\n\tat org.testng.internal.invokers.MethodRunner.runInSequence(MethodRunner.java:50)\n\tat org.testng.internal.invokers.TestInvoker$MethodInvocationAgent.invoke(TestInvoker.java:969)\n\tat org.testng.internal.invokers.TestInvoker.invokeTestMethods(TestInvoker.java:194)\n\tat org.testng.internal.invokers.TestMethodWorker.invokeTestMethods(TestMethodWorker.java:148)\n\tat org.testng.internal.invokers.TestMethodWorker.run(TestMethodWorker.java:128)\n\tat java.base/java.util.concurrent.ThreadPoolExecutor.runWorker(ThreadPoolExecutor.java:1136)\n\tat java.base/java.util.concurrent.ThreadPoolExecutor$Worker.run(ThreadPoolExecutor.java:635)\n\tat java.base/java.lang.Thread.run(Thread.java:833)\n","steps":[],"attachments":[],"parameters":[],"stepsCount":0,"attachmentsCount":0,"shouldDisplayMessage":true,"hasContent":true},{"name":"unlockInstance","time":{"start":1692540783279,"stop":1692540783279,"duration":0},"description":"","status":"passed","steps":[],"attachments":[],"parameters":[],"stepsCount":0,"attachmentsCount":0,"shouldDisplayMessage":false,"hasContent":false}],"labels":[{"name":"package","value":"school.redrover.MultiConfigurationProjectTest"},{"name":"testClass","value":"school.redrover.MultiConfigurationProjectTest"},{"name":"testMethod","value":"testCreateBuildNowFromDropDown"},{"name":"parentSuite","value":"AllTestsSuite"},{"name":"suite","value":"AllTests"},{"name":"subSuite","value":"school.redrover.MultiConfigurationProjectTest"},{"name":"host","value":"fv-az448-810"},{"name":"thread","value":"3259@fv-az448-810.TestNG-test=AllTests-1(17)"},{"name":"framework","value":"testng"},{"name":"language","value":"java"},{"name":"feature","value":"Function"},{"name":"severity","value":"normal"},{"name":"resultFormat","value":"allure2"}],"parameters":[],"links":[],"hidden":false,"retry":false,"extra":{"severity":"normal","retries":[],"categories":[],"history":{"statistic":{"failed":0,"broken":0,"skipped":6,"passed":6,"unknown":0,"total":12},"items":[{"uid":"86391cfac89a687a","reportUrl":"https://RedRoverSchool.github.io/JenkinsQA_06/6546//#testresult/86391cfac89a687a","status":"skipped","statusDetails":"Cannot invoke \"org.openqa.selenium.TakesScreenshot.getScreenshotAs(org.openqa.selenium.OutputType)\" because \"driver\" is null","time":{"start":1692539554884,"stop":1692539554884,"duration":0}},{"uid":"f2bf0b99f69462f","reportUrl":"https://RedRoverSchool.github.io/JenkinsQA_06/6545//#testresult/f2bf0b99f69462f","status":"skipped","statusDetails":"1 expectation failed.\nExpected status code <302> but was <403>.\n","time":{"start":1692538294471,"stop":1692538294494,"duration":23}},{"uid":"99b038431993c4d6","reportUrl":"https://RedRoverSchool.github.io/JenkinsQA_06/6544//#testresult/99b038431993c4d6","status":"skipped","statusDetails":"1 expectation failed.\nExpected status code <302> but was <403>.\n","time":{"start":1692536703619,"stop":1692536703620,"duration":1}},{"uid":"5f9d333095d96347","reportUrl":"https://RedRoverSchool.github.io/JenkinsQA_06/6539//#testresult/5f9d333095d96347","status":"passed","time":{"start":1692532912130,"stop":1692532915261,"duration":3131}},{"uid":"b733e86a4d6cdcd1","reportUrl":"https://RedRoverSchool.github.io/JenkinsQA_06/6542//#testresult/b733e86a4d6cdcd1","status":"passed","time":{"start":1692531772795,"stop":1692531775119,"duration":2324}},{"uid":"47a1c6d6f1c75e92","reportUrl":"https://RedRoverSchool.github.io/JenkinsQA_06/6543//#testresult/47a1c6d6f1c75e92","status":"skipped","statusDetails":"1 expectation failed.\nExpected status code <302> but was <403>.\n","time":{"start":1692533935827,"stop":1692533935827,"duration":0}},{"uid":"49abb8e78e11b975","reportUrl":"https://RedRoverSchool.github.io/JenkinsQA_06/6541//#testresult/49abb8e78e11b975","status":"passed","time":{"start":1692529743837,"stop":1692529749177,"duration":5340}},{"uid":"f30ef077401d3a06","reportUrl":"https://RedRoverSchool.github.io/JenkinsQA_06/6539//#testresult/f30ef077401d3a06","status":"passed","time":{"start":1692528220425,"stop":1692528223759,"duration":3334}},{"uid":"cea26fd4c6243f19","reportUrl":"https://RedRoverSchool.github.io/JenkinsQA_06/6537//#testresult/cea26fd4c6243f19","status":"passed","time":{"start":1692527791575,"stop":1692527794537,"duration":2962}},{"uid":"f2c97ff6afe8732c","reportUrl":"https://RedRoverSchool.github.io/JenkinsQA_06/6540//#testresult/f2c97ff6afe8732c","status":"skipped","statusDetails":"Invalid number of path parameters. Expected 1, was 0. Undefined path parameters are: .","time":{"start":1692528174215,"stop":1692528174215,"duration":0}},{"uid":"fb01a074b4390977","reportUrl":"https://RedRoverSchool.github.io/JenkinsQA_06/6538//#testresult/fb01a074b4390977","status":"passed","time":{"start":1692527298183,"stop":1692527301336,"duration":3153}}]},"tags":[]},"source":"cc56d5b6d8d60df0.json","parameterValues":[]}