{"uid":"dd678a84ed1b9db6","name":"testNavigateToMyViewsPageFromConfigurationPage","fullName":"school.redrover.BreadcrumbTest.testNavigateToMyViewsPageFromConfigurationPage","historyId":"ea2411bea07178a5897e4a7307c4d8a9","time":{"start":1692540916286,"stop":1692540916286,"duration":0},"status":"skipped","statusMessage":"Cannot invoke \"org.openqa.selenium.TakesScreenshot.getScreenshotAs(org.openqa.selenium.OutputType)\" because \"driver\" is null","statusTrace":"java.lang.NullPointerException: Cannot invoke \"org.openqa.selenium.TakesScreenshot.getScreenshotAs(org.openqa.selenium.OutputType)\" because \"driver\" is null\n\tat school.redrover.runner.ProjectUtils.takeScreenshot(ProjectUtils.java:126)\n\tat school.redrover.runner.BaseTest.afterMethod(BaseTest.java:119)\n\tat jdk.internal.reflect.GeneratedMethodAccessor124.invoke(Unknown Source)\n\tat java.base/jdk.internal.reflect.DelegatingMethodAccessorImpl.invoke(DelegatingMethodAccessorImpl.java:43)\n\tat java.base/java.lang.reflect.Method.invoke(Method.java:568)\n\tat org.testng.internal.invokers.MethodInvocationHelper.invokeMethod(MethodInvocationHelper.java:139)\n\tat org.testng.internal.invokers.MethodInvocationHelper.invokeMethodConsideringTimeout(MethodInvocationHelper.java:69)\n\tat org.testng.internal.invokers.ConfigInvoker.invokeConfigurationMethod(ConfigInvoker.java:361)\n\tat org.testng.internal.invokers.ConfigInvoker.invokeConfigurations(ConfigInvoker.java:296)\n\tat org.testng.internal.invokers.TestInvoker.runConfigMethods(TestInvoker.java:823)\n\tat org.testng.internal.invokers.TestInvoker.runAfterConfigurations(TestInvoker.java:792)\n\tat org.testng.internal.invokers.TestInvoker.invokeMethod(TestInvoker.java:613)\n\tat org.testng.internal.invokers.TestInvoker.invokeTestMethod(TestInvoker.java:221)\n\tat org.testng.internal.invokers.MethodRunner.runInSequence(MethodRunner.java:50)\n\tat org.testng.internal.invokers.TestInvoker$MethodInvocationAgent.invoke(TestInvoker.java:969)\n\tat org.testng.internal.invokers.TestInvoker.invokeTestMethods(TestInvoker.java:194)\n\tat org.testng.internal.invokers.TestMethodWorker.invokeTestMethods(TestMethodWorker.java:148)\n\tat org.testng.internal.invokers.TestMethodWorker.run(TestMethodWorker.java:128)\n\tat java.base/java.util.concurrent.ThreadPoolExecutor.runWorker(ThreadPoolExecutor.java:1136)\n\tat java.base/java.util.concurrent.ThreadPoolExecutor$Worker.run(ThreadPoolExecutor.java:635)\n\tat java.base/java.lang.Thread.run(Thread.java:833)\n","flaky":false,"newFailed":false,"newBroken":false,"newPassed":false,"retriesCount":0,"retriesStatusChange":false,"beforeStages":[{"name":"beforeClass","time":{"start":1692540892624,"stop":1692540892624,"duration":0},"description":"","status":"passed","steps":[],"attachments":[],"parameters":[],"stepsCount":0,"attachmentsCount":0,"shouldDisplayMessage":false,"hasContent":false},{"name":"beforeMethod","time":{"start":1692540916285,"stop":1692540916285,"duration":0},"description":"","status":"broken","steps":[],"attachments":[],"parameters":[],"stepsCount":0,"attachmentsCount":0,"shouldDisplayMessage":false,"hasContent":false}],"afterStages":[{"name":"afterMethod","time":{"start":1692540916314,"stop":1692540916314,"duration":0},"description":"","status":"broken","statusMessage":"Cannot invoke \"org.openqa.selenium.TakesScreenshot.getScreenshotAs(org.openqa.selenium.OutputType)\" because \"driver\" is null","statusTrace":"java.lang.NullPointerException: Cannot invoke \"org.openqa.selenium.TakesScreenshot.getScreenshotAs(org.openqa.selenium.OutputType)\" because \"driver\" is null\n\tat school.redrover.runner.ProjectUtils.takeScreenshot(ProjectUtils.java:126)\n\tat school.redrover.runner.BaseTest.afterMethod(BaseTest.java:119)\n\tat jdk.internal.reflect.GeneratedMethodAccessor124.invoke(Unknown Source)\n\tat java.base/jdk.internal.reflect.DelegatingMethodAccessorImpl.invoke(DelegatingMethodAccessorImpl.java:43)\n\tat java.base/java.lang.reflect.Method.invoke(Method.java:568)\n\tat org.testng.internal.invokers.MethodInvocationHelper.invokeMethod(MethodInvocationHelper.java:139)\n\tat org.testng.internal.invokers.MethodInvocationHelper.invokeMethodConsideringTimeout(MethodInvocationHelper.java:69)\n\tat org.testng.internal.invokers.ConfigInvoker.invokeConfigurationMethod(ConfigInvoker.java:361)\n\tat org.testng.internal.invokers.ConfigInvoker.invokeConfigurations(ConfigInvoker.java:296)\n\tat org.testng.internal.invokers.TestInvoker.runConfigMethods(TestInvoker.java:823)\n\tat org.testng.internal.invokers.TestInvoker.runAfterConfigurations(TestInvoker.java:792)\n\tat org.testng.internal.invokers.TestInvoker.invokeMethod(TestInvoker.java:613)\n\tat org.testng.internal.invokers.TestInvoker.invokeTestMethod(TestInvoker.java:221)\n\tat org.testng.internal.invokers.MethodRunner.runInSequence(MethodRunner.java:50)\n\tat org.testng.internal.invokers.TestInvoker$MethodInvocationAgent.invoke(TestInvoker.java:969)\n\tat org.testng.internal.invokers.TestInvoker.invokeTestMethods(TestInvoker.java:194)\n\tat org.testng.internal.invokers.TestMethodWorker.invokeTestMethods(TestMethodWorker.java:148)\n\tat org.testng.internal.invokers.TestMethodWorker.run(TestMethodWorker.java:128)\n\tat java.base/java.util.concurrent.ThreadPoolExecutor.runWorker(ThreadPoolExecutor.java:1136)\n\tat java.base/java.util.concurrent.ThreadPoolExecutor$Worker.run(ThreadPoolExecutor.java:635)\n\tat java.base/java.lang.Thread.run(Thread.java:833)\n","steps":[],"attachments":[],"parameters":[],"stepsCount":0,"attachmentsCount":0,"shouldDisplayMessage":true,"hasContent":true},{"name":"unlockInstance","time":{"start":1692540917446,"stop":1692540917446,"duration":0},"description":"","status":"passed","steps":[],"attachments":[],"parameters":[],"stepsCount":0,"attachmentsCount":0,"shouldDisplayMessage":false,"hasContent":false}],"labels":[{"name":"package","value":"school.redrover.BreadcrumbTest"},{"name":"testClass","value":"school.redrover.BreadcrumbTest"},{"name":"testMethod","value":"testNavigateToMyViewsPageFromConfigurationPage"},{"name":"parentSuite","value":"AllTestsSuite"},{"name":"suite","value":"AllTests"},{"name":"subSuite","value":"school.redrover.BreadcrumbTest"},{"name":"host","value":"fv-az448-810"},{"name":"thread","value":"3259@fv-az448-810.TestNG-test=AllTests-2(18)"},{"name":"framework","value":"testng"},{"name":"language","value":"java"},{"name":"feature","value":"Navigation"},{"name":"severity","value":"normal"},{"name":"resultFormat","value":"allure2"}],"parameters":[{"name":"arg0","value":"OrganizationFolder"}],"links":[],"hidden":false,"retry":false,"extra":{"severity":"normal","retries":[],"categories":[],"history":{"statistic":{"failed":0,"broken":0,"skipped":6,"passed":5,"unknown":0,"total":11},"items":[{"uid":"5ae948f144e488ae","reportUrl":"https://RedRoverSchool.github.io/JenkinsQA_06/6546//#testresult/5ae948f144e488ae","status":"skipped","statusDetails":"Cannot invoke \"org.openqa.selenium.TakesScreenshot.getScreenshotAs(org.openqa.selenium.OutputType)\" because \"driver\" is null","time":{"start":1692539723305,"stop":1692539723305,"duration":0}},{"uid":"2dde4cd5d1610005","reportUrl":"https://RedRoverSchool.github.io/JenkinsQA_06/6545//#testresult/2dde4cd5d1610005","status":"skipped","statusDetails":"1 expectation failed.\nExpected status code <302> but was <403>.\n","time":{"start":1692538444173,"stop":1692538444174,"duration":1}},{"uid":"37d14eb93c59fd7e","reportUrl":"https://RedRoverSchool.github.io/JenkinsQA_06/6544//#testresult/37d14eb93c59fd7e","status":"skipped","statusDetails":"1 expectation failed.\nExpected status code <302> but was <403>.\n","time":{"start":1692536752523,"stop":1692536752523,"duration":0}},{"uid":"b708b40613384406","reportUrl":"https://RedRoverSchool.github.io/JenkinsQA_06/6539//#testresult/b708b40613384406","status":"passed","time":{"start":1692536153625,"stop":1692536156733,"duration":3108}},{"uid":"5b58083169f88d51","reportUrl":"https://RedRoverSchool.github.io/JenkinsQA_06/6542//#testresult/5b58083169f88d51","status":"passed","time":{"start":1692534671626,"stop":1692534674246,"duration":2620}},{"uid":"467042756c69eb59","reportUrl":"https://RedRoverSchool.github.io/JenkinsQA_06/6543//#testresult/467042756c69eb59","status":"skipped","statusDetails":"1 expectation failed.\nExpected status code <302> but was <403>.\n","time":{"start":1692534020572,"stop":1692534020572,"duration":0}},{"uid":"670147378dd5a234","reportUrl":"https://RedRoverSchool.github.io/JenkinsQA_06/6541//#testresult/670147378dd5a234","status":"passed","time":{"start":1692532477099,"stop":1692532482049,"duration":4950}},{"uid":"8b206eb60e1f3a76","reportUrl":"https://RedRoverSchool.github.io/JenkinsQA_06/6539//#testresult/8b206eb60e1f3a76","status":"passed","time":{"start":1692531624887,"stop":1692531628019,"duration":3132}},{"uid":"fb58e70c28bf2d96","reportUrl":"https://RedRoverSchool.github.io/JenkinsQA_06/6537//#testresult/fb58e70c28bf2d96","status":"passed","time":{"start":1692528601339,"stop":1692528604172,"duration":2833}},{"uid":"41e3ae667d7bf9bd","reportUrl":"https://RedRoverSchool.github.io/JenkinsQA_06/6540//#testresult/41e3ae667d7bf9bd","status":"skipped","statusDetails":"Invalid number of path parameters. Expected 1, was 0. Undefined path parameters are: .","time":{"start":1692528189191,"stop":1692528189191,"duration":0}}]},"tags":[]},"source":"dd678a84ed1b9db6.json","parameterValues":["OrganizationFolder"]}