{"uid":"2c4fdbf004297d58","name":"testMoveFolderToNewViewList","fullName":"school.redrover.ViewsTest.testMoveFolderToNewViewList","historyId":"863c710b303d27ff6085e3ded4ad947f","time":{"start":1692182608331,"stop":1692182624366,"duration":16035},"description":"Verification the possibility of moving folder to new View list","descriptionHtml":"<p>Verification the possibility of moving folder to new View list</p>\n","status":"broken","statusMessage":"Expected condition failed: waiting for element to be clickable: By.xpath: //a[contains(@href,'/view/View1/')] (tried for 2 second(s) with 500 milliseconds interval)\nBuild info: version: '4.8.3', revision: 'e5e76298c3'\nSystem info: os.name: 'Linux', os.arch: 'amd64', os.version: '5.15.0-1042-azure', java.version: '17.0.8'\nDriver info: org.openqa.selenium.chrome.ChromeDriver\nCapabilities {acceptInsecureCerts: false, browserName: chrome, browserVersion: 115.0.5790.170, chrome: {chromedriverVersion: 114.0.5735.90 (386bc09e8f4f..., userDataDir: /tmp/.com.google.Chrome.jkdlTe}, goog:chromeOptions: {debuggerAddress: localhost:38173}, networkConnectionEnabled: false, pageLoadStrategy: normal, platformName: LINUX, proxy: Proxy(), se:cdp: ws://localhost:38173/devtoo..., se:cdpVersion: 115.0.5790.170, setWindowRect: true, strictFileInteractability: false, timeouts: {implicit: 0, pageLoad: 300000, script: 30000}, unhandledPromptBehavior: dismiss and notify, webauthn:extension:credBlob: true, webauthn:extension:largeBlob: true, webauthn:extension:minPinLength: true, webauthn:extension:prf: true, webauthn:virtualAuthenticators: true}\nSession ID: a82bb99208a9417ec60946b5f7340556","statusTrace":"org.openqa.selenium.TimeoutException: Expected condition failed: waiting for element to be clickable: By.xpath: //a[contains(@href,'/view/View1/')] (tried for 2 second(s) with 500 milliseconds interval)\nBuild info: version: '4.8.3', revision: 'e5e76298c3'\nSystem info: os.name: 'Linux', os.arch: 'amd64', os.version: '5.15.0-1042-azure', java.version: '17.0.8'\nDriver info: org.openqa.selenium.chrome.ChromeDriver\nCapabilities {acceptInsecureCerts: false, browserName: chrome, browserVersion: 115.0.5790.170, chrome: {chromedriverVersion: 114.0.5735.90 (386bc09e8f4f..., userDataDir: /tmp/.com.google.Chrome.jkdlTe}, goog:chromeOptions: {debuggerAddress: localhost:38173}, networkConnectionEnabled: false, pageLoadStrategy: normal, platformName: LINUX, proxy: Proxy(), se:cdp: ws://localhost:38173/devtoo..., se:cdpVersion: 115.0.5790.170, setWindowRect: true, strictFileInteractability: false, timeouts: {implicit: 0, pageLoad: 300000, script: 30000}, unhandledPromptBehavior: dismiss and notify, webauthn:extension:credBlob: true, webauthn:extension:largeBlob: true, webauthn:extension:minPinLength: true, webauthn:extension:prf: true, webauthn:virtualAuthenticators: true}\nSession ID: a82bb99208a9417ec60946b5f7340556\n\tat org.openqa.selenium.support.ui.WebDriverWait.timeoutException(WebDriverWait.java:87)\n\tat org.openqa.selenium.support.ui.FluentWait.until(FluentWait.java:231)\n\tat school.redrover.model.interfaces.IViewBar.clickOnView(IViewBar.java:30)\n\tat school.redrover.ViewsTest.testMoveFolderToNewViewList(ViewsTest.java:162)\n\tat java.base/jdk.internal.reflect.NativeMethodAccessorImpl.invoke0(Native Method)\n\tat java.base/jdk.internal.reflect.NativeMethodAccessorImpl.invoke(NativeMethodAccessorImpl.java:77)\n\tat java.base/jdk.internal.reflect.DelegatingMethodAccessorImpl.invoke(DelegatingMethodAccessorImpl.java:43)\n\tat java.base/java.lang.reflect.Method.invoke(Method.java:568)\n\tat org.testng.internal.invokers.MethodInvocationHelper.invokeMethod(MethodInvocationHelper.java:139)\n\tat org.testng.internal.invokers.TestInvoker.invokeMethod(TestInvoker.java:677)\n\tat org.testng.internal.invokers.TestInvoker.invokeTestMethod(TestInvoker.java:221)\n\tat org.testng.internal.invokers.MethodRunner.runInSequence(MethodRunner.java:50)\n\tat org.testng.internal.invokers.TestInvoker$MethodInvocationAgent.invoke(TestInvoker.java:969)\n\tat org.testng.internal.invokers.TestInvoker.invokeTestMethods(TestInvoker.java:194)\n\tat org.testng.internal.invokers.TestMethodWorker.invokeTestMethods(TestMethodWorker.java:148)\n\tat org.testng.internal.invokers.TestMethodWorker.run(TestMethodWorker.java:128)\n\tat java.base/java.util.concurrent.ThreadPoolExecutor.runWorker(ThreadPoolExecutor.java:1136)\n\tat java.base/java.util.concurrent.ThreadPoolExecutor$Worker.run(ThreadPoolExecutor.java:635)\n\tat java.base/java.lang.Thread.run(Thread.java:833)\n","flaky":false,"newFailed":false,"newBroken":true,"newPassed":false,"retriesCount":0,"retriesStatusChange":false,"beforeStages":[{"name":"beforeClass","time":{"start":1692182018065,"stop":1692182018066,"duration":1},"description":"","status":"passed","steps":[],"attachments":[],"parameters":[],"attachmentsCount":0,"shouldDisplayMessage":false,"hasContent":false,"stepsCount":0},{"name":"beforeMethod","time":{"start":1692182606477,"stop":1692182608330,"duration":1853},"description":"","status":"passed","steps":[],"attachments":[],"parameters":[],"attachmentsCount":0,"shouldDisplayMessage":false,"hasContent":false,"stepsCount":0}],"testStage":{"description":"Verification the possibility of moving folder to new View list","status":"broken","statusMessage":"Expected condition failed: waiting for element to be clickable: By.xpath: //a[contains(@href,'/view/View1/')] (tried for 2 second(s) with 500 milliseconds interval)\nBuild info: version: '4.8.3', revision: 'e5e76298c3'\nSystem info: os.name: 'Linux', os.arch: 'amd64', os.version: '5.15.0-1042-azure', java.version: '17.0.8'\nDriver info: org.openqa.selenium.chrome.ChromeDriver\nCapabilities {acceptInsecureCerts: false, browserName: chrome, browserVersion: 115.0.5790.170, chrome: {chromedriverVersion: 114.0.5735.90 (386bc09e8f4f..., userDataDir: /tmp/.com.google.Chrome.jkdlTe}, goog:chromeOptions: {debuggerAddress: localhost:38173}, networkConnectionEnabled: false, pageLoadStrategy: normal, platformName: LINUX, proxy: Proxy(), se:cdp: ws://localhost:38173/devtoo..., se:cdpVersion: 115.0.5790.170, setWindowRect: true, strictFileInteractability: false, timeouts: {implicit: 0, pageLoad: 300000, script: 30000}, unhandledPromptBehavior: dismiss and notify, webauthn:extension:credBlob: true, webauthn:extension:largeBlob: true, webauthn:extension:minPinLength: true, webauthn:extension:prf: true, webauthn:virtualAuthenticators: true}\nSession ID: a82bb99208a9417ec60946b5f7340556","statusTrace":"org.openqa.selenium.TimeoutException: Expected condition failed: waiting for element to be clickable: By.xpath: //a[contains(@href,'/view/View1/')] (tried for 2 second(s) with 500 milliseconds interval)\nBuild info: version: '4.8.3', revision: 'e5e76298c3'\nSystem info: os.name: 'Linux', os.arch: 'amd64', os.version: '5.15.0-1042-azure', java.version: '17.0.8'\nDriver info: org.openqa.selenium.chrome.ChromeDriver\nCapabilities {acceptInsecureCerts: false, browserName: chrome, browserVersion: 115.0.5790.170, chrome: {chromedriverVersion: 114.0.5735.90 (386bc09e8f4f..., userDataDir: /tmp/.com.google.Chrome.jkdlTe}, goog:chromeOptions: {debuggerAddress: localhost:38173}, networkConnectionEnabled: false, pageLoadStrategy: normal, platformName: LINUX, proxy: Proxy(), se:cdp: ws://localhost:38173/devtoo..., se:cdpVersion: 115.0.5790.170, setWindowRect: true, strictFileInteractability: false, timeouts: {implicit: 0, pageLoad: 300000, script: 30000}, unhandledPromptBehavior: dismiss and notify, webauthn:extension:credBlob: true, webauthn:extension:largeBlob: true, webauthn:extension:minPinLength: true, webauthn:extension:prf: true, webauthn:virtualAuthenticators: true}\nSession ID: a82bb99208a9417ec60946b5f7340556\n\tat org.openqa.selenium.support.ui.WebDriverWait.timeoutException(WebDriverWait.java:87)\n\tat org.openqa.selenium.support.ui.FluentWait.until(FluentWait.java:231)\n\tat school.redrover.model.interfaces.IViewBar.clickOnView(IViewBar.java:30)\n\tat school.redrover.ViewsTest.testMoveFolderToNewViewList(ViewsTest.java:162)\n\tat java.base/jdk.internal.reflect.NativeMethodAccessorImpl.invoke0(Native Method)\n\tat java.base/jdk.internal.reflect.NativeMethodAccessorImpl.invoke(NativeMethodAccessorImpl.java:77)\n\tat java.base/jdk.internal.reflect.DelegatingMethodAccessorImpl.invoke(DelegatingMethodAccessorImpl.java:43)\n\tat java.base/java.lang.reflect.Method.invoke(Method.java:568)\n\tat org.testng.internal.invokers.MethodInvocationHelper.invokeMethod(MethodInvocationHelper.java:139)\n\tat org.testng.internal.invokers.TestInvoker.invokeMethod(TestInvoker.java:677)\n\tat org.testng.internal.invokers.TestInvoker.invokeTestMethod(TestInvoker.java:221)\n\tat org.testng.internal.invokers.MethodRunner.runInSequence(MethodRunner.java:50)\n\tat org.testng.internal.invokers.TestInvoker$MethodInvocationAgent.invoke(TestInvoker.java:969)\n\tat org.testng.internal.invokers.TestInvoker.invokeTestMethods(TestInvoker.java:194)\n\tat org.testng.internal.invokers.TestMethodWorker.invokeTestMethods(TestMethodWorker.java:148)\n\tat org.testng.internal.invokers.TestMethodWorker.run(TestMethodWorker.java:128)\n\tat java.base/java.util.concurrent.ThreadPoolExecutor.runWorker(ThreadPoolExecutor.java:1136)\n\tat java.base/java.util.concurrent.ThreadPoolExecutor$Worker.run(ThreadPoolExecutor.java:635)\n\tat java.base/java.lang.Thread.run(Thread.java:833)\n","steps":[{"name":"Click on 'New Item' in the side menu","time":{"start":1692182608331,"stop":1692182608672,"duration":341},"status":"passed","steps":[],"attachments":[],"parameters":[],"attachmentsCount":0,"shouldDisplayMessage":false,"hasContent":false,"stepsCount":0},{"name":"Input the New Item name","time":{"start":1692182608672,"stop":1692182608843,"duration":171},"status":"passed","steps":[],"attachments":[],"parameters":[{"name":"jobName","value":"Project1"}],"attachmentsCount":0,"shouldDisplayMessage":false,"hasContent":true,"stepsCount":0},{"name":"Select Job Type on NewJobPage","time":{"start":1692182608843,"stop":1692182608916,"duration":73},"status":"passed","steps":[],"attachments":[],"parameters":[{"name":"jobType","value":"Folder"}],"attachmentsCount":0,"shouldDisplayMessage":false,"hasContent":true,"stepsCount":0},{"name":"Click 'OK' button","time":{"start":1692182608916,"stop":1692182609033,"duration":117},"status":"passed","steps":[],"attachments":[],"parameters":[{"name":"jobConfigPage","value":"school.redrover.model.jobsConfig.FolderConfigPage@50dd6b8f"}],"attachmentsCount":0,"shouldDisplayMessage":false,"hasContent":true,"stepsCount":0},{"name":"Click 'Save' button on the BaseConfigPage page","time":{"start":1692182609033,"stop":1692182609380,"duration":347},"status":"passed","steps":[],"attachments":[],"parameters":[],"attachmentsCount":0,"shouldDisplayMessage":false,"hasContent":false,"stepsCount":0},{"name":"Get Header","time":{"start":1692182609381,"stop":1692182609381,"duration":0},"status":"passed","steps":[],"attachments":[],"parameters":[],"attachmentsCount":0,"shouldDisplayMessage":false,"hasContent":false,"stepsCount":0},{"name":"Click 'Logo' button and move to main page","time":{"start":1692182609381,"stop":1692182609908,"duration":527},"status":"passed","steps":[],"attachments":[],"parameters":[],"attachmentsCount":0,"shouldDisplayMessage":false,"hasContent":false,"stepsCount":0},{"name":"Click on 'New Item' in the side menu","time":{"start":1692182609909,"stop":1692182610173,"duration":264},"status":"passed","steps":[],"attachments":[],"parameters":[],"attachmentsCount":0,"shouldDisplayMessage":false,"hasContent":false,"stepsCount":0},{"name":"Input the New Item name","time":{"start":1692182610173,"stop":1692182610377,"duration":204},"status":"passed","steps":[],"attachments":[],"parameters":[{"name":"jobName","value":"Project2"}],"attachmentsCount":0,"shouldDisplayMessage":false,"hasContent":true,"stepsCount":0},{"name":"Select Job Type on NewJobPage","time":{"start":1692182610377,"stop":1692182610486,"duration":109},"status":"passed","steps":[],"attachments":[],"parameters":[{"name":"jobType","value":"Folder"}],"attachmentsCount":0,"shouldDisplayMessage":false,"hasContent":true,"stepsCount":0},{"name":"Click 'OK' button","time":{"start":1692182610486,"stop":1692182610886,"duration":400},"status":"passed","steps":[],"attachments":[],"parameters":[{"name":"jobConfigPage","value":"school.redrover.model.jobsConfig.FolderConfigPage@4fbb3c80"}],"attachmentsCount":0,"shouldDisplayMessage":false,"hasContent":true,"stepsCount":0},{"name":"Click 'Save' button on the BaseConfigPage page","time":{"start":1692182610886,"stop":1692182611263,"duration":377},"status":"passed","steps":[],"attachments":[],"parameters":[],"attachmentsCount":0,"shouldDisplayMessage":false,"hasContent":false,"stepsCount":0},{"name":"Get Header","time":{"start":1692182611263,"stop":1692182611263,"duration":0},"status":"passed","steps":[],"attachments":[],"parameters":[],"attachmentsCount":0,"shouldDisplayMessage":false,"hasContent":false,"stepsCount":0},{"name":"Click 'Logo' button and move to main page","time":{"start":1692182611263,"stop":1692182611627,"duration":364},"status":"passed","steps":[],"attachments":[],"parameters":[],"attachmentsCount":0,"shouldDisplayMessage":false,"hasContent":false,"stepsCount":0},{"name":"Click to create a new View","time":{"start":1692182611627,"stop":1692182611900,"duration":273},"status":"passed","steps":[],"attachments":[],"parameters":[],"attachmentsCount":0,"shouldDisplayMessage":false,"hasContent":false,"stepsCount":0},{"name":"Set a View Name","time":{"start":1692182611900,"stop":1692182612157,"duration":257},"status":"passed","steps":[],"attachments":[],"parameters":[{"name":"viewName","value":"View1"}],"attachmentsCount":0,"shouldDisplayMessage":false,"hasContent":true,"stepsCount":0},{"name":"Select View Type and click 'Create'","time":{"start":1692182612157,"stop":1692182612503,"duration":346},"status":"passed","steps":[],"attachments":[],"parameters":[{"name":"viewType","value":"ListView"},{"name":"clazz","value":"class school.redrover.model.views.ListViewConfigPage"}],"attachmentsCount":0,"shouldDisplayMessage":false,"hasContent":true,"stepsCount":0},{"name":"Select Jobs name 'Project1' in 'Job Filters' ","time":{"start":1692182612503,"stop":1692182614136,"duration":1633},"status":"passed","steps":[],"attachments":[],"parameters":[{"name":"name","value":"Project1"}],"attachmentsCount":0,"shouldDisplayMessage":false,"hasContent":true,"stepsCount":0},{"name":"Click 'Save' button on the BaseConfigPage page","time":{"start":1692182614136,"stop":1692182614320,"duration":184},"status":"passed","steps":[],"attachments":[],"parameters":[],"attachmentsCount":0,"shouldDisplayMessage":false,"hasContent":false,"stepsCount":0},{"name":"Click on a View","time":{"start":1692182614320,"stop":1692182624366,"duration":10046},"status":"broken","statusMessage":"Expected condition failed: waiting for element to be clickable: By.xpath: //a[contains(@href,'/view/View1/')] (tried for 2 second(s) with 500 milliseconds interval)\nBuild info: version: '4.8.3', revision: 'e5e76298c3'\nSystem info: os.name: 'Linux', os.arch: 'amd64', os.version: '5.15.0-1042-azure', java.version: '17.0.8'\nDriver info: org.openqa.selenium.chrome.ChromeDriver\nCapabilities {acceptInsecureCerts: false, browserName: chrome, browserVersion: 115.0.5790.170, chrome: {chromedriverVersion: 114.0.5735.90 (386bc09e8f4f..., userDataDir: /tmp/.com.google.Chrome.jkdlTe}, goog:chromeOptions: {debuggerAddress: localhost:38173}, networkConnectionEnabled: false, pageLoadStrategy: normal, platformName: LINUX, proxy: Proxy(), se:cdp: ws://localhost:38173/devtoo..., se:cdpVersion: 115.0.5790.170, setWindowRect: true, strictFileInteractability: false, timeouts: {implicit: 0, pageLoad: 300000, script: 30000}, unhandledPromptBehavior: dismiss and notify, webauthn:extension:credBlob: true, webauthn:extension:largeBlob: true, webauthn:extension:minPinLength: true, webauthn:extension:prf: true, webauthn:virtualAuthenticators: true}\nSession ID: a82bb99208a9417ec60946b5f7340556","statusTrace":"org.openqa.selenium.TimeoutException: Expected condition failed: waiting for element to be clickable: By.xpath: //a[contains(@href,'/view/View1/')] (tried for 2 second(s) with 500 milliseconds interval)\nBuild info: version: '4.8.3', revision: 'e5e76298c3'\nSystem info: os.name: 'Linux', os.arch: 'amd64', os.version: '5.15.0-1042-azure', java.version: '17.0.8'\nDriver info: org.openqa.selenium.chrome.ChromeDriver\nCapabilities {acceptInsecureCerts: false, browserName: chrome, browserVersion: 115.0.5790.170, chrome: {chromedriverVersion: 114.0.5735.90 (386bc09e8f4f..., userDataDir: /tmp/.com.google.Chrome.jkdlTe}, goog:chromeOptions: {debuggerAddress: localhost:38173}, networkConnectionEnabled: false, pageLoadStrategy: normal, platformName: LINUX, proxy: Proxy(), se:cdp: ws://localhost:38173/devtoo..., se:cdpVersion: 115.0.5790.170, setWindowRect: true, strictFileInteractability: false, timeouts: {implicit: 0, pageLoad: 300000, script: 30000}, unhandledPromptBehavior: dismiss and notify, webauthn:extension:credBlob: true, webauthn:extension:largeBlob: true, webauthn:extension:minPinLength: true, webauthn:extension:prf: true, webauthn:virtualAuthenticators: true}\nSession ID: a82bb99208a9417ec60946b5f7340556\n\tat org.openqa.selenium.support.ui.WebDriverWait.timeoutException(WebDriverWait.java:87)\n\tat org.openqa.selenium.support.ui.FluentWait.until(FluentWait.java:231)\n\tat school.redrover.model.interfaces.IViewBar.clickOnView(IViewBar.java:30)\n\tat school.redrover.ViewsTest.testMoveFolderToNewViewList(ViewsTest.java:162)\n\tat java.base/jdk.internal.reflect.NativeMethodAccessorImpl.invoke0(Native Method)\n\tat java.base/jdk.internal.reflect.NativeMethodAccessorImpl.invoke(NativeMethodAccessorImpl.java:77)\n\tat java.base/jdk.internal.reflect.DelegatingMethodAccessorImpl.invoke(DelegatingMethodAccessorImpl.java:43)\n\tat java.base/java.lang.reflect.Method.invoke(Method.java:568)\n\tat org.testng.internal.invokers.MethodInvocationHelper.invokeMethod(MethodInvocationHelper.java:139)\n\tat org.testng.internal.invokers.TestInvoker.invokeMethod(TestInvoker.java:677)\n\tat org.testng.internal.invokers.TestInvoker.invokeTestMethod(TestInvoker.java:221)\n\tat org.testng.internal.invokers.MethodRunner.runInSequence(MethodRunner.java:50)\n\tat org.testng.internal.invokers.TestInvoker$MethodInvocationAgent.invoke(TestInvoker.java:969)\n\tat org.testng.internal.invokers.TestInvoker.invokeTestMethods(TestInvoker.java:194)\n\tat org.testng.internal.invokers.TestMethodWorker.invokeTestMethods(TestMethodWorker.java:148)\n\tat org.testng.internal.invokers.TestMethodWorker.run(TestMethodWorker.java:128)\n\tat java.base/java.util.concurrent.ThreadPoolExecutor.runWorker(ThreadPoolExecutor.java:1136)\n\tat java.base/java.util.concurrent.ThreadPoolExecutor$Worker.run(ThreadPoolExecutor.java:635)\n\tat java.base/java.lang.Thread.run(Thread.java:833)\n","steps":[],"attachments":[],"parameters":[{"name":"viewName","value":"View1"},{"name":"viewBasePage","value":"school.redrover.model.views.ViewPage@2fe1eda1"}],"attachmentsCount":0,"shouldDisplayMessage":true,"hasContent":true,"stepsCount":0}],"attachments":[],"parameters":[],"attachmentsCount":0,"shouldDisplayMessage":false,"hasContent":true,"stepsCount":20},"afterStages":[{"name":"afterMethod","time":{"start":1692182624366,"stop":1692182625269,"duration":903},"description":"","status":"passed","steps":[],"attachments":[],"parameters":[],"attachmentsCount":0,"shouldDisplayMessage":false,"hasContent":false,"stepsCount":0}],"labels":[{"name":"package","value":"school.redrover.ViewsTest"},{"name":"testClass","value":"school.redrover.ViewsTest"},{"name":"testMethod","value":"testMoveFolderToNewViewList"},{"name":"parentSuite","value":"AllTestsSuite"},{"name":"suite","value":"AllTests"},{"name":"subSuite","value":"school.redrover.ViewsTest"},{"name":"host","value":"fv-az166-208"},{"name":"thread","value":"2674@fv-az166-208.TestNG-test=AllTests-4(20)"},{"name":"framework","value":"testng"},{"name":"language","value":"java"},{"name":"feature","value":"Function"},{"name":"severity","value":"normal"},{"name":"resultFormat","value":"allure2"}],"parameters":[],"links":[],"hidden":false,"retry":false,"extra":{"severity":"normal","retries":[],"categories":[{"name":"Test defects","matchedStatuses":[],"flaky":false}],"history":{"statistic":{"failed":0,"broken":1,"skipped":0,"passed":10,"unknown":0,"total":11},"items":[{"uid":"f5ac6ee7a9a6c514","reportUrl":"https://RedRoverSchool.github.io/JenkinsQA_06/6457//#testresult/f5ac6ee7a9a6c514","status":"passed","time":{"start":1692164662235,"stop":1692164666060,"duration":3825}},{"uid":"a79525298cf0dd1","reportUrl":"https://RedRoverSchool.github.io/JenkinsQA_06/6456//#testresult/a79525298cf0dd1","status":"passed","time":{"start":1692129625937,"stop":1692129630032,"duration":4095}},{"uid":"e88a32b3cc713e8d","reportUrl":"https://RedRoverSchool.github.io/JenkinsQA_06/6455//#testresult/e88a32b3cc713e8d","status":"passed","time":{"start":1692125271088,"stop":1692125275753,"duration":4665}},{"uid":"aa2d2dca2f53096c","reportUrl":"https://RedRoverSchool.github.io/JenkinsQA_06/6454//#testresult/aa2d2dca2f53096c","status":"passed","time":{"start":1692121297911,"stop":1692121303135,"duration":5224}},{"uid":"4b203e7e86b79ea5","reportUrl":"https://RedRoverSchool.github.io/JenkinsQA_06/6452//#testresult/4b203e7e86b79ea5","status":"passed","time":{"start":1692103501724,"stop":1692103506785,"duration":5061}},{"uid":"18ed955cac3f4f95","reportUrl":"https://RedRoverSchool.github.io/JenkinsQA_06/6452//#testresult/18ed955cac3f4f95","status":"passed","time":{"start":1692098642158,"stop":1692098645998,"duration":3840}},{"uid":"d816dd00269178b9","reportUrl":"https://RedRoverSchool.github.io/JenkinsQA_06/6453//#testresult/d816dd00269178b9","status":"passed","time":{"start":1692096071055,"stop":1692096075195,"duration":4140}},{"uid":"50265ddc02768263","reportUrl":"https://RedRoverSchool.github.io/JenkinsQA_06/6452//#testresult/50265ddc02768263","status":"passed","time":{"start":1692093955918,"stop":1692093960240,"duration":4322}},{"uid":"5156a520028832d3","reportUrl":"https://RedRoverSchool.github.io/JenkinsQA_06/6450//#testresult/5156a520028832d3","status":"passed","time":{"start":1692093125004,"stop":1692093129683,"duration":4679}},{"uid":"3058dd1198cfa806","reportUrl":"https://RedRoverSchool.github.io/JenkinsQA_06/6449//#testresult/3058dd1198cfa806","status":"passed","time":{"start":1692091882485,"stop":1692091887376,"duration":4891}}]},"tags":[]},"source":"2c4fdbf004297d58.json","parameterValues":[]}