{"uid":"ad240d50bbe07e15","name":"testCreateFromMyViewsCreateAJob","fullName":"school.redrover.OrganizationFolderTest.testCreateFromMyViewsCreateAJob","historyId":"37fd1cf876493b7d54c5a919146ebf3f","time":{"start":1692180214792,"stop":1692180225921,"duration":11129},"description":"Verification of creating Organization Folder project by clicking 'Create a Job' button from My Views Page","descriptionHtml":"<p>Verification of creating Organization Folder project by clicking 'Create a Job' button from My Views Page</p>\n","status":"broken","statusMessage":"Expected condition failed: waiting for element to be clickable: By.xpath: //a[@href='newJob'] (tried for 2 second(s) with 500 milliseconds interval)\nBuild info: version: '4.8.3', revision: 'e5e76298c3'\nSystem info: os.name: 'Linux', os.arch: 'amd64', os.version: '5.15.0-1042-azure', java.version: '17.0.8'\nDriver info: org.openqa.selenium.chrome.ChromeDriver\nCapabilities {acceptInsecureCerts: false, browserName: chrome, browserVersion: 115.0.5790.170, chrome: {chromedriverVersion: 114.0.5735.90 (386bc09e8f4f..., userDataDir: /tmp/.com.google.Chrome.yvgxJa}, goog:chromeOptions: {debuggerAddress: localhost:36761}, networkConnectionEnabled: false, pageLoadStrategy: normal, platformName: LINUX, proxy: Proxy(), se:cdp: ws://localhost:36761/devtoo..., se:cdpVersion: 115.0.5790.170, setWindowRect: true, strictFileInteractability: false, timeouts: {implicit: 0, pageLoad: 300000, script: 30000}, unhandledPromptBehavior: dismiss and notify, webauthn:extension:credBlob: true, webauthn:extension:largeBlob: true, webauthn:extension:minPinLength: true, webauthn:extension:prf: true, webauthn:virtualAuthenticators: true}\nSession ID: b5f40e593bf691e1c3a104044488cdd6","statusTrace":"org.openqa.selenium.TimeoutException: Expected condition failed: waiting for element to be clickable: By.xpath: //a[@href='newJob'] (tried for 2 second(s) with 500 milliseconds interval)\nBuild info: version: '4.8.3', revision: 'e5e76298c3'\nSystem info: os.name: 'Linux', os.arch: 'amd64', os.version: '5.15.0-1042-azure', java.version: '17.0.8'\nDriver info: org.openqa.selenium.chrome.ChromeDriver\nCapabilities {acceptInsecureCerts: false, browserName: chrome, browserVersion: 115.0.5790.170, chrome: {chromedriverVersion: 114.0.5735.90 (386bc09e8f4f..., userDataDir: /tmp/.com.google.Chrome.yvgxJa}, goog:chromeOptions: {debuggerAddress: localhost:36761}, networkConnectionEnabled: false, pageLoadStrategy: normal, platformName: LINUX, proxy: Proxy(), se:cdp: ws://localhost:36761/devtoo..., se:cdpVersion: 115.0.5790.170, setWindowRect: true, strictFileInteractability: false, timeouts: {implicit: 0, pageLoad: 300000, script: 30000}, unhandledPromptBehavior: dismiss and notify, webauthn:extension:credBlob: true, webauthn:extension:largeBlob: true, webauthn:extension:minPinLength: true, webauthn:extension:prf: true, webauthn:virtualAuthenticators: true}\nSession ID: b5f40e593bf691e1c3a104044488cdd6\n\tat org.openqa.selenium.support.ui.WebDriverWait.timeoutException(WebDriverWait.java:87)\n\tat org.openqa.selenium.support.ui.FluentWait.until(FluentWait.java:231)\n\tat school.redrover.model.interfaces.IDashboardTable.clickCreateAJobAndArrow(IDashboardTable.java:23)\n\tat school.redrover.OrganizationFolderTest.testCreateFromMyViewsCreateAJob(OrganizationFolderTest.java:145)\n\tat java.base/jdk.internal.reflect.NativeMethodAccessorImpl.invoke0(Native Method)\n\tat java.base/jdk.internal.reflect.NativeMethodAccessorImpl.invoke(NativeMethodAccessorImpl.java:77)\n\tat java.base/jdk.internal.reflect.DelegatingMethodAccessorImpl.invoke(DelegatingMethodAccessorImpl.java:43)\n\tat java.base/java.lang.reflect.Method.invoke(Method.java:568)\n\tat org.testng.internal.invokers.MethodInvocationHelper.invokeMethod(MethodInvocationHelper.java:139)\n\tat org.testng.internal.invokers.TestInvoker.invokeMethod(TestInvoker.java:677)\n\tat org.testng.internal.invokers.TestInvoker.invokeTestMethod(TestInvoker.java:221)\n\tat org.testng.internal.invokers.MethodRunner.runInSequence(MethodRunner.java:50)\n\tat org.testng.internal.invokers.TestInvoker$MethodInvocationAgent.invoke(TestInvoker.java:969)\n\tat org.testng.internal.invokers.TestInvoker.invokeTestMethods(TestInvoker.java:194)\n\tat org.testng.internal.invokers.TestMethodWorker.invokeTestMethods(TestMethodWorker.java:148)\n\tat org.testng.internal.invokers.TestMethodWorker.run(TestMethodWorker.java:128)\n\tat java.base/java.util.concurrent.ThreadPoolExecutor.runWorker(ThreadPoolExecutor.java:1136)\n\tat java.base/java.util.concurrent.ThreadPoolExecutor$Worker.run(ThreadPoolExecutor.java:635)\n\tat java.base/java.lang.Thread.run(Thread.java:833)\n","flaky":false,"newFailed":false,"newBroken":true,"newPassed":false,"retriesCount":0,"retriesStatusChange":false,"beforeStages":[{"name":"beforeClass","time":{"start":1692179923767,"stop":1692179923778,"duration":11},"description":"","status":"passed","steps":[],"attachments":[],"parameters":[],"attachmentsCount":0,"shouldDisplayMessage":false,"hasContent":false,"stepsCount":0},{"name":"beforeMethod","time":{"start":1692180212569,"stop":1692180214790,"duration":2221},"description":"","status":"passed","steps":[],"attachments":[],"parameters":[],"attachmentsCount":0,"shouldDisplayMessage":false,"hasContent":false,"stepsCount":0}],"testStage":{"description":"Verification of creating Organization Folder project by clicking 'Create a Job' button from My Views Page","status":"broken","statusMessage":"Expected condition failed: waiting for element to be clickable: By.xpath: //a[@href='newJob'] (tried for 2 second(s) with 500 milliseconds interval)\nBuild info: version: '4.8.3', revision: 'e5e76298c3'\nSystem info: os.name: 'Linux', os.arch: 'amd64', os.version: '5.15.0-1042-azure', java.version: '17.0.8'\nDriver info: org.openqa.selenium.chrome.ChromeDriver\nCapabilities {acceptInsecureCerts: false, browserName: chrome, browserVersion: 115.0.5790.170, chrome: {chromedriverVersion: 114.0.5735.90 (386bc09e8f4f..., userDataDir: /tmp/.com.google.Chrome.yvgxJa}, goog:chromeOptions: {debuggerAddress: localhost:36761}, networkConnectionEnabled: false, pageLoadStrategy: normal, platformName: LINUX, proxy: Proxy(), se:cdp: ws://localhost:36761/devtoo..., se:cdpVersion: 115.0.5790.170, setWindowRect: true, strictFileInteractability: false, timeouts: {implicit: 0, pageLoad: 300000, script: 30000}, unhandledPromptBehavior: dismiss and notify, webauthn:extension:credBlob: true, webauthn:extension:largeBlob: true, webauthn:extension:minPinLength: true, webauthn:extension:prf: true, webauthn:virtualAuthenticators: true}\nSession ID: b5f40e593bf691e1c3a104044488cdd6","statusTrace":"org.openqa.selenium.TimeoutException: Expected condition failed: waiting for element to be clickable: By.xpath: //a[@href='newJob'] (tried for 2 second(s) with 500 milliseconds interval)\nBuild info: version: '4.8.3', revision: 'e5e76298c3'\nSystem info: os.name: 'Linux', os.arch: 'amd64', os.version: '5.15.0-1042-azure', java.version: '17.0.8'\nDriver info: org.openqa.selenium.chrome.ChromeDriver\nCapabilities {acceptInsecureCerts: false, browserName: chrome, browserVersion: 115.0.5790.170, chrome: {chromedriverVersion: 114.0.5735.90 (386bc09e8f4f..., userDataDir: /tmp/.com.google.Chrome.yvgxJa}, goog:chromeOptions: {debuggerAddress: localhost:36761}, networkConnectionEnabled: false, pageLoadStrategy: normal, platformName: LINUX, proxy: Proxy(), se:cdp: ws://localhost:36761/devtoo..., se:cdpVersion: 115.0.5790.170, setWindowRect: true, strictFileInteractability: false, timeouts: {implicit: 0, pageLoad: 300000, script: 30000}, unhandledPromptBehavior: dismiss and notify, webauthn:extension:credBlob: true, webauthn:extension:largeBlob: true, webauthn:extension:minPinLength: true, webauthn:extension:prf: true, webauthn:virtualAuthenticators: true}\nSession ID: b5f40e593bf691e1c3a104044488cdd6\n\tat org.openqa.selenium.support.ui.WebDriverWait.timeoutException(WebDriverWait.java:87)\n\tat org.openqa.selenium.support.ui.FluentWait.until(FluentWait.java:231)\n\tat school.redrover.model.interfaces.IDashboardTable.clickCreateAJobAndArrow(IDashboardTable.java:23)\n\tat school.redrover.OrganizationFolderTest.testCreateFromMyViewsCreateAJob(OrganizationFolderTest.java:145)\n\tat java.base/jdk.internal.reflect.NativeMethodAccessorImpl.invoke0(Native Method)\n\tat java.base/jdk.internal.reflect.NativeMethodAccessorImpl.invoke(NativeMethodAccessorImpl.java:77)\n\tat java.base/jdk.internal.reflect.DelegatingMethodAccessorImpl.invoke(DelegatingMethodAccessorImpl.java:43)\n\tat java.base/java.lang.reflect.Method.invoke(Method.java:568)\n\tat org.testng.internal.invokers.MethodInvocationHelper.invokeMethod(MethodInvocationHelper.java:139)\n\tat org.testng.internal.invokers.TestInvoker.invokeMethod(TestInvoker.java:677)\n\tat org.testng.internal.invokers.TestInvoker.invokeTestMethod(TestInvoker.java:221)\n\tat org.testng.internal.invokers.MethodRunner.runInSequence(MethodRunner.java:50)\n\tat org.testng.internal.invokers.TestInvoker$MethodInvocationAgent.invoke(TestInvoker.java:969)\n\tat org.testng.internal.invokers.TestInvoker.invokeTestMethods(TestInvoker.java:194)\n\tat org.testng.internal.invokers.TestMethodWorker.invokeTestMethods(TestMethodWorker.java:148)\n\tat org.testng.internal.invokers.TestMethodWorker.run(TestMethodWorker.java:128)\n\tat java.base/java.util.concurrent.ThreadPoolExecutor.runWorker(ThreadPoolExecutor.java:1136)\n\tat java.base/java.util.concurrent.ThreadPoolExecutor$Worker.run(ThreadPoolExecutor.java:635)\n\tat java.base/java.lang.Thread.run(Thread.java:833)\n","steps":[{"name":"click 'My Views' link from side menu","time":{"start":1692180214792,"stop":1692180215906,"duration":1114},"status":"passed","steps":[],"attachments":[],"parameters":[],"attachmentsCount":0,"shouldDisplayMessage":false,"hasContent":false,"stepsCount":0}],"attachments":[],"parameters":[],"attachmentsCount":0,"shouldDisplayMessage":true,"hasContent":true,"stepsCount":1},"afterStages":[{"name":"afterMethod","time":{"start":1692180225922,"stop":1692180226780,"duration":858},"description":"","status":"passed","steps":[],"attachments":[],"parameters":[],"attachmentsCount":0,"shouldDisplayMessage":false,"hasContent":false,"stepsCount":0}],"labels":[{"name":"package","value":"school.redrover.OrganizationFolderTest"},{"name":"testClass","value":"school.redrover.OrganizationFolderTest"},{"name":"testMethod","value":"testCreateFromMyViewsCreateAJob"},{"name":"parentSuite","value":"AllTestsSuite"},{"name":"suite","value":"AllTests"},{"name":"subSuite","value":"school.redrover.OrganizationFolderTest"},{"name":"host","value":"fv-az166-208"},{"name":"thread","value":"2674@fv-az166-208.TestNG-test=AllTests-4(20)"},{"name":"framework","value":"testng"},{"name":"language","value":"java"},{"name":"feature","value":"Function"},{"name":"severity","value":"critical"},{"name":"resultFormat","value":"allure2"}],"parameters":[],"links":[],"hidden":false,"retry":false,"extra":{"severity":"critical","retries":[],"categories":[{"name":"Test defects","matchedStatuses":[],"flaky":false}],"history":{"statistic":{"failed":0,"broken":1,"skipped":0,"passed":10,"unknown":0,"total":11},"items":[{"uid":"3f65f0ac3eb845a2","reportUrl":"https://RedRoverSchool.github.io/JenkinsQA_06/6457//#testresult/3f65f0ac3eb845a2","status":"passed","time":{"start":1692161215143,"stop":1692161216564,"duration":1421}},{"uid":"6bc80219987f0418","reportUrl":"https://RedRoverSchool.github.io/JenkinsQA_06/6456//#testresult/6bc80219987f0418","status":"passed","time":{"start":1692126103083,"stop":1692126104659,"duration":1576}},{"uid":"f642428641990ca9","reportUrl":"https://RedRoverSchool.github.io/JenkinsQA_06/6455//#testresult/f642428641990ca9","status":"passed","time":{"start":1692121205810,"stop":1692121207565,"duration":1755}},{"uid":"4a621dc467dfbfe5","reportUrl":"https://RedRoverSchool.github.io/JenkinsQA_06/6454//#testresult/4a621dc467dfbfe5","status":"passed","time":{"start":1692117064046,"stop":1692117066411,"duration":2365}},{"uid":"279537d711d7a0a1","reportUrl":"https://RedRoverSchool.github.io/JenkinsQA_06/6452//#testresult/279537d711d7a0a1","status":"passed","time":{"start":1692099241320,"stop":1692099243357,"duration":2037}},{"uid":"beb5604d96e0808c","reportUrl":"https://RedRoverSchool.github.io/JenkinsQA_06/6452//#testresult/beb5604d96e0808c","status":"passed","time":{"start":1692095332439,"stop":1692095333760,"duration":1321}},{"uid":"2abee0ec0eb4a9cc","reportUrl":"https://RedRoverSchool.github.io/JenkinsQA_06/6453//#testresult/2abee0ec0eb4a9cc","status":"passed","time":{"start":1692092567695,"stop":1692092569436,"duration":1741}},{"uid":"d130e5f78bae3117","reportUrl":"https://RedRoverSchool.github.io/JenkinsQA_06/6452//#testresult/d130e5f78bae3117","status":"passed","time":{"start":1692090272342,"stop":1692090274168,"duration":1826}},{"uid":"5f6977b677201723","reportUrl":"https://RedRoverSchool.github.io/JenkinsQA_06/6450//#testresult/5f6977b677201723","status":"passed","time":{"start":1692089150882,"stop":1692089152882,"duration":2000}},{"uid":"1c953928d83d3495","reportUrl":"https://RedRoverSchool.github.io/JenkinsQA_06/6449//#testresult/1c953928d83d3495","status":"passed","time":{"start":1692087699130,"stop":1692087701019,"duration":1889}}]},"tags":[]},"source":"ad240d50bbe07e15.json","parameterValues":[]}