{"uid":"2a55ddec12b4196","name":"testDiscardOldBuildsIsChecked","fullName":"school.redrover.PipelineTest.testDiscardOldBuildsIsChecked","historyId":"49227a77a57e1a4083c50550918ab2c6","time":{"start":1692550276417,"stop":1692550276417,"duration":0},"status":"skipped","statusMessage":"Cannot invoke \"org.openqa.selenium.TakesScreenshot.getScreenshotAs(org.openqa.selenium.OutputType)\" because \"driver\" is null","statusTrace":"java.lang.NullPointerException: Cannot invoke \"org.openqa.selenium.TakesScreenshot.getScreenshotAs(org.openqa.selenium.OutputType)\" because \"driver\" is null\n\tat school.redrover.runner.ProjectUtils.takeScreenshot(ProjectUtils.java:132)\n\tat school.redrover.runner.BaseTest.afterMethod(BaseTest.java:119)\n\tat jdk.internal.reflect.GeneratedMethodAccessor128.invoke(Unknown Source)\n\tat java.base/jdk.internal.reflect.DelegatingMethodAccessorImpl.invoke(DelegatingMethodAccessorImpl.java:43)\n\tat java.base/java.lang.reflect.Method.invoke(Method.java:568)\n\tat org.testng.internal.invokers.MethodInvocationHelper.invokeMethod(MethodInvocationHelper.java:139)\n\tat org.testng.internal.invokers.MethodInvocationHelper.invokeMethodConsideringTimeout(MethodInvocationHelper.java:69)\n\tat org.testng.internal.invokers.ConfigInvoker.invokeConfigurationMethod(ConfigInvoker.java:361)\n\tat org.testng.internal.invokers.ConfigInvoker.invokeConfigurations(ConfigInvoker.java:296)\n\tat org.testng.internal.invokers.TestInvoker.runConfigMethods(TestInvoker.java:823)\n\tat org.testng.internal.invokers.TestInvoker.runAfterConfigurations(TestInvoker.java:792)\n\tat org.testng.internal.invokers.TestInvoker.invokeMethod(TestInvoker.java:613)\n\tat org.testng.internal.invokers.TestInvoker.invokeTestMethod(TestInvoker.java:221)\n\tat org.testng.internal.invokers.MethodRunner.runInSequence(MethodRunner.java:50)\n\tat org.testng.internal.invokers.TestInvoker$MethodInvocationAgent.invoke(TestInvoker.java:969)\n\tat org.testng.internal.invokers.TestInvoker.invokeTestMethods(TestInvoker.java:194)\n\tat org.testng.internal.invokers.TestMethodWorker.invokeTestMethods(TestMethodWorker.java:148)\n\tat org.testng.internal.invokers.TestMethodWorker.run(TestMethodWorker.java:128)\n\tat java.base/java.util.concurrent.ThreadPoolExecutor.runWorker(ThreadPoolExecutor.java:1136)\n\tat java.base/java.util.concurrent.ThreadPoolExecutor$Worker.run(ThreadPoolExecutor.java:635)\n\tat java.base/java.lang.Thread.run(Thread.java:833)\n","flaky":false,"newFailed":false,"newBroken":false,"newPassed":false,"retriesCount":0,"retriesStatusChange":false,"beforeStages":[{"name":"beforeClass","time":{"start":1692550252789,"stop":1692550252790,"duration":1},"description":"","status":"passed","steps":[{"name":"Lock Instance","time":{"start":1692550252790,"stop":1692550252790,"duration":0},"status":"passed","steps":[],"attachments":[{"uid":"779002355963ec80","name":"Locked instance: ","source":"779002355963ec80.txt","type":"text/plain","size":22}],"parameters":[],"stepsCount":0,"attachmentsCount":1,"shouldDisplayMessage":false,"hasContent":true}],"attachments":[],"parameters":[],"stepsCount":1,"attachmentsCount":1,"shouldDisplayMessage":false,"hasContent":true},{"name":"beforeMethod","time":{"start":1692550276398,"stop":1692550276398,"duration":0},"description":"","status":"broken","steps":[],"attachments":[],"parameters":[],"stepsCount":0,"attachmentsCount":0,"shouldDisplayMessage":false,"hasContent":false}],"afterStages":[{"name":"afterMethod","time":{"start":1692550276426,"stop":1692550276426,"duration":0},"description":"","status":"broken","statusMessage":"Cannot invoke \"org.openqa.selenium.TakesScreenshot.getScreenshotAs(org.openqa.selenium.OutputType)\" because \"driver\" is null","statusTrace":"java.lang.NullPointerException: Cannot invoke \"org.openqa.selenium.TakesScreenshot.getScreenshotAs(org.openqa.selenium.OutputType)\" because \"driver\" is null\n\tat school.redrover.runner.ProjectUtils.takeScreenshot(ProjectUtils.java:132)\n\tat school.redrover.runner.BaseTest.afterMethod(BaseTest.java:119)\n\tat jdk.internal.reflect.GeneratedMethodAccessor128.invoke(Unknown Source)\n\tat java.base/jdk.internal.reflect.DelegatingMethodAccessorImpl.invoke(DelegatingMethodAccessorImpl.java:43)\n\tat java.base/java.lang.reflect.Method.invoke(Method.java:568)\n\tat org.testng.internal.invokers.MethodInvocationHelper.invokeMethod(MethodInvocationHelper.java:139)\n\tat org.testng.internal.invokers.MethodInvocationHelper.invokeMethodConsideringTimeout(MethodInvocationHelper.java:69)\n\tat org.testng.internal.invokers.ConfigInvoker.invokeConfigurationMethod(ConfigInvoker.java:361)\n\tat org.testng.internal.invokers.ConfigInvoker.invokeConfigurations(ConfigInvoker.java:296)\n\tat org.testng.internal.invokers.TestInvoker.runConfigMethods(TestInvoker.java:823)\n\tat org.testng.internal.invokers.TestInvoker.runAfterConfigurations(TestInvoker.java:792)\n\tat org.testng.internal.invokers.TestInvoker.invokeMethod(TestInvoker.java:613)\n\tat org.testng.internal.invokers.TestInvoker.invokeTestMethod(TestInvoker.java:221)\n\tat org.testng.internal.invokers.MethodRunner.runInSequence(MethodRunner.java:50)\n\tat org.testng.internal.invokers.TestInvoker$MethodInvocationAgent.invoke(TestInvoker.java:969)\n\tat org.testng.internal.invokers.TestInvoker.invokeTestMethods(TestInvoker.java:194)\n\tat org.testng.internal.invokers.TestMethodWorker.invokeTestMethods(TestMethodWorker.java:148)\n\tat org.testng.internal.invokers.TestMethodWorker.run(TestMethodWorker.java:128)\n\tat java.base/java.util.concurrent.ThreadPoolExecutor.runWorker(ThreadPoolExecutor.java:1136)\n\tat java.base/java.util.concurrent.ThreadPoolExecutor$Worker.run(ThreadPoolExecutor.java:635)\n\tat java.base/java.lang.Thread.run(Thread.java:833)\n","steps":[],"attachments":[],"parameters":[],"stepsCount":0,"attachmentsCount":0,"shouldDisplayMessage":true,"hasContent":true},{"name":"unlockInstance","time":{"start":1692550277664,"stop":1692550277665,"duration":1},"description":"","status":"passed","steps":[{"name":"Unlock instance http://localhost:8081/","time":{"start":1692550277665,"stop":1692550277665,"duration":0},"status":"passed","steps":[],"attachments":[],"parameters":[{"name":"instance","value":"http://localhost:8081/"}],"stepsCount":0,"attachmentsCount":0,"shouldDisplayMessage":false,"hasContent":true}],"attachments":[],"parameters":[],"stepsCount":1,"attachmentsCount":0,"shouldDisplayMessage":false,"hasContent":true}],"labels":[{"name":"package","value":"school.redrover.PipelineTest"},{"name":"testClass","value":"school.redrover.PipelineTest"},{"name":"testMethod","value":"testDiscardOldBuildsIsChecked"},{"name":"parentSuite","value":"AllTestsSuite"},{"name":"suite","value":"AllTests"},{"name":"subSuite","value":"school.redrover.PipelineTest"},{"name":"host","value":"fv-az553-256"},{"name":"thread","value":"3255@fv-az553-256.TestNG-test=AllTests-4(20)"},{"name":"framework","value":"testng"},{"name":"language","value":"java"},{"name":"feature","value":"Function"},{"name":"severity","value":"normal"},{"name":"resultFormat","value":"allure2"}],"parameters":[],"links":[],"hidden":false,"retry":false,"extra":{"severity":"normal","retries":[],"categories":[],"history":{"statistic":{"failed":0,"broken":0,"skipped":8,"passed":7,"unknown":0,"total":15},"items":[{"uid":"b6ac6f2790cedaaa","reportUrl":"https://RedRoverSchool.github.io/JenkinsQA_06/6542//#testresult/b6ac6f2790cedaaa","status":"passed","time":{"start":1692545287632,"stop":1692545291686,"duration":4054}},{"uid":"89ada3075c0599e6","reportUrl":"https://RedRoverSchool.github.io/JenkinsQA_06/6548//#testresult/89ada3075c0599e6","status":"skipped","statusDetails":"Cannot invoke \"org.openqa.selenium.TakesScreenshot.getScreenshotAs(org.openqa.selenium.OutputType)\" because \"driver\" is null","time":{"start":1692548627004,"stop":1692548627004,"duration":0}},{"uid":"d2635c81c8d52755","reportUrl":"https://RedRoverSchool.github.io/JenkinsQA_06/6542//#testresult/d2635c81c8d52755","status":"passed","time":{"start":1692542851161,"stop":1692542854675,"duration":3514}},{"uid":"722f09608f677987","reportUrl":"https://RedRoverSchool.github.io/JenkinsQA_06/6547//#testresult/722f09608f677987","status":"skipped","statusDetails":"Cannot invoke \"org.openqa.selenium.TakesScreenshot.getScreenshotAs(org.openqa.selenium.OutputType)\" because \"driver\" is null","time":{"start":1692540901994,"stop":1692540901994,"duration":0}},{"uid":"87abe7809969eeef","reportUrl":"https://RedRoverSchool.github.io/JenkinsQA_06/6546//#testresult/87abe7809969eeef","status":"skipped","statusDetails":"Cannot invoke \"org.openqa.selenium.TakesScreenshot.getScreenshotAs(org.openqa.selenium.OutputType)\" because \"driver\" is null","time":{"start":1692539697027,"stop":1692539697027,"duration":0}},{"uid":"7aa02c50592a82ea","reportUrl":"https://RedRoverSchool.github.io/JenkinsQA_06/6545//#testresult/7aa02c50592a82ea","status":"skipped","statusDetails":"1 expectation failed.\nExpected status code <302> but was <403>.\n","time":{"start":1692538413683,"stop":1692538413683,"duration":0}},{"uid":"94fafbeff5f36029","reportUrl":"https://RedRoverSchool.github.io/JenkinsQA_06/6544//#testresult/94fafbeff5f36029","status":"skipped","statusDetails":"1 expectation failed.\nExpected status code <302> but was <403>.\n","time":{"start":1692536660247,"stop":1692536660248,"duration":1}},{"uid":"8f2964a437d85a9f","reportUrl":"https://RedRoverSchool.github.io/JenkinsQA_06/6539//#testresult/8f2964a437d85a9f","status":"passed","time":{"start":1692535437190,"stop":1692535440739,"duration":3549}},{"uid":"6a9653a02c44477d","reportUrl":"https://RedRoverSchool.github.io/JenkinsQA_06/6542//#testresult/6a9653a02c44477d","status":"passed","time":{"start":1692534030404,"stop":1692534033576,"duration":3172}},{"uid":"63c8f622ca980dbe","reportUrl":"https://RedRoverSchool.github.io/JenkinsQA_06/6543//#testresult/63c8f622ca980dbe","status":"skipped","statusDetails":"1 expectation failed.\nExpected status code <302> but was <403>.\n","time":{"start":1692533997207,"stop":1692533997207,"duration":0}},{"uid":"5632c7b34fafd995","reportUrl":"https://RedRoverSchool.github.io/JenkinsQA_06/6541//#testresult/5632c7b34fafd995","status":"passed","time":{"start":1692532158949,"stop":1692532164510,"duration":5561}},{"uid":"7ee02e2d23f30c04","reportUrl":"https://RedRoverSchool.github.io/JenkinsQA_06/6539//#testresult/7ee02e2d23f30c04","status":"passed","time":{"start":1692530865216,"stop":1692530868984,"duration":3768}},{"uid":"dfc9392d31045ac3","reportUrl":"https://RedRoverSchool.github.io/JenkinsQA_06/6537//#testresult/dfc9392d31045ac3","status":"passed","time":{"start":1692526852212,"stop":1692526855894,"duration":3682}},{"uid":"788e0e236f45f99f","reportUrl":"https://RedRoverSchool.github.io/JenkinsQA_06/6540//#testresult/788e0e236f45f99f","status":"skipped","statusDetails":"Invalid number of path parameters. Expected 1, was 0. Undefined path parameters are: .","time":{"start":1692528155181,"stop":1692528155181,"duration":0}}]},"tags":[]},"source":"2a55ddec12b4196.json","parameterValues":[]}