{"uid":"49913c2f97f0cd18","name":"testAccessConfigurationPageFromProjectPage","fullName":"school.redrover.FreestyleProjectTest.testAccessConfigurationPageFromProjectPage","historyId":"964a27bc87b51f9a4d14ffab61a56806","time":{"start":1692550201227,"stop":1692550201227,"duration":0},"description":"Verify navigation to Configuration Page from drop-down menu on Project Page for Freestyle Project","descriptionHtml":"<p>Verify navigation to Configuration Page from drop-down menu on Project Page for Freestyle Project</p>\n","status":"skipped","statusMessage":"1 expectation failed.\nExpected status code <302> but was <403>.\n","statusTrace":"java.lang.AssertionError: 1 expectation failed.\nExpected status code <302> but was <403>.\n\n\tat java.base/jdk.internal.reflect.NativeConstructorAccessorImpl.newInstance0(Native Method)\n\tat java.base/jdk.internal.reflect.NativeConstructorAccessorImpl.newInstance(NativeConstructorAccessorImpl.java:77)\n\tat java.base/jdk.internal.reflect.DelegatingConstructorAccessorImpl.newInstance(DelegatingConstructorAccessorImpl.java:45)\n\tat java.base/java.lang.reflect.Constructor.newInstanceWithCaller(Constructor.java:499)\n\tat java.base/java.lang.reflect.Constructor.newInstance(Constructor.java:480)\n\tat org.codehaus.groovy.reflection.CachedConstructor.invoke(CachedConstructor.java:73)\n\tat org.codehaus.groovy.runtime.callsite.ConstructorSite$ConstructorSiteNoUnwrapNoCoerce.callConstructor(ConstructorSite.java:108)\n\tat org.codehaus.groovy.runtime.callsite.AbstractCallSite.callConstructor(AbstractCallSite.java:277)\n\tat io.restassured.internal.ResponseSpecificationImpl$HamcrestAssertionClosure.validate(ResponseSpecificationImpl.groovy:512)\n\tat io.restassured.internal.ResponseSpecificationImpl$HamcrestAssertionClosure$validate$1.call(Unknown Source)\n\tat io.restassured.internal.ResponseSpecificationImpl.validateResponseIfRequired(ResponseSpecificationImpl.groovy:696)\n\tat io.restassured.internal.ResponseSpecificationImpl.this$2$validateResponseIfRequired(ResponseSpecificationImpl.groovy)\n\tat java.base/jdk.internal.reflect.NativeMethodAccessorImpl.invoke0(Native Method)\n\tat java.base/jdk.internal.reflect.NativeMethodAccessorImpl.invoke(NativeMethodAccessorImpl.java:77)\n\tat java.base/jdk.internal.reflect.DelegatingMethodAccessorImpl.invoke(DelegatingMethodAccessorImpl.java:43)\n\tat java.base/java.lang.reflect.Method.invoke(Method.java:568)\n\tat org.codehaus.groovy.runtime.callsite.PlainObjectMetaMethodSite.doInvoke(PlainObjectMetaMethodSite.java:43)\n\tat org.codehaus.groovy.runtime.callsite.PogoMetaMethodSite$PogoCachedMethodSiteNoUnwrapNoCoerce.invoke(PogoMetaMethodSite.java:198)\n\tat org.codehaus.groovy.runtime.callsite.PogoMetaMethodSite.callCurrent(PogoMetaMethodSite.java:62)\n\tat org.codehaus.groovy.runtime.callsite.AbstractCallSite.callCurrent(AbstractCallSite.java:185)\n\tat io.restassured.internal.ResponseSpecificationImpl.statusCode(ResponseSpecificationImpl.groovy:135)\n\tat io.restassured.specification.ResponseSpecification$statusCode$0.callCurrent(Unknown Source)\n\tat io.restassured.internal.ResponseSpecificationImpl.statusCode(ResponseSpecificationImpl.groovy:143)\n\tat io.restassured.internal.ValidatableResponseOptionsImpl.statusCode(ValidatableResponseOptionsImpl.java:89)\n\tat school.redrover.runner.JenkinsUtils.lambda$deleteJobs$0(JenkinsUtils.java:15)\n\tat java.base/java.util.ArrayList.forEach(ArrayList.java:1511)\n\tat school.redrover.runner.JenkinsUtils.deleteJobs(JenkinsUtils.java:15)\n\tat school.redrover.runner.JenkinsUtils.clearData(JenkinsUtils.java:61)\n\tat school.redrover.runner.BaseTest.clearData(BaseTest.java:65)\n\tat school.redrover.runner.BaseTest.afterMethod(BaseTest.java:132)\n\tat jdk.internal.reflect.GeneratedMethodAccessor128.invoke(Unknown Source)\n\tat java.base/jdk.internal.reflect.DelegatingMethodAccessorImpl.invoke(DelegatingMethodAccessorImpl.java:43)\n\tat java.base/java.lang.reflect.Method.invoke(Method.java:568)\n\tat org.testng.internal.invokers.MethodInvocationHelper.invokeMethod(MethodInvocationHelper.java:139)\n\tat org.testng.internal.invokers.MethodInvocationHelper.invokeMethodConsideringTimeout(MethodInvocationHelper.java:69)\n\tat org.testng.internal.invokers.ConfigInvoker.invokeConfigurationMethod(ConfigInvoker.java:361)\n\tat org.testng.internal.invokers.ConfigInvoker.invokeConfigurations(ConfigInvoker.java:296)\n\tat org.testng.internal.invokers.TestInvoker.runConfigMethods(TestInvoker.java:823)\n\tat org.testng.internal.invokers.TestInvoker.runAfterConfigurations(TestInvoker.java:792)\n\tat org.testng.internal.invokers.TestInvoker.invokeMethod(TestInvoker.java:768)\n\tat org.testng.internal.invokers.TestInvoker.invokeTestMethod(TestInvoker.java:221)\n\tat org.testng.internal.invokers.MethodRunner.runInSequence(MethodRunner.java:50)\n\tat org.testng.internal.invokers.TestInvoker$MethodInvocationAgent.invoke(TestInvoker.java:969)\n\tat org.testng.internal.invokers.TestInvoker.invokeTestMethods(TestInvoker.java:194)\n\tat org.testng.internal.invokers.TestMethodWorker.invokeTestMethods(TestMethodWorker.java:148)\n\tat org.testng.internal.invokers.TestMethodWorker.run(TestMethodWorker.java:128)\n\tat java.base/java.util.concurrent.ThreadPoolExecutor.runWorker(ThreadPoolExecutor.java:1136)\n\tat java.base/java.util.concurrent.ThreadPoolExecutor$Worker.run(ThreadPoolExecutor.java:635)\n\tat java.base/java.lang.Thread.run(Thread.java:833)\n","flaky":false,"newFailed":false,"newBroken":false,"newPassed":false,"retriesCount":0,"retriesStatusChange":false,"beforeStages":[{"name":"beforeClass","time":{"start":1692550165847,"stop":1692550165848,"duration":1},"description":"","status":"passed","steps":[{"name":"Lock Instance","time":{"start":1692550165847,"stop":1692550165848,"duration":1},"status":"passed","steps":[],"attachments":[{"uid":"174bf1fdbab2f315","name":"Locked instance: ","source":"174bf1fdbab2f315.txt","type":"text/plain","size":22}],"parameters":[],"stepsCount":0,"attachmentsCount":1,"shouldDisplayMessage":false,"hasContent":true}],"attachments":[],"parameters":[],"stepsCount":1,"attachmentsCount":1,"shouldDisplayMessage":false,"hasContent":true},{"name":"beforeMethod","time":{"start":1692550201206,"stop":1692550201206,"duration":0},"description":"","status":"broken","steps":[],"attachments":[],"parameters":[],"stepsCount":0,"attachmentsCount":0,"shouldDisplayMessage":false,"hasContent":false}],"afterStages":[{"name":"afterMethod","time":{"start":1692550201228,"stop":1692550201228,"duration":0},"description":"","status":"broken","statusMessage":"Cannot invoke \"org.openqa.selenium.TakesScreenshot.getScreenshotAs(org.openqa.selenium.OutputType)\" because \"driver\" is null","statusTrace":"java.lang.NullPointerException: Cannot invoke \"org.openqa.selenium.TakesScreenshot.getScreenshotAs(org.openqa.selenium.OutputType)\" because \"driver\" is null\n\tat school.redrover.runner.ProjectUtils.takeScreenshot(ProjectUtils.java:132)\n\tat school.redrover.runner.BaseTest.afterMethod(BaseTest.java:119)\n\tat jdk.internal.reflect.GeneratedMethodAccessor128.invoke(Unknown Source)\n\tat java.base/jdk.internal.reflect.DelegatingMethodAccessorImpl.invoke(DelegatingMethodAccessorImpl.java:43)\n\tat java.base/java.lang.reflect.Method.invoke(Method.java:568)\n\tat org.testng.internal.invokers.MethodInvocationHelper.invokeMethod(MethodInvocationHelper.java:139)\n\tat org.testng.internal.invokers.MethodInvocationHelper.invokeMethodConsideringTimeout(MethodInvocationHelper.java:69)\n\tat org.testng.internal.invokers.ConfigInvoker.invokeConfigurationMethod(ConfigInvoker.java:361)\n\tat org.testng.internal.invokers.ConfigInvoker.invokeConfigurations(ConfigInvoker.java:296)\n\tat org.testng.internal.invokers.TestInvoker.runConfigMethods(TestInvoker.java:823)\n\tat org.testng.internal.invokers.TestInvoker.runAfterConfigurations(TestInvoker.java:792)\n\tat org.testng.internal.invokers.TestInvoker.invokeMethod(TestInvoker.java:613)\n\tat org.testng.internal.invokers.TestInvoker.invokeTestMethod(TestInvoker.java:221)\n\tat org.testng.internal.invokers.MethodRunner.runInSequence(MethodRunner.java:50)\n\tat org.testng.internal.invokers.TestInvoker$MethodInvocationAgent.invoke(TestInvoker.java:969)\n\tat org.testng.internal.invokers.TestInvoker.invokeTestMethods(TestInvoker.java:194)\n\tat org.testng.internal.invokers.TestMethodWorker.invokeTestMethods(TestMethodWorker.java:148)\n\tat org.testng.internal.invokers.TestMethodWorker.run(TestMethodWorker.java:128)\n\tat java.base/java.util.concurrent.ThreadPoolExecutor.runWorker(ThreadPoolExecutor.java:1136)\n\tat java.base/java.util.concurrent.ThreadPoolExecutor$Worker.run(ThreadPoolExecutor.java:635)\n\tat java.base/java.lang.Thread.run(Thread.java:833)\n","steps":[],"attachments":[],"parameters":[],"stepsCount":0,"attachmentsCount":0,"shouldDisplayMessage":true,"hasContent":true},{"name":"unlockInstance","time":{"start":1692550204424,"stop":1692550204425,"duration":1},"description":"","status":"passed","steps":[{"name":"Unlock instance http://localhost:8081/","time":{"start":1692550204425,"stop":1692550204425,"duration":0},"status":"passed","steps":[],"attachments":[],"parameters":[{"name":"instance","value":"http://localhost:8081/"}],"stepsCount":0,"attachmentsCount":0,"shouldDisplayMessage":false,"hasContent":true}],"attachments":[],"parameters":[],"stepsCount":1,"attachmentsCount":0,"shouldDisplayMessage":false,"hasContent":true}],"labels":[{"name":"package","value":"school.redrover.FreestyleProjectTest"},{"name":"testClass","value":"school.redrover.FreestyleProjectTest"},{"name":"testMethod","value":"testAccessConfigurationPageFromProjectPage"},{"name":"parentSuite","value":"AllTestsSuite"},{"name":"suite","value":"AllTests"},{"name":"subSuite","value":"school.redrover.FreestyleProjectTest"},{"name":"host","value":"fv-az553-256"},{"name":"thread","value":"3255@fv-az553-256.TestNG-test=AllTests-4(20)"},{"name":"framework","value":"testng"},{"name":"language","value":"java"},{"name":"feature","value":"Function"},{"name":"resultFormat","value":"allure2"}],"parameters":[],"links":[],"hidden":false,"retry":false,"extra":{"severity":"normal","retries":[],"categories":[],"history":{"statistic":{"failed":0,"broken":0,"skipped":8,"passed":7,"unknown":0,"total":15},"items":[{"uid":"c5b6f9dd0e202fc7","reportUrl":"https://RedRoverSchool.github.io/JenkinsQA_06/6542//#testresult/c5b6f9dd0e202fc7","status":"passed","time":{"start":1692548235235,"stop":1692548238597,"duration":3362}},{"uid":"a91a6b68d73128c0","reportUrl":"https://RedRoverSchool.github.io/JenkinsQA_06/6548//#testresult/a91a6b68d73128c0","status":"skipped","statusDetails":"1 expectation failed.\nExpected status code <302> but was <403>.\n","time":{"start":1692548568479,"stop":1692548568479,"duration":0}},{"uid":"146a44e68db87346","reportUrl":"https://RedRoverSchool.github.io/JenkinsQA_06/6542//#testresult/146a44e68db87346","status":"passed","time":{"start":1692540887060,"stop":1692540890232,"duration":3172}},{"uid":"c6ac1f7cc4782a19","reportUrl":"https://RedRoverSchool.github.io/JenkinsQA_06/6547//#testresult/c6ac1f7cc4782a19","status":"skipped","statusDetails":"1 expectation failed.\nExpected status code <302> but was <403>.\n","time":{"start":1692540821071,"stop":1692540821071,"duration":0}},{"uid":"f5bec74a730e84a5","reportUrl":"https://RedRoverSchool.github.io/JenkinsQA_06/6546//#testresult/f5bec74a730e84a5","status":"skipped","statusDetails":"1 expectation failed.\nExpected status code <302> but was <403>.\n","time":{"start":1692539598364,"stop":1692539598364,"duration":0}},{"uid":"b03cf910f91325d7","reportUrl":"https://RedRoverSchool.github.io/JenkinsQA_06/6545//#testresult/b03cf910f91325d7","status":"skipped","statusDetails":"1 expectation failed.\nExpected status code <302> but was <403>.\n","time":{"start":1692538336715,"stop":1692538336720,"duration":5}},{"uid":"b02e187b1c851b63","reportUrl":"https://RedRoverSchool.github.io/JenkinsQA_06/6544//#testresult/b02e187b1c851b63","status":"skipped","statusDetails":"1 expectation failed.\nExpected status code <302> but was <403>.\n","time":{"start":1692536769463,"stop":1692536769464,"duration":1}},{"uid":"d9f398cf1f6fc72d","reportUrl":"https://RedRoverSchool.github.io/JenkinsQA_06/6539//#testresult/d9f398cf1f6fc72d","status":"passed","time":{"start":1692533527934,"stop":1692533531033,"duration":3099}},{"uid":"31bc3be85e703a31","reportUrl":"https://RedRoverSchool.github.io/JenkinsQA_06/6542//#testresult/31bc3be85e703a31","status":"passed","time":{"start":1692532314370,"stop":1692532317076,"duration":2706}},{"uid":"fd1d96aa727980cd","reportUrl":"https://RedRoverSchool.github.io/JenkinsQA_06/6543//#testresult/fd1d96aa727980cd","status":"skipped","statusDetails":"1 expectation failed.\nExpected status code <302> but was <403>.\n","time":{"start":1692533958969,"stop":1692533958969,"duration":0}},{"uid":"dbaa0b8d4df1814c","reportUrl":"https://RedRoverSchool.github.io/JenkinsQA_06/6541//#testresult/dbaa0b8d4df1814c","status":"passed","time":{"start":1692530358414,"stop":1692530363815,"duration":5401}},{"uid":"b4666c749a3b836b","reportUrl":"https://RedRoverSchool.github.io/JenkinsQA_06/6539//#testresult/b4666c749a3b836b","status":"passed","time":{"start":1692528867237,"stop":1692528870307,"duration":3070}},{"uid":"c052a4c4c7d865b1","reportUrl":"https://RedRoverSchool.github.io/JenkinsQA_06/6537//#testresult/c052a4c4c7d865b1","status":"passed","time":{"start":1692529516145,"stop":1692529518844,"duration":2699}},{"uid":"deea1752d62bfca6","reportUrl":"https://RedRoverSchool.github.io/JenkinsQA_06/6540//#testresult/deea1752d62bfca6","status":"skipped","statusDetails":"Invalid number of path parameters. Expected 1, was 0. Undefined path parameters are: .","time":{"start":1692528221056,"stop":1692528221057,"duration":1}}]},"tags":[]},"source":"49913c2f97f0cd18.json","parameterValues":[]}