{"uid":"5b80354fe00b07c2","name":"testCreateWithSpaceInsteadOfName","fullName":"school.redrover.FreestyleProjectTest.testCreateWithSpaceInsteadOfName","historyId":"1db0261a23c2059d628c7be150813a96","time":{"start":1692550203104,"stop":1692550203104,"duration":0},"description":"Verification of showing error message on Error Page while creating Freestyle project with space instead name","descriptionHtml":"<p>Verification of showing error message on Error Page while creating Freestyle project with space instead name</p>\n","status":"skipped","statusMessage":"Cannot invoke \"org.openqa.selenium.TakesScreenshot.getScreenshotAs(org.openqa.selenium.OutputType)\" because \"driver\" is null","statusTrace":"java.lang.NullPointerException: Cannot invoke \"org.openqa.selenium.TakesScreenshot.getScreenshotAs(org.openqa.selenium.OutputType)\" because \"driver\" is null\n\tat school.redrover.runner.ProjectUtils.takeScreenshot(ProjectUtils.java:132)\n\tat school.redrover.runner.BaseTest.afterMethod(BaseTest.java:119)\n\tat jdk.internal.reflect.GeneratedMethodAccessor128.invoke(Unknown Source)\n\tat java.base/jdk.internal.reflect.DelegatingMethodAccessorImpl.invoke(DelegatingMethodAccessorImpl.java:43)\n\tat java.base/java.lang.reflect.Method.invoke(Method.java:568)\n\tat org.testng.internal.invokers.MethodInvocationHelper.invokeMethod(MethodInvocationHelper.java:139)\n\tat org.testng.internal.invokers.MethodInvocationHelper.invokeMethodConsideringTimeout(MethodInvocationHelper.java:69)\n\tat org.testng.internal.invokers.ConfigInvoker.invokeConfigurationMethod(ConfigInvoker.java:361)\n\tat org.testng.internal.invokers.ConfigInvoker.invokeConfigurations(ConfigInvoker.java:296)\n\tat org.testng.internal.invokers.TestInvoker.runConfigMethods(TestInvoker.java:823)\n\tat org.testng.internal.invokers.TestInvoker.runAfterConfigurations(TestInvoker.java:792)\n\tat org.testng.internal.invokers.TestInvoker.invokeMethod(TestInvoker.java:613)\n\tat org.testng.internal.invokers.TestInvoker.invokeTestMethod(TestInvoker.java:221)\n\tat org.testng.internal.invokers.MethodRunner.runInSequence(MethodRunner.java:50)\n\tat org.testng.internal.invokers.TestInvoker$MethodInvocationAgent.invoke(TestInvoker.java:969)\n\tat org.testng.internal.invokers.TestInvoker.invokeTestMethods(TestInvoker.java:194)\n\tat org.testng.internal.invokers.TestMethodWorker.invokeTestMethods(TestMethodWorker.java:148)\n\tat org.testng.internal.invokers.TestMethodWorker.run(TestMethodWorker.java:128)\n\tat java.base/java.util.concurrent.ThreadPoolExecutor.runWorker(ThreadPoolExecutor.java:1136)\n\tat java.base/java.util.concurrent.ThreadPoolExecutor$Worker.run(ThreadPoolExecutor.java:635)\n\tat java.base/java.lang.Thread.run(Thread.java:833)\n","flaky":false,"newFailed":false,"newBroken":false,"newPassed":false,"retriesCount":0,"retriesStatusChange":false,"beforeStages":[{"name":"beforeClass","time":{"start":1692550165847,"stop":1692550165848,"duration":1},"description":"","status":"passed","steps":[{"name":"Lock Instance","time":{"start":1692550165847,"stop":1692550165848,"duration":1},"status":"passed","steps":[],"attachments":[{"uid":"174bf1fdbab2f315","name":"Locked instance: ","source":"174bf1fdbab2f315.txt","type":"text/plain","size":22}],"parameters":[],"stepsCount":0,"attachmentsCount":1,"shouldDisplayMessage":false,"hasContent":true}],"attachments":[],"parameters":[],"stepsCount":1,"attachmentsCount":1,"shouldDisplayMessage":false,"hasContent":true},{"name":"beforeMethod","time":{"start":1692550203098,"stop":1692550203098,"duration":0},"description":"","status":"broken","steps":[],"attachments":[],"parameters":[],"stepsCount":0,"attachmentsCount":0,"shouldDisplayMessage":false,"hasContent":false}],"afterStages":[{"name":"afterMethod","time":{"start":1692550203104,"stop":1692550203104,"duration":0},"description":"","status":"broken","statusMessage":"Cannot invoke \"org.openqa.selenium.TakesScreenshot.getScreenshotAs(org.openqa.selenium.OutputType)\" because \"driver\" is null","statusTrace":"java.lang.NullPointerException: Cannot invoke \"org.openqa.selenium.TakesScreenshot.getScreenshotAs(org.openqa.selenium.OutputType)\" because \"driver\" is null\n\tat school.redrover.runner.ProjectUtils.takeScreenshot(ProjectUtils.java:132)\n\tat school.redrover.runner.BaseTest.afterMethod(BaseTest.java:119)\n\tat jdk.internal.reflect.GeneratedMethodAccessor128.invoke(Unknown Source)\n\tat java.base/jdk.internal.reflect.DelegatingMethodAccessorImpl.invoke(DelegatingMethodAccessorImpl.java:43)\n\tat java.base/java.lang.reflect.Method.invoke(Method.java:568)\n\tat org.testng.internal.invokers.MethodInvocationHelper.invokeMethod(MethodInvocationHelper.java:139)\n\tat org.testng.internal.invokers.MethodInvocationHelper.invokeMethodConsideringTimeout(MethodInvocationHelper.java:69)\n\tat org.testng.internal.invokers.ConfigInvoker.invokeConfigurationMethod(ConfigInvoker.java:361)\n\tat org.testng.internal.invokers.ConfigInvoker.invokeConfigurations(ConfigInvoker.java:296)\n\tat org.testng.internal.invokers.TestInvoker.runConfigMethods(TestInvoker.java:823)\n\tat org.testng.internal.invokers.TestInvoker.runAfterConfigurations(TestInvoker.java:792)\n\tat org.testng.internal.invokers.TestInvoker.invokeMethod(TestInvoker.java:613)\n\tat org.testng.internal.invokers.TestInvoker.invokeTestMethod(TestInvoker.java:221)\n\tat org.testng.internal.invokers.MethodRunner.runInSequence(MethodRunner.java:50)\n\tat org.testng.internal.invokers.TestInvoker$MethodInvocationAgent.invoke(TestInvoker.java:969)\n\tat org.testng.internal.invokers.TestInvoker.invokeTestMethods(TestInvoker.java:194)\n\tat org.testng.internal.invokers.TestMethodWorker.invokeTestMethods(TestMethodWorker.java:148)\n\tat org.testng.internal.invokers.TestMethodWorker.run(TestMethodWorker.java:128)\n\tat java.base/java.util.concurrent.ThreadPoolExecutor.runWorker(ThreadPoolExecutor.java:1136)\n\tat java.base/java.util.concurrent.ThreadPoolExecutor$Worker.run(ThreadPoolExecutor.java:635)\n\tat java.base/java.lang.Thread.run(Thread.java:833)\n","steps":[],"attachments":[],"parameters":[],"stepsCount":0,"attachmentsCount":0,"shouldDisplayMessage":true,"hasContent":true},{"name":"unlockInstance","time":{"start":1692550204424,"stop":1692550204425,"duration":1},"description":"","status":"passed","steps":[{"name":"Unlock instance http://localhost:8081/","time":{"start":1692550204425,"stop":1692550204425,"duration":0},"status":"passed","steps":[],"attachments":[],"parameters":[{"name":"instance","value":"http://localhost:8081/"}],"stepsCount":0,"attachmentsCount":0,"shouldDisplayMessage":false,"hasContent":true}],"attachments":[],"parameters":[],"stepsCount":1,"attachmentsCount":0,"shouldDisplayMessage":false,"hasContent":true}],"labels":[{"name":"package","value":"school.redrover.FreestyleProjectTest"},{"name":"testClass","value":"school.redrover.FreestyleProjectTest"},{"name":"testMethod","value":"testCreateWithSpaceInsteadOfName"},{"name":"parentSuite","value":"AllTestsSuite"},{"name":"suite","value":"AllTests"},{"name":"subSuite","value":"school.redrover.FreestyleProjectTest"},{"name":"host","value":"fv-az553-256"},{"name":"thread","value":"3255@fv-az553-256.TestNG-test=AllTests-4(20)"},{"name":"framework","value":"testng"},{"name":"language","value":"java"},{"name":"feature","value":"Function"},{"name":"resultFormat","value":"allure2"}],"parameters":[],"links":[],"hidden":false,"retry":false,"extra":{"severity":"normal","retries":[],"categories":[],"history":{"statistic":{"failed":0,"broken":0,"skipped":8,"passed":7,"unknown":0,"total":15},"items":[{"uid":"60ba28ed34e4fd8","reportUrl":"https://RedRoverSchool.github.io/JenkinsQA_06/6542//#testresult/60ba28ed34e4fd8","status":"passed","time":{"start":1692548625909,"stop":1692548626968,"duration":1059}},{"uid":"de1fe2c3bfc66112","reportUrl":"https://RedRoverSchool.github.io/JenkinsQA_06/6548//#testresult/de1fe2c3bfc66112","status":"skipped","statusDetails":"Cannot invoke \"org.openqa.selenium.TakesScreenshot.getScreenshotAs(org.openqa.selenium.OutputType)\" because \"driver\" is null","time":{"start":1692548569484,"stop":1692548569484,"duration":0}},{"uid":"2fc9a92aa6382335","reportUrl":"https://RedRoverSchool.github.io/JenkinsQA_06/6542//#testresult/2fc9a92aa6382335","status":"passed","time":{"start":1692541261704,"stop":1692541262385,"duration":681}},{"uid":"1828f9a591004ce","reportUrl":"https://RedRoverSchool.github.io/JenkinsQA_06/6547//#testresult/1828f9a591004ce","status":"skipped","statusDetails":"Cannot invoke \"org.openqa.selenium.TakesScreenshot.getScreenshotAs(org.openqa.selenium.OutputType)\" because \"driver\" is null","time":{"start":1692540822564,"stop":1692540822564,"duration":0}},{"uid":"210a1734bc95d0c7","reportUrl":"https://RedRoverSchool.github.io/JenkinsQA_06/6546//#testresult/210a1734bc95d0c7","status":"skipped","statusDetails":"Cannot invoke \"org.openqa.selenium.TakesScreenshot.getScreenshotAs(org.openqa.selenium.OutputType)\" because \"driver\" is null","time":{"start":1692539599612,"stop":1692539599612,"duration":0}},{"uid":"30400fa30158cb15","reportUrl":"https://RedRoverSchool.github.io/JenkinsQA_06/6545//#testresult/30400fa30158cb15","status":"skipped","statusDetails":"1 expectation failed.\nExpected status code <302> but was <403>.\n","time":{"start":1692538338205,"stop":1692538338205,"duration":0}},{"uid":"c84e49864238e2a2","reportUrl":"https://RedRoverSchool.github.io/JenkinsQA_06/6544//#testresult/c84e49864238e2a2","status":"skipped","statusDetails":"1 expectation failed.\nExpected status code <302> but was <403>.\n","time":{"start":1692536769611,"stop":1692536769611,"duration":0}},{"uid":"919b277aeab8863d","reportUrl":"https://RedRoverSchool.github.io/JenkinsQA_06/6539//#testresult/919b277aeab8863d","status":"passed","time":{"start":1692533896933,"stop":1692533897588,"duration":655}},{"uid":"61b6f626ad00404e","reportUrl":"https://RedRoverSchool.github.io/JenkinsQA_06/6542//#testresult/61b6f626ad00404e","status":"passed","time":{"start":1692532639255,"stop":1692532640054,"duration":799}},{"uid":"d1499158f588e2b","reportUrl":"https://RedRoverSchool.github.io/JenkinsQA_06/6543//#testresult/d1499158f588e2b","status":"skipped","statusDetails":"1 expectation failed.\nExpected status code <302> but was <403>.\n","time":{"start":1692533959857,"stop":1692533959857,"duration":0}},{"uid":"557d72ee68242c59","reportUrl":"https://RedRoverSchool.github.io/JenkinsQA_06/6541//#testresult/557d72ee68242c59","status":"passed","time":{"start":1692530959209,"stop":1692530960435,"duration":1226}},{"uid":"6bbc6392d2a8aa36","reportUrl":"https://RedRoverSchool.github.io/JenkinsQA_06/6539//#testresult/6bbc6392d2a8aa36","status":"passed","time":{"start":1692529254111,"stop":1692529255120,"duration":1009}},{"uid":"ebdfb12f3762f1f2","reportUrl":"https://RedRoverSchool.github.io/JenkinsQA_06/6537//#testresult/ebdfb12f3762f1f2","status":"passed","time":{"start":1692529874103,"stop":1692529874771,"duration":668}},{"uid":"8927b92ff404fdcd","reportUrl":"https://RedRoverSchool.github.io/JenkinsQA_06/6540//#testresult/8927b92ff404fdcd","status":"skipped","statusDetails":"Invalid number of path parameters. Expected 1, was 0. Undefined path parameters are: .","time":{"start":1692528221235,"stop":1692528221235,"duration":0}}]},"tags":[]},"source":"5b80354fe00b07c2.json","parameterValues":[]}