{"uid":"72c7a9180c76c7ed","name":"testPipelineSyntaxNavigateToOrgFolderPagesFromDropdownOnBreadcrumb","fullName":"school.redrover.BreadcrumbTest.testPipelineSyntaxNavigateToOrgFolderPagesFromDropdownOnBreadcrumb","historyId":"2fa094ac3a4ed67b17fee8399427959d","time":{"start":1692550299806,"stop":1692550299807,"duration":1},"status":"skipped","statusMessage":"Cannot invoke \"org.openqa.selenium.TakesScreenshot.getScreenshotAs(org.openqa.selenium.OutputType)\" because \"driver\" is null","statusTrace":"java.lang.NullPointerException: Cannot invoke \"org.openqa.selenium.TakesScreenshot.getScreenshotAs(org.openqa.selenium.OutputType)\" because \"driver\" is null\n\tat school.redrover.runner.ProjectUtils.takeScreenshot(ProjectUtils.java:132)\n\tat school.redrover.runner.BaseTest.afterMethod(BaseTest.java:119)\n\tat jdk.internal.reflect.GeneratedMethodAccessor128.invoke(Unknown Source)\n\tat java.base/jdk.internal.reflect.DelegatingMethodAccessorImpl.invoke(DelegatingMethodAccessorImpl.java:43)\n\tat java.base/java.lang.reflect.Method.invoke(Method.java:568)\n\tat org.testng.internal.invokers.MethodInvocationHelper.invokeMethod(MethodInvocationHelper.java:139)\n\tat org.testng.internal.invokers.MethodInvocationHelper.invokeMethodConsideringTimeout(MethodInvocationHelper.java:69)\n\tat org.testng.internal.invokers.ConfigInvoker.invokeConfigurationMethod(ConfigInvoker.java:361)\n\tat org.testng.internal.invokers.ConfigInvoker.invokeConfigurations(ConfigInvoker.java:296)\n\tat org.testng.internal.invokers.TestInvoker.runConfigMethods(TestInvoker.java:823)\n\tat org.testng.internal.invokers.TestInvoker.runAfterConfigurations(TestInvoker.java:792)\n\tat org.testng.internal.invokers.TestInvoker.invokeMethod(TestInvoker.java:613)\n\tat org.testng.internal.invokers.TestInvoker.invokeTestMethod(TestInvoker.java:221)\n\tat org.testng.internal.invokers.MethodRunner.runInSequence(MethodRunner.java:50)\n\tat org.testng.internal.invokers.TestInvoker$MethodInvocationAgent.invoke(TestInvoker.java:969)\n\tat org.testng.internal.invokers.TestInvoker.invokeTestMethods(TestInvoker.java:194)\n\tat org.testng.internal.invokers.TestMethodWorker.invokeTestMethods(TestMethodWorker.java:148)\n\tat org.testng.internal.invokers.TestMethodWorker.run(TestMethodWorker.java:128)\n\tat java.base/java.util.concurrent.ThreadPoolExecutor.runWorker(ThreadPoolExecutor.java:1136)\n\tat java.base/java.util.concurrent.ThreadPoolExecutor$Worker.run(ThreadPoolExecutor.java:635)\n\tat java.base/java.lang.Thread.run(Thread.java:833)\n","flaky":false,"newFailed":false,"newBroken":false,"newPassed":false,"retriesCount":0,"retriesStatusChange":false,"beforeStages":[{"name":"beforeClass","time":{"start":1692550256366,"stop":1692550256367,"duration":1},"description":"","status":"passed","steps":[{"name":"Lock Instance","time":{"start":1692550256367,"stop":1692550256367,"duration":0},"status":"passed","steps":[],"attachments":[{"uid":"a393da6cca2bb303","name":"Locked instance: ","source":"a393da6cca2bb303.txt","type":"text/plain","size":22}],"parameters":[],"stepsCount":0,"attachmentsCount":1,"shouldDisplayMessage":false,"hasContent":true}],"attachments":[],"parameters":[],"stepsCount":1,"attachmentsCount":1,"shouldDisplayMessage":false,"hasContent":true},{"name":"beforeMethod","time":{"start":1692550299806,"stop":1692550299806,"duration":0},"description":"","status":"broken","steps":[],"attachments":[],"parameters":[],"stepsCount":0,"attachmentsCount":0,"shouldDisplayMessage":false,"hasContent":false}],"afterStages":[{"name":"afterMethod","time":{"start":1692550299807,"stop":1692550299807,"duration":0},"description":"","status":"broken","statusMessage":"Cannot invoke \"org.openqa.selenium.TakesScreenshot.getScreenshotAs(org.openqa.selenium.OutputType)\" because \"driver\" is null","statusTrace":"java.lang.NullPointerException: Cannot invoke \"org.openqa.selenium.TakesScreenshot.getScreenshotAs(org.openqa.selenium.OutputType)\" because \"driver\" is null\n\tat school.redrover.runner.ProjectUtils.takeScreenshot(ProjectUtils.java:132)\n\tat school.redrover.runner.BaseTest.afterMethod(BaseTest.java:119)\n\tat jdk.internal.reflect.GeneratedMethodAccessor128.invoke(Unknown Source)\n\tat java.base/jdk.internal.reflect.DelegatingMethodAccessorImpl.invoke(DelegatingMethodAccessorImpl.java:43)\n\tat java.base/java.lang.reflect.Method.invoke(Method.java:568)\n\tat org.testng.internal.invokers.MethodInvocationHelper.invokeMethod(MethodInvocationHelper.java:139)\n\tat org.testng.internal.invokers.MethodInvocationHelper.invokeMethodConsideringTimeout(MethodInvocationHelper.java:69)\n\tat org.testng.internal.invokers.ConfigInvoker.invokeConfigurationMethod(ConfigInvoker.java:361)\n\tat org.testng.internal.invokers.ConfigInvoker.invokeConfigurations(ConfigInvoker.java:296)\n\tat org.testng.internal.invokers.TestInvoker.runConfigMethods(TestInvoker.java:823)\n\tat org.testng.internal.invokers.TestInvoker.runAfterConfigurations(TestInvoker.java:792)\n\tat org.testng.internal.invokers.TestInvoker.invokeMethod(TestInvoker.java:613)\n\tat org.testng.internal.invokers.TestInvoker.invokeTestMethod(TestInvoker.java:221)\n\tat org.testng.internal.invokers.MethodRunner.runInSequence(MethodRunner.java:50)\n\tat org.testng.internal.invokers.TestInvoker$MethodInvocationAgent.invoke(TestInvoker.java:969)\n\tat org.testng.internal.invokers.TestInvoker.invokeTestMethods(TestInvoker.java:194)\n\tat org.testng.internal.invokers.TestMethodWorker.invokeTestMethods(TestMethodWorker.java:148)\n\tat org.testng.internal.invokers.TestMethodWorker.run(TestMethodWorker.java:128)\n\tat java.base/java.util.concurrent.ThreadPoolExecutor.runWorker(ThreadPoolExecutor.java:1136)\n\tat java.base/java.util.concurrent.ThreadPoolExecutor$Worker.run(ThreadPoolExecutor.java:635)\n\tat java.base/java.lang.Thread.run(Thread.java:833)\n","steps":[],"attachments":[],"parameters":[],"stepsCount":0,"attachmentsCount":0,"shouldDisplayMessage":true,"hasContent":true},{"name":"unlockInstance","time":{"start":1692550299846,"stop":1692550299846,"duration":0},"description":"","status":"passed","steps":[{"name":"Unlock instance http://localhost:8083/","time":{"start":1692550299846,"stop":1692550299846,"duration":0},"status":"passed","steps":[],"attachments":[],"parameters":[{"name":"instance","value":"http://localhost:8083/"}],"stepsCount":0,"attachmentsCount":0,"shouldDisplayMessage":false,"hasContent":true}],"attachments":[],"parameters":[],"stepsCount":1,"attachmentsCount":0,"shouldDisplayMessage":false,"hasContent":true}],"labels":[{"name":"package","value":"school.redrover.BreadcrumbTest"},{"name":"testClass","value":"school.redrover.BreadcrumbTest"},{"name":"testMethod","value":"testPipelineSyntaxNavigateToOrgFolderPagesFromDropdownOnBreadcrumb"},{"name":"parentSuite","value":"AllTestsSuite"},{"name":"suite","value":"AllTests"},{"name":"subSuite","value":"school.redrover.BreadcrumbTest"},{"name":"host","value":"fv-az553-256"},{"name":"thread","value":"3255@fv-az553-256.TestNG-test=AllTests-2(18)"},{"name":"framework","value":"testng"},{"name":"language","value":"java"},{"name":"feature","value":"Function"},{"name":"severity","value":"normal"},{"name":"resultFormat","value":"allure2"}],"parameters":[],"links":[],"hidden":false,"retry":false,"extra":{"severity":"normal","retries":[],"categories":[],"history":{"statistic":{"failed":0,"broken":0,"skipped":8,"passed":7,"unknown":0,"total":15},"items":[{"uid":"f5e492d38a93363b","reportUrl":"https://RedRoverSchool.github.io/JenkinsQA_06/6542//#testresult/f5e492d38a93363b","status":"passed","time":{"start":1692547354277,"stop":1692547357493,"duration":3216}},{"uid":"baa34327ef134f17","reportUrl":"https://RedRoverSchool.github.io/JenkinsQA_06/6548//#testresult/baa34327ef134f17","status":"skipped","statusDetails":"Cannot invoke \"org.openqa.selenium.TakesScreenshot.getScreenshotAs(org.openqa.selenium.OutputType)\" because \"driver\" is null","time":{"start":1692548651212,"stop":1692548651212,"duration":0}},{"uid":"561a8369e46be11d","reportUrl":"https://RedRoverSchool.github.io/JenkinsQA_06/6542//#testresult/561a8369e46be11d","status":"passed","time":{"start":1692543710653,"stop":1692543713658,"duration":3005}},{"uid":"cbcb6bc8a504c214","reportUrl":"https://RedRoverSchool.github.io/JenkinsQA_06/6547//#testresult/cbcb6bc8a504c214","status":"skipped","statusDetails":"Cannot invoke \"org.openqa.selenium.TakesScreenshot.getScreenshotAs(org.openqa.selenium.OutputType)\" because \"driver\" is null","time":{"start":1692540916871,"stop":1692540916871,"duration":0}},{"uid":"ae2647ba3b6e4eae","reportUrl":"https://RedRoverSchool.github.io/JenkinsQA_06/6546//#testresult/ae2647ba3b6e4eae","status":"skipped","statusDetails":"Cannot invoke \"org.openqa.selenium.TakesScreenshot.getScreenshotAs(org.openqa.selenium.OutputType)\" because \"driver\" is null","time":{"start":1692539723453,"stop":1692539723453,"duration":0}},{"uid":"cf9a61b14af8ceb2","reportUrl":"https://RedRoverSchool.github.io/JenkinsQA_06/6545//#testresult/cf9a61b14af8ceb2","status":"skipped","statusDetails":"1 expectation failed.\nExpected status code <302> but was <403>.\n","time":{"start":1692538444259,"stop":1692538444260,"duration":1}},{"uid":"3aeac90fb518110a","reportUrl":"https://RedRoverSchool.github.io/JenkinsQA_06/6544//#testresult/3aeac90fb518110a","status":"skipped","statusDetails":"1 expectation failed.\nExpected status code <302> but was <403>.\n","time":{"start":1692536752917,"stop":1692536752918,"duration":1}},{"uid":"bd82f598dcafef52","reportUrl":"https://RedRoverSchool.github.io/JenkinsQA_06/6539//#testresult/bd82f598dcafef52","status":"passed","time":{"start":1692536276084,"stop":1692536278973,"duration":2889}},{"uid":"7cb1286e760c4ac2","reportUrl":"https://RedRoverSchool.github.io/JenkinsQA_06/6542//#testresult/7cb1286e760c4ac2","status":"passed","time":{"start":1692534779695,"stop":1692534781924,"duration":2229}},{"uid":"d379547dc5f3b060","reportUrl":"https://RedRoverSchool.github.io/JenkinsQA_06/6543//#testresult/d379547dc5f3b060","status":"skipped","statusDetails":"1 expectation failed.\nExpected status code <302> but was <403>.\n","time":{"start":1692534020670,"stop":1692534020670,"duration":0}},{"uid":"118585a32c7d7e64","reportUrl":"https://RedRoverSchool.github.io/JenkinsQA_06/6541//#testresult/118585a32c7d7e64","status":"passed","time":{"start":1692532690847,"stop":1692532695146,"duration":4299}},{"uid":"57a9768a1ef31f95","reportUrl":"https://RedRoverSchool.github.io/JenkinsQA_06/6539//#testresult/57a9768a1ef31f95","status":"passed","time":{"start":1692531747288,"stop":1692531750345,"duration":3057}},{"uid":"becc688ecf82b16f","reportUrl":"https://RedRoverSchool.github.io/JenkinsQA_06/6537//#testresult/becc688ecf82b16f","status":"passed","time":{"start":1692528721649,"stop":1692528724660,"duration":3011}},{"uid":"77ecd9636b1a0efb","reportUrl":"https://RedRoverSchool.github.io/JenkinsQA_06/6540//#testresult/77ecd9636b1a0efb","status":"skipped","statusDetails":"Invalid number of path parameters. Expected 1, was 0. Undefined path parameters are: .","time":{"start":1692528189252,"stop":1692528189252,"duration":0}}]},"tags":[]},"source":"72c7a9180c76c7ed.json","parameterValues":[]}