{"uid":"75297181a22f8831","name":"testSearchJobWithOneLetter","fullName":"school.redrover.HeaderTest.testSearchJobWithOneLetter","historyId":"1778ad37b85f3ea716bd896893ec2284","time":{"start":1692550242822,"stop":1692550242826,"duration":4},"status":"skipped","statusMessage":"Cannot invoke \"org.openqa.selenium.TakesScreenshot.getScreenshotAs(org.openqa.selenium.OutputType)\" because \"driver\" is null","statusTrace":"java.lang.NullPointerException: Cannot invoke \"org.openqa.selenium.TakesScreenshot.getScreenshotAs(org.openqa.selenium.OutputType)\" because \"driver\" is null\n\tat school.redrover.runner.ProjectUtils.takeScreenshot(ProjectUtils.java:132)\n\tat school.redrover.runner.BaseTest.afterMethod(BaseTest.java:119)\n\tat jdk.internal.reflect.GeneratedMethodAccessor128.invoke(Unknown Source)\n\tat java.base/jdk.internal.reflect.DelegatingMethodAccessorImpl.invoke(DelegatingMethodAccessorImpl.java:43)\n\tat java.base/java.lang.reflect.Method.invoke(Method.java:568)\n\tat org.testng.internal.invokers.MethodInvocationHelper.invokeMethod(MethodInvocationHelper.java:139)\n\tat org.testng.internal.invokers.MethodInvocationHelper.invokeMethodConsideringTimeout(MethodInvocationHelper.java:69)\n\tat org.testng.internal.invokers.ConfigInvoker.invokeConfigurationMethod(ConfigInvoker.java:361)\n\tat org.testng.internal.invokers.ConfigInvoker.invokeConfigurations(ConfigInvoker.java:296)\n\tat org.testng.internal.invokers.TestInvoker.runConfigMethods(TestInvoker.java:823)\n\tat org.testng.internal.invokers.TestInvoker.runAfterConfigurations(TestInvoker.java:792)\n\tat org.testng.internal.invokers.TestInvoker.invokeMethod(TestInvoker.java:613)\n\tat org.testng.internal.invokers.TestInvoker.invokeTestMethod(TestInvoker.java:221)\n\tat org.testng.internal.invokers.MethodRunner.runInSequence(MethodRunner.java:50)\n\tat org.testng.internal.invokers.TestInvoker$MethodInvocationAgent.invoke(TestInvoker.java:969)\n\tat org.testng.internal.invokers.TestInvoker.invokeTestMethods(TestInvoker.java:194)\n\tat org.testng.internal.invokers.TestMethodWorker.invokeTestMethods(TestMethodWorker.java:148)\n\tat org.testng.internal.invokers.TestMethodWorker.run(TestMethodWorker.java:128)\n\tat java.base/java.util.concurrent.ThreadPoolExecutor.runWorker(ThreadPoolExecutor.java:1136)\n\tat java.base/java.util.concurrent.ThreadPoolExecutor$Worker.run(ThreadPoolExecutor.java:635)\n\tat java.base/java.lang.Thread.run(Thread.java:833)\n","flaky":false,"newFailed":false,"newBroken":false,"newPassed":false,"retriesCount":0,"retriesStatusChange":false,"beforeStages":[{"name":"beforeClass","time":{"start":1692550097549,"stop":1692550099817,"duration":2268},"description":"","status":"passed","steps":[{"name":"Lock Instance","time":{"start":1692550099816,"stop":1692550099817,"duration":1},"status":"passed","steps":[],"attachments":[{"uid":"67fcaa13c99f9f7a","name":"Locked instance: ","source":"67fcaa13c99f9f7a.txt","type":"text/plain","size":22}],"parameters":[],"stepsCount":0,"attachmentsCount":1,"shouldDisplayMessage":false,"hasContent":true}],"attachments":[],"parameters":[],"stepsCount":1,"attachmentsCount":1,"shouldDisplayMessage":false,"hasContent":true},{"name":"beforeMethod","time":{"start":1692550242806,"stop":1692550242806,"duration":0},"description":"","status":"broken","steps":[],"attachments":[],"parameters":[],"stepsCount":0,"attachmentsCount":0,"shouldDisplayMessage":false,"hasContent":false}],"afterStages":[{"name":"afterMethod","time":{"start":1692550242826,"stop":1692550242826,"duration":0},"description":"","status":"broken","statusMessage":"Cannot invoke \"org.openqa.selenium.TakesScreenshot.getScreenshotAs(org.openqa.selenium.OutputType)\" because \"driver\" is null","statusTrace":"java.lang.NullPointerException: Cannot invoke \"org.openqa.selenium.TakesScreenshot.getScreenshotAs(org.openqa.selenium.OutputType)\" because \"driver\" is null\n\tat school.redrover.runner.ProjectUtils.takeScreenshot(ProjectUtils.java:132)\n\tat school.redrover.runner.BaseTest.afterMethod(BaseTest.java:119)\n\tat jdk.internal.reflect.GeneratedMethodAccessor128.invoke(Unknown Source)\n\tat java.base/jdk.internal.reflect.DelegatingMethodAccessorImpl.invoke(DelegatingMethodAccessorImpl.java:43)\n\tat java.base/java.lang.reflect.Method.invoke(Method.java:568)\n\tat org.testng.internal.invokers.MethodInvocationHelper.invokeMethod(MethodInvocationHelper.java:139)\n\tat org.testng.internal.invokers.MethodInvocationHelper.invokeMethodConsideringTimeout(MethodInvocationHelper.java:69)\n\tat org.testng.internal.invokers.ConfigInvoker.invokeConfigurationMethod(ConfigInvoker.java:361)\n\tat org.testng.internal.invokers.ConfigInvoker.invokeConfigurations(ConfigInvoker.java:296)\n\tat org.testng.internal.invokers.TestInvoker.runConfigMethods(TestInvoker.java:823)\n\tat org.testng.internal.invokers.TestInvoker.runAfterConfigurations(TestInvoker.java:792)\n\tat org.testng.internal.invokers.TestInvoker.invokeMethod(TestInvoker.java:613)\n\tat org.testng.internal.invokers.TestInvoker.invokeTestMethod(TestInvoker.java:221)\n\tat org.testng.internal.invokers.MethodRunner.runInSequence(MethodRunner.java:50)\n\tat org.testng.internal.invokers.TestInvoker$MethodInvocationAgent.invoke(TestInvoker.java:969)\n\tat org.testng.internal.invokers.TestInvoker.invokeTestMethods(TestInvoker.java:194)\n\tat org.testng.internal.invokers.TestMethodWorker.invokeTestMethods(TestMethodWorker.java:148)\n\tat org.testng.internal.invokers.TestMethodWorker.run(TestMethodWorker.java:128)\n\tat java.base/java.util.concurrent.ThreadPoolExecutor.runWorker(ThreadPoolExecutor.java:1136)\n\tat java.base/java.util.concurrent.ThreadPoolExecutor$Worker.run(ThreadPoolExecutor.java:635)\n\tat java.base/java.lang.Thread.run(Thread.java:833)\n","steps":[],"attachments":[],"parameters":[],"stepsCount":0,"attachmentsCount":0,"shouldDisplayMessage":true,"hasContent":true},{"name":"unlockInstance","time":{"start":1692550243042,"stop":1692550243042,"duration":0},"description":"","status":"passed","steps":[{"name":"Unlock instance http://localhost:8083/","time":{"start":1692550243042,"stop":1692550243042,"duration":0},"status":"passed","steps":[],"attachments":[],"parameters":[{"name":"instance","value":"http://localhost:8083/"}],"stepsCount":0,"attachmentsCount":0,"shouldDisplayMessage":false,"hasContent":true}],"attachments":[],"parameters":[],"stepsCount":1,"attachmentsCount":0,"shouldDisplayMessage":false,"hasContent":true}],"labels":[{"name":"package","value":"school.redrover.HeaderTest"},{"name":"testClass","value":"school.redrover.HeaderTest"},{"name":"testMethod","value":"testSearchJobWithOneLetter"},{"name":"parentSuite","value":"AllTestsSuite"},{"name":"suite","value":"AllTests"},{"name":"subSuite","value":"school.redrover.HeaderTest"},{"name":"host","value":"fv-az553-256"},{"name":"thread","value":"3255@fv-az553-256.TestNG-test=AllTests-2(18)"},{"name":"framework","value":"testng"},{"name":"language","value":"java"},{"name":"feature","value":"Function"},{"name":"severity","value":"normal"},{"name":"resultFormat","value":"allure2"}],"parameters":[],"links":[],"hidden":false,"retry":false,"extra":{"severity":"normal","retries":[],"categories":[],"history":{"statistic":{"failed":0,"broken":0,"skipped":5,"passed":11,"unknown":0,"total":16},"items":[{"uid":"37a990b8daee9f8a","reportUrl":"https://RedRoverSchool.github.io/JenkinsQA_06/6542//#testresult/37a990b8daee9f8a","status":"passed","time":{"start":1692546759610,"stop":1692546761872,"duration":2262}},{"uid":"261d8f5c65b76566","reportUrl":"https://RedRoverSchool.github.io/JenkinsQA_06/6548//#testresult/261d8f5c65b76566","status":"skipped","statusDetails":"Cannot invoke \"org.openqa.selenium.TakesScreenshot.getScreenshotAs(org.openqa.selenium.OutputType)\" because \"driver\" is null","time":{"start":1692548601265,"stop":1692548601265,"duration":0}},{"uid":"f15f7b8bb35cd1f4","reportUrl":"https://RedRoverSchool.github.io/JenkinsQA_06/6542//#testresult/f15f7b8bb35cd1f4","status":"passed","time":{"start":1692539753838,"stop":1692539756395,"duration":2557}},{"uid":"48d58729307807f0","reportUrl":"https://RedRoverSchool.github.io/JenkinsQA_06/6547//#testresult/48d58729307807f0","status":"skipped","statusDetails":"Cannot invoke \"org.openqa.selenium.TakesScreenshot.getScreenshotAs(org.openqa.selenium.OutputType)\" because \"driver\" is null","time":{"start":1692540857395,"stop":1692540857395,"duration":0}},{"uid":"8a4a6f65c4a39e4e","reportUrl":"https://RedRoverSchool.github.io/JenkinsQA_06/6546//#testresult/8a4a6f65c4a39e4e","status":"passed","time":{"start":1692539735395,"stop":1692539738040,"duration":2645}},{"uid":"db256f5db8b2da39","reportUrl":"https://RedRoverSchool.github.io/JenkinsQA_06/6545//#testresult/db256f5db8b2da39","status":"passed","time":{"start":1692538451220,"stop":1692538453591,"duration":2371}},{"uid":"b268f1582d51e138","reportUrl":"https://RedRoverSchool.github.io/JenkinsQA_06/6544//#testresult/b268f1582d51e138","status":"skipped","statusDetails":"1 expectation failed.\nExpected status code <302> but was <403>.\n","time":{"start":1692536708781,"stop":1692536708781,"duration":0}},{"uid":"dbea38ca6af55c89","reportUrl":"https://RedRoverSchool.github.io/JenkinsQA_06/6539//#testresult/dbea38ca6af55c89","status":"passed","time":{"start":1692532412631,"stop":1692532415127,"duration":2496}},{"uid":"97140f299f72f4af","reportUrl":"https://RedRoverSchool.github.io/JenkinsQA_06/6542//#testresult/97140f299f72f4af","status":"passed","time":{"start":1692531334891,"stop":1692531337771,"duration":2880}},{"uid":"a9402d79e2574c1b","reportUrl":"https://RedRoverSchool.github.io/JenkinsQA_06/6543//#testresult/a9402d79e2574c1b","status":"passed","time":{"start":1692534039394,"stop":1692534041434,"duration":2040}},{"uid":"cb34948f94453428","reportUrl":"https://RedRoverSchool.github.io/JenkinsQA_06/6541//#testresult/cb34948f94453428","status":"passed","time":{"start":1692529454629,"stop":1692529458916,"duration":4287}},{"uid":"a9da98a01647631a","reportUrl":"https://RedRoverSchool.github.io/JenkinsQA_06/6539//#testresult/a9da98a01647631a","status":"passed","time":{"start":1692527700688,"stop":1692527703550,"duration":2862}},{"uid":"f2a7781db311813a","reportUrl":"https://RedRoverSchool.github.io/JenkinsQA_06/6537//#testresult/f2a7781db311813a","status":"passed","time":{"start":1692528180205,"stop":1692528182286,"duration":2081}},{"uid":"f00f82bc9bb5a1b4","reportUrl":"https://RedRoverSchool.github.io/JenkinsQA_06/6540//#testresult/f00f82bc9bb5a1b4","status":"skipped","statusDetails":"Invalid number of path parameters. Expected 1, was 0. Undefined path parameters are: .","time":{"start":1692528179028,"stop":1692528179028,"duration":0}},{"uid":"71ca5f8c9191cf62","reportUrl":"https://RedRoverSchool.github.io/JenkinsQA_06/6538//#testresult/71ca5f8c9191cf62","status":"passed","time":{"start":1692526797125,"stop":1692526799593,"duration":2468}}]},"tags":[]},"source":"75297181a22f8831.json","parameterValues":[]}