{"uid":"975216e46142a16","name":"testNavigateToDeleteOrgFolderPagesFromDropdownOnBreadcrumb","fullName":"school.redrover.BreadcrumbTest.testNavigateToDeleteOrgFolderPagesFromDropdownOnBreadcrumb","historyId":"eaddc1f19d1fa23c600ccadd94f56d4c","time":{"start":1692550299547,"stop":1692550299547,"duration":0},"status":"skipped","statusMessage":"Cannot invoke \"org.openqa.selenium.TakesScreenshot.getScreenshotAs(org.openqa.selenium.OutputType)\" because \"driver\" is null","statusTrace":"java.lang.NullPointerException: Cannot invoke \"org.openqa.selenium.TakesScreenshot.getScreenshotAs(org.openqa.selenium.OutputType)\" because \"driver\" is null\n\tat school.redrover.runner.ProjectUtils.takeScreenshot(ProjectUtils.java:132)\n\tat school.redrover.runner.BaseTest.afterMethod(BaseTest.java:119)\n\tat jdk.internal.reflect.GeneratedMethodAccessor128.invoke(Unknown Source)\n\tat java.base/jdk.internal.reflect.DelegatingMethodAccessorImpl.invoke(DelegatingMethodAccessorImpl.java:43)\n\tat java.base/java.lang.reflect.Method.invoke(Method.java:568)\n\tat org.testng.internal.invokers.MethodInvocationHelper.invokeMethod(MethodInvocationHelper.java:139)\n\tat org.testng.internal.invokers.MethodInvocationHelper.invokeMethodConsideringTimeout(MethodInvocationHelper.java:69)\n\tat org.testng.internal.invokers.ConfigInvoker.invokeConfigurationMethod(ConfigInvoker.java:361)\n\tat org.testng.internal.invokers.ConfigInvoker.invokeConfigurations(ConfigInvoker.java:296)\n\tat org.testng.internal.invokers.TestInvoker.runConfigMethods(TestInvoker.java:823)\n\tat org.testng.internal.invokers.TestInvoker.runAfterConfigurations(TestInvoker.java:792)\n\tat org.testng.internal.invokers.TestInvoker.invokeMethod(TestInvoker.java:613)\n\tat org.testng.internal.invokers.TestInvoker.invokeTestMethod(TestInvoker.java:221)\n\tat org.testng.internal.invokers.MethodRunner.runInSequence(MethodRunner.java:50)\n\tat org.testng.internal.invokers.TestInvoker$MethodInvocationAgent.invoke(TestInvoker.java:969)\n\tat org.testng.internal.invokers.TestInvoker.invokeTestMethods(TestInvoker.java:194)\n\tat org.testng.internal.invokers.TestMethodWorker.invokeTestMethods(TestMethodWorker.java:148)\n\tat org.testng.internal.invokers.TestMethodWorker.run(TestMethodWorker.java:128)\n\tat java.base/java.util.concurrent.ThreadPoolExecutor.runWorker(ThreadPoolExecutor.java:1136)\n\tat java.base/java.util.concurrent.ThreadPoolExecutor$Worker.run(ThreadPoolExecutor.java:635)\n\tat java.base/java.lang.Thread.run(Thread.java:833)\n","flaky":false,"newFailed":false,"newBroken":false,"newPassed":false,"retriesCount":0,"retriesStatusChange":false,"beforeStages":[{"name":"beforeClass","time":{"start":1692550256366,"stop":1692550256367,"duration":1},"description":"","status":"passed","steps":[{"name":"Lock Instance","time":{"start":1692550256367,"stop":1692550256367,"duration":0},"status":"passed","steps":[],"attachments":[{"uid":"a393da6cca2bb303","name":"Locked instance: ","source":"a393da6cca2bb303.txt","type":"text/plain","size":22}],"parameters":[],"stepsCount":0,"attachmentsCount":1,"shouldDisplayMessage":false,"hasContent":true}],"attachments":[],"parameters":[],"stepsCount":1,"attachmentsCount":1,"shouldDisplayMessage":false,"hasContent":true},{"name":"beforeMethod","time":{"start":1692550299547,"stop":1692550299547,"duration":0},"description":"","status":"broken","steps":[],"attachments":[],"parameters":[],"stepsCount":0,"attachmentsCount":0,"shouldDisplayMessage":false,"hasContent":false}],"afterStages":[{"name":"afterMethod","time":{"start":1692550299548,"stop":1692550299548,"duration":0},"description":"","status":"broken","statusMessage":"Cannot invoke \"org.openqa.selenium.TakesScreenshot.getScreenshotAs(org.openqa.selenium.OutputType)\" because \"driver\" is null","statusTrace":"java.lang.NullPointerException: Cannot invoke \"org.openqa.selenium.TakesScreenshot.getScreenshotAs(org.openqa.selenium.OutputType)\" because \"driver\" is null\n\tat school.redrover.runner.ProjectUtils.takeScreenshot(ProjectUtils.java:132)\n\tat school.redrover.runner.BaseTest.afterMethod(BaseTest.java:119)\n\tat jdk.internal.reflect.GeneratedMethodAccessor128.invoke(Unknown Source)\n\tat java.base/jdk.internal.reflect.DelegatingMethodAccessorImpl.invoke(DelegatingMethodAccessorImpl.java:43)\n\tat java.base/java.lang.reflect.Method.invoke(Method.java:568)\n\tat org.testng.internal.invokers.MethodInvocationHelper.invokeMethod(MethodInvocationHelper.java:139)\n\tat org.testng.internal.invokers.MethodInvocationHelper.invokeMethodConsideringTimeout(MethodInvocationHelper.java:69)\n\tat org.testng.internal.invokers.ConfigInvoker.invokeConfigurationMethod(ConfigInvoker.java:361)\n\tat org.testng.internal.invokers.ConfigInvoker.invokeConfigurations(ConfigInvoker.java:296)\n\tat org.testng.internal.invokers.TestInvoker.runConfigMethods(TestInvoker.java:823)\n\tat org.testng.internal.invokers.TestInvoker.runAfterConfigurations(TestInvoker.java:792)\n\tat org.testng.internal.invokers.TestInvoker.invokeMethod(TestInvoker.java:613)\n\tat org.testng.internal.invokers.TestInvoker.invokeTestMethod(TestInvoker.java:221)\n\tat org.testng.internal.invokers.MethodRunner.runInSequence(MethodRunner.java:50)\n\tat org.testng.internal.invokers.TestInvoker$MethodInvocationAgent.invoke(TestInvoker.java:969)\n\tat org.testng.internal.invokers.TestInvoker.invokeTestMethods(TestInvoker.java:194)\n\tat org.testng.internal.invokers.TestMethodWorker.invokeTestMethods(TestMethodWorker.java:148)\n\tat org.testng.internal.invokers.TestMethodWorker.run(TestMethodWorker.java:128)\n\tat java.base/java.util.concurrent.ThreadPoolExecutor.runWorker(ThreadPoolExecutor.java:1136)\n\tat java.base/java.util.concurrent.ThreadPoolExecutor$Worker.run(ThreadPoolExecutor.java:635)\n\tat java.base/java.lang.Thread.run(Thread.java:833)\n","steps":[],"attachments":[],"parameters":[],"stepsCount":0,"attachmentsCount":0,"shouldDisplayMessage":true,"hasContent":true},{"name":"unlockInstance","time":{"start":1692550299846,"stop":1692550299846,"duration":0},"description":"","status":"passed","steps":[{"name":"Unlock instance http://localhost:8083/","time":{"start":1692550299846,"stop":1692550299846,"duration":0},"status":"passed","steps":[],"attachments":[],"parameters":[{"name":"instance","value":"http://localhost:8083/"}],"stepsCount":0,"attachmentsCount":0,"shouldDisplayMessage":false,"hasContent":true}],"attachments":[],"parameters":[],"stepsCount":1,"attachmentsCount":0,"shouldDisplayMessage":false,"hasContent":true}],"labels":[{"name":"package","value":"school.redrover.BreadcrumbTest"},{"name":"testClass","value":"school.redrover.BreadcrumbTest"},{"name":"testMethod","value":"testNavigateToDeleteOrgFolderPagesFromDropdownOnBreadcrumb"},{"name":"parentSuite","value":"AllTestsSuite"},{"name":"suite","value":"AllTests"},{"name":"subSuite","value":"school.redrover.BreadcrumbTest"},{"name":"host","value":"fv-az553-256"},{"name":"thread","value":"3255@fv-az553-256.TestNG-test=AllTests-2(18)"},{"name":"framework","value":"testng"},{"name":"language","value":"java"},{"name":"feature","value":"Navigation"},{"name":"severity","value":"normal"},{"name":"resultFormat","value":"allure2"}],"parameters":[],"links":[],"hidden":false,"retry":false,"extra":{"severity":"normal","retries":[],"categories":[],"history":{"statistic":{"failed":0,"broken":0,"skipped":8,"passed":7,"unknown":0,"total":15},"items":[{"uid":"a6d0c3a7c2170771","reportUrl":"https://RedRoverSchool.github.io/JenkinsQA_06/6542//#testresult/a6d0c3a7c2170771","status":"passed","time":{"start":1692546844624,"stop":1692546847605,"duration":2981}},{"uid":"24f8371f9dfdaf26","reportUrl":"https://RedRoverSchool.github.io/JenkinsQA_06/6548//#testresult/24f8371f9dfdaf26","status":"skipped","statusDetails":"Cannot invoke \"org.openqa.selenium.TakesScreenshot.getScreenshotAs(org.openqa.selenium.OutputType)\" because \"driver\" is null","time":{"start":1692548651080,"stop":1692548651080,"duration":0}},{"uid":"9682471ff0b93940","reportUrl":"https://RedRoverSchool.github.io/JenkinsQA_06/6542//#testresult/9682471ff0b93940","status":"passed","time":{"start":1692543233984,"stop":1692543236942,"duration":2958}},{"uid":"cb8fa13f8128167c","reportUrl":"https://RedRoverSchool.github.io/JenkinsQA_06/6547//#testresult/cb8fa13f8128167c","status":"skipped","statusDetails":"Cannot invoke \"org.openqa.selenium.TakesScreenshot.getScreenshotAs(org.openqa.selenium.OutputType)\" because \"driver\" is null","time":{"start":1692540915582,"stop":1692540915582,"duration":0}},{"uid":"555307dd7249fc64","reportUrl":"https://RedRoverSchool.github.io/JenkinsQA_06/6546//#testresult/555307dd7249fc64","status":"skipped","statusDetails":"Cannot invoke \"org.openqa.selenium.TakesScreenshot.getScreenshotAs(org.openqa.selenium.OutputType)\" because \"driver\" is null","time":{"start":1692539723064,"stop":1692539723064,"duration":0}},{"uid":"3717f9ea16ba1e8f","reportUrl":"https://RedRoverSchool.github.io/JenkinsQA_06/6545//#testresult/3717f9ea16ba1e8f","status":"skipped","statusDetails":"1 expectation failed.\nExpected status code <302> but was <403>.\n","time":{"start":1692538443788,"stop":1692538443789,"duration":1}},{"uid":"f0f22a48453bc387","reportUrl":"https://RedRoverSchool.github.io/JenkinsQA_06/6544//#testresult/f0f22a48453bc387","status":"skipped","statusDetails":"1 expectation failed.\nExpected status code <302> but was <403>.\n","time":{"start":1692536751293,"stop":1692536751293,"duration":0}},{"uid":"966b79519087ebce","reportUrl":"https://RedRoverSchool.github.io/JenkinsQA_06/6539//#testresult/966b79519087ebce","status":"passed","time":{"start":1692535813145,"stop":1692535815640,"duration":2495}},{"uid":"2bd7061b0a38e058","reportUrl":"https://RedRoverSchool.github.io/JenkinsQA_06/6542//#testresult/2bd7061b0a38e058","status":"passed","time":{"start":1692534365963,"stop":1692534368538,"duration":2575}},{"uid":"8eb20d0961b42aac","reportUrl":"https://RedRoverSchool.github.io/JenkinsQA_06/6543//#testresult/8eb20d0961b42aac","status":"skipped","statusDetails":"1 expectation failed.\nExpected status code <302> but was <403>.\n","time":{"start":1692534020390,"stop":1692534020390,"duration":0}},{"uid":"c92e154f04d1dc5a","reportUrl":"https://RedRoverSchool.github.io/JenkinsQA_06/6541//#testresult/c92e154f04d1dc5a","status":"passed","time":{"start":1692531902756,"stop":1692531906837,"duration":4081}},{"uid":"48a33ba1b9d7dac4","reportUrl":"https://RedRoverSchool.github.io/JenkinsQA_06/6539//#testresult/48a33ba1b9d7dac4","status":"passed","time":{"start":1692531264971,"stop":1692531268065,"duration":3094}},{"uid":"d00ba0cd07c07cca","reportUrl":"https://RedRoverSchool.github.io/JenkinsQA_06/6537//#testresult/d00ba0cd07c07cca","status":"passed","time":{"start":1692528258299,"stop":1692528260771,"duration":2472}},{"uid":"29611e66840bb12e","reportUrl":"https://RedRoverSchool.github.io/JenkinsQA_06/6540//#testresult/29611e66840bb12e","status":"skipped","statusDetails":"Invalid number of path parameters. Expected 1, was 0. Undefined path parameters are: .","time":{"start":1692528188846,"stop":1692528188846,"duration":0}}]},"tags":[]},"source":"975216e46142a16.json","parameterValues":[]}