{"uid":"9b1c2563717e345e","name":"testAddDescriptionForMyViewOnMyView","fullName":"school.redrover.ViewsTest.testAddDescriptionForMyViewOnMyView","historyId":"85e6b8838668fdd748837901eda2f4f0","time":{"start":1692550281956,"stop":1692550281956,"duration":0},"description":"Verification the possibility of adding Description For MyView Type on 'MyView'","descriptionHtml":"<p>Verification the possibility of adding Description For MyView Type on 'MyView'</p>\n","status":"skipped","statusMessage":"Cannot invoke \"org.openqa.selenium.TakesScreenshot.getScreenshotAs(org.openqa.selenium.OutputType)\" because \"driver\" is null","statusTrace":"java.lang.NullPointerException: Cannot invoke \"org.openqa.selenium.TakesScreenshot.getScreenshotAs(org.openqa.selenium.OutputType)\" because \"driver\" is null\n\tat school.redrover.runner.ProjectUtils.takeScreenshot(ProjectUtils.java:132)\n\tat school.redrover.runner.BaseTest.afterMethod(BaseTest.java:119)\n\tat jdk.internal.reflect.GeneratedMethodAccessor128.invoke(Unknown Source)\n\tat java.base/jdk.internal.reflect.DelegatingMethodAccessorImpl.invoke(DelegatingMethodAccessorImpl.java:43)\n\tat java.base/java.lang.reflect.Method.invoke(Method.java:568)\n\tat org.testng.internal.invokers.MethodInvocationHelper.invokeMethod(MethodInvocationHelper.java:139)\n\tat org.testng.internal.invokers.MethodInvocationHelper.invokeMethodConsideringTimeout(MethodInvocationHelper.java:69)\n\tat org.testng.internal.invokers.ConfigInvoker.invokeConfigurationMethod(ConfigInvoker.java:361)\n\tat org.testng.internal.invokers.ConfigInvoker.invokeConfigurations(ConfigInvoker.java:296)\n\tat org.testng.internal.invokers.TestInvoker.runConfigMethods(TestInvoker.java:823)\n\tat org.testng.internal.invokers.TestInvoker.runAfterConfigurations(TestInvoker.java:792)\n\tat org.testng.internal.invokers.TestInvoker.invokeMethod(TestInvoker.java:613)\n\tat org.testng.internal.invokers.TestInvoker.invokeTestMethod(TestInvoker.java:221)\n\tat org.testng.internal.invokers.MethodRunner.runInSequence(MethodRunner.java:50)\n\tat org.testng.internal.invokers.TestInvoker$MethodInvocationAgent.invoke(TestInvoker.java:969)\n\tat org.testng.internal.invokers.TestInvoker.invokeTestMethods(TestInvoker.java:194)\n\tat org.testng.internal.invokers.TestMethodWorker.invokeTestMethods(TestMethodWorker.java:148)\n\tat org.testng.internal.invokers.TestMethodWorker.run(TestMethodWorker.java:128)\n\tat java.base/java.util.concurrent.ThreadPoolExecutor.runWorker(ThreadPoolExecutor.java:1136)\n\tat java.base/java.util.concurrent.ThreadPoolExecutor$Worker.run(ThreadPoolExecutor.java:635)\n\tat java.base/java.lang.Thread.run(Thread.java:833)\n","flaky":false,"newFailed":false,"newBroken":false,"newPassed":false,"retriesCount":0,"retriesStatusChange":false,"beforeStages":[{"name":"beforeClass","time":{"start":1692550260633,"stop":1692550260634,"duration":1},"description":"","status":"passed","steps":[{"name":"Lock Instance","time":{"start":1692550260633,"stop":1692550260634,"duration":1},"status":"passed","steps":[],"attachments":[{"uid":"f3f7a56c85d74c63","name":"Locked instance: ","source":"f3f7a56c85d74c63.txt","type":"text/plain","size":22}],"parameters":[],"stepsCount":0,"attachmentsCount":1,"shouldDisplayMessage":false,"hasContent":true}],"attachments":[],"parameters":[],"stepsCount":1,"attachmentsCount":1,"shouldDisplayMessage":false,"hasContent":true},{"name":"beforeMethod","time":{"start":1692550281955,"stop":1692550281955,"duration":0},"description":"","status":"broken","steps":[],"attachments":[],"parameters":[],"stepsCount":0,"attachmentsCount":0,"shouldDisplayMessage":false,"hasContent":false}],"afterStages":[{"name":"afterMethod","time":{"start":1692550281956,"stop":1692550281956,"duration":0},"description":"","status":"broken","statusMessage":"Cannot invoke \"org.openqa.selenium.TakesScreenshot.getScreenshotAs(org.openqa.selenium.OutputType)\" because \"driver\" is null","statusTrace":"java.lang.NullPointerException: Cannot invoke \"org.openqa.selenium.TakesScreenshot.getScreenshotAs(org.openqa.selenium.OutputType)\" because \"driver\" is null\n\tat school.redrover.runner.ProjectUtils.takeScreenshot(ProjectUtils.java:132)\n\tat school.redrover.runner.BaseTest.afterMethod(BaseTest.java:119)\n\tat jdk.internal.reflect.GeneratedMethodAccessor128.invoke(Unknown Source)\n\tat java.base/jdk.internal.reflect.DelegatingMethodAccessorImpl.invoke(DelegatingMethodAccessorImpl.java:43)\n\tat java.base/java.lang.reflect.Method.invoke(Method.java:568)\n\tat org.testng.internal.invokers.MethodInvocationHelper.invokeMethod(MethodInvocationHelper.java:139)\n\tat org.testng.internal.invokers.MethodInvocationHelper.invokeMethodConsideringTimeout(MethodInvocationHelper.java:69)\n\tat org.testng.internal.invokers.ConfigInvoker.invokeConfigurationMethod(ConfigInvoker.java:361)\n\tat org.testng.internal.invokers.ConfigInvoker.invokeConfigurations(ConfigInvoker.java:296)\n\tat org.testng.internal.invokers.TestInvoker.runConfigMethods(TestInvoker.java:823)\n\tat org.testng.internal.invokers.TestInvoker.runAfterConfigurations(TestInvoker.java:792)\n\tat org.testng.internal.invokers.TestInvoker.invokeMethod(TestInvoker.java:613)\n\tat org.testng.internal.invokers.TestInvoker.invokeTestMethod(TestInvoker.java:221)\n\tat org.testng.internal.invokers.MethodRunner.runInSequence(MethodRunner.java:50)\n\tat org.testng.internal.invokers.TestInvoker$MethodInvocationAgent.invoke(TestInvoker.java:969)\n\tat org.testng.internal.invokers.TestInvoker.invokeTestMethods(TestInvoker.java:194)\n\tat org.testng.internal.invokers.TestMethodWorker.invokeTestMethods(TestMethodWorker.java:148)\n\tat org.testng.internal.invokers.TestMethodWorker.run(TestMethodWorker.java:128)\n\tat java.base/java.util.concurrent.ThreadPoolExecutor.runWorker(ThreadPoolExecutor.java:1136)\n\tat java.base/java.util.concurrent.ThreadPoolExecutor$Worker.run(ThreadPoolExecutor.java:635)\n\tat java.base/java.lang.Thread.run(Thread.java:833)\n","steps":[],"attachments":[],"parameters":[],"stepsCount":0,"attachmentsCount":0,"shouldDisplayMessage":true,"hasContent":true},{"name":"unlockInstance","time":{"start":1692550282023,"stop":1692550282024,"duration":1},"description":"","status":"passed","steps":[{"name":"Unlock instance http://localhost:8082/","time":{"start":1692550282024,"stop":1692550282024,"duration":0},"status":"passed","steps":[],"attachments":[],"parameters":[{"name":"instance","value":"http://localhost:8082/"}],"stepsCount":0,"attachmentsCount":0,"shouldDisplayMessage":false,"hasContent":true}],"attachments":[],"parameters":[],"stepsCount":1,"attachmentsCount":0,"shouldDisplayMessage":false,"hasContent":true}],"labels":[{"name":"package","value":"school.redrover.ViewsTest"},{"name":"testClass","value":"school.redrover.ViewsTest"},{"name":"testMethod","value":"testAddDescriptionForMyViewOnMyView"},{"name":"parentSuite","value":"AllTestsSuite"},{"name":"suite","value":"AllTests"},{"name":"subSuite","value":"school.redrover.ViewsTest"},{"name":"host","value":"fv-az553-256"},{"name":"thread","value":"3255@fv-az553-256.TestNG-test=AllTests-1(17)"},{"name":"framework","value":"testng"},{"name":"language","value":"java"},{"name":"feature","value":"Function"},{"name":"severity","value":"trivial"},{"name":"resultFormat","value":"allure2"}],"parameters":[],"links":[],"hidden":false,"retry":false,"extra":{"severity":"trivial","retries":[],"categories":[],"history":{"statistic":{"failed":0,"broken":0,"skipped":8,"passed":7,"unknown":0,"total":15},"items":[{"uid":"5ee697299c1b2692","reportUrl":"https://RedRoverSchool.github.io/JenkinsQA_06/6542//#testresult/5ee697299c1b2692","status":"passed","time":{"start":1692545977871,"stop":1692545981505,"duration":3634}},{"uid":"9f8ff71481f8f40b","reportUrl":"https://RedRoverSchool.github.io/JenkinsQA_06/6548//#testresult/9f8ff71481f8f40b","status":"skipped","statusDetails":"Cannot invoke \"org.openqa.selenium.TakesScreenshot.getScreenshotAs(org.openqa.selenium.OutputType)\" because \"driver\" is null","time":{"start":1692548632261,"stop":1692548632261,"duration":0}},{"uid":"a705e263200dea78","reportUrl":"https://RedRoverSchool.github.io/JenkinsQA_06/6542//#testresult/a705e263200dea78","status":"passed","time":{"start":1692543820832,"stop":1692543824094,"duration":3262}},{"uid":"99369f788ce5de16","reportUrl":"https://RedRoverSchool.github.io/JenkinsQA_06/6547//#testresult/99369f788ce5de16","status":"skipped","statusDetails":"Cannot invoke \"org.openqa.selenium.TakesScreenshot.getScreenshotAs(org.openqa.selenium.OutputType)\" because \"driver\" is null","time":{"start":1692540923505,"stop":1692540923505,"duration":0}},{"uid":"45b8bf2f1e93b9e7","reportUrl":"https://RedRoverSchool.github.io/JenkinsQA_06/6546//#testresult/45b8bf2f1e93b9e7","status":"skipped","statusDetails":"1 expectation failed.\nExpected status code <302> but was <403>.\n","time":{"start":1692539716931,"stop":1692539716931,"duration":0}},{"uid":"69c55095c62ad903","reportUrl":"https://RedRoverSchool.github.io/JenkinsQA_06/6545//#testresult/69c55095c62ad903","status":"skipped","statusDetails":"1 expectation failed.\nExpected status code <302> but was <403>.\n","time":{"start":1692538431981,"stop":1692538431982,"duration":1}},{"uid":"8bf103faecda2af7","reportUrl":"https://RedRoverSchool.github.io/JenkinsQA_06/6544//#testresult/8bf103faecda2af7","status":"skipped","statusDetails":"1 expectation failed.\nExpected status code <302> but was <403>.\n","time":{"start":1692536697851,"stop":1692536697851,"duration":0}},{"uid":"24cb043a65a8819f","reportUrl":"https://RedRoverSchool.github.io/JenkinsQA_06/6539//#testresult/24cb043a65a8819f","status":"passed","time":{"start":1692536382736,"stop":1692536385932,"duration":3196}},{"uid":"69441cc1d6edbff4","reportUrl":"https://RedRoverSchool.github.io/JenkinsQA_06/6542//#testresult/69441cc1d6edbff4","status":"passed","time":{"start":1692534871863,"stop":1692534874485,"duration":2622}},{"uid":"6da9ce0601a4b9ab","reportUrl":"https://RedRoverSchool.github.io/JenkinsQA_06/6543//#testresult/6da9ce0601a4b9ab","status":"skipped","statusDetails":"1 expectation failed.\nExpected status code <302> but was <403>.\n","time":{"start":1692534009914,"stop":1692534009914,"duration":0}},{"uid":"2492b206714bfcef","reportUrl":"https://RedRoverSchool.github.io/JenkinsQA_06/6541//#testresult/2492b206714bfcef","status":"passed","time":{"start":1692532753535,"stop":1692532759809,"duration":6274}},{"uid":"dde326ecb9259a60","reportUrl":"https://RedRoverSchool.github.io/JenkinsQA_06/6539//#testresult/dde326ecb9259a60","status":"passed","time":{"start":1692531859163,"stop":1692531862464,"duration":3301}},{"uid":"d9af44429a9fd95d","reportUrl":"https://RedRoverSchool.github.io/JenkinsQA_06/6537//#testresult/d9af44429a9fd95d","status":"passed","time":{"start":1692527473545,"stop":1692527476603,"duration":3058}},{"uid":"9de12bfee1b87193","reportUrl":"https://RedRoverSchool.github.io/JenkinsQA_06/6540//#testresult/9de12bfee1b87193","status":"skipped","statusDetails":"Invalid number of path parameters. Expected 1, was 0. Undefined path parameters are: .","time":{"start":1692528166102,"stop":1692528166102,"duration":0}}]},"tags":[]},"source":"9b1c2563717e345e.json","parameterValues":[]}