{"uid":"c5910194d85ccd99","name":"testAddDisplayName","fullName":"school.redrover.MultibranchPipelineTest.testAddDisplayName","historyId":"6d337c8c131153b6fe8822ecb6fec5cd","time":{"start":1692550227539,"stop":1692550227539,"duration":0},"description":"The 'Display name' can be added to the Multibranch Pipeline from Configuration page","descriptionHtml":"<p>The 'Display name' can be added to the Multibranch Pipeline from Configuration page</p>\n","status":"skipped","statusMessage":"Cannot invoke \"org.openqa.selenium.TakesScreenshot.getScreenshotAs(org.openqa.selenium.OutputType)\" because \"driver\" is null","statusTrace":"java.lang.NullPointerException: Cannot invoke \"org.openqa.selenium.TakesScreenshot.getScreenshotAs(org.openqa.selenium.OutputType)\" because \"driver\" is null\n\tat school.redrover.runner.ProjectUtils.takeScreenshot(ProjectUtils.java:132)\n\tat school.redrover.runner.BaseTest.afterMethod(BaseTest.java:119)\n\tat jdk.internal.reflect.GeneratedMethodAccessor128.invoke(Unknown Source)\n\tat java.base/jdk.internal.reflect.DelegatingMethodAccessorImpl.invoke(DelegatingMethodAccessorImpl.java:43)\n\tat java.base/java.lang.reflect.Method.invoke(Method.java:568)\n\tat org.testng.internal.invokers.MethodInvocationHelper.invokeMethod(MethodInvocationHelper.java:139)\n\tat org.testng.internal.invokers.MethodInvocationHelper.invokeMethodConsideringTimeout(MethodInvocationHelper.java:69)\n\tat org.testng.internal.invokers.ConfigInvoker.invokeConfigurationMethod(ConfigInvoker.java:361)\n\tat org.testng.internal.invokers.ConfigInvoker.invokeConfigurations(ConfigInvoker.java:296)\n\tat org.testng.internal.invokers.TestInvoker.runConfigMethods(TestInvoker.java:823)\n\tat org.testng.internal.invokers.TestInvoker.runAfterConfigurations(TestInvoker.java:792)\n\tat org.testng.internal.invokers.TestInvoker.invokeMethod(TestInvoker.java:613)\n\tat org.testng.internal.invokers.TestInvoker.invokeTestMethod(TestInvoker.java:221)\n\tat org.testng.internal.invokers.MethodRunner.runInSequence(MethodRunner.java:50)\n\tat org.testng.internal.invokers.TestInvoker$MethodInvocationAgent.invoke(TestInvoker.java:969)\n\tat org.testng.internal.invokers.TestInvoker.invokeTestMethods(TestInvoker.java:194)\n\tat org.testng.internal.invokers.TestMethodWorker.invokeTestMethods(TestMethodWorker.java:148)\n\tat org.testng.internal.invokers.TestMethodWorker.run(TestMethodWorker.java:128)\n\tat java.base/java.util.concurrent.ThreadPoolExecutor.runWorker(ThreadPoolExecutor.java:1136)\n\tat java.base/java.util.concurrent.ThreadPoolExecutor$Worker.run(ThreadPoolExecutor.java:635)\n\tat java.base/java.lang.Thread.run(Thread.java:833)\n","flaky":false,"newFailed":false,"newBroken":false,"newPassed":false,"retriesCount":0,"retriesStatusChange":false,"beforeStages":[{"name":"beforeClass","time":{"start":1692550204425,"stop":1692550204426,"duration":1},"description":"","status":"passed","steps":[{"name":"Lock Instance","time":{"start":1692550204425,"stop":1692550204426,"duration":1},"status":"passed","steps":[],"attachments":[{"uid":"96ed082cf7170554","name":"Locked instance: ","source":"96ed082cf7170554.txt","type":"text/plain","size":22}],"parameters":[],"stepsCount":0,"attachmentsCount":1,"shouldDisplayMessage":false,"hasContent":true}],"attachments":[],"parameters":[],"stepsCount":1,"attachmentsCount":1,"shouldDisplayMessage":false,"hasContent":true},{"name":"beforeMethod","time":{"start":1692550227537,"stop":1692550227537,"duration":0},"description":"","status":"broken","steps":[],"attachments":[],"parameters":[],"stepsCount":0,"attachmentsCount":0,"shouldDisplayMessage":false,"hasContent":false}],"afterStages":[{"name":"afterMethod","time":{"start":1692550227552,"stop":1692550227553,"duration":1},"description":"","status":"broken","statusMessage":"Cannot invoke \"org.openqa.selenium.TakesScreenshot.getScreenshotAs(org.openqa.selenium.OutputType)\" because \"driver\" is null","statusTrace":"java.lang.NullPointerException: Cannot invoke \"org.openqa.selenium.TakesScreenshot.getScreenshotAs(org.openqa.selenium.OutputType)\" because \"driver\" is null\n\tat school.redrover.runner.ProjectUtils.takeScreenshot(ProjectUtils.java:132)\n\tat school.redrover.runner.BaseTest.afterMethod(BaseTest.java:119)\n\tat jdk.internal.reflect.GeneratedMethodAccessor128.invoke(Unknown Source)\n\tat java.base/jdk.internal.reflect.DelegatingMethodAccessorImpl.invoke(DelegatingMethodAccessorImpl.java:43)\n\tat java.base/java.lang.reflect.Method.invoke(Method.java:568)\n\tat org.testng.internal.invokers.MethodInvocationHelper.invokeMethod(MethodInvocationHelper.java:139)\n\tat org.testng.internal.invokers.MethodInvocationHelper.invokeMethodConsideringTimeout(MethodInvocationHelper.java:69)\n\tat org.testng.internal.invokers.ConfigInvoker.invokeConfigurationMethod(ConfigInvoker.java:361)\n\tat org.testng.internal.invokers.ConfigInvoker.invokeConfigurations(ConfigInvoker.java:296)\n\tat org.testng.internal.invokers.TestInvoker.runConfigMethods(TestInvoker.java:823)\n\tat org.testng.internal.invokers.TestInvoker.runAfterConfigurations(TestInvoker.java:792)\n\tat org.testng.internal.invokers.TestInvoker.invokeMethod(TestInvoker.java:613)\n\tat org.testng.internal.invokers.TestInvoker.invokeTestMethod(TestInvoker.java:221)\n\tat org.testng.internal.invokers.MethodRunner.runInSequence(MethodRunner.java:50)\n\tat org.testng.internal.invokers.TestInvoker$MethodInvocationAgent.invoke(TestInvoker.java:969)\n\tat org.testng.internal.invokers.TestInvoker.invokeTestMethods(TestInvoker.java:194)\n\tat org.testng.internal.invokers.TestMethodWorker.invokeTestMethods(TestMethodWorker.java:148)\n\tat org.testng.internal.invokers.TestMethodWorker.run(TestMethodWorker.java:128)\n\tat java.base/java.util.concurrent.ThreadPoolExecutor.runWorker(ThreadPoolExecutor.java:1136)\n\tat java.base/java.util.concurrent.ThreadPoolExecutor$Worker.run(ThreadPoolExecutor.java:635)\n\tat java.base/java.lang.Thread.run(Thread.java:833)\n","steps":[],"attachments":[],"parameters":[],"stepsCount":0,"attachmentsCount":0,"shouldDisplayMessage":true,"hasContent":true},{"name":"unlockInstance","time":{"start":1692550229752,"stop":1692550229752,"duration":0},"description":"","status":"passed","steps":[{"name":"Unlock instance http://localhost:8081/","time":{"start":1692550229752,"stop":1692550229752,"duration":0},"status":"passed","steps":[],"attachments":[],"parameters":[{"name":"instance","value":"http://localhost:8081/"}],"stepsCount":0,"attachmentsCount":0,"shouldDisplayMessage":false,"hasContent":true}],"attachments":[],"parameters":[],"stepsCount":1,"attachmentsCount":0,"shouldDisplayMessage":false,"hasContent":true}],"labels":[{"name":"package","value":"school.redrover.MultibranchPipelineTest"},{"name":"testClass","value":"school.redrover.MultibranchPipelineTest"},{"name":"testMethod","value":"testAddDisplayName"},{"name":"parentSuite","value":"AllTestsSuite"},{"name":"suite","value":"AllTests"},{"name":"subSuite","value":"school.redrover.MultibranchPipelineTest"},{"name":"host","value":"fv-az553-256"},{"name":"thread","value":"3255@fv-az553-256.TestNG-test=AllTests-4(20)"},{"name":"framework","value":"testng"},{"name":"language","value":"java"},{"name":"feature","value":"Function"},{"name":"severity","value":"trivial"},{"name":"resultFormat","value":"allure2"}],"parameters":[],"links":[],"hidden":false,"retry":false,"extra":{"severity":"trivial","retries":[],"categories":[],"history":{"statistic":{"failed":0,"broken":0,"skipped":7,"passed":8,"unknown":0,"total":15},"items":[{"uid":"b923946b22e65f66","reportUrl":"https://RedRoverSchool.github.io/JenkinsQA_06/6542//#testresult/b923946b22e65f66","status":"passed","time":{"start":1692547906574,"stop":1692547909788,"duration":3214}},{"uid":"8929c4b65ec57dc3","reportUrl":"https://RedRoverSchool.github.io/JenkinsQA_06/6548//#testresult/8929c4b65ec57dc3","status":"skipped","statusDetails":"Cannot invoke \"org.openqa.selenium.TakesScreenshot.getScreenshotAs(org.openqa.selenium.OutputType)\" because \"driver\" is null","time":{"start":1692548588968,"stop":1692548588968,"duration":0}},{"uid":"97dac26d338c0dc3","reportUrl":"https://RedRoverSchool.github.io/JenkinsQA_06/6542//#testresult/97dac26d338c0dc3","status":"passed","time":{"start":1692541645502,"stop":1692541648162,"duration":2660}},{"uid":"a79c18fb25651e19","reportUrl":"https://RedRoverSchool.github.io/JenkinsQA_06/6547//#testresult/a79c18fb25651e19","status":"skipped","statusDetails":"Cannot invoke \"org.openqa.selenium.TakesScreenshot.getScreenshotAs(org.openqa.selenium.OutputType)\" because \"driver\" is null","time":{"start":1692540862609,"stop":1692540862609,"duration":0}},{"uid":"5e527711b8a135d3","reportUrl":"https://RedRoverSchool.github.io/JenkinsQA_06/6546//#testresult/5e527711b8a135d3","status":"skipped","statusDetails":"Cannot invoke \"org.openqa.selenium.TakesScreenshot.getScreenshotAs(org.openqa.selenium.OutputType)\" because \"driver\" is null","time":{"start":1692539627665,"stop":1692539627665,"duration":0}},{"uid":"2d446fc1b88ae13f","reportUrl":"https://RedRoverSchool.github.io/JenkinsQA_06/6545//#testresult/2d446fc1b88ae13f","status":"skipped","statusDetails":"1 expectation failed.\nExpected status code <302> but was <403>.\n","time":{"start":1692538363661,"stop":1692538363662,"duration":1}},{"uid":"1ca1f99a1c0b2f24","reportUrl":"https://RedRoverSchool.github.io/JenkinsQA_06/6544//#testresult/1ca1f99a1c0b2f24","status":"passed","time":{"start":1692536790369,"stop":1692536794122,"duration":3753}},{"uid":"3c7ed8de2a102e5a","reportUrl":"https://RedRoverSchool.github.io/JenkinsQA_06/6539//#testresult/3c7ed8de2a102e5a","status":"passed","time":{"start":1692534274747,"stop":1692534277416,"duration":2669}},{"uid":"e1560ebc0a9a68b4","reportUrl":"https://RedRoverSchool.github.io/JenkinsQA_06/6542//#testresult/e1560ebc0a9a68b4","status":"passed","time":{"start":1692532973384,"stop":1692532975764,"duration":2380}},{"uid":"aa4ec1bce5dadc2","reportUrl":"https://RedRoverSchool.github.io/JenkinsQA_06/6543//#testresult/aa4ec1bce5dadc2","status":"skipped","statusDetails":"1 expectation failed.\nExpected status code <302> but was <403>.\n","time":{"start":1692533967293,"stop":1692533967293,"duration":0}},{"uid":"915b301644a8000e","reportUrl":"https://RedRoverSchool.github.io/JenkinsQA_06/6541//#testresult/915b301644a8000e","status":"passed","time":{"start":1692530499705,"stop":1692530504445,"duration":4740}},{"uid":"d5cd62e81be58814","reportUrl":"https://RedRoverSchool.github.io/JenkinsQA_06/6539//#testresult/d5cd62e81be58814","status":"passed","time":{"start":1692529663627,"stop":1692529666928,"duration":3301}},{"uid":"de9e6ec46f23a3a5","reportUrl":"https://RedRoverSchool.github.io/JenkinsQA_06/6537//#testresult/de9e6ec46f23a3a5","status":"passed","time":{"start":1692529221615,"stop":1692529224298,"duration":2683}},{"uid":"aa9df1ac33833ab4","reportUrl":"https://RedRoverSchool.github.io/JenkinsQA_06/6540//#testresult/aa9df1ac33833ab4","status":"skipped","statusDetails":"Invalid number of path parameters. Expected 1, was 0. Undefined path parameters are: .","time":{"start":1692528211092,"stop":1692528211092,"duration":0}}]},"tags":[]},"source":"c5910194d85ccd99.json","parameterValues":[]}