{"uid":"dd5e08dce9c1c301","name":"testRenameWithInvalidData","fullName":"school.redrover.PipelineTest.testRenameWithInvalidData","historyId":"cbf810452ab1824f8ef33636b4984643","time":{"start":1692550277238,"stop":1692550277238,"duration":0},"status":"skipped","statusMessage":"Cannot invoke \"org.openqa.selenium.TakesScreenshot.getScreenshotAs(org.openqa.selenium.OutputType)\" because \"driver\" is null","statusTrace":"java.lang.NullPointerException: Cannot invoke \"org.openqa.selenium.TakesScreenshot.getScreenshotAs(org.openqa.selenium.OutputType)\" because \"driver\" is null\n\tat school.redrover.runner.ProjectUtils.takeScreenshot(ProjectUtils.java:132)\n\tat school.redrover.runner.BaseTest.afterMethod(BaseTest.java:119)\n\tat jdk.internal.reflect.GeneratedMethodAccessor128.invoke(Unknown Source)\n\tat java.base/jdk.internal.reflect.DelegatingMethodAccessorImpl.invoke(DelegatingMethodAccessorImpl.java:43)\n\tat java.base/java.lang.reflect.Method.invoke(Method.java:568)\n\tat org.testng.internal.invokers.MethodInvocationHelper.invokeMethod(MethodInvocationHelper.java:139)\n\tat org.testng.internal.invokers.MethodInvocationHelper.invokeMethodConsideringTimeout(MethodInvocationHelper.java:69)\n\tat org.testng.internal.invokers.ConfigInvoker.invokeConfigurationMethod(ConfigInvoker.java:361)\n\tat org.testng.internal.invokers.ConfigInvoker.invokeConfigurations(ConfigInvoker.java:296)\n\tat org.testng.internal.invokers.TestInvoker.runConfigMethods(TestInvoker.java:823)\n\tat org.testng.internal.invokers.TestInvoker.runAfterConfigurations(TestInvoker.java:792)\n\tat org.testng.internal.invokers.TestInvoker.invokeMethod(TestInvoker.java:613)\n\tat org.testng.internal.invokers.TestInvoker.invokeTestMethod(TestInvoker.java:221)\n\tat org.testng.internal.invokers.MethodRunner.runInSequence(MethodRunner.java:50)\n\tat org.testng.internal.invokers.TestInvoker$MethodInvocationAgent.invoke(TestInvoker.java:969)\n\tat org.testng.internal.invokers.TestInvoker.invokeTestMethods(TestInvoker.java:194)\n\tat org.testng.internal.invokers.TestMethodWorker.invokeTestMethods(TestMethodWorker.java:148)\n\tat org.testng.internal.invokers.TestMethodWorker.run(TestMethodWorker.java:128)\n\tat java.base/java.util.concurrent.ThreadPoolExecutor.runWorker(ThreadPoolExecutor.java:1136)\n\tat java.base/java.util.concurrent.ThreadPoolExecutor$Worker.run(ThreadPoolExecutor.java:635)\n\tat java.base/java.lang.Thread.run(Thread.java:833)\n","flaky":false,"newFailed":false,"newBroken":false,"newPassed":false,"retriesCount":0,"retriesStatusChange":false,"beforeStages":[{"name":"beforeClass","time":{"start":1692550252789,"stop":1692550252790,"duration":1},"description":"","status":"passed","steps":[{"name":"Lock Instance","time":{"start":1692550252790,"stop":1692550252790,"duration":0},"status":"passed","steps":[],"attachments":[{"uid":"779002355963ec80","name":"Locked instance: ","source":"779002355963ec80.txt","type":"text/plain","size":22}],"parameters":[],"stepsCount":0,"attachmentsCount":1,"shouldDisplayMessage":false,"hasContent":true}],"attachments":[],"parameters":[],"stepsCount":1,"attachmentsCount":1,"shouldDisplayMessage":false,"hasContent":true},{"name":"beforeMethod","time":{"start":1692550277237,"stop":1692550277237,"duration":0},"description":"","status":"broken","steps":[],"attachments":[],"parameters":[],"stepsCount":0,"attachmentsCount":0,"shouldDisplayMessage":false,"hasContent":false}],"afterStages":[{"name":"afterMethod","time":{"start":1692550277239,"stop":1692550277239,"duration":0},"description":"","status":"broken","statusMessage":"Cannot invoke \"org.openqa.selenium.TakesScreenshot.getScreenshotAs(org.openqa.selenium.OutputType)\" because \"driver\" is null","statusTrace":"java.lang.NullPointerException: Cannot invoke \"org.openqa.selenium.TakesScreenshot.getScreenshotAs(org.openqa.selenium.OutputType)\" because \"driver\" is null\n\tat school.redrover.runner.ProjectUtils.takeScreenshot(ProjectUtils.java:132)\n\tat school.redrover.runner.BaseTest.afterMethod(BaseTest.java:119)\n\tat jdk.internal.reflect.GeneratedMethodAccessor128.invoke(Unknown Source)\n\tat java.base/jdk.internal.reflect.DelegatingMethodAccessorImpl.invoke(DelegatingMethodAccessorImpl.java:43)\n\tat java.base/java.lang.reflect.Method.invoke(Method.java:568)\n\tat org.testng.internal.invokers.MethodInvocationHelper.invokeMethod(MethodInvocationHelper.java:139)\n\tat org.testng.internal.invokers.MethodInvocationHelper.invokeMethodConsideringTimeout(MethodInvocationHelper.java:69)\n\tat org.testng.internal.invokers.ConfigInvoker.invokeConfigurationMethod(ConfigInvoker.java:361)\n\tat org.testng.internal.invokers.ConfigInvoker.invokeConfigurations(ConfigInvoker.java:296)\n\tat org.testng.internal.invokers.TestInvoker.runConfigMethods(TestInvoker.java:823)\n\tat org.testng.internal.invokers.TestInvoker.runAfterConfigurations(TestInvoker.java:792)\n\tat org.testng.internal.invokers.TestInvoker.invokeMethod(TestInvoker.java:613)\n\tat org.testng.internal.invokers.TestInvoker.invokeTestMethod(TestInvoker.java:221)\n\tat org.testng.internal.invokers.MethodRunner.runInSequence(MethodRunner.java:50)\n\tat org.testng.internal.invokers.TestInvoker$MethodInvocationAgent.invoke(TestInvoker.java:969)\n\tat org.testng.internal.invokers.TestInvoker.invokeTestMethods(TestInvoker.java:194)\n\tat org.testng.internal.invokers.TestMethodWorker.invokeTestMethods(TestMethodWorker.java:148)\n\tat org.testng.internal.invokers.TestMethodWorker.run(TestMethodWorker.java:128)\n\tat java.base/java.util.concurrent.ThreadPoolExecutor.runWorker(ThreadPoolExecutor.java:1136)\n\tat java.base/java.util.concurrent.ThreadPoolExecutor$Worker.run(ThreadPoolExecutor.java:635)\n\tat java.base/java.lang.Thread.run(Thread.java:833)\n","steps":[],"attachments":[],"parameters":[],"stepsCount":0,"attachmentsCount":0,"shouldDisplayMessage":true,"hasContent":true},{"name":"unlockInstance","time":{"start":1692550277664,"stop":1692550277665,"duration":1},"description":"","status":"passed","steps":[{"name":"Unlock instance http://localhost:8081/","time":{"start":1692550277665,"stop":1692550277665,"duration":0},"status":"passed","steps":[],"attachments":[],"parameters":[{"name":"instance","value":"http://localhost:8081/"}],"stepsCount":0,"attachmentsCount":0,"shouldDisplayMessage":false,"hasContent":true}],"attachments":[],"parameters":[],"stepsCount":1,"attachmentsCount":0,"shouldDisplayMessage":false,"hasContent":true}],"labels":[{"name":"package","value":"school.redrover.PipelineTest"},{"name":"testClass","value":"school.redrover.PipelineTest"},{"name":"testMethod","value":"testRenameWithInvalidData"},{"name":"parentSuite","value":"AllTestsSuite"},{"name":"suite","value":"AllTests"},{"name":"subSuite","value":"school.redrover.PipelineTest"},{"name":"host","value":"fv-az553-256"},{"name":"thread","value":"3255@fv-az553-256.TestNG-test=AllTests-4(20)"},{"name":"framework","value":"testng"},{"name":"language","value":"java"},{"name":"feature","value":"Function"},{"name":"severity","value":"normal"},{"name":"resultFormat","value":"allure2"}],"parameters":[{"name":"arg0","value":">"},{"name":"arg1","value":"&gt;"}],"links":[],"hidden":false,"retry":false,"extra":{"severity":"normal","retries":[],"categories":[],"history":{"statistic":{"failed":0,"broken":0,"skipped":8,"passed":7,"unknown":0,"total":15},"items":[{"uid":"80a6e4b04de1ae4b","reportUrl":"https://RedRoverSchool.github.io/JenkinsQA_06/6542//#testresult/80a6e4b04de1ae4b","status":"passed","time":{"start":1692545564057,"stop":1692545567260,"duration":3203}},{"uid":"c78830969025beb4","reportUrl":"https://RedRoverSchool.github.io/JenkinsQA_06/6548//#testresult/c78830969025beb4","status":"skipped","statusDetails":"Cannot invoke \"org.openqa.selenium.TakesScreenshot.getScreenshotAs(org.openqa.selenium.OutputType)\" because \"driver\" is null","time":{"start":1692548627184,"stop":1692548627184,"duration":0}},{"uid":"78cd7741a8fc698f","reportUrl":"https://RedRoverSchool.github.io/JenkinsQA_06/6542//#testresult/78cd7741a8fc698f","status":"passed","time":{"start":1692543102047,"stop":1692543105120,"duration":3073}},{"uid":"3ce70d353a9f18ba","reportUrl":"https://RedRoverSchool.github.io/JenkinsQA_06/6547//#testresult/3ce70d353a9f18ba","status":"skipped","statusDetails":"Cannot invoke \"org.openqa.selenium.TakesScreenshot.getScreenshotAs(org.openqa.selenium.OutputType)\" because \"driver\" is null","time":{"start":1692540902739,"stop":1692540902739,"duration":0}},{"uid":"9714f7acaa0e334e","reportUrl":"https://RedRoverSchool.github.io/JenkinsQA_06/6546//#testresult/9714f7acaa0e334e","status":"skipped","statusDetails":"Cannot invoke \"org.openqa.selenium.TakesScreenshot.getScreenshotAs(org.openqa.selenium.OutputType)\" because \"driver\" is null","time":{"start":1692539697621,"stop":1692539697621,"duration":0}},{"uid":"2cced7275089fdea","reportUrl":"https://RedRoverSchool.github.io/JenkinsQA_06/6545//#testresult/2cced7275089fdea","status":"skipped","statusDetails":"1 expectation failed.\nExpected status code <302> but was <403>.\n","time":{"start":1692538413929,"stop":1692538413929,"duration":0}},{"uid":"19e366528415186c","reportUrl":"https://RedRoverSchool.github.io/JenkinsQA_06/6544//#testresult/19e366528415186c","status":"skipped","statusDetails":"1 expectation failed.\nExpected status code <302> but was <403>.\n","time":{"start":1692536661523,"stop":1692536661524,"duration":1}},{"uid":"4eb2b0dfca04fae6","reportUrl":"https://RedRoverSchool.github.io/JenkinsQA_06/6539//#testresult/4eb2b0dfca04fae6","status":"passed","time":{"start":1692535683698,"stop":1692535686370,"duration":2672}},{"uid":"76d0b66dc4fec6a9","reportUrl":"https://RedRoverSchool.github.io/JenkinsQA_06/6542//#testresult/76d0b66dc4fec6a9","status":"passed","time":{"start":1692534250633,"stop":1692534253196,"duration":2563}},{"uid":"9cc453f05afebaf6","reportUrl":"https://RedRoverSchool.github.io/JenkinsQA_06/6543//#testresult/9cc453f05afebaf6","status":"skipped","statusDetails":"1 expectation failed.\nExpected status code <302> but was <403>.\n","time":{"start":1692533997598,"stop":1692533997598,"duration":0}},{"uid":"f9b41e0494ad66db","reportUrl":"https://RedRoverSchool.github.io/JenkinsQA_06/6541//#testresult/f9b41e0494ad66db","status":"passed","time":{"start":1692532563144,"stop":1692532567707,"duration":4563}},{"uid":"cf5b55f012cea711","reportUrl":"https://RedRoverSchool.github.io/JenkinsQA_06/6539//#testresult/cf5b55f012cea711","status":"passed","time":{"start":1692531127491,"stop":1692531130933,"duration":3442}},{"uid":"3d66ba7a705b573c","reportUrl":"https://RedRoverSchool.github.io/JenkinsQA_06/6537//#testresult/3d66ba7a705b573c","status":"passed","time":{"start":1692527098868,"stop":1692527101876,"duration":3008}},{"uid":"857f9ba2e04dcea0","reportUrl":"https://RedRoverSchool.github.io/JenkinsQA_06/6540//#testresult/857f9ba2e04dcea0","status":"skipped","statusDetails":"Invalid number of path parameters. Expected 1, was 0. Undefined path parameters are: .","time":{"start":1692528155522,"stop":1692528155522,"duration":0}}]},"tags":[]},"source":"dd5e08dce9c1c301.json","parameterValues":[">","&gt;"]}