{"uid":"effc5c25c731b7df","name":"testCreateUsingInvalidData","fullName":"school.redrover.MultiConfigurationProjectTest.testCreateUsingInvalidData","historyId":"ecc15218233564d9a47448a4be2d0286","time":{"start":1692550160956,"stop":1692550160956,"duration":0},"description":"Verification of showing error message while creating MultiConfiguration project with name using unsafe characters","descriptionHtml":"<p>Verification of showing error message while creating MultiConfiguration project with name using unsafe characters</p>\n","status":"skipped","statusMessage":"Cannot invoke \"org.openqa.selenium.TakesScreenshot.getScreenshotAs(org.openqa.selenium.OutputType)\" because \"driver\" is null","statusTrace":"java.lang.NullPointerException: Cannot invoke \"org.openqa.selenium.TakesScreenshot.getScreenshotAs(org.openqa.selenium.OutputType)\" because \"driver\" is null\n\tat school.redrover.runner.ProjectUtils.takeScreenshot(ProjectUtils.java:132)\n\tat school.redrover.runner.BaseTest.afterMethod(BaseTest.java:119)\n\tat jdk.internal.reflect.GeneratedMethodAccessor128.invoke(Unknown Source)\n\tat java.base/jdk.internal.reflect.DelegatingMethodAccessorImpl.invoke(DelegatingMethodAccessorImpl.java:43)\n\tat java.base/java.lang.reflect.Method.invoke(Method.java:568)\n\tat org.testng.internal.invokers.MethodInvocationHelper.invokeMethod(MethodInvocationHelper.java:139)\n\tat org.testng.internal.invokers.MethodInvocationHelper.invokeMethodConsideringTimeout(MethodInvocationHelper.java:69)\n\tat org.testng.internal.invokers.ConfigInvoker.invokeConfigurationMethod(ConfigInvoker.java:361)\n\tat org.testng.internal.invokers.ConfigInvoker.invokeConfigurations(ConfigInvoker.java:296)\n\tat org.testng.internal.invokers.TestInvoker.runConfigMethods(TestInvoker.java:823)\n\tat org.testng.internal.invokers.TestInvoker.runAfterConfigurations(TestInvoker.java:792)\n\tat org.testng.internal.invokers.TestInvoker.invokeMethod(TestInvoker.java:613)\n\tat org.testng.internal.invokers.TestInvoker.invokeTestMethod(TestInvoker.java:221)\n\tat org.testng.internal.invokers.MethodRunner.runInSequence(MethodRunner.java:50)\n\tat org.testng.internal.invokers.TestInvoker$MethodInvocationAgent.invoke(TestInvoker.java:969)\n\tat org.testng.internal.invokers.TestInvoker.invokeTestMethods(TestInvoker.java:194)\n\tat org.testng.internal.invokers.TestMethodWorker.invokeTestMethods(TestMethodWorker.java:148)\n\tat org.testng.internal.invokers.TestMethodWorker.run(TestMethodWorker.java:128)\n\tat java.base/java.util.concurrent.ThreadPoolExecutor.runWorker(ThreadPoolExecutor.java:1136)\n\tat java.base/java.util.concurrent.ThreadPoolExecutor$Worker.run(ThreadPoolExecutor.java:635)\n\tat java.base/java.lang.Thread.run(Thread.java:833)\n","flaky":false,"newFailed":false,"newBroken":false,"newPassed":false,"retriesCount":0,"retriesStatusChange":false,"beforeStages":[{"name":"beforeClass","time":{"start":1692550097602,"stop":1692550099816,"duration":2214},"description":"","status":"passed","steps":[{"name":"Lock Instance","time":{"start":1692550099815,"stop":1692550099815,"duration":0},"status":"passed","steps":[],"attachments":[{"uid":"bea696cc435f0051","name":"Locked instance: ","source":"bea696cc435f0051.txt","type":"text/plain","size":22}],"parameters":[],"stepsCount":0,"attachmentsCount":1,"shouldDisplayMessage":false,"hasContent":true}],"attachments":[],"parameters":[],"stepsCount":1,"attachmentsCount":1,"shouldDisplayMessage":false,"hasContent":true},{"name":"beforeMethod","time":{"start":1692550160954,"stop":1692550160954,"duration":0},"description":"","status":"broken","steps":[],"attachments":[],"parameters":[],"stepsCount":0,"attachmentsCount":0,"shouldDisplayMessage":false,"hasContent":false}],"afterStages":[{"name":"afterMethod","time":{"start":1692550160969,"stop":1692550160970,"duration":1},"description":"","status":"broken","statusMessage":"Cannot invoke \"org.openqa.selenium.TakesScreenshot.getScreenshotAs(org.openqa.selenium.OutputType)\" because \"driver\" is null","statusTrace":"java.lang.NullPointerException: Cannot invoke \"org.openqa.selenium.TakesScreenshot.getScreenshotAs(org.openqa.selenium.OutputType)\" because \"driver\" is null\n\tat school.redrover.runner.ProjectUtils.takeScreenshot(ProjectUtils.java:132)\n\tat school.redrover.runner.BaseTest.afterMethod(BaseTest.java:119)\n\tat jdk.internal.reflect.GeneratedMethodAccessor128.invoke(Unknown Source)\n\tat java.base/jdk.internal.reflect.DelegatingMethodAccessorImpl.invoke(DelegatingMethodAccessorImpl.java:43)\n\tat java.base/java.lang.reflect.Method.invoke(Method.java:568)\n\tat org.testng.internal.invokers.MethodInvocationHelper.invokeMethod(MethodInvocationHelper.java:139)\n\tat org.testng.internal.invokers.MethodInvocationHelper.invokeMethodConsideringTimeout(MethodInvocationHelper.java:69)\n\tat org.testng.internal.invokers.ConfigInvoker.invokeConfigurationMethod(ConfigInvoker.java:361)\n\tat org.testng.internal.invokers.ConfigInvoker.invokeConfigurations(ConfigInvoker.java:296)\n\tat org.testng.internal.invokers.TestInvoker.runConfigMethods(TestInvoker.java:823)\n\tat org.testng.internal.invokers.TestInvoker.runAfterConfigurations(TestInvoker.java:792)\n\tat org.testng.internal.invokers.TestInvoker.invokeMethod(TestInvoker.java:613)\n\tat org.testng.internal.invokers.TestInvoker.invokeTestMethod(TestInvoker.java:221)\n\tat org.testng.internal.invokers.MethodRunner.runInSequence(MethodRunner.java:50)\n\tat org.testng.internal.invokers.TestInvoker$MethodInvocationAgent.invoke(TestInvoker.java:969)\n\tat org.testng.internal.invokers.TestInvoker.invokeTestMethods(TestInvoker.java:194)\n\tat org.testng.internal.invokers.TestMethodWorker.invokeTestMethods(TestMethodWorker.java:148)\n\tat org.testng.internal.invokers.TestMethodWorker.run(TestMethodWorker.java:128)\n\tat java.base/java.util.concurrent.ThreadPoolExecutor.runWorker(ThreadPoolExecutor.java:1136)\n\tat java.base/java.util.concurrent.ThreadPoolExecutor$Worker.run(ThreadPoolExecutor.java:635)\n\tat java.base/java.lang.Thread.run(Thread.java:833)\n","steps":[],"attachments":[],"parameters":[],"stepsCount":0,"attachmentsCount":0,"shouldDisplayMessage":true,"hasContent":true},{"name":"unlockInstance","time":{"start":1692550162005,"stop":1692550162005,"duration":0},"description":"","status":"passed","steps":[{"name":"Unlock instance http://localhost:8082/","time":{"start":1692550162005,"stop":1692550162005,"duration":0},"status":"passed","steps":[],"attachments":[],"parameters":[{"name":"instance","value":"http://localhost:8082/"}],"stepsCount":0,"attachmentsCount":0,"shouldDisplayMessage":false,"hasContent":true}],"attachments":[],"parameters":[],"stepsCount":1,"attachmentsCount":0,"shouldDisplayMessage":false,"hasContent":true}],"labels":[{"name":"package","value":"school.redrover.MultiConfigurationProjectTest"},{"name":"testClass","value":"school.redrover.MultiConfigurationProjectTest"},{"name":"testMethod","value":"testCreateUsingInvalidData"},{"name":"parentSuite","value":"AllTestsSuite"},{"name":"suite","value":"AllTests"},{"name":"subSuite","value":"school.redrover.MultiConfigurationProjectTest"},{"name":"host","value":"fv-az553-256"},{"name":"thread","value":"3255@fv-az553-256.TestNG-test=AllTests-1(17)"},{"name":"framework","value":"testng"},{"name":"language","value":"java"},{"name":"feature","value":"Function"},{"name":"severity","value":"critical"},{"name":"resultFormat","value":"allure2"}],"parameters":[{"name":"arg0","value":">"}],"links":[],"hidden":false,"retry":false,"extra":{"severity":"critical","retries":[],"categories":[],"history":{"statistic":{"failed":0,"broken":0,"skipped":8,"passed":8,"unknown":0,"total":16},"items":[{"uid":"1ead11714a63b5ba","reportUrl":"https://RedRoverSchool.github.io/JenkinsQA_06/6542//#testresult/1ead11714a63b5ba","status":"passed","time":{"start":1692546422747,"stop":1692546423713,"duration":966}},{"uid":"d7f64880c9093af2","reportUrl":"https://RedRoverSchool.github.io/JenkinsQA_06/6548//#testresult/d7f64880c9093af2","status":"skipped","statusDetails":"Cannot invoke \"org.openqa.selenium.TakesScreenshot.getScreenshotAs(org.openqa.selenium.OutputType)\" because \"driver\" is null","time":{"start":1692548535043,"stop":1692548535043,"duration":0}},{"uid":"94d6203c142d5f34","reportUrl":"https://RedRoverSchool.github.io/JenkinsQA_06/6542//#testresult/94d6203c142d5f34","status":"passed","time":{"start":1692540348056,"stop":1692540348892,"duration":836}},{"uid":"277bd1a1eb7305fa","reportUrl":"https://RedRoverSchool.github.io/JenkinsQA_06/6547//#testresult/277bd1a1eb7305fa","status":"skipped","statusDetails":"Cannot invoke \"org.openqa.selenium.TakesScreenshot.getScreenshotAs(org.openqa.selenium.OutputType)\" because \"driver\" is null","time":{"start":1692540782597,"stop":1692540782597,"duration":0}},{"uid":"eb33fd6ef33d29f","reportUrl":"https://RedRoverSchool.github.io/JenkinsQA_06/6546//#testresult/eb33fd6ef33d29f","status":"skipped","statusDetails":"Cannot invoke \"org.openqa.selenium.TakesScreenshot.getScreenshotAs(org.openqa.selenium.OutputType)\" because \"driver\" is null","time":{"start":1692539555384,"stop":1692539555384,"duration":0}},{"uid":"bdd0feca3b854045","reportUrl":"https://RedRoverSchool.github.io/JenkinsQA_06/6545//#testresult/bdd0feca3b854045","status":"skipped","statusDetails":"1 expectation failed.\nExpected status code <302> but was <403>.\n","time":{"start":1692538295114,"stop":1692538295114,"duration":0}},{"uid":"29bd340cefc3aabc","reportUrl":"https://RedRoverSchool.github.io/JenkinsQA_06/6544//#testresult/29bd340cefc3aabc","status":"skipped","statusDetails":"1 expectation failed.\nExpected status code <302> but was <403>.\n","time":{"start":1692536704157,"stop":1692536704158,"duration":1}},{"uid":"4d1fb31b4ebd565b","reportUrl":"https://RedRoverSchool.github.io/JenkinsQA_06/6539//#testresult/4d1fb31b4ebd565b","status":"passed","time":{"start":1692532993230,"stop":1692532994062,"duration":832}},{"uid":"a357e4cffb7b665a","reportUrl":"https://RedRoverSchool.github.io/JenkinsQA_06/6542//#testresult/a357e4cffb7b665a","status":"passed","time":{"start":1692531843412,"stop":1692531843898,"duration":486}},{"uid":"69470840fbaa8025","reportUrl":"https://RedRoverSchool.github.io/JenkinsQA_06/6543//#testresult/69470840fbaa8025","status":"skipped","statusDetails":"1 expectation failed.\nExpected status code <302> but was <403>.\n","time":{"start":1692533935989,"stop":1692533935989,"duration":0}},{"uid":"f92e6c585c331310","reportUrl":"https://RedRoverSchool.github.io/JenkinsQA_06/6541//#testresult/f92e6c585c331310","status":"passed","time":{"start":1692529908904,"stop":1692529910538,"duration":1634}},{"uid":"4f9a326631b68bd4","reportUrl":"https://RedRoverSchool.github.io/JenkinsQA_06/6539//#testresult/4f9a326631b68bd4","status":"passed","time":{"start":1692528307339,"stop":1692528308251,"duration":912}},{"uid":"ffd5d0d438f1d8ec","reportUrl":"https://RedRoverSchool.github.io/JenkinsQA_06/6537//#testresult/ffd5d0d438f1d8ec","status":"passed","time":{"start":1692527871917,"stop":1692527872467,"duration":550}},{"uid":"22eef35a90a4d8ab","reportUrl":"https://RedRoverSchool.github.io/JenkinsQA_06/6540//#testresult/22eef35a90a4d8ab","status":"skipped","statusDetails":"Invalid number of path parameters. Expected 1, was 0. Undefined path parameters are: .","time":{"start":1692528174498,"stop":1692528174498,"duration":0}},{"uid":"daa31cdf4cb63b2e","reportUrl":"https://RedRoverSchool.github.io/JenkinsQA_06/6538//#testresult/daa31cdf4cb63b2e","status":"passed","time":{"start":1692527380033,"stop":1692527380629,"duration":596}}]},"tags":[]},"source":"effc5c25c731b7df.json","parameterValues":[">"]}