{"uid":"30720d54c6541294","name":"testRenameWithInvalidData","fullName":"school.redrover.FreestyleProjectTest.testRenameWithInvalidData","historyId":"db0ec61747b2e1402e0bc9f25410c017","time":{"start":1692199345461,"stop":1692199345461,"duration":0},"status":"skipped","statusMessage":"org.openqa.selenium.WebDriverException: unknown error: cannot determine loading status\nfrom no such window\n  (Session info: chrome=115.0.5790.170)\nBuild info: version: '4.8.3', revision: 'e5e76298c3'\nSystem info: os.name: 'Linux', os.arch: 'amd64', os.version: '5.15.0-1042-azure', java.version: '17.0.8'\nDriver info: org.openqa.selenium.chrome.ChromeDriver\nCommand: [407b83d2ec111277807c8a5e18d5a026, get {url=http://localhost:8080/}]\nCapabilities {acceptInsecureCerts: false, browserName: chrome, browserVersion: 115.0.5790.170, chrome: {chromedriverVersion: 114.0.5735.90 (386bc09e8f4f..., userDataDir: /tmp/.com.google.Chrome.D009hq}, goog:chromeOptions: {debuggerAddress: localhost:39453}, networkConnectionEnabled: false, pageLoadStrategy: normal, platformName: LINUX, proxy: Proxy(), se:cdp: ws://localhost:39453/devtoo..., se:cdpVersion: 115.0.5790.170, setWindowRect: true, strictFileInteractability: false, timeouts: {implicit: 0, pageLoad: 300000, script: 30000}, unhandledPromptBehavior: dismiss and notify, webauthn:extension:credBlob: true, webauthn:extension:largeBlob: true, webauthn:extension:minPinLength: true, webauthn:extension:prf: true, webauthn:virtualAuthenticators: true}\nSession ID: 407b83d2ec111277807c8a5e18d5a026","statusTrace":"java.lang.RuntimeException: org.openqa.selenium.WebDriverException: unknown error: cannot determine loading status\nfrom no such window\n  (Session info: chrome=115.0.5790.170)\nBuild info: version: '4.8.3', revision: 'e5e76298c3'\nSystem info: os.name: 'Linux', os.arch: 'amd64', os.version: '5.15.0-1042-azure', java.version: '17.0.8'\nDriver info: org.openqa.selenium.chrome.ChromeDriver\nCommand: [407b83d2ec111277807c8a5e18d5a026, get {url=http://localhost:8080/}]\nCapabilities {acceptInsecureCerts: false, browserName: chrome, browserVersion: 115.0.5790.170, chrome: {chromedriverVersion: 114.0.5735.90 (386bc09e8f4f..., userDataDir: /tmp/.com.google.Chrome.D009hq}, goog:chromeOptions: {debuggerAddress: localhost:39453}, networkConnectionEnabled: false, pageLoadStrategy: normal, platformName: LINUX, proxy: Proxy(), se:cdp: ws://localhost:39453/devtoo..., se:cdpVersion: 115.0.5790.170, setWindowRect: true, strictFileInteractability: false, timeouts: {implicit: 0, pageLoad: 300000, script: 30000}, unhandledPromptBehavior: dismiss and notify, webauthn:extension:credBlob: true, webauthn:extension:largeBlob: true, webauthn:extension:minPinLength: true, webauthn:extension:prf: true, webauthn:virtualAuthenticators: true}\nSession ID: 407b83d2ec111277807c8a5e18d5a026\n\tat school.redrover.runner.BaseTest.beforeMethod(BaseTest.java:50)\n\tat jdk.internal.reflect.GeneratedMethodAccessor61.invoke(Unknown Source)\n\tat java.base/jdk.internal.reflect.DelegatingMethodAccessorImpl.invoke(DelegatingMethodAccessorImpl.java:43)\n\tat java.base/java.lang.reflect.Method.invoke(Method.java:568)\n\tat org.testng.internal.invokers.MethodInvocationHelper.invokeMethod(MethodInvocationHelper.java:139)\n\tat org.testng.internal.invokers.MethodInvocationHelper.invokeMethodConsideringTimeout(MethodInvocationHelper.java:69)\n\tat org.testng.internal.invokers.ConfigInvoker.invokeConfigurationMethod(ConfigInvoker.java:361)\n\tat org.testng.internal.invokers.ConfigInvoker.invokeConfigurations(ConfigInvoker.java:296)\n\tat org.testng.internal.invokers.TestInvoker.runConfigMethods(TestInvoker.java:823)\n\tat org.testng.internal.invokers.TestInvoker.invokeMethod(TestInvoker.java:590)\n\tat org.testng.internal.invokers.TestInvoker.invokeTestMethod(TestInvoker.java:221)\n\tat org.testng.internal.invokers.MethodRunner.runInSequence(MethodRunner.java:50)\n\tat org.testng.internal.invokers.TestInvoker$MethodInvocationAgent.invoke(TestInvoker.java:969)\n\tat org.testng.internal.invokers.TestInvoker.invokeTestMethods(TestInvoker.java:194)\n\tat org.testng.internal.invokers.TestMethodWorker.invokeTestMethods(TestMethodWorker.java:148)\n\tat org.testng.internal.invokers.TestMethodWorker.run(TestMethodWorker.java:128)\n\tat java.base/java.util.concurrent.ThreadPoolExecutor.runWorker(ThreadPoolExecutor.java:1136)\n\tat java.base/java.util.concurrent.ThreadPoolExecutor$Worker.run(ThreadPoolExecutor.java:635)\n\tat java.base/java.lang.Thread.run(Thread.java:833)\nCaused by: org.openqa.selenium.WebDriverException: unknown error: cannot determine loading status\nfrom no such window\n  (Session info: chrome=115.0.5790.170)\nBuild info: version: '4.8.3', revision: 'e5e76298c3'\nSystem info: os.name: 'Linux', os.arch: 'amd64', os.version: '5.15.0-1042-azure', java.version: '17.0.8'\nDriver info: org.openqa.selenium.chrome.ChromeDriver\nCommand: [407b83d2ec111277807c8a5e18d5a026, get {url=http://localhost:8080/}]\nCapabilities {acceptInsecureCerts: false, browserName: chrome, browserVersion: 115.0.5790.170, chrome: {chromedriverVersion: 114.0.5735.90 (386bc09e8f4f..., userDataDir: /tmp/.com.google.Chrome.D009hq}, goog:chromeOptions: {debuggerAddress: localhost:39453}, networkConnectionEnabled: false, pageLoadStrategy: normal, platformName: LINUX, proxy: Proxy(), se:cdp: ws://localhost:39453/devtoo..., se:cdpVersion: 115.0.5790.170, setWindowRect: true, strictFileInteractability: false, timeouts: {implicit: 0, pageLoad: 300000, script: 30000}, unhandledPromptBehavior: dismiss and notify, webauthn:extension:credBlob: true, webauthn:extension:largeBlob: true, webauthn:extension:minPinLength: true, webauthn:extension:prf: true, webauthn:virtualAuthenticators: true}\nSession ID: 407b83d2ec111277807c8a5e18d5a026\n\tat java.base/jdk.internal.reflect.NativeConstructorAccessorImpl.newInstance0(Native Method)\n\tat java.base/jdk.internal.reflect.NativeConstructorAccessorImpl.newInstance(NativeConstructorAccessorImpl.java:77)\n\tat java.base/jdk.internal.reflect.DelegatingConstructorAccessorImpl.newInstance(DelegatingConstructorAccessorImpl.java:45)\n\tat java.base/java.lang.reflect.Constructor.newInstanceWithCaller(Constructor.java:499)\n\tat java.base/java.lang.reflect.Constructor.newInstance(Constructor.java:480)\n\tat org.openqa.selenium.remote.codec.w3c.W3CHttpResponseCodec.createException(W3CHttpResponseCodec.java:200)\n\tat org.openqa.selenium.remote.codec.w3c.W3CHttpResponseCodec.decode(W3CHttpResponseCodec.java:133)\n\tat org.openqa.selenium.remote.codec.w3c.W3CHttpResponseCodec.decode(W3CHttpResponseCodec.java:53)\n\tat org.openqa.selenium.remote.HttpCommandExecutor.execute(HttpCommandExecutor.java:193)\n\tat org.openqa.selenium.remote.service.DriverCommandExecutor.invokeExecute(DriverCommandExecutor.java:183)\n\tat org.openqa.selenium.remote.service.DriverCommandExecutor.execute(DriverCommandExecutor.java:158)\n\tat org.openqa.selenium.remote.RemoteWebDriver.execute(RemoteWebDriver.java:543)\n\tat org.openqa.selenium.remote.RemoteWebDriver.get(RemoteWebDriver.java:297)\n\tat school.redrover.runner.ProjectUtils.get(ProjectUtils.java:92)\n\tat school.redrover.runner.BaseTest.getWeb(BaseTest.java:68)\n\tat school.redrover.runner.BaseTest.beforeMethod(BaseTest.java:43)\n\t... 18 more\n","flaky":false,"newFailed":false,"newBroken":false,"newPassed":false,"retriesCount":0,"retriesStatusChange":false,"beforeStages":[{"name":"beforeClass","time":{"start":1692198107115,"stop":1692198107115,"duration":0},"description":"","status":"passed","steps":[],"attachments":[],"parameters":[],"stepsCount":0,"attachmentsCount":0,"shouldDisplayMessage":false,"hasContent":false},{"name":"beforeMethod","time":{"start":1692199345384,"stop":1692199345384,"duration":0},"description":"","status":"broken","steps":[],"attachments":[],"parameters":[],"stepsCount":0,"attachmentsCount":0,"shouldDisplayMessage":false,"hasContent":false}],"afterStages":[{"name":"afterMethod","time":{"start":1692199345462,"stop":1692199345462,"duration":0},"description":"","status":"broken","steps":[],"attachments":[],"parameters":[],"stepsCount":0,"attachmentsCount":0,"shouldDisplayMessage":false,"hasContent":false}],"labels":[{"name":"package","value":"school.redrover.FreestyleProjectTest"},{"name":"testClass","value":"school.redrover.FreestyleProjectTest"},{"name":"testMethod","value":"testRenameWithInvalidData"},{"name":"parentSuite","value":"AllTestsSuite"},{"name":"suite","value":"AllTests"},{"name":"subSuite","value":"school.redrover.FreestyleProjectTest"},{"name":"host","value":"fv-az1104-872"},{"name":"thread","value":"2641@fv-az1104-872.TestNG-test=AllTests-7(23)"},{"name":"framework","value":"testng"},{"name":"language","value":"java"},{"name":"feature","value":"Function"},{"name":"resultFormat","value":"allure2"}],"parameters":[{"name":"arg0","value":"^"},{"name":"arg1","value":"^"}],"links":[],"hidden":false,"retry":false,"extra":{"severity":"normal","retries":[],"categories":[],"history":{"statistic":{"failed":0,"broken":1,"skipped":1,"passed":11,"unknown":0,"total":13},"items":[{"uid":"49623d235c18b03c","reportUrl":"https://RedRoverSchool.github.io/JenkinsQA_06/6459//#testresult/49623d235c18b03c","status":"passed","time":{"start":1692183979990,"stop":1692183982230,"duration":2240}},{"uid":"aac095cb3301f82b","reportUrl":"https://RedRoverSchool.github.io/JenkinsQA_06/6458//#testresult/aac095cb3301f82b","status":"broken","statusDetails":"Expected condition failed: waiting for visibility of element located by By.xpath: //a[@href='job/FREESTYLE_NAME/'] (tried for 5 second(s) with 500 milliseconds interval)\nBuild info: version: '4.8.3', revision: 'e5e76298c3'\nSystem info: os.name: 'Linux', os.arch: 'amd64', os.version: '5.15.0-1042-azure', java.version: '17.0.8'\nDriver info: org.openqa.selenium.chrome.ChromeDriver\nCapabilities {acceptInsecureCerts: false, browserName: chrome, browserVersion: 115.0.5790.170, chrome: {chromedriverVersion: 114.0.5735.90 (386bc09e8f4f..., userDataDir: /tmp/.com.google.Chrome.QMgSWS}, goog:chromeOptions: {debuggerAddress: localhost:37523}, networkConnectionEnabled: false, pageLoadStrategy: normal, platformName: LINUX, proxy: Proxy(), se:cdp: ws://localhost:37523/devtoo..., se:cdpVersion: 115.0.5790.170, setWindowRect: true, strictFileInteractability: false, timeouts: {implicit: 0, pageLoad: 300000, script: 30000}, unhandledPromptBehavior: dismiss and notify, webauthn:extension:credBlob: true, webauthn:extension:largeBlob: true, webauthn:extension:minPinLength: true, webauthn:extension:prf: true, webauthn:virtualAuthenticators: true}\nSession ID: 1f37ef025db1ad2d01dedaa94a41cc0c","time":{"start":1692181804679,"stop":1692181819827,"duration":15148}},{"uid":"464dfae819a5e1a7","reportUrl":"https://RedRoverSchool.github.io/JenkinsQA_06/6457//#testresult/464dfae819a5e1a7","status":"passed","time":{"start":1692162613341,"stop":1692162615781,"duration":2440}},{"uid":"5e78b16a1dd4b265","reportUrl":"https://RedRoverSchool.github.io/JenkinsQA_06/6456//#testresult/5e78b16a1dd4b265","status":"passed","time":{"start":1692127525320,"stop":1692127527508,"duration":2188}},{"uid":"51dc78e03acf43f1","reportUrl":"https://RedRoverSchool.github.io/JenkinsQA_06/6455//#testresult/51dc78e03acf43f1","status":"passed","time":{"start":1692122840065,"stop":1692122843149,"duration":3084}},{"uid":"fa19047231ab1d27","reportUrl":"https://RedRoverSchool.github.io/JenkinsQA_06/6454//#testresult/fa19047231ab1d27","status":"passed","time":{"start":1692118771842,"stop":1692118774696,"duration":2854}},{"uid":"d77d04e823b989b","reportUrl":"https://RedRoverSchool.github.io/JenkinsQA_06/6452//#testresult/d77d04e823b989b","status":"passed","time":{"start":1692100929909,"stop":1692100933071,"duration":3162}},{"uid":"580fa18ba67ec6e9","reportUrl":"https://RedRoverSchool.github.io/JenkinsQA_06/6452//#testresult/580fa18ba67ec6e9","status":"passed","time":{"start":1692096668622,"stop":1692096670899,"duration":2277}},{"uid":"6f56c005fb1edab6","reportUrl":"https://RedRoverSchool.github.io/JenkinsQA_06/6453//#testresult/6f56c005fb1edab6","status":"passed","time":{"start":1692093984937,"stop":1692093987441,"duration":2504}},{"uid":"5adda9239628e36","reportUrl":"https://RedRoverSchool.github.io/JenkinsQA_06/6452//#testresult/5adda9239628e36","status":"passed","time":{"start":1692091742070,"stop":1692091744735,"duration":2665}},{"uid":"210fc4ca3ebbe9ec","reportUrl":"https://RedRoverSchool.github.io/JenkinsQA_06/6450//#testresult/210fc4ca3ebbe9ec","status":"passed","time":{"start":1692090755076,"stop":1692090758071,"duration":2995}},{"uid":"4b0d4500f8fa17a7","reportUrl":"https://RedRoverSchool.github.io/JenkinsQA_06/6449//#testresult/4b0d4500f8fa17a7","status":"passed","time":{"start":1692089374099,"stop":1692089377086,"duration":2987}}]},"tags":[]},"source":"30720d54c6541294.json","parameterValues":["^","^"]}