{"uid":"8521e33d558e4ee5","name":"testDiscardOldBuildsIsChecked","fullName":"school.redrover.PipelineTest.testDiscardOldBuildsIsChecked","historyId":"49227a77a57e1a4083c50550918ab2c6","time":{"start":1692200067495,"stop":1692200067495,"duration":0},"status":"skipped","statusMessage":"java.lang.RuntimeException: Authorization does not work with user: \"admin\" and password: \"5e0aef0b28024018aa59bd5f2cd22fc8\"","statusTrace":"java.lang.RuntimeException: java.lang.RuntimeException: Authorization does not work with user: \"admin\" and password: \"5e0aef0b28024018aa59bd5f2cd22fc8\"\n\tat school.redrover.runner.BaseTest.beforeMethod(BaseTest.java:50)\n\tat jdk.internal.reflect.GeneratedMethodAccessor61.invoke(Unknown Source)\n\tat java.base/jdk.internal.reflect.DelegatingMethodAccessorImpl.invoke(DelegatingMethodAccessorImpl.java:43)\n\tat java.base/java.lang.reflect.Method.invoke(Method.java:568)\n\tat org.testng.internal.invokers.MethodInvocationHelper.invokeMethod(MethodInvocationHelper.java:139)\n\tat org.testng.internal.invokers.MethodInvocationHelper.invokeMethodConsideringTimeout(MethodInvocationHelper.java:69)\n\tat org.testng.internal.invokers.ConfigInvoker.invokeConfigurationMethod(ConfigInvoker.java:361)\n\tat org.testng.internal.invokers.ConfigInvoker.invokeConfigurations(ConfigInvoker.java:296)\n\tat org.testng.internal.invokers.TestInvoker.runConfigMethods(TestInvoker.java:823)\n\tat org.testng.internal.invokers.TestInvoker.invokeMethod(TestInvoker.java:590)\n\tat org.testng.internal.invokers.TestInvoker.invokeTestMethod(TestInvoker.java:221)\n\tat org.testng.internal.invokers.MethodRunner.runInSequence(MethodRunner.java:50)\n\tat org.testng.internal.invokers.TestInvoker$MethodInvocationAgent.invoke(TestInvoker.java:969)\n\tat org.testng.internal.invokers.TestInvoker.invokeTestMethods(TestInvoker.java:194)\n\tat org.testng.internal.invokers.TestMethodWorker.invokeTestMethods(TestMethodWorker.java:148)\n\tat org.testng.internal.invokers.TestMethodWorker.run(TestMethodWorker.java:128)\n\tat java.base/java.util.concurrent.ThreadPoolExecutor.runWorker(ThreadPoolExecutor.java:1136)\n\tat java.base/java.util.concurrent.ThreadPoolExecutor$Worker.run(ThreadPoolExecutor.java:635)\n\tat java.base/java.lang.Thread.run(Thread.java:833)\nCaused by: java.lang.RuntimeException: Authorization does not work with user: \"admin\" and password: \"5e0aef0b28024018aa59bd5f2cd22fc8\"\n\tat school.redrover.runner.JenkinsUtils.getPage(JenkinsUtils.java:108)\n\tat school.redrover.runner.JenkinsUtils.deleteViews(JenkinsUtils.java:136)\n\tat school.redrover.runner.JenkinsUtils.clearData(JenkinsUtils.java:167)\n\tat school.redrover.runner.BaseTest.clearData(BaseTest.java:58)\n\tat school.redrover.runner.BaseTest.beforeMethod(BaseTest.java:41)\n\t... 18 more\n","flaky":false,"newFailed":false,"newBroken":false,"newPassed":false,"retriesCount":0,"retriesStatusChange":false,"beforeStages":[{"name":"beforeClass","time":{"start":1692198333143,"stop":1692198333143,"duration":0},"description":"","status":"passed","steps":[],"attachments":[],"parameters":[],"stepsCount":0,"attachmentsCount":0,"shouldDisplayMessage":false,"hasContent":false},{"name":"beforeMethod","time":{"start":1692200067495,"stop":1692200067495,"duration":0},"description":"","status":"broken","steps":[],"attachments":[],"parameters":[],"stepsCount":0,"attachmentsCount":0,"shouldDisplayMessage":false,"hasContent":false}],"afterStages":[{"name":"afterMethod","time":{"start":1692200067498,"stop":1692200067498,"duration":0},"description":"","status":"broken","steps":[],"attachments":[],"parameters":[],"stepsCount":0,"attachmentsCount":0,"shouldDisplayMessage":false,"hasContent":false}],"labels":[{"name":"package","value":"school.redrover.PipelineTest"},{"name":"testClass","value":"school.redrover.PipelineTest"},{"name":"testMethod","value":"testDiscardOldBuildsIsChecked"},{"name":"parentSuite","value":"AllTestsSuite"},{"name":"suite","value":"AllTests"},{"name":"subSuite","value":"school.redrover.PipelineTest"},{"name":"host","value":"fv-az1104-872"},{"name":"thread","value":"2641@fv-az1104-872.TestNG-test=AllTests-9(25)"},{"name":"framework","value":"testng"},{"name":"language","value":"java"},{"name":"feature","value":"Function"},{"name":"severity","value":"normal"},{"name":"resultFormat","value":"allure2"}],"parameters":[],"links":[],"hidden":false,"retry":false,"extra":{"severity":"normal","retries":[],"categories":[],"history":{"statistic":{"failed":0,"broken":1,"skipped":1,"passed":11,"unknown":0,"total":13},"items":[{"uid":"be4e20da7861a168","reportUrl":"https://RedRoverSchool.github.io/JenkinsQA_06/6459//#testresult/be4e20da7861a168","status":"passed","time":{"start":1692185017952,"stop":1692185020912,"duration":2960}},{"uid":"dd49b8f6d59abd67","reportUrl":"https://RedRoverSchool.github.io/JenkinsQA_06/6458//#testresult/dd49b8f6d59abd67","status":"broken","statusDetails":"no such element: Unable to locate element: {\"method\":\"xpath\",\"selector\":\"//label[text()='Discard old builds']/../input\"}\n  (Session info: chrome=115.0.5790.170)\nFor documentation on this error, please visit: https://selenium.dev/exceptions/#no_such_element\nBuild info: version: '4.8.3', revision: 'e5e76298c3'\nSystem info: os.name: 'Linux', os.arch: 'amd64', os.version: '5.15.0-1042-azure', java.version: '17.0.8'\nDriver info: org.openqa.selenium.chrome.ChromeDriver\nCommand: [2f0dd25e3cbf8ed887fa65057769ba67, findElement {using=xpath, value=//label[text()='Discard old builds']/../input}]\nCapabilities {acceptInsecureCerts: false, browserName: chrome, browserVersion: 115.0.5790.170, chrome: {chromedriverVersion: 114.0.5735.90 (386bc09e8f4f..., userDataDir: /tmp/.com.google.Chrome.yeKv7N}, goog:chromeOptions: {debuggerAddress: localhost:34765}, networkConnectionEnabled: false, pageLoadStrategy: normal, platformName: LINUX, proxy: Proxy(), se:cdp: ws://localhost:34765/devtoo..., se:cdpVersion: 115.0.5790.170, setWindowRect: true, strictFileInteractability: false, timeouts: {implicit: 0, pageLoad: 300000, script: 30000}, unhandledPromptBehavior: dismiss and notify, webauthn:extension:credBlob: true, webauthn:extension:largeBlob: true, webauthn:extension:minPinLength: true, webauthn:extension:prf: true, webauthn:virtualAuthenticators: true}\nSession ID: 2f0dd25e3cbf8ed887fa65057769ba67","time":{"start":1692182406122,"stop":1692182419932,"duration":13810}},{"uid":"1a92070a09ea6641","reportUrl":"https://RedRoverSchool.github.io/JenkinsQA_06/6457//#testresult/1a92070a09ea6641","status":"passed","time":{"start":1692163720816,"stop":1692163723940,"duration":3124}},{"uid":"7b86d213186cc57c","reportUrl":"https://RedRoverSchool.github.io/JenkinsQA_06/6456//#testresult/7b86d213186cc57c","status":"passed","time":{"start":1692128662395,"stop":1692128665640,"duration":3245}},{"uid":"20867e9a095094a8","reportUrl":"https://RedRoverSchool.github.io/JenkinsQA_06/6455//#testresult/20867e9a095094a8","status":"passed","time":{"start":1692124159353,"stop":1692124162828,"duration":3475}},{"uid":"f9670d07e71b7ec9","reportUrl":"https://RedRoverSchool.github.io/JenkinsQA_06/6454//#testresult/f9670d07e71b7ec9","status":"passed","time":{"start":1692120134904,"stop":1692120139098,"duration":4194}},{"uid":"f645e9024855ac41","reportUrl":"https://RedRoverSchool.github.io/JenkinsQA_06/6452//#testresult/f645e9024855ac41","status":"passed","time":{"start":1692102313566,"stop":1692102317602,"duration":4036}},{"uid":"9fc151cd53f6ed5","reportUrl":"https://RedRoverSchool.github.io/JenkinsQA_06/6452//#testresult/9fc151cd53f6ed5","status":"passed","time":{"start":1692097719871,"stop":1692097722558,"duration":2687}},{"uid":"37c96c30c395b8b8","reportUrl":"https://RedRoverSchool.github.io/JenkinsQA_06/6453//#testresult/37c96c30c395b8b8","status":"passed","time":{"start":1692095106158,"stop":1692095109324,"duration":3166}},{"uid":"bd619154fd3f67da","reportUrl":"https://RedRoverSchool.github.io/JenkinsQA_06/6452//#testresult/bd619154fd3f67da","status":"passed","time":{"start":1692092946864,"stop":1692092950370,"duration":3506}},{"uid":"9f7dff762d078a7a","reportUrl":"https://RedRoverSchool.github.io/JenkinsQA_06/6450//#testresult/9f7dff762d078a7a","status":"passed","time":{"start":1692092036937,"stop":1692092040805,"duration":3868}},{"uid":"697159bedaeb6837","reportUrl":"https://RedRoverSchool.github.io/JenkinsQA_06/6449//#testresult/697159bedaeb6837","status":"passed","time":{"start":1692090717724,"stop":1692090721608,"duration":3884}}]},"tags":[]},"source":"8521e33d558e4ee5.json","parameterValues":[]}