{"uid":"9aaf5eddc4712ba8","name":"testCreateUsingInvalidData","fullName":"school.redrover.FreestyleProjectTest.testCreateUsingInvalidData","historyId":"edba37892db01356e1052f34a8368d12","time":{"start":1692199343343,"stop":1692199343431,"duration":88},"status":"skipped","statusMessage":"org.openqa.selenium.WebDriverException: unknown error: cannot determine loading status\nfrom no such window\n  (Session info: chrome=115.0.5790.170)\nBuild info: version: '4.8.3', revision: 'e5e76298c3'\nSystem info: os.name: 'Linux', os.arch: 'amd64', os.version: '5.15.0-1042-azure', java.version: '17.0.8'\nDriver info: org.openqa.selenium.chrome.ChromeDriver\nCommand: [407b83d2ec111277807c8a5e18d5a026, get {url=http://localhost:8080/}]\nCapabilities {acceptInsecureCerts: false, browserName: chrome, browserVersion: 115.0.5790.170, chrome: {chromedriverVersion: 114.0.5735.90 (386bc09e8f4f..., userDataDir: /tmp/.com.google.Chrome.D009hq}, goog:chromeOptions: {debuggerAddress: localhost:39453}, networkConnectionEnabled: false, pageLoadStrategy: normal, platformName: LINUX, proxy: Proxy(), se:cdp: ws://localhost:39453/devtoo..., se:cdpVersion: 115.0.5790.170, setWindowRect: true, strictFileInteractability: false, timeouts: {implicit: 0, pageLoad: 300000, script: 30000}, unhandledPromptBehavior: dismiss and notify, webauthn:extension:credBlob: true, webauthn:extension:largeBlob: true, webauthn:extension:minPinLength: true, webauthn:extension:prf: true, webauthn:virtualAuthenticators: true}\nSession ID: 407b83d2ec111277807c8a5e18d5a026","statusTrace":"java.lang.RuntimeException: org.openqa.selenium.WebDriverException: unknown error: cannot determine loading status\nfrom no such window\n  (Session info: chrome=115.0.5790.170)\nBuild info: version: '4.8.3', revision: 'e5e76298c3'\nSystem info: os.name: 'Linux', os.arch: 'amd64', os.version: '5.15.0-1042-azure', java.version: '17.0.8'\nDriver info: org.openqa.selenium.chrome.ChromeDriver\nCommand: [407b83d2ec111277807c8a5e18d5a026, get {url=http://localhost:8080/}]\nCapabilities {acceptInsecureCerts: false, browserName: chrome, browserVersion: 115.0.5790.170, chrome: {chromedriverVersion: 114.0.5735.90 (386bc09e8f4f..., userDataDir: /tmp/.com.google.Chrome.D009hq}, goog:chromeOptions: {debuggerAddress: localhost:39453}, networkConnectionEnabled: false, pageLoadStrategy: normal, platformName: LINUX, proxy: Proxy(), se:cdp: ws://localhost:39453/devtoo..., se:cdpVersion: 115.0.5790.170, setWindowRect: true, strictFileInteractability: false, timeouts: {implicit: 0, pageLoad: 300000, script: 30000}, unhandledPromptBehavior: dismiss and notify, webauthn:extension:credBlob: true, webauthn:extension:largeBlob: true, webauthn:extension:minPinLength: true, webauthn:extension:prf: true, webauthn:virtualAuthenticators: true}\nSession ID: 407b83d2ec111277807c8a5e18d5a026\n\tat school.redrover.runner.BaseTest.beforeMethod(BaseTest.java:50)\n\tat jdk.internal.reflect.GeneratedMethodAccessor61.invoke(Unknown Source)\n\tat java.base/jdk.internal.reflect.DelegatingMethodAccessorImpl.invoke(DelegatingMethodAccessorImpl.java:43)\n\tat java.base/java.lang.reflect.Method.invoke(Method.java:568)\n\tat org.testng.internal.invokers.MethodInvocationHelper.invokeMethod(MethodInvocationHelper.java:139)\n\tat org.testng.internal.invokers.MethodInvocationHelper.invokeMethodConsideringTimeout(MethodInvocationHelper.java:69)\n\tat org.testng.internal.invokers.ConfigInvoker.invokeConfigurationMethod(ConfigInvoker.java:361)\n\tat org.testng.internal.invokers.ConfigInvoker.invokeConfigurations(ConfigInvoker.java:296)\n\tat org.testng.internal.invokers.TestInvoker.runConfigMethods(TestInvoker.java:823)\n\tat org.testng.internal.invokers.TestInvoker.invokeMethod(TestInvoker.java:590)\n\tat org.testng.internal.invokers.TestInvoker.invokeTestMethod(TestInvoker.java:221)\n\tat org.testng.internal.invokers.MethodRunner.runInSequence(MethodRunner.java:50)\n\tat org.testng.internal.invokers.TestInvoker$MethodInvocationAgent.invoke(TestInvoker.java:969)\n\tat org.testng.internal.invokers.TestInvoker.invokeTestMethods(TestInvoker.java:194)\n\tat org.testng.internal.invokers.TestMethodWorker.invokeTestMethods(TestMethodWorker.java:148)\n\tat org.testng.internal.invokers.TestMethodWorker.run(TestMethodWorker.java:128)\n\tat java.base/java.util.concurrent.ThreadPoolExecutor.runWorker(ThreadPoolExecutor.java:1136)\n\tat java.base/java.util.concurrent.ThreadPoolExecutor$Worker.run(ThreadPoolExecutor.java:635)\n\tat java.base/java.lang.Thread.run(Thread.java:833)\nCaused by: org.openqa.selenium.WebDriverException: unknown error: cannot determine loading status\nfrom no such window\n  (Session info: chrome=115.0.5790.170)\nBuild info: version: '4.8.3', revision: 'e5e76298c3'\nSystem info: os.name: 'Linux', os.arch: 'amd64', os.version: '5.15.0-1042-azure', java.version: '17.0.8'\nDriver info: org.openqa.selenium.chrome.ChromeDriver\nCommand: [407b83d2ec111277807c8a5e18d5a026, get {url=http://localhost:8080/}]\nCapabilities {acceptInsecureCerts: false, browserName: chrome, browserVersion: 115.0.5790.170, chrome: {chromedriverVersion: 114.0.5735.90 (386bc09e8f4f..., userDataDir: /tmp/.com.google.Chrome.D009hq}, goog:chromeOptions: {debuggerAddress: localhost:39453}, networkConnectionEnabled: false, pageLoadStrategy: normal, platformName: LINUX, proxy: Proxy(), se:cdp: ws://localhost:39453/devtoo..., se:cdpVersion: 115.0.5790.170, setWindowRect: true, strictFileInteractability: false, timeouts: {implicit: 0, pageLoad: 300000, script: 30000}, unhandledPromptBehavior: dismiss and notify, webauthn:extension:credBlob: true, webauthn:extension:largeBlob: true, webauthn:extension:minPinLength: true, webauthn:extension:prf: true, webauthn:virtualAuthenticators: true}\nSession ID: 407b83d2ec111277807c8a5e18d5a026\n\tat java.base/jdk.internal.reflect.NativeConstructorAccessorImpl.newInstance0(Native Method)\n\tat java.base/jdk.internal.reflect.NativeConstructorAccessorImpl.newInstance(NativeConstructorAccessorImpl.java:77)\n\tat java.base/jdk.internal.reflect.DelegatingConstructorAccessorImpl.newInstance(DelegatingConstructorAccessorImpl.java:45)\n\tat java.base/java.lang.reflect.Constructor.newInstanceWithCaller(Constructor.java:499)\n\tat java.base/java.lang.reflect.Constructor.newInstance(Constructor.java:480)\n\tat org.openqa.selenium.remote.codec.w3c.W3CHttpResponseCodec.createException(W3CHttpResponseCodec.java:200)\n\tat org.openqa.selenium.remote.codec.w3c.W3CHttpResponseCodec.decode(W3CHttpResponseCodec.java:133)\n\tat org.openqa.selenium.remote.codec.w3c.W3CHttpResponseCodec.decode(W3CHttpResponseCodec.java:53)\n\tat org.openqa.selenium.remote.HttpCommandExecutor.execute(HttpCommandExecutor.java:193)\n\tat org.openqa.selenium.remote.service.DriverCommandExecutor.invokeExecute(DriverCommandExecutor.java:183)\n\tat org.openqa.selenium.remote.service.DriverCommandExecutor.execute(DriverCommandExecutor.java:158)\n\tat org.openqa.selenium.remote.RemoteWebDriver.execute(RemoteWebDriver.java:543)\n\tat org.openqa.selenium.remote.RemoteWebDriver.get(RemoteWebDriver.java:297)\n\tat school.redrover.runner.ProjectUtils.get(ProjectUtils.java:92)\n\tat school.redrover.runner.BaseTest.getWeb(BaseTest.java:68)\n\tat school.redrover.runner.BaseTest.beforeMethod(BaseTest.java:43)\n\t... 18 more\n","flaky":false,"newFailed":false,"newBroken":false,"newPassed":false,"retriesCount":0,"retriesStatusChange":false,"beforeStages":[{"name":"beforeClass","time":{"start":1692198107115,"stop":1692198107115,"duration":0},"description":"","status":"passed","steps":[],"attachments":[],"parameters":[],"stepsCount":0,"attachmentsCount":0,"shouldDisplayMessage":false,"hasContent":false},{"name":"beforeMethod","time":{"start":1692199343342,"stop":1692199343342,"duration":0},"description":"","status":"broken","steps":[],"attachments":[],"parameters":[],"stepsCount":0,"attachmentsCount":0,"shouldDisplayMessage":false,"hasContent":false}],"afterStages":[{"name":"afterMethod","time":{"start":1692199343439,"stop":1692199343439,"duration":0},"description":"","status":"broken","steps":[],"attachments":[],"parameters":[],"stepsCount":0,"attachmentsCount":0,"shouldDisplayMessage":false,"hasContent":false}],"labels":[{"name":"package","value":"school.redrover.FreestyleProjectTest"},{"name":"testClass","value":"school.redrover.FreestyleProjectTest"},{"name":"testMethod","value":"testCreateUsingInvalidData"},{"name":"parentSuite","value":"AllTestsSuite"},{"name":"suite","value":"AllTests"},{"name":"subSuite","value":"school.redrover.FreestyleProjectTest"},{"name":"host","value":"fv-az1104-872"},{"name":"thread","value":"2641@fv-az1104-872.TestNG-test=AllTests-7(23)"},{"name":"framework","value":"testng"},{"name":"language","value":"java"},{"name":"feature","value":"Function"},{"name":"resultFormat","value":"allure2"}],"parameters":[{"name":"arg0","value":"!"}],"links":[],"hidden":false,"retry":false,"extra":{"severity":"normal","retries":[],"categories":[],"history":{"statistic":{"failed":0,"broken":0,"skipped":1,"passed":12,"unknown":0,"total":13},"items":[{"uid":"73606e840aed2e2c","reportUrl":"https://RedRoverSchool.github.io/JenkinsQA_06/6459//#testresult/73606e840aed2e2c","status":"passed","time":{"start":1692183738244,"stop":1692183738633,"duration":389}},{"uid":"ed2ddfe9ee5a6a32","reportUrl":"https://RedRoverSchool.github.io/JenkinsQA_06/6458//#testresult/ed2ddfe9ee5a6a32","status":"passed","time":{"start":1692180998326,"stop":1692180999685,"duration":1359}},{"uid":"6f403c8b4119c6be","reportUrl":"https://RedRoverSchool.github.io/JenkinsQA_06/6457//#testresult/6f403c8b4119c6be","status":"passed","time":{"start":1692162359923,"stop":1692162360334,"duration":411}},{"uid":"24b0d8c3c202a94","reportUrl":"https://RedRoverSchool.github.io/JenkinsQA_06/6456//#testresult/24b0d8c3c202a94","status":"passed","time":{"start":1692127267029,"stop":1692127267682,"duration":653}},{"uid":"229da7f8189c9b39","reportUrl":"https://RedRoverSchool.github.io/JenkinsQA_06/6455//#testresult/229da7f8189c9b39","status":"passed","time":{"start":1692122547123,"stop":1692122547677,"duration":554}},{"uid":"159f6234d17b78b3","reportUrl":"https://RedRoverSchool.github.io/JenkinsQA_06/6454//#testresult/159f6234d17b78b3","status":"passed","time":{"start":1692118465769,"stop":1692118466360,"duration":591}},{"uid":"bf40e8a486c45393","reportUrl":"https://RedRoverSchool.github.io/JenkinsQA_06/6452//#testresult/bf40e8a486c45393","status":"passed","time":{"start":1692100620863,"stop":1692100621730,"duration":867}},{"uid":"304ac2e34ce5ff88","reportUrl":"https://RedRoverSchool.github.io/JenkinsQA_06/6452//#testresult/304ac2e34ce5ff88","status":"passed","time":{"start":1692096423922,"stop":1692096424311,"duration":389}},{"uid":"cc87be90007822f4","reportUrl":"https://RedRoverSchool.github.io/JenkinsQA_06/6453//#testresult/cc87be90007822f4","status":"passed","time":{"start":1692093728420,"stop":1692093729108,"duration":688}},{"uid":"4570f8694d286047","reportUrl":"https://RedRoverSchool.github.io/JenkinsQA_06/6452//#testresult/4570f8694d286047","status":"passed","time":{"start":1692091474491,"stop":1692091475207,"duration":716}},{"uid":"4fe7ea5d3a4750e5","reportUrl":"https://RedRoverSchool.github.io/JenkinsQA_06/6450//#testresult/4fe7ea5d3a4750e5","status":"passed","time":{"start":1692090463770,"stop":1692090464598,"duration":828}},{"uid":"1ddf4b4d4856d9ba","reportUrl":"https://RedRoverSchool.github.io/JenkinsQA_06/6449//#testresult/1ddf4b4d4856d9ba","status":"passed","time":{"start":1692089073930,"stop":1692089074787,"duration":857}}]},"tags":[]},"source":"9aaf5eddc4712ba8.json","parameterValues":["!"]}