{"uid":"b06f1b2c221006fb","name":"testEnableFromProjectPage","fullName":"school.redrover.FreestyleProjectTest.testEnableFromProjectPage","historyId":"b1ca1eecbdf15cd79ac7bf43eb4d3e94","time":{"start":1692199344802,"stop":1692199344802,"duration":0},"status":"skipped","statusMessage":"org.openqa.selenium.WebDriverException: unknown error: cannot determine loading status\nfrom no such window\n  (Session info: chrome=115.0.5790.170)\nBuild info: version: '4.8.3', revision: 'e5e76298c3'\nSystem info: os.name: 'Linux', os.arch: 'amd64', os.version: '5.15.0-1042-azure', java.version: '17.0.8'\nDriver info: org.openqa.selenium.chrome.ChromeDriver\nCommand: [407b83d2ec111277807c8a5e18d5a026, get {url=http://localhost:8080/}]\nCapabilities {acceptInsecureCerts: false, browserName: chrome, browserVersion: 115.0.5790.170, chrome: {chromedriverVersion: 114.0.5735.90 (386bc09e8f4f..., userDataDir: /tmp/.com.google.Chrome.D009hq}, goog:chromeOptions: {debuggerAddress: localhost:39453}, networkConnectionEnabled: false, pageLoadStrategy: normal, platformName: LINUX, proxy: Proxy(), se:cdp: ws://localhost:39453/devtoo..., se:cdpVersion: 115.0.5790.170, setWindowRect: true, strictFileInteractability: false, timeouts: {implicit: 0, pageLoad: 300000, script: 30000}, unhandledPromptBehavior: dismiss and notify, webauthn:extension:credBlob: true, webauthn:extension:largeBlob: true, webauthn:extension:minPinLength: true, webauthn:extension:prf: true, webauthn:virtualAuthenticators: true}\nSession ID: 407b83d2ec111277807c8a5e18d5a026","statusTrace":"java.lang.RuntimeException: org.openqa.selenium.WebDriverException: unknown error: cannot determine loading status\nfrom no such window\n  (Session info: chrome=115.0.5790.170)\nBuild info: version: '4.8.3', revision: 'e5e76298c3'\nSystem info: os.name: 'Linux', os.arch: 'amd64', os.version: '5.15.0-1042-azure', java.version: '17.0.8'\nDriver info: org.openqa.selenium.chrome.ChromeDriver\nCommand: [407b83d2ec111277807c8a5e18d5a026, get {url=http://localhost:8080/}]\nCapabilities {acceptInsecureCerts: false, browserName: chrome, browserVersion: 115.0.5790.170, chrome: {chromedriverVersion: 114.0.5735.90 (386bc09e8f4f..., userDataDir: /tmp/.com.google.Chrome.D009hq}, goog:chromeOptions: {debuggerAddress: localhost:39453}, networkConnectionEnabled: false, pageLoadStrategy: normal, platformName: LINUX, proxy: Proxy(), se:cdp: ws://localhost:39453/devtoo..., se:cdpVersion: 115.0.5790.170, setWindowRect: true, strictFileInteractability: false, timeouts: {implicit: 0, pageLoad: 300000, script: 30000}, unhandledPromptBehavior: dismiss and notify, webauthn:extension:credBlob: true, webauthn:extension:largeBlob: true, webauthn:extension:minPinLength: true, webauthn:extension:prf: true, webauthn:virtualAuthenticators: true}\nSession ID: 407b83d2ec111277807c8a5e18d5a026\n\tat school.redrover.runner.BaseTest.beforeMethod(BaseTest.java:50)\n\tat jdk.internal.reflect.GeneratedMethodAccessor61.invoke(Unknown Source)\n\tat java.base/jdk.internal.reflect.DelegatingMethodAccessorImpl.invoke(DelegatingMethodAccessorImpl.java:43)\n\tat java.base/java.lang.reflect.Method.invoke(Method.java:568)\n\tat org.testng.internal.invokers.MethodInvocationHelper.invokeMethod(MethodInvocationHelper.java:139)\n\tat org.testng.internal.invokers.MethodInvocationHelper.invokeMethodConsideringTimeout(MethodInvocationHelper.java:69)\n\tat org.testng.internal.invokers.ConfigInvoker.invokeConfigurationMethod(ConfigInvoker.java:361)\n\tat org.testng.internal.invokers.ConfigInvoker.invokeConfigurations(ConfigInvoker.java:296)\n\tat org.testng.internal.invokers.TestInvoker.runConfigMethods(TestInvoker.java:823)\n\tat org.testng.internal.invokers.TestInvoker.invokeMethod(TestInvoker.java:590)\n\tat org.testng.internal.invokers.TestInvoker.invokeTestMethod(TestInvoker.java:221)\n\tat org.testng.internal.invokers.MethodRunner.runInSequence(MethodRunner.java:50)\n\tat org.testng.internal.invokers.TestInvoker$MethodInvocationAgent.invoke(TestInvoker.java:969)\n\tat org.testng.internal.invokers.TestInvoker.invokeTestMethods(TestInvoker.java:194)\n\tat org.testng.internal.invokers.TestMethodWorker.invokeTestMethods(TestMethodWorker.java:148)\n\tat org.testng.internal.invokers.TestMethodWorker.run(TestMethodWorker.java:128)\n\tat java.base/java.util.concurrent.ThreadPoolExecutor.runWorker(ThreadPoolExecutor.java:1136)\n\tat java.base/java.util.concurrent.ThreadPoolExecutor$Worker.run(ThreadPoolExecutor.java:635)\n\tat java.base/java.lang.Thread.run(Thread.java:833)\nCaused by: org.openqa.selenium.WebDriverException: unknown error: cannot determine loading status\nfrom no such window\n  (Session info: chrome=115.0.5790.170)\nBuild info: version: '4.8.3', revision: 'e5e76298c3'\nSystem info: os.name: 'Linux', os.arch: 'amd64', os.version: '5.15.0-1042-azure', java.version: '17.0.8'\nDriver info: org.openqa.selenium.chrome.ChromeDriver\nCommand: [407b83d2ec111277807c8a5e18d5a026, get {url=http://localhost:8080/}]\nCapabilities {acceptInsecureCerts: false, browserName: chrome, browserVersion: 115.0.5790.170, chrome: {chromedriverVersion: 114.0.5735.90 (386bc09e8f4f..., userDataDir: /tmp/.com.google.Chrome.D009hq}, goog:chromeOptions: {debuggerAddress: localhost:39453}, networkConnectionEnabled: false, pageLoadStrategy: normal, platformName: LINUX, proxy: Proxy(), se:cdp: ws://localhost:39453/devtoo..., se:cdpVersion: 115.0.5790.170, setWindowRect: true, strictFileInteractability: false, timeouts: {implicit: 0, pageLoad: 300000, script: 30000}, unhandledPromptBehavior: dismiss and notify, webauthn:extension:credBlob: true, webauthn:extension:largeBlob: true, webauthn:extension:minPinLength: true, webauthn:extension:prf: true, webauthn:virtualAuthenticators: true}\nSession ID: 407b83d2ec111277807c8a5e18d5a026\n\tat java.base/jdk.internal.reflect.NativeConstructorAccessorImpl.newInstance0(Native Method)\n\tat java.base/jdk.internal.reflect.NativeConstructorAccessorImpl.newInstance(NativeConstructorAccessorImpl.java:77)\n\tat java.base/jdk.internal.reflect.DelegatingConstructorAccessorImpl.newInstance(DelegatingConstructorAccessorImpl.java:45)\n\tat java.base/java.lang.reflect.Constructor.newInstanceWithCaller(Constructor.java:499)\n\tat java.base/java.lang.reflect.Constructor.newInstance(Constructor.java:480)\n\tat org.openqa.selenium.remote.codec.w3c.W3CHttpResponseCodec.createException(W3CHttpResponseCodec.java:200)\n\tat org.openqa.selenium.remote.codec.w3c.W3CHttpResponseCodec.decode(W3CHttpResponseCodec.java:133)\n\tat org.openqa.selenium.remote.codec.w3c.W3CHttpResponseCodec.decode(W3CHttpResponseCodec.java:53)\n\tat org.openqa.selenium.remote.HttpCommandExecutor.execute(HttpCommandExecutor.java:193)\n\tat org.openqa.selenium.remote.service.DriverCommandExecutor.invokeExecute(DriverCommandExecutor.java:183)\n\tat org.openqa.selenium.remote.service.DriverCommandExecutor.execute(DriverCommandExecutor.java:158)\n\tat org.openqa.selenium.remote.RemoteWebDriver.execute(RemoteWebDriver.java:543)\n\tat org.openqa.selenium.remote.RemoteWebDriver.get(RemoteWebDriver.java:297)\n\tat school.redrover.runner.ProjectUtils.get(ProjectUtils.java:92)\n\tat school.redrover.runner.BaseTest.getWeb(BaseTest.java:68)\n\tat school.redrover.runner.BaseTest.beforeMethod(BaseTest.java:43)\n\t... 18 more\n","flaky":false,"newFailed":false,"newBroken":false,"newPassed":false,"retriesCount":0,"retriesStatusChange":false,"beforeStages":[{"name":"beforeClass","time":{"start":1692198107115,"stop":1692198107115,"duration":0},"description":"","status":"passed","steps":[],"attachments":[],"parameters":[],"stepsCount":0,"attachmentsCount":0,"shouldDisplayMessage":false,"hasContent":false},{"name":"beforeMethod","time":{"start":1692199344801,"stop":1692199344801,"duration":0},"description":"","status":"broken","steps":[],"attachments":[],"parameters":[],"stepsCount":0,"attachmentsCount":0,"shouldDisplayMessage":false,"hasContent":false}],"afterStages":[{"name":"afterMethod","time":{"start":1692199344803,"stop":1692199344803,"duration":0},"description":"","status":"broken","steps":[],"attachments":[],"parameters":[],"stepsCount":0,"attachmentsCount":0,"shouldDisplayMessage":false,"hasContent":false}],"labels":[{"name":"package","value":"school.redrover.FreestyleProjectTest"},{"name":"testClass","value":"school.redrover.FreestyleProjectTest"},{"name":"testMethod","value":"testEnableFromProjectPage"},{"name":"parentSuite","value":"AllTestsSuite"},{"name":"suite","value":"AllTests"},{"name":"subSuite","value":"school.redrover.FreestyleProjectTest"},{"name":"host","value":"fv-az1104-872"},{"name":"thread","value":"2641@fv-az1104-872.TestNG-test=AllTests-7(23)"},{"name":"framework","value":"testng"},{"name":"language","value":"java"},{"name":"feature","value":"Function"},{"name":"resultFormat","value":"allure2"}],"parameters":[],"links":[],"hidden":false,"retry":false,"extra":{"severity":"normal","retries":[],"categories":[],"history":{"statistic":{"failed":0,"broken":0,"skipped":1,"passed":12,"unknown":0,"total":13},"items":[{"uid":"792942e7d21a01dc","reportUrl":"https://RedRoverSchool.github.io/JenkinsQA_06/6459//#testresult/792942e7d21a01dc","status":"passed","time":{"start":1692183880410,"stop":1692183883390,"duration":2980}},{"uid":"fe479fca4f275e81","reportUrl":"https://RedRoverSchool.github.io/JenkinsQA_06/6458//#testresult/fe479fca4f275e81","status":"passed","time":{"start":1692181453278,"stop":1692181457598,"duration":4320}},{"uid":"e3c9ac88e4884fd4","reportUrl":"https://RedRoverSchool.github.io/JenkinsQA_06/6457//#testresult/e3c9ac88e4884fd4","status":"passed","time":{"start":1692162508247,"stop":1692162511515,"duration":3268}},{"uid":"54d85d52b65a6f5f","reportUrl":"https://RedRoverSchool.github.io/JenkinsQA_06/6456//#testresult/54d85d52b65a6f5f","status":"passed","time":{"start":1692127418667,"stop":1692127421851,"duration":3184}},{"uid":"31de07270df624d0","reportUrl":"https://RedRoverSchool.github.io/JenkinsQA_06/6455//#testresult/31de07270df624d0","status":"passed","time":{"start":1692122719576,"stop":1692122723226,"duration":3650}},{"uid":"e4dc873083efe38","reportUrl":"https://RedRoverSchool.github.io/JenkinsQA_06/6454//#testresult/e4dc873083efe38","status":"passed","time":{"start":1692118646339,"stop":1692118650284,"duration":3945}},{"uid":"e647d321382bc75c","reportUrl":"https://RedRoverSchool.github.io/JenkinsQA_06/6452//#testresult/e647d321382bc75c","status":"passed","time":{"start":1692100801135,"stop":1692100805828,"duration":4693}},{"uid":"71eca8f85edafd58","reportUrl":"https://RedRoverSchool.github.io/JenkinsQA_06/6452//#testresult/71eca8f85edafd58","status":"passed","time":{"start":1692096567964,"stop":1692096570625,"duration":2661}},{"uid":"8fa0f956fdf4f660","reportUrl":"https://RedRoverSchool.github.io/JenkinsQA_06/6453//#testresult/8fa0f956fdf4f660","status":"passed","time":{"start":1692093878806,"stop":1692093882107,"duration":3301}},{"uid":"21d1c972af46917c","reportUrl":"https://RedRoverSchool.github.io/JenkinsQA_06/6452//#testresult/21d1c972af46917c","status":"passed","time":{"start":1692091631230,"stop":1692091634707,"duration":3477}},{"uid":"531ffca091da3e38","reportUrl":"https://RedRoverSchool.github.io/JenkinsQA_06/6450//#testresult/531ffca091da3e38","status":"passed","time":{"start":1692090634804,"stop":1692090638575,"duration":3771}},{"uid":"438503bb740d251a","reportUrl":"https://RedRoverSchool.github.io/JenkinsQA_06/6449//#testresult/438503bb740d251a","status":"passed","time":{"start":1692089248791,"stop":1692089252994,"duration":4203}}]},"tags":[]},"source":"b06f1b2c221006fb.json","parameterValues":[]}