{"uid":"c2cde60bfadd141a","name":"testRenameWithInvalidData","fullName":"school.redrover.MultibranchPipelineTest.testRenameWithInvalidData","historyId":"9039cf6ec2e3bb8d75de87fc34d0c679","time":{"start":1692200053658,"stop":1692200053658,"duration":0},"description":"Verification of impossibility to rename Multibranch Pipeline project with invalid data","descriptionHtml":"<p>Verification of impossibility to rename Multibranch Pipeline project with invalid data</p>\n","status":"skipped","statusMessage":"java.lang.RuntimeException: Authorization does not work with user: \"admin\" and password: \"5e0aef0b28024018aa59bd5f2cd22fc8\"","statusTrace":"java.lang.RuntimeException: java.lang.RuntimeException: Authorization does not work with user: \"admin\" and password: \"5e0aef0b28024018aa59bd5f2cd22fc8\"\n\tat school.redrover.runner.BaseTest.beforeMethod(BaseTest.java:50)\n\tat jdk.internal.reflect.GeneratedMethodAccessor61.invoke(Unknown Source)\n\tat java.base/jdk.internal.reflect.DelegatingMethodAccessorImpl.invoke(DelegatingMethodAccessorImpl.java:43)\n\tat java.base/java.lang.reflect.Method.invoke(Method.java:568)\n\tat org.testng.internal.invokers.MethodInvocationHelper.invokeMethod(MethodInvocationHelper.java:139)\n\tat org.testng.internal.invokers.MethodInvocationHelper.invokeMethodConsideringTimeout(MethodInvocationHelper.java:69)\n\tat org.testng.internal.invokers.ConfigInvoker.invokeConfigurationMethod(ConfigInvoker.java:361)\n\tat org.testng.internal.invokers.ConfigInvoker.invokeConfigurations(ConfigInvoker.java:296)\n\tat org.testng.internal.invokers.TestInvoker.runConfigMethods(TestInvoker.java:823)\n\tat org.testng.internal.invokers.TestInvoker.invokeMethod(TestInvoker.java:590)\n\tat org.testng.internal.invokers.TestInvoker.invokeTestMethod(TestInvoker.java:221)\n\tat org.testng.internal.invokers.MethodRunner.runInSequence(MethodRunner.java:50)\n\tat org.testng.internal.invokers.TestInvoker$MethodInvocationAgent.invoke(TestInvoker.java:969)\n\tat org.testng.internal.invokers.TestInvoker.invokeTestMethods(TestInvoker.java:194)\n\tat org.testng.internal.invokers.TestMethodWorker.invokeTestMethods(TestMethodWorker.java:148)\n\tat org.testng.internal.invokers.TestMethodWorker.run(TestMethodWorker.java:128)\n\tat java.base/java.util.concurrent.ThreadPoolExecutor.runWorker(ThreadPoolExecutor.java:1136)\n\tat java.base/java.util.concurrent.ThreadPoolExecutor$Worker.run(ThreadPoolExecutor.java:635)\n\tat java.base/java.lang.Thread.run(Thread.java:833)\nCaused by: java.lang.RuntimeException: Authorization does not work with user: \"admin\" and password: \"5e0aef0b28024018aa59bd5f2cd22fc8\"\n\tat school.redrover.runner.JenkinsUtils.getPage(JenkinsUtils.java:108)\n\tat school.redrover.runner.JenkinsUtils.deleteViews(JenkinsUtils.java:131)\n\tat school.redrover.runner.JenkinsUtils.clearData(JenkinsUtils.java:167)\n\tat school.redrover.runner.BaseTest.clearData(BaseTest.java:58)\n\tat school.redrover.runner.BaseTest.beforeMethod(BaseTest.java:41)\n\t... 18 more\n","flaky":false,"newFailed":false,"newBroken":false,"newPassed":false,"retriesCount":0,"retriesStatusChange":false,"beforeStages":[{"name":"beforeClass","time":{"start":1692198107130,"stop":1692198107130,"duration":0},"description":"","status":"passed","steps":[],"attachments":[],"parameters":[],"stepsCount":0,"attachmentsCount":0,"shouldDisplayMessage":false,"hasContent":false},{"name":"beforeMethod","time":{"start":1692200053657,"stop":1692200053657,"duration":0},"description":"","status":"broken","steps":[],"attachments":[],"parameters":[],"stepsCount":0,"attachmentsCount":0,"shouldDisplayMessage":false,"hasContent":false}],"afterStages":[{"name":"afterMethod","time":{"start":1692200053658,"stop":1692200053658,"duration":0},"description":"","status":"broken","steps":[],"attachments":[],"parameters":[],"stepsCount":0,"attachmentsCount":0,"shouldDisplayMessage":false,"hasContent":false}],"labels":[{"name":"package","value":"school.redrover.MultibranchPipelineTest"},{"name":"testClass","value":"school.redrover.MultibranchPipelineTest"},{"name":"testMethod","value":"testRenameWithInvalidData"},{"name":"parentSuite","value":"AllTestsSuite"},{"name":"suite","value":"AllTests"},{"name":"subSuite","value":"school.redrover.MultibranchPipelineTest"},{"name":"host","value":"fv-az1104-872"},{"name":"thread","value":"2641@fv-az1104-872.TestNG-test=AllTests-10(26)"},{"name":"framework","value":"testng"},{"name":"language","value":"java"},{"name":"feature","value":"Function"},{"name":"severity","value":"normal"},{"name":"resultFormat","value":"allure2"}],"parameters":[{"name":"arg0","value":"["},{"name":"arg1","value":"["}],"links":[],"hidden":false,"retry":false,"extra":{"severity":"normal","retries":[],"categories":[],"history":{"statistic":{"failed":0,"broken":1,"skipped":1,"passed":11,"unknown":0,"total":13},"items":[{"uid":"1474a2cd282a93d","reportUrl":"https://RedRoverSchool.github.io/JenkinsQA_06/6459//#testresult/1474a2cd282a93d","status":"passed","time":{"start":1692184311916,"stop":1692184313883,"duration":1967}},{"uid":"6ca7189851e87c","reportUrl":"https://RedRoverSchool.github.io/JenkinsQA_06/6458//#testresult/6ca7189851e87c","status":"broken","statusDetails":"no such element: Unable to locate element: {\"method\":\"link text\",\"selector\":\"Rename\"}\n  (Session info: chrome=115.0.5790.170)\nFor documentation on this error, please visit: https://selenium.dev/exceptions/#no_such_element\nBuild info: version: '4.8.3', revision: 'e5e76298c3'\nSystem info: os.name: 'Linux', os.arch: 'amd64', os.version: '5.15.0-1042-azure', java.version: '17.0.8'\nDriver info: org.openqa.selenium.chrome.ChromeDriver\nCommand: [747f72b89dc8eeb96ac5152081b82a8a, findElement {using=link text, value=Rename}]\nCapabilities {acceptInsecureCerts: false, browserName: chrome, browserVersion: 115.0.5790.170, chrome: {chromedriverVersion: 114.0.5735.90 (386bc09e8f4f..., userDataDir: /tmp/.com.google.Chrome.7k5Oj3}, goog:chromeOptions: {debuggerAddress: localhost:46209}, networkConnectionEnabled: false, pageLoadStrategy: normal, platformName: LINUX, proxy: Proxy(), se:cdp: ws://localhost:46209/devtoo..., se:cdpVersion: 115.0.5790.170, setWindowRect: true, strictFileInteractability: false, timeouts: {implicit: 0, pageLoad: 300000, script: 30000}, unhandledPromptBehavior: dismiss and notify, webauthn:extension:credBlob: true, webauthn:extension:largeBlob: true, webauthn:extension:minPinLength: true, webauthn:extension:prf: true, webauthn:virtualAuthenticators: true}\nSession ID: 747f72b89dc8eeb96ac5152081b82a8a","time":{"start":1692181594726,"stop":1692181610362,"duration":15636}},{"uid":"de5b4387706540d4","reportUrl":"https://RedRoverSchool.github.io/JenkinsQA_06/6457//#testresult/de5b4387706540d4","status":"passed","time":{"start":1692162978419,"stop":1692162980233,"duration":1814}},{"uid":"1533d8652376b81d","reportUrl":"https://RedRoverSchool.github.io/JenkinsQA_06/6456//#testresult/1533d8652376b81d","status":"passed","time":{"start":1692127902479,"stop":1692127904617,"duration":2138}},{"uid":"10a2a916d9e8ddb6","reportUrl":"https://RedRoverSchool.github.io/JenkinsQA_06/6455//#testresult/10a2a916d9e8ddb6","status":"passed","time":{"start":1692123280951,"stop":1692123283721,"duration":2770}},{"uid":"d96a211eebc50c16","reportUrl":"https://RedRoverSchool.github.io/JenkinsQA_06/6454//#testresult/d96a211eebc50c16","status":"passed","time":{"start":1692119211592,"stop":1692119214446,"duration":2854}},{"uid":"ad0d82b0ca5c87e8","reportUrl":"https://RedRoverSchool.github.io/JenkinsQA_06/6452//#testresult/ad0d82b0ca5c87e8","status":"passed","time":{"start":1692101379275,"stop":1692101382209,"duration":2934}},{"uid":"e94a3e36f850c047","reportUrl":"https://RedRoverSchool.github.io/JenkinsQA_06/6452//#testresult/e94a3e36f850c047","status":"passed","time":{"start":1692097005362,"stop":1692097007133,"duration":1771}},{"uid":"6cb225ac22b269ff","reportUrl":"https://RedRoverSchool.github.io/JenkinsQA_06/6453//#testresult/6cb225ac22b269ff","status":"passed","time":{"start":1692094344447,"stop":1692094346450,"duration":2003}},{"uid":"a5bf47ccf1439a43","reportUrl":"https://RedRoverSchool.github.io/JenkinsQA_06/6452//#testresult/a5bf47ccf1439a43","status":"passed","time":{"start":1692092118887,"stop":1692092121249,"duration":2362}},{"uid":"13856972a4089cae","reportUrl":"https://RedRoverSchool.github.io/JenkinsQA_06/6450//#testresult/13856972a4089cae","status":"passed","time":{"start":1692091172349,"stop":1692091174991,"duration":2642}},{"uid":"5df0b680c60a0a3f","reportUrl":"https://RedRoverSchool.github.io/JenkinsQA_06/6449//#testresult/5df0b680c60a0a3f","status":"passed","time":{"start":1692089801061,"stop":1692089803893,"duration":2832}}]},"tags":[]},"source":"c2cde60bfadd141a.json","parameterValues":["[","["]}