{"uid":"d4cfa86a48d03a43","name":"testAddHealthMetrics","fullName":"school.redrover.MultibranchPipelineTest.testAddHealthMetrics","historyId":"78dd978676077a4944c4c0d69b7ee68","time":{"start":1692554496586,"stop":1692554508863,"duration":12277},"description":"The 'child health metrics' can be added to Multibranch Pipeline","descriptionHtml":"<p>The 'child health metrics' can be added to Multibranch Pipeline</p>\n","status":"broken","statusMessage":"element click intercepted: Element <button type=\"button\" class=\"jenkins-button advanced-button advancedButton\">...</button> is not clickable at point (443, 940). Other element would receive the click: <div class=\"page-footer__footer-id-placeholder\" id=\"footer\"></div>\n  (Session info: chrome=115.0.5790.170)\nBuild info: version: '4.8.3', revision: 'e5e76298c3'\nSystem info: os.name: 'Linux', os.arch: 'amd64', os.version: '5.15.0-1042-azure', java.version: '17.0.8'\nDriver info: org.openqa.selenium.chrome.ChromeDriver\nCommand: [cc83a7d1181fb5019f095387d6d6c456, clickElement {id=9797F9C39B220F6F772D455A6A201C83_element_164}]\nCapabilities {acceptInsecureCerts: false, browserName: chrome, browserVersion: 115.0.5790.170, chrome: {chromedriverVersion: 114.0.5735.90 (386bc09e8f4f..., userDataDir: /tmp/.com.google.Chrome.9PVnv8}, goog:chromeOptions: {debuggerAddress: localhost:42925}, networkConnectionEnabled: false, pageLoadStrategy: normal, platformName: LINUX, proxy: Proxy(), se:cdp: ws://localhost:42925/devtoo..., se:cdpVersion: 115.0.5790.170, setWindowRect: true, strictFileInteractability: false, timeouts: {implicit: 0, pageLoad: 300000, script: 30000}, unhandledPromptBehavior: dismiss and notify, webauthn:extension:credBlob: true, webauthn:extension:largeBlob: true, webauthn:extension:minPinLength: true, webauthn:extension:prf: true, webauthn:virtualAuthenticators: true}\nElement: [[ChromeDriver: chrome on LINUX (cc83a7d1181fb5019f095387d6d6c456)] -> xpath: (//button[contains(text(), 'Health metrics')])[1]]\nSession ID: cc83a7d1181fb5019f095387d6d6c456","statusTrace":"org.openqa.selenium.ElementClickInterceptedException: element click intercepted: Element <button type=\"button\" class=\"jenkins-button advanced-button advancedButton\">...</button> is not clickable at point (443, 940). Other element would receive the click: <div class=\"page-footer__footer-id-placeholder\" id=\"footer\"></div>\n  (Session info: chrome=115.0.5790.170)\nBuild info: version: '4.8.3', revision: 'e5e76298c3'\nSystem info: os.name: 'Linux', os.arch: 'amd64', os.version: '5.15.0-1042-azure', java.version: '17.0.8'\nDriver info: org.openqa.selenium.chrome.ChromeDriver\nCommand: [cc83a7d1181fb5019f095387d6d6c456, clickElement {id=9797F9C39B220F6F772D455A6A201C83_element_164}]\nCapabilities {acceptInsecureCerts: false, browserName: chrome, browserVersion: 115.0.5790.170, chrome: {chromedriverVersion: 114.0.5735.90 (386bc09e8f4f..., userDataDir: /tmp/.com.google.Chrome.9PVnv8}, goog:chromeOptions: {debuggerAddress: localhost:42925}, networkConnectionEnabled: false, pageLoadStrategy: normal, platformName: LINUX, proxy: Proxy(), se:cdp: ws://localhost:42925/devtoo..., se:cdpVersion: 115.0.5790.170, setWindowRect: true, strictFileInteractability: false, timeouts: {implicit: 0, pageLoad: 300000, script: 30000}, unhandledPromptBehavior: dismiss and notify, webauthn:extension:credBlob: true, webauthn:extension:largeBlob: true, webauthn:extension:minPinLength: true, webauthn:extension:prf: true, webauthn:virtualAuthenticators: true}\nElement: [[ChromeDriver: chrome on LINUX (cc83a7d1181fb5019f095387d6d6c456)] -> xpath: (//button[contains(text(), 'Health metrics')])[1]]\nSession ID: cc83a7d1181fb5019f095387d6d6c456\n\tat java.base/jdk.internal.reflect.NativeConstructorAccessorImpl.newInstance0(Native Method)\n\tat java.base/jdk.internal.reflect.NativeConstructorAccessorImpl.newInstance(NativeConstructorAccessorImpl.java:77)\n\tat java.base/jdk.internal.reflect.DelegatingConstructorAccessorImpl.newInstance(DelegatingConstructorAccessorImpl.java:45)\n\tat java.base/java.lang.reflect.Constructor.newInstanceWithCaller(Constructor.java:499)\n\tat java.base/java.lang.reflect.Constructor.newInstance(Constructor.java:480)\n\tat org.openqa.selenium.remote.codec.w3c.W3CHttpResponseCodec.createException(W3CHttpResponseCodec.java:200)\n\tat org.openqa.selenium.remote.codec.w3c.W3CHttpResponseCodec.decode(W3CHttpResponseCodec.java:133)\n\tat org.openqa.selenium.remote.codec.w3c.W3CHttpResponseCodec.decode(W3CHttpResponseCodec.java:53)\n\tat org.openqa.selenium.remote.HttpCommandExecutor.execute(HttpCommandExecutor.java:193)\n\tat org.openqa.selenium.remote.service.DriverCommandExecutor.invokeExecute(DriverCommandExecutor.java:183)\n\tat org.openqa.selenium.remote.service.DriverCommandExecutor.execute(DriverCommandExecutor.java:158)\n\tat org.openqa.selenium.remote.RemoteWebDriver.execute(RemoteWebDriver.java:543)\n\tat org.openqa.selenium.remote.RemoteWebElement.execute(RemoteWebElement.java:257)\n\tat org.openqa.selenium.remote.RemoteWebElement.click(RemoteWebElement.java:78)\n\tat jdk.internal.reflect.GeneratedMethodAccessor153.invoke(Unknown Source)\n\tat java.base/jdk.internal.reflect.DelegatingMethodAccessorImpl.invoke(DelegatingMethodAccessorImpl.java:43)\n\tat java.base/java.lang.reflect.Method.invoke(Method.java:568)\n\tat org.openqa.selenium.support.pagefactory.internal.LocatingElementHandler.invoke(LocatingElementHandler.java:52)\n\tat jdk.proxy2/jdk.proxy2.$Proxy28.click(Unknown Source)\n\tat school.redrover.model.base.baseConfig.BaseConfigFoldersPage.clickHealthMetrics(BaseConfigFoldersPage.java:69)\n\tat school.redrover.model.base.baseConfig.BaseConfigFoldersPage.addHealthMetrics(BaseConfigFoldersPage.java:76)\n\tat school.redrover.MultibranchPipelineTest.testAddHealthMetrics(MultibranchPipelineTest.java:735)\n\tat java.base/jdk.internal.reflect.NativeMethodAccessorImpl.invoke0(Native Method)\n\tat java.base/jdk.internal.reflect.NativeMethodAccessorImpl.invoke(NativeMethodAccessorImpl.java:77)\n\tat java.base/jdk.internal.reflect.DelegatingMethodAccessorImpl.invoke(DelegatingMethodAccessorImpl.java:43)\n\tat java.base/java.lang.reflect.Method.invoke(Method.java:568)\n\tat org.testng.internal.invokers.MethodInvocationHelper.invokeMethod(MethodInvocationHelper.java:139)\n\tat org.testng.internal.invokers.TestInvoker.invokeMethod(TestInvoker.java:677)\n\tat org.testng.internal.invokers.TestInvoker.invokeTestMethod(TestInvoker.java:221)\n\tat org.testng.internal.invokers.MethodRunner.runInSequence(MethodRunner.java:50)\n\tat org.testng.internal.invokers.TestInvoker$MethodInvocationAgent.invoke(TestInvoker.java:969)\n\tat org.testng.internal.invokers.TestInvoker.invokeTestMethods(TestInvoker.java:194)\n\tat org.testng.internal.invokers.TestMethodWorker.invokeTestMethods(TestMethodWorker.java:148)\n\tat org.testng.internal.invokers.TestMethodWorker.run(TestMethodWorker.java:128)\n\tat java.base/java.util.concurrent.ThreadPoolExecutor.runWorker(ThreadPoolExecutor.java:1136)\n\tat java.base/java.util.concurrent.ThreadPoolExecutor$Worker.run(ThreadPoolExecutor.java:635)\n\tat java.base/java.lang.Thread.run(Thread.java:833)\n","flaky":false,"newFailed":false,"newBroken":true,"newPassed":false,"retriesCount":0,"retriesStatusChange":false,"beforeStages":[{"name":"beforeClass","time":{"start":1692554422917,"stop":1692554422917,"duration":0},"description":"","status":"passed","steps":[{"name":"Lock Instance","time":{"start":1692554422917,"stop":1692554422917,"duration":0},"status":"passed","steps":[],"attachments":[{"uid":"8e31620855168c93","name":"Locked instance: ","source":"8e31620855168c93.txt","type":"text/plain","size":22}],"parameters":[],"stepsCount":0,"attachmentsCount":1,"shouldDisplayMessage":false,"hasContent":true}],"attachments":[],"parameters":[],"stepsCount":1,"attachmentsCount":1,"shouldDisplayMessage":false,"hasContent":true},{"name":"beforeMethod","time":{"start":1692554493540,"stop":1692554496584,"duration":3044},"description":"","status":"passed","steps":[{"name":"Open instance ChromeDriver: chrome on LINUX (cc83a7d1181fb5019f095387d6d6c456)","time":{"start":1692554495253,"stop":1692554495492,"duration":239},"status":"passed","steps":[],"attachments":[],"parameters":[{"name":"driver","value":"ChromeDriver: chrome on LINUX (cc83a7d1181fb5019f095387d6d6c456)"},{"name":"url","value":"http://localhost:8082/"}],"stepsCount":0,"attachmentsCount":0,"shouldDisplayMessage":false,"hasContent":true}],"attachments":[],"parameters":[],"stepsCount":1,"attachmentsCount":0,"shouldDisplayMessage":false,"hasContent":true}],"testStage":{"description":"The 'child health metrics' can be added to Multibranch Pipeline","status":"broken","statusMessage":"element click intercepted: Element <button type=\"button\" class=\"jenkins-button advanced-button advancedButton\">...</button> is not clickable at point (443, 940). Other element would receive the click: <div class=\"page-footer__footer-id-placeholder\" id=\"footer\"></div>\n  (Session info: chrome=115.0.5790.170)\nBuild info: version: '4.8.3', revision: 'e5e76298c3'\nSystem info: os.name: 'Linux', os.arch: 'amd64', os.version: '5.15.0-1042-azure', java.version: '17.0.8'\nDriver info: org.openqa.selenium.chrome.ChromeDriver\nCommand: [cc83a7d1181fb5019f095387d6d6c456, clickElement {id=9797F9C39B220F6F772D455A6A201C83_element_164}]\nCapabilities {acceptInsecureCerts: false, browserName: chrome, browserVersion: 115.0.5790.170, chrome: {chromedriverVersion: 114.0.5735.90 (386bc09e8f4f..., userDataDir: /tmp/.com.google.Chrome.9PVnv8}, goog:chromeOptions: {debuggerAddress: localhost:42925}, networkConnectionEnabled: false, pageLoadStrategy: normal, platformName: LINUX, proxy: Proxy(), se:cdp: ws://localhost:42925/devtoo..., se:cdpVersion: 115.0.5790.170, setWindowRect: true, strictFileInteractability: false, timeouts: {implicit: 0, pageLoad: 300000, script: 30000}, unhandledPromptBehavior: dismiss and notify, webauthn:extension:credBlob: true, webauthn:extension:largeBlob: true, webauthn:extension:minPinLength: true, webauthn:extension:prf: true, webauthn:virtualAuthenticators: true}\nElement: [[ChromeDriver: chrome on LINUX (cc83a7d1181fb5019f095387d6d6c456)] -> xpath: (//button[contains(text(), 'Health metrics')])[1]]\nSession ID: cc83a7d1181fb5019f095387d6d6c456","statusTrace":"org.openqa.selenium.ElementClickInterceptedException: element click intercepted: Element <button type=\"button\" class=\"jenkins-button advanced-button advancedButton\">...</button> is not clickable at point (443, 940). Other element would receive the click: <div class=\"page-footer__footer-id-placeholder\" id=\"footer\"></div>\n  (Session info: chrome=115.0.5790.170)\nBuild info: version: '4.8.3', revision: 'e5e76298c3'\nSystem info: os.name: 'Linux', os.arch: 'amd64', os.version: '5.15.0-1042-azure', java.version: '17.0.8'\nDriver info: org.openqa.selenium.chrome.ChromeDriver\nCommand: [cc83a7d1181fb5019f095387d6d6c456, clickElement {id=9797F9C39B220F6F772D455A6A201C83_element_164}]\nCapabilities {acceptInsecureCerts: false, browserName: chrome, browserVersion: 115.0.5790.170, chrome: {chromedriverVersion: 114.0.5735.90 (386bc09e8f4f..., userDataDir: /tmp/.com.google.Chrome.9PVnv8}, goog:chromeOptions: {debuggerAddress: localhost:42925}, networkConnectionEnabled: false, pageLoadStrategy: normal, platformName: LINUX, proxy: Proxy(), se:cdp: ws://localhost:42925/devtoo..., se:cdpVersion: 115.0.5790.170, setWindowRect: true, strictFileInteractability: false, timeouts: {implicit: 0, pageLoad: 300000, script: 30000}, unhandledPromptBehavior: dismiss and notify, webauthn:extension:credBlob: true, webauthn:extension:largeBlob: true, webauthn:extension:minPinLength: true, webauthn:extension:prf: true, webauthn:virtualAuthenticators: true}\nElement: [[ChromeDriver: chrome on LINUX (cc83a7d1181fb5019f095387d6d6c456)] -> xpath: (//button[contains(text(), 'Health metrics')])[1]]\nSession ID: cc83a7d1181fb5019f095387d6d6c456\n\tat java.base/jdk.internal.reflect.NativeConstructorAccessorImpl.newInstance0(Native Method)\n\tat java.base/jdk.internal.reflect.NativeConstructorAccessorImpl.newInstance(NativeConstructorAccessorImpl.java:77)\n\tat java.base/jdk.internal.reflect.DelegatingConstructorAccessorImpl.newInstance(DelegatingConstructorAccessorImpl.java:45)\n\tat java.base/java.lang.reflect.Constructor.newInstanceWithCaller(Constructor.java:499)\n\tat java.base/java.lang.reflect.Constructor.newInstance(Constructor.java:480)\n\tat org.openqa.selenium.remote.codec.w3c.W3CHttpResponseCodec.createException(W3CHttpResponseCodec.java:200)\n\tat org.openqa.selenium.remote.codec.w3c.W3CHttpResponseCodec.decode(W3CHttpResponseCodec.java:133)\n\tat org.openqa.selenium.remote.codec.w3c.W3CHttpResponseCodec.decode(W3CHttpResponseCodec.java:53)\n\tat org.openqa.selenium.remote.HttpCommandExecutor.execute(HttpCommandExecutor.java:193)\n\tat org.openqa.selenium.remote.service.DriverCommandExecutor.invokeExecute(DriverCommandExecutor.java:183)\n\tat org.openqa.selenium.remote.service.DriverCommandExecutor.execute(DriverCommandExecutor.java:158)\n\tat org.openqa.selenium.remote.RemoteWebDriver.execute(RemoteWebDriver.java:543)\n\tat org.openqa.selenium.remote.RemoteWebElement.execute(RemoteWebElement.java:257)\n\tat org.openqa.selenium.remote.RemoteWebElement.click(RemoteWebElement.java:78)\n\tat jdk.internal.reflect.GeneratedMethodAccessor153.invoke(Unknown Source)\n\tat java.base/jdk.internal.reflect.DelegatingMethodAccessorImpl.invoke(DelegatingMethodAccessorImpl.java:43)\n\tat java.base/java.lang.reflect.Method.invoke(Method.java:568)\n\tat org.openqa.selenium.support.pagefactory.internal.LocatingElementHandler.invoke(LocatingElementHandler.java:52)\n\tat jdk.proxy2/jdk.proxy2.$Proxy28.click(Unknown Source)\n\tat school.redrover.model.base.baseConfig.BaseConfigFoldersPage.clickHealthMetrics(BaseConfigFoldersPage.java:69)\n\tat school.redrover.model.base.baseConfig.BaseConfigFoldersPage.addHealthMetrics(BaseConfigFoldersPage.java:76)\n\tat school.redrover.MultibranchPipelineTest.testAddHealthMetrics(MultibranchPipelineTest.java:735)\n\tat java.base/jdk.internal.reflect.NativeMethodAccessorImpl.invoke0(Native Method)\n\tat java.base/jdk.internal.reflect.NativeMethodAccessorImpl.invoke(NativeMethodAccessorImpl.java:77)\n\tat java.base/jdk.internal.reflect.DelegatingMethodAccessorImpl.invoke(DelegatingMethodAccessorImpl.java:43)\n\tat java.base/java.lang.reflect.Method.invoke(Method.java:568)\n\tat org.testng.internal.invokers.MethodInvocationHelper.invokeMethod(MethodInvocationHelper.java:139)\n\tat org.testng.internal.invokers.TestInvoker.invokeMethod(TestInvoker.java:677)\n\tat org.testng.internal.invokers.TestInvoker.invokeTestMethod(TestInvoker.java:221)\n\tat org.testng.internal.invokers.MethodRunner.runInSequence(MethodRunner.java:50)\n\tat org.testng.internal.invokers.TestInvoker$MethodInvocationAgent.invoke(TestInvoker.java:969)\n\tat org.testng.internal.invokers.TestInvoker.invokeTestMethods(TestInvoker.java:194)\n\tat org.testng.internal.invokers.TestMethodWorker.invokeTestMethods(TestMethodWorker.java:148)\n\tat org.testng.internal.invokers.TestMethodWorker.run(TestMethodWorker.java:128)\n\tat java.base/java.util.concurrent.ThreadPoolExecutor.runWorker(ThreadPoolExecutor.java:1136)\n\tat java.base/java.util.concurrent.ThreadPoolExecutor$Worker.run(ThreadPoolExecutor.java:635)\n\tat java.base/java.lang.Thread.run(Thread.java:833)\n","steps":[{"name":"Click on 'New Item' in the side menu","time":{"start":1692554496586,"stop":1692554498122,"duration":1536},"status":"passed","steps":[],"attachments":[],"parameters":[],"stepsCount":0,"attachmentsCount":0,"shouldDisplayMessage":false,"hasContent":false},{"name":"Input the New Item name","time":{"start":1692554498122,"stop":1692554499066,"duration":944},"status":"passed","steps":[],"attachments":[],"parameters":[{"name":"jobName","value":"MultibranchPipeline"}],"stepsCount":0,"attachmentsCount":0,"shouldDisplayMessage":false,"hasContent":true},{"name":"Select Job Type on NewJobPage","time":{"start":1692554499066,"stop":1692554499625,"duration":559},"status":"passed","steps":[],"attachments":[],"parameters":[{"name":"jobType","value":"MultibranchPipeline"}],"stepsCount":0,"attachmentsCount":0,"shouldDisplayMessage":false,"hasContent":true},{"name":"Click 'OK' button","time":{"start":1692554499625,"stop":1692554500203,"duration":578},"status":"passed","steps":[],"attachments":[],"parameters":[{"name":"jobConfigPage","value":"school.redrover.model.jobsConfig.MultibranchPipelineConfigPage@36c1080d"}],"stepsCount":0,"attachmentsCount":0,"shouldDisplayMessage":false,"hasContent":true},{"name":"Click 'Save' button on the BaseConfigPage page","time":{"start":1692554500203,"stop":1692554501695,"duration":1492},"status":"passed","steps":[],"attachments":[],"parameters":[],"stepsCount":0,"attachmentsCount":0,"shouldDisplayMessage":false,"hasContent":false},{"name":"Get Header","time":{"start":1692554501695,"stop":1692554501695,"duration":0},"status":"passed","steps":[],"attachments":[],"parameters":[],"stepsCount":0,"attachmentsCount":0,"shouldDisplayMessage":false,"hasContent":false},{"name":"Click 'Logo' button and move to main page","time":{"start":1692554501695,"stop":1692554502999,"duration":1304},"status":"passed","steps":[],"attachments":[],"parameters":[],"stepsCount":0,"attachmentsCount":0,"shouldDisplayMessage":false,"hasContent":false},{"name":"Click on the 'Configure' button on side menu","time":{"start":1692554504437,"stop":1692554505882,"duration":1445},"status":"passed","steps":[{"name":"Click on the 'Configure' Button on the Base Job Page","time":{"start":1692554504437,"stop":1692554505882,"duration":1445},"status":"passed","steps":[],"attachments":[],"parameters":[],"stepsCount":0,"attachmentsCount":0,"shouldDisplayMessage":false,"hasContent":false}],"attachments":[],"parameters":[],"stepsCount":1,"attachmentsCount":0,"shouldDisplayMessage":false,"hasContent":true},{"name":"Add health metrics","time":{"start":1692554505883,"stop":1692554508862,"duration":2979},"status":"broken","statusMessage":"element click intercepted: Element <button type=\"button\" class=\"jenkins-button advanced-button advancedButton\">...</button> is not clickable at point (443, 940). Other element would receive the click: <div class=\"page-footer__footer-id-placeholder\" id=\"footer\"></div>\n  (Session info: chrome=115.0.5790.170)\nBuild info: version: '4.8.3', revision: 'e5e76298c3'\nSystem info: os.name: 'Linux', os.arch: 'amd64', os.version: '5.15.0-1042-azure', java.version: '17.0.8'\nDriver info: org.openqa.selenium.chrome.ChromeDriver\nCommand: [cc83a7d1181fb5019f095387d6d6c456, clickElement {id=9797F9C39B220F6F772D455A6A201C83_element_164}]\nCapabilities {acceptInsecureCerts: false, browserName: chrome, browserVersion: 115.0.5790.170, chrome: {chromedriverVersion: 114.0.5735.90 (386bc09e8f4f..., userDataDir: /tmp/.com.google.Chrome.9PVnv8}, goog:chromeOptions: {debuggerAddress: localhost:42925}, networkConnectionEnabled: false, pageLoadStrategy: normal, platformName: LINUX, proxy: Proxy(), se:cdp: ws://localhost:42925/devtoo..., se:cdpVersion: 115.0.5790.170, setWindowRect: true, strictFileInteractability: false, timeouts: {implicit: 0, pageLoad: 300000, script: 30000}, unhandledPromptBehavior: dismiss and notify, webauthn:extension:credBlob: true, webauthn:extension:largeBlob: true, webauthn:extension:minPinLength: true, webauthn:extension:prf: true, webauthn:virtualAuthenticators: true}\nElement: [[ChromeDriver: chrome on LINUX (cc83a7d1181fb5019f095387d6d6c456)] -> xpath: (//button[contains(text(), 'Health metrics')])[1]]\nSession ID: cc83a7d1181fb5019f095387d6d6c456","statusTrace":"org.openqa.selenium.ElementClickInterceptedException: element click intercepted: Element <button type=\"button\" class=\"jenkins-button advanced-button advancedButton\">...</button> is not clickable at point (443, 940). Other element would receive the click: <div class=\"page-footer__footer-id-placeholder\" id=\"footer\"></div>\n  (Session info: chrome=115.0.5790.170)\nBuild info: version: '4.8.3', revision: 'e5e76298c3'\nSystem info: os.name: 'Linux', os.arch: 'amd64', os.version: '5.15.0-1042-azure', java.version: '17.0.8'\nDriver info: org.openqa.selenium.chrome.ChromeDriver\nCommand: [cc83a7d1181fb5019f095387d6d6c456, clickElement {id=9797F9C39B220F6F772D455A6A201C83_element_164}]\nCapabilities {acceptInsecureCerts: false, browserName: chrome, browserVersion: 115.0.5790.170, chrome: {chromedriverVersion: 114.0.5735.90 (386bc09e8f4f..., userDataDir: /tmp/.com.google.Chrome.9PVnv8}, goog:chromeOptions: {debuggerAddress: localhost:42925}, networkConnectionEnabled: false, pageLoadStrategy: normal, platformName: LINUX, proxy: Proxy(), se:cdp: ws://localhost:42925/devtoo..., se:cdpVersion: 115.0.5790.170, setWindowRect: true, strictFileInteractability: false, timeouts: {implicit: 0, pageLoad: 300000, script: 30000}, unhandledPromptBehavior: dismiss and notify, webauthn:extension:credBlob: true, webauthn:extension:largeBlob: true, webauthn:extension:minPinLength: true, webauthn:extension:prf: true, webauthn:virtualAuthenticators: true}\nElement: [[ChromeDriver: chrome on LINUX (cc83a7d1181fb5019f095387d6d6c456)] -> xpath: (//button[contains(text(), 'Health metrics')])[1]]\nSession ID: cc83a7d1181fb5019f095387d6d6c456\n\tat java.base/jdk.internal.reflect.NativeConstructorAccessorImpl.newInstance0(Native Method)\n\tat java.base/jdk.internal.reflect.NativeConstructorAccessorImpl.newInstance(NativeConstructorAccessorImpl.java:77)\n\tat java.base/jdk.internal.reflect.DelegatingConstructorAccessorImpl.newInstance(DelegatingConstructorAccessorImpl.java:45)\n\tat java.base/java.lang.reflect.Constructor.newInstanceWithCaller(Constructor.java:499)\n\tat java.base/java.lang.reflect.Constructor.newInstance(Constructor.java:480)\n\tat org.openqa.selenium.remote.codec.w3c.W3CHttpResponseCodec.createException(W3CHttpResponseCodec.java:200)\n\tat org.openqa.selenium.remote.codec.w3c.W3CHttpResponseCodec.decode(W3CHttpResponseCodec.java:133)\n\tat org.openqa.selenium.remote.codec.w3c.W3CHttpResponseCodec.decode(W3CHttpResponseCodec.java:53)\n\tat org.openqa.selenium.remote.HttpCommandExecutor.execute(HttpCommandExecutor.java:193)\n\tat org.openqa.selenium.remote.service.DriverCommandExecutor.invokeExecute(DriverCommandExecutor.java:183)\n\tat org.openqa.selenium.remote.service.DriverCommandExecutor.execute(DriverCommandExecutor.java:158)\n\tat org.openqa.selenium.remote.RemoteWebDriver.execute(RemoteWebDriver.java:543)\n\tat org.openqa.selenium.remote.RemoteWebElement.execute(RemoteWebElement.java:257)\n\tat org.openqa.selenium.remote.RemoteWebElement.click(RemoteWebElement.java:78)\n\tat jdk.internal.reflect.GeneratedMethodAccessor153.invoke(Unknown Source)\n\tat java.base/jdk.internal.reflect.DelegatingMethodAccessorImpl.invoke(DelegatingMethodAccessorImpl.java:43)\n\tat java.base/java.lang.reflect.Method.invoke(Method.java:568)\n\tat org.openqa.selenium.support.pagefactory.internal.LocatingElementHandler.invoke(LocatingElementHandler.java:52)\n\tat jdk.proxy2/jdk.proxy2.$Proxy28.click(Unknown Source)\n\tat school.redrover.model.base.baseConfig.BaseConfigFoldersPage.clickHealthMetrics(BaseConfigFoldersPage.java:69)\n\tat school.redrover.model.base.baseConfig.BaseConfigFoldersPage.addHealthMetrics(BaseConfigFoldersPage.java:76)\n\tat school.redrover.MultibranchPipelineTest.testAddHealthMetrics(MultibranchPipelineTest.java:735)\n\tat java.base/jdk.internal.reflect.NativeMethodAccessorImpl.invoke0(Native Method)\n\tat java.base/jdk.internal.reflect.NativeMethodAccessorImpl.invoke(NativeMethodAccessorImpl.java:77)\n\tat java.base/jdk.internal.reflect.DelegatingMethodAccessorImpl.invoke(DelegatingMethodAccessorImpl.java:43)\n\tat java.base/java.lang.reflect.Method.invoke(Method.java:568)\n\tat org.testng.internal.invokers.MethodInvocationHelper.invokeMethod(MethodInvocationHelper.java:139)\n\tat org.testng.internal.invokers.TestInvoker.invokeMethod(TestInvoker.java:677)\n\tat org.testng.internal.invokers.TestInvoker.invokeTestMethod(TestInvoker.java:221)\n\tat org.testng.internal.invokers.MethodRunner.runInSequence(MethodRunner.java:50)\n\tat org.testng.internal.invokers.TestInvoker$MethodInvocationAgent.invoke(TestInvoker.java:969)\n\tat org.testng.internal.invokers.TestInvoker.invokeTestMethods(TestInvoker.java:194)\n\tat org.testng.internal.invokers.TestMethodWorker.invokeTestMethods(TestMethodWorker.java:148)\n\tat org.testng.internal.invokers.TestMethodWorker.run(TestMethodWorker.java:128)\n\tat java.base/java.util.concurrent.ThreadPoolExecutor.runWorker(ThreadPoolExecutor.java:1136)\n\tat java.base/java.util.concurrent.ThreadPoolExecutor$Worker.run(ThreadPoolExecutor.java:635)\n\tat java.base/java.lang.Thread.run(Thread.java:833)\n","steps":[{"name":"Clear health metrics","time":{"start":1692554505883,"stop":1692554508862,"duration":2979},"status":"broken","statusMessage":"element click intercepted: Element <button type=\"button\" class=\"jenkins-button advanced-button advancedButton\">...</button> is not clickable at point (443, 940). Other element would receive the click: <div class=\"page-footer__footer-id-placeholder\" id=\"footer\"></div>\n  (Session info: chrome=115.0.5790.170)\nBuild info: version: '4.8.3', revision: 'e5e76298c3'\nSystem info: os.name: 'Linux', os.arch: 'amd64', os.version: '5.15.0-1042-azure', java.version: '17.0.8'\nDriver info: org.openqa.selenium.chrome.ChromeDriver\nCommand: [cc83a7d1181fb5019f095387d6d6c456, clickElement {id=9797F9C39B220F6F772D455A6A201C83_element_164}]\nCapabilities {acceptInsecureCerts: false, browserName: chrome, browserVersion: 115.0.5790.170, chrome: {chromedriverVersion: 114.0.5735.90 (386bc09e8f4f..., userDataDir: /tmp/.com.google.Chrome.9PVnv8}, goog:chromeOptions: {debuggerAddress: localhost:42925}, networkConnectionEnabled: false, pageLoadStrategy: normal, platformName: LINUX, proxy: Proxy(), se:cdp: ws://localhost:42925/devtoo..., se:cdpVersion: 115.0.5790.170, setWindowRect: true, strictFileInteractability: false, timeouts: {implicit: 0, pageLoad: 300000, script: 30000}, unhandledPromptBehavior: dismiss and notify, webauthn:extension:credBlob: true, webauthn:extension:largeBlob: true, webauthn:extension:minPinLength: true, webauthn:extension:prf: true, webauthn:virtualAuthenticators: true}\nElement: [[ChromeDriver: chrome on LINUX (cc83a7d1181fb5019f095387d6d6c456)] -> xpath: (//button[contains(text(), 'Health metrics')])[1]]\nSession ID: cc83a7d1181fb5019f095387d6d6c456","statusTrace":"org.openqa.selenium.ElementClickInterceptedException: element click intercepted: Element <button type=\"button\" class=\"jenkins-button advanced-button advancedButton\">...</button> is not clickable at point (443, 940). Other element would receive the click: <div class=\"page-footer__footer-id-placeholder\" id=\"footer\"></div>\n  (Session info: chrome=115.0.5790.170)\nBuild info: version: '4.8.3', revision: 'e5e76298c3'\nSystem info: os.name: 'Linux', os.arch: 'amd64', os.version: '5.15.0-1042-azure', java.version: '17.0.8'\nDriver info: org.openqa.selenium.chrome.ChromeDriver\nCommand: [cc83a7d1181fb5019f095387d6d6c456, clickElement {id=9797F9C39B220F6F772D455A6A201C83_element_164}]\nCapabilities {acceptInsecureCerts: false, browserName: chrome, browserVersion: 115.0.5790.170, chrome: {chromedriverVersion: 114.0.5735.90 (386bc09e8f4f..., userDataDir: /tmp/.com.google.Chrome.9PVnv8}, goog:chromeOptions: {debuggerAddress: localhost:42925}, networkConnectionEnabled: false, pageLoadStrategy: normal, platformName: LINUX, proxy: Proxy(), se:cdp: ws://localhost:42925/devtoo..., se:cdpVersion: 115.0.5790.170, setWindowRect: true, strictFileInteractability: false, timeouts: {implicit: 0, pageLoad: 300000, script: 30000}, unhandledPromptBehavior: dismiss and notify, webauthn:extension:credBlob: true, webauthn:extension:largeBlob: true, webauthn:extension:minPinLength: true, webauthn:extension:prf: true, webauthn:virtualAuthenticators: true}\nElement: [[ChromeDriver: chrome on LINUX (cc83a7d1181fb5019f095387d6d6c456)] -> xpath: (//button[contains(text(), 'Health metrics')])[1]]\nSession ID: cc83a7d1181fb5019f095387d6d6c456\n\tat java.base/jdk.internal.reflect.NativeConstructorAccessorImpl.newInstance0(Native Method)\n\tat java.base/jdk.internal.reflect.NativeConstructorAccessorImpl.newInstance(NativeConstructorAccessorImpl.java:77)\n\tat java.base/jdk.internal.reflect.DelegatingConstructorAccessorImpl.newInstance(DelegatingConstructorAccessorImpl.java:45)\n\tat java.base/java.lang.reflect.Constructor.newInstanceWithCaller(Constructor.java:499)\n\tat java.base/java.lang.reflect.Constructor.newInstance(Constructor.java:480)\n\tat org.openqa.selenium.remote.codec.w3c.W3CHttpResponseCodec.createException(W3CHttpResponseCodec.java:200)\n\tat org.openqa.selenium.remote.codec.w3c.W3CHttpResponseCodec.decode(W3CHttpResponseCodec.java:133)\n\tat org.openqa.selenium.remote.codec.w3c.W3CHttpResponseCodec.decode(W3CHttpResponseCodec.java:53)\n\tat org.openqa.selenium.remote.HttpCommandExecutor.execute(HttpCommandExecutor.java:193)\n\tat org.openqa.selenium.remote.service.DriverCommandExecutor.invokeExecute(DriverCommandExecutor.java:183)\n\tat org.openqa.selenium.remote.service.DriverCommandExecutor.execute(DriverCommandExecutor.java:158)\n\tat org.openqa.selenium.remote.RemoteWebDriver.execute(RemoteWebDriver.java:543)\n\tat org.openqa.selenium.remote.RemoteWebElement.execute(RemoteWebElement.java:257)\n\tat org.openqa.selenium.remote.RemoteWebElement.click(RemoteWebElement.java:78)\n\tat jdk.internal.reflect.GeneratedMethodAccessor153.invoke(Unknown Source)\n\tat java.base/jdk.internal.reflect.DelegatingMethodAccessorImpl.invoke(DelegatingMethodAccessorImpl.java:43)\n\tat java.base/java.lang.reflect.Method.invoke(Method.java:568)\n\tat org.openqa.selenium.support.pagefactory.internal.LocatingElementHandler.invoke(LocatingElementHandler.java:52)\n\tat jdk.proxy2/jdk.proxy2.$Proxy28.click(Unknown Source)\n\tat school.redrover.model.base.baseConfig.BaseConfigFoldersPage.clickHealthMetrics(BaseConfigFoldersPage.java:69)\n\tat school.redrover.model.base.baseConfig.BaseConfigFoldersPage.addHealthMetrics(BaseConfigFoldersPage.java:76)\n\tat school.redrover.MultibranchPipelineTest.testAddHealthMetrics(MultibranchPipelineTest.java:735)\n\tat java.base/jdk.internal.reflect.NativeMethodAccessorImpl.invoke0(Native Method)\n\tat java.base/jdk.internal.reflect.NativeMethodAccessorImpl.invoke(NativeMethodAccessorImpl.java:77)\n\tat java.base/jdk.internal.reflect.DelegatingMethodAccessorImpl.invoke(DelegatingMethodAccessorImpl.java:43)\n\tat java.base/java.lang.reflect.Method.invoke(Method.java:568)\n\tat org.testng.internal.invokers.MethodInvocationHelper.invokeMethod(MethodInvocationHelper.java:139)\n\tat org.testng.internal.invokers.TestInvoker.invokeMethod(TestInvoker.java:677)\n\tat org.testng.internal.invokers.TestInvoker.invokeTestMethod(TestInvoker.java:221)\n\tat org.testng.internal.invokers.MethodRunner.runInSequence(MethodRunner.java:50)\n\tat org.testng.internal.invokers.TestInvoker$MethodInvocationAgent.invoke(TestInvoker.java:969)\n\tat org.testng.internal.invokers.TestInvoker.invokeTestMethods(TestInvoker.java:194)\n\tat org.testng.internal.invokers.TestMethodWorker.invokeTestMethods(TestMethodWorker.java:148)\n\tat org.testng.internal.invokers.TestMethodWorker.run(TestMethodWorker.java:128)\n\tat java.base/java.util.concurrent.ThreadPoolExecutor.runWorker(ThreadPoolExecutor.java:1136)\n\tat java.base/java.util.concurrent.ThreadPoolExecutor$Worker.run(ThreadPoolExecutor.java:635)\n\tat java.base/java.lang.Thread.run(Thread.java:833)\n","steps":[],"attachments":[],"parameters":[],"stepsCount":0,"attachmentsCount":0,"shouldDisplayMessage":true,"hasContent":true}],"attachments":[],"parameters":[],"stepsCount":1,"attachmentsCount":0,"shouldDisplayMessage":false,"hasContent":true}],"attachments":[],"parameters":[],"stepsCount":11,"attachmentsCount":0,"shouldDisplayMessage":false,"hasContent":true},"afterStages":[{"name":"afterMethod","time":{"start":1692554508865,"stop":1692554513993,"duration":5128},"description":"","status":"passed","steps":[{"name":"Logout from instance http://localhost:8082/","time":{"start":1692554509981,"stop":1692554511331,"duration":1350},"status":"passed","steps":[{"name":"Open instance ChromeDriver: chrome on LINUX (cc83a7d1181fb5019f095387d6d6c456)","time":{"start":1692554509981,"stop":1692554510765,"duration":784},"status":"passed","steps":[],"attachments":[],"parameters":[{"name":"driver","value":"ChromeDriver: chrome on LINUX (cc83a7d1181fb5019f095387d6d6c456)"},{"name":"url","value":"http://localhost:8082/"}],"stepsCount":0,"attachmentsCount":0,"shouldDisplayMessage":false,"hasContent":true}],"attachments":[],"parameters":[{"name":"driver","value":"ChromeDriver: chrome on LINUX (cc83a7d1181fb5019f095387d6d6c456)"},{"name":"url","value":"http://localhost:8082/"}],"stepsCount":1,"attachmentsCount":0,"shouldDisplayMessage":false,"hasContent":true},{"name":"Clear Data for Jenkins instance http://localhost:8082/","time":{"start":1692554512355,"stop":1692554513993,"duration":1638},"status":"passed","steps":[{"name":"Delete Views from http://localhost:8082/","time":{"start":1692554512355,"stop":1692554513036,"duration":681},"status":"passed","steps":[{"name":"Get Views","time":{"start":1692554512355,"stop":1692554512577,"duration":222},"status":"passed","steps":[],"attachments":[],"parameters":[],"stepsCount":0,"attachmentsCount":0,"shouldDisplayMessage":false,"hasContent":false},{"name":"Get My Views","time":{"start":1692554512577,"stop":1692554513036,"duration":459},"status":"passed","steps":[],"attachments":[],"parameters":[],"stepsCount":0,"attachmentsCount":0,"shouldDisplayMessage":false,"hasContent":false}],"attachments":[],"parameters":[{"name":"instance","value":"http://localhost:8082/"}],"stepsCount":2,"attachmentsCount":0,"shouldDisplayMessage":false,"hasContent":true},{"name":"Delete Jobs from http://localhost:8082/","time":{"start":1692554513036,"stop":1692554513454,"duration":418},"status":"passed","steps":[{"name":"Get Job Urls","time":{"start":1692554513036,"stop":1692554513170,"duration":134},"status":"passed","steps":[],"attachments":[{"uid":"c0c7369f653c3744","name":"Base url:","source":"c0c7369f653c3744.txt","type":"text/plain","size":22},{"uid":"9acee0411b80cf8d","name":"Jobs:","source":"9acee0411b80cf8d.txt","type":"text/plain","size":46}],"parameters":[],"stepsCount":0,"attachmentsCount":2,"shouldDisplayMessage":false,"hasContent":true},{"name":"Delete Job http://localhost:8082/job/MultibranchPipeline/","time":{"start":1692554513170,"stop":1692554513454,"duration":284},"status":"passed","steps":[{"name":"Get Crumb","time":{"start":1692554513170,"stop":1692554513308,"duration":138},"status":"passed","steps":[],"attachments":[{"uid":"44d915a3be0307e2","name":"Base url:","source":"44d915a3be0307e2.txt","type":"text/plain","size":22}],"parameters":[],"stepsCount":0,"attachmentsCount":1,"shouldDisplayMessage":false,"hasContent":true}],"attachments":[{"uid":"8a34a221f049183e","name":"Base url:","source":"8a34a221f049183e.txt","type":"text/plain","size":22}],"parameters":[{"name":"jobUrl","value":"http://localhost:8082/job/MultibranchPipeline/"}],"stepsCount":1,"attachmentsCount":2,"shouldDisplayMessage":false,"hasContent":true}],"attachments":[],"parameters":[{"name":"instance","value":"http://localhost:8082/"}],"stepsCount":3,"attachmentsCount":4,"shouldDisplayMessage":false,"hasContent":true},{"name":"Delete Users from http://localhost:8082/","time":{"start":1692554513454,"stop":1692554513602,"duration":148},"status":"passed","steps":[{"name":"Get Users","time":{"start":1692554513454,"stop":1692554513602,"duration":148},"status":"passed","steps":[],"attachments":[],"parameters":[],"stepsCount":0,"attachmentsCount":0,"shouldDisplayMessage":false,"hasContent":false}],"attachments":[],"parameters":[{"name":"instance","value":"http://localhost:8082/"}],"stepsCount":1,"attachmentsCount":0,"shouldDisplayMessage":false,"hasContent":true},{"name":"Delete Nodes from http://localhost:8082/","time":{"start":1692554513602,"stop":1692554513765,"duration":163},"status":"passed","steps":[{"name":"Get Nodes","time":{"start":1692554513602,"stop":1692554513765,"duration":163},"status":"passed","steps":[],"attachments":[],"parameters":[],"stepsCount":0,"attachmentsCount":0,"shouldDisplayMessage":false,"hasContent":false}],"attachments":[],"parameters":[{"name":"instance","value":"http://localhost:8082/"}],"stepsCount":1,"attachmentsCount":0,"shouldDisplayMessage":false,"hasContent":true},{"name":"Delete description from http://localhost:8082/","time":{"start":1692554513765,"stop":1692554513993,"duration":228},"status":"passed","steps":[{"name":"Set description ","time":{"start":1692554513765,"stop":1692554513993,"duration":228},"status":"passed","steps":[{"name":"Get Crumb","time":{"start":1692554513765,"stop":1692554513868,"duration":103},"status":"passed","steps":[],"attachments":[{"uid":"c5db4a579ff56d4","name":"Base url:","source":"c5db4a579ff56d4.txt","type":"text/plain","size":22}],"parameters":[],"stepsCount":0,"attachmentsCount":1,"shouldDisplayMessage":false,"hasContent":true}],"attachments":[],"parameters":[{"name":"description","value":""}],"stepsCount":1,"attachmentsCount":1,"shouldDisplayMessage":false,"hasContent":true}],"attachments":[],"parameters":[{"name":"instance","value":"http://localhost:8082/"}],"stepsCount":2,"attachmentsCount":1,"shouldDisplayMessage":false,"hasContent":true}],"attachments":[],"parameters":[{"name":"instance","value":"http://localhost:8082/"}],"stepsCount":14,"attachmentsCount":5,"shouldDisplayMessage":false,"hasContent":true}],"attachments":[{"uid":"3c4c1f2537206713","name":"Page state: ","source":"3c4c1f2537206713.png","type":"image/png","size":87494}],"parameters":[],"stepsCount":17,"attachmentsCount":6,"shouldDisplayMessage":false,"hasContent":true},{"name":"unlockInstance","time":{"start":1692555510863,"stop":1692555510864,"duration":1},"description":"","status":"passed","steps":[{"name":"Unlock instance http://localhost:8082/","time":{"start":1692555510863,"stop":1692555510863,"duration":0},"status":"passed","steps":[],"attachments":[],"parameters":[{"name":"instance","value":"http://localhost:8082/"}],"stepsCount":0,"attachmentsCount":0,"shouldDisplayMessage":false,"hasContent":true}],"attachments":[],"parameters":[],"stepsCount":1,"attachmentsCount":0,"shouldDisplayMessage":false,"hasContent":true}],"labels":[{"name":"package","value":"school.redrover.MultibranchPipelineTest"},{"name":"testClass","value":"school.redrover.MultibranchPipelineTest"},{"name":"testMethod","value":"testAddHealthMetrics"},{"name":"parentSuite","value":"AllTestsSuite"},{"name":"suite","value":"AllTests"},{"name":"subSuite","value":"school.redrover.MultibranchPipelineTest"},{"name":"host","value":"fv-az1255-349"},{"name":"thread","value":"3250@fv-az1255-349.TestNG-test=AllTests-3(19)"},{"name":"framework","value":"testng"},{"name":"language","value":"java"},{"name":"feature","value":"Function"},{"name":"severity","value":"normal"},{"name":"resultFormat","value":"allure2"}],"parameters":[],"links":[],"hidden":false,"retry":false,"extra":{"severity":"normal","retries":[],"categories":[{"name":"Test defects","matchedStatuses":[],"flaky":false}],"history":{"statistic":{"failed":0,"broken":1,"skipped":8,"passed":9,"unknown":0,"total":18},"items":[{"uid":"798662ae9e87cba6","reportUrl":"https://RedRoverSchool.github.io/JenkinsQA_06/6550//#testresult/798662ae9e87cba6","status":"passed","time":{"start":1692552801901,"stop":1692552808990,"duration":7089}},{"uid":"e3a033bc9d184669","reportUrl":"https://RedRoverSchool.github.io/JenkinsQA_06/6551//#testresult/e3a033bc9d184669","status":"skipped","statusDetails":"Cannot invoke \"org.openqa.selenium.TakesScreenshot.getScreenshotAs(org.openqa.selenium.OutputType)\" because \"driver\" is null","time":{"start":1692552652343,"stop":1692552652343,"duration":0}},{"uid":"b36e9c4f67112c50","reportUrl":"https://RedRoverSchool.github.io/JenkinsQA_06/6549//#testresult/b36e9c4f67112c50","status":"skipped","statusDetails":"Cannot invoke \"org.openqa.selenium.TakesScreenshot.getScreenshotAs(org.openqa.selenium.OutputType)\" because \"driver\" is null","time":{"start":1692550227610,"stop":1692550227610,"duration":0}},{"uid":"1a16542d9587d7b3","reportUrl":"https://RedRoverSchool.github.io/JenkinsQA_06/6542//#testresult/1a16542d9587d7b3","status":"passed","time":{"start":1692547911614,"stop":1692547917782,"duration":6168}},{"uid":"4074c2c67a6f0b8d","reportUrl":"https://RedRoverSchool.github.io/JenkinsQA_06/6548//#testresult/4074c2c67a6f0b8d","status":"skipped","statusDetails":"Cannot invoke \"org.openqa.selenium.TakesScreenshot.getScreenshotAs(org.openqa.selenium.OutputType)\" because \"driver\" is null","time":{"start":1692548588979,"stop":1692548588979,"duration":0}},{"uid":"87c316651d0cb886","reportUrl":"https://RedRoverSchool.github.io/JenkinsQA_06/6542//#testresult/87c316651d0cb886","status":"passed","time":{"start":1692541650208,"stop":1692541655888,"duration":5680}},{"uid":"11d5d649d36f4d19","reportUrl":"https://RedRoverSchool.github.io/JenkinsQA_06/6547//#testresult/11d5d649d36f4d19","status":"skipped","statusDetails":"Cannot invoke \"org.openqa.selenium.TakesScreenshot.getScreenshotAs(org.openqa.selenium.OutputType)\" because \"driver\" is null","time":{"start":1692540862641,"stop":1692540862641,"duration":0}},{"uid":"609ba15a19a0c5f0","reportUrl":"https://RedRoverSchool.github.io/JenkinsQA_06/6546//#testresult/609ba15a19a0c5f0","status":"skipped","statusDetails":"Cannot invoke \"org.openqa.selenium.TakesScreenshot.getScreenshotAs(org.openqa.selenium.OutputType)\" because \"driver\" is null","time":{"start":1692539627689,"stop":1692539627689,"duration":0}},{"uid":"c8e2c4393330aae6","reportUrl":"https://RedRoverSchool.github.io/JenkinsQA_06/6545//#testresult/c8e2c4393330aae6","status":"skipped","statusDetails":"1 expectation failed.\nExpected status code <302> but was <403>.\n","time":{"start":1692538363695,"stop":1692538363695,"duration":0}},{"uid":"3c9b2951cf39f679","reportUrl":"https://RedRoverSchool.github.io/JenkinsQA_06/6544//#testresult/3c9b2951cf39f679","status":"passed","time":{"start":1692536797155,"stop":1692536803773,"duration":6618}},{"uid":"5c985a403889a591","reportUrl":"https://RedRoverSchool.github.io/JenkinsQA_06/6539//#testresult/5c985a403889a591","status":"passed","time":{"start":1692534279140,"stop":1692534285075,"duration":5935}},{"uid":"4d27efc4c4d7bfd0","reportUrl":"https://RedRoverSchool.github.io/JenkinsQA_06/6542//#testresult/4d27efc4c4d7bfd0","status":"passed","time":{"start":1692532977340,"stop":1692532982874,"duration":5534}},{"uid":"1bf75a7186973b96","reportUrl":"https://RedRoverSchool.github.io/JenkinsQA_06/6543//#testresult/1bf75a7186973b96","status":"skipped","statusDetails":"1 expectation failed.\nExpected status code <302> but was <403>.\n","time":{"start":1692533967301,"stop":1692533967301,"duration":0}},{"uid":"d91dc08d04068dbb","reportUrl":"https://RedRoverSchool.github.io/JenkinsQA_06/6541//#testresult/d91dc08d04068dbb","status":"passed","time":{"start":1692530508306,"stop":1692530517029,"duration":8723}},{"uid":"15326d0aef22389e","reportUrl":"https://RedRoverSchool.github.io/JenkinsQA_06/6539//#testresult/15326d0aef22389e","status":"passed","time":{"start":1692529669140,"stop":1692529675220,"duration":6080}},{"uid":"944d03ff68cb7a21","reportUrl":"https://RedRoverSchool.github.io/JenkinsQA_06/6537//#testresult/944d03ff68cb7a21","status":"passed","time":{"start":1692529226047,"stop":1692529231978,"duration":5931}},{"uid":"d8d35b395e48cbf2","reportUrl":"https://RedRoverSchool.github.io/JenkinsQA_06/6540//#testresult/d8d35b395e48cbf2","status":"skipped","statusDetails":"Invalid number of path parameters. Expected 1, was 0. Undefined path parameters are: .","time":{"start":1692528211093,"stop":1692528211093,"duration":0}}]},"tags":[]},"source":"d4cfa86a48d03a43.json","parameterValues":[]}