{"uid":"20f5bbece386bc2a","name":"testReloadConfigurationFromDiskOfManageJenkinsSubmenu","fullName":"school.redrover.BreadcrumbTest.testReloadConfigurationFromDiskOfManageJenkinsSubmenu","historyId":"e2b556c37e23f8a129a2384c0b07522f","time":{"start":1692552729439,"stop":1692552729439,"duration":0},"status":"skipped","statusMessage":"Cannot invoke \"org.openqa.selenium.TakesScreenshot.getScreenshotAs(org.openqa.selenium.OutputType)\" because \"driver\" is null","statusTrace":"java.lang.NullPointerException: Cannot invoke \"org.openqa.selenium.TakesScreenshot.getScreenshotAs(org.openqa.selenium.OutputType)\" because \"driver\" is null\n\tat school.redrover.runner.ProjectUtils.takeScreenshot(ProjectUtils.java:132)\n\tat school.redrover.runner.BaseTest.afterMethod(BaseTest.java:119)\n\tat jdk.internal.reflect.GeneratedMethodAccessor126.invoke(Unknown Source)\n\tat java.base/jdk.internal.reflect.DelegatingMethodAccessorImpl.invoke(DelegatingMethodAccessorImpl.java:43)\n\tat java.base/java.lang.reflect.Method.invoke(Method.java:568)\n\tat org.testng.internal.invokers.MethodInvocationHelper.invokeMethod(MethodInvocationHelper.java:139)\n\tat org.testng.internal.invokers.MethodInvocationHelper.invokeMethodConsideringTimeout(MethodInvocationHelper.java:69)\n\tat org.testng.internal.invokers.ConfigInvoker.invokeConfigurationMethod(ConfigInvoker.java:361)\n\tat org.testng.internal.invokers.ConfigInvoker.invokeConfigurations(ConfigInvoker.java:296)\n\tat org.testng.internal.invokers.TestInvoker.runConfigMethods(TestInvoker.java:823)\n\tat org.testng.internal.invokers.TestInvoker.runAfterConfigurations(TestInvoker.java:792)\n\tat org.testng.internal.invokers.TestInvoker.invokeMethod(TestInvoker.java:613)\n\tat org.testng.internal.invokers.TestInvoker.invokeTestMethod(TestInvoker.java:221)\n\tat org.testng.internal.invokers.MethodRunner.runInSequence(MethodRunner.java:50)\n\tat org.testng.internal.invokers.TestInvoker$MethodInvocationAgent.invoke(TestInvoker.java:969)\n\tat org.testng.internal.invokers.TestInvoker.invokeTestMethods(TestInvoker.java:194)\n\tat org.testng.internal.invokers.TestMethodWorker.invokeTestMethods(TestMethodWorker.java:148)\n\tat org.testng.internal.invokers.TestMethodWorker.run(TestMethodWorker.java:128)\n\tat java.base/java.util.concurrent.ThreadPoolExecutor.runWorker(ThreadPoolExecutor.java:1136)\n\tat java.base/java.util.concurrent.ThreadPoolExecutor$Worker.run(ThreadPoolExecutor.java:635)\n\tat java.base/java.lang.Thread.run(Thread.java:833)\n","flaky":false,"newFailed":false,"newBroken":false,"newPassed":false,"retriesCount":0,"retriesStatusChange":false,"beforeStages":[{"name":"beforeClass","time":{"start":1692552688005,"stop":1692552688005,"duration":0},"description":"","status":"passed","steps":[{"name":"Lock Instance","time":{"start":1692552688005,"stop":1692552688005,"duration":0},"status":"passed","steps":[],"attachments":[{"uid":"a098512b227ec98d","name":"Locked instance: ","source":"a098512b227ec98d.txt","type":"text/plain","size":22}],"parameters":[],"stepsCount":0,"attachmentsCount":1,"shouldDisplayMessage":false,"hasContent":true}],"attachments":[],"parameters":[],"stepsCount":1,"attachmentsCount":1,"shouldDisplayMessage":false,"hasContent":true},{"name":"beforeMethod","time":{"start":1692552729439,"stop":1692552729439,"duration":0},"description":"","status":"broken","steps":[],"attachments":[],"parameters":[],"stepsCount":0,"attachmentsCount":0,"shouldDisplayMessage":false,"hasContent":false}],"afterStages":[{"name":"afterMethod","time":{"start":1692552729440,"stop":1692552729440,"duration":0},"description":"","status":"broken","statusMessage":"Cannot invoke \"org.openqa.selenium.TakesScreenshot.getScreenshotAs(org.openqa.selenium.OutputType)\" because \"driver\" is null","statusTrace":"java.lang.NullPointerException: Cannot invoke \"org.openqa.selenium.TakesScreenshot.getScreenshotAs(org.openqa.selenium.OutputType)\" because \"driver\" is null\n\tat school.redrover.runner.ProjectUtils.takeScreenshot(ProjectUtils.java:132)\n\tat school.redrover.runner.BaseTest.afterMethod(BaseTest.java:119)\n\tat jdk.internal.reflect.GeneratedMethodAccessor126.invoke(Unknown Source)\n\tat java.base/jdk.internal.reflect.DelegatingMethodAccessorImpl.invoke(DelegatingMethodAccessorImpl.java:43)\n\tat java.base/java.lang.reflect.Method.invoke(Method.java:568)\n\tat org.testng.internal.invokers.MethodInvocationHelper.invokeMethod(MethodInvocationHelper.java:139)\n\tat org.testng.internal.invokers.MethodInvocationHelper.invokeMethodConsideringTimeout(MethodInvocationHelper.java:69)\n\tat org.testng.internal.invokers.ConfigInvoker.invokeConfigurationMethod(ConfigInvoker.java:361)\n\tat org.testng.internal.invokers.ConfigInvoker.invokeConfigurations(ConfigInvoker.java:296)\n\tat org.testng.internal.invokers.TestInvoker.runConfigMethods(TestInvoker.java:823)\n\tat org.testng.internal.invokers.TestInvoker.runAfterConfigurations(TestInvoker.java:792)\n\tat org.testng.internal.invokers.TestInvoker.invokeMethod(TestInvoker.java:613)\n\tat org.testng.internal.invokers.TestInvoker.invokeTestMethod(TestInvoker.java:221)\n\tat org.testng.internal.invokers.MethodRunner.runInSequence(MethodRunner.java:50)\n\tat org.testng.internal.invokers.TestInvoker$MethodInvocationAgent.invoke(TestInvoker.java:969)\n\tat org.testng.internal.invokers.TestInvoker.invokeTestMethods(TestInvoker.java:194)\n\tat org.testng.internal.invokers.TestMethodWorker.invokeTestMethods(TestMethodWorker.java:148)\n\tat org.testng.internal.invokers.TestMethodWorker.run(TestMethodWorker.java:128)\n\tat java.base/java.util.concurrent.ThreadPoolExecutor.runWorker(ThreadPoolExecutor.java:1136)\n\tat java.base/java.util.concurrent.ThreadPoolExecutor$Worker.run(ThreadPoolExecutor.java:635)\n\tat java.base/java.lang.Thread.run(Thread.java:833)\n","steps":[],"attachments":[],"parameters":[],"stepsCount":0,"attachmentsCount":0,"shouldDisplayMessage":true,"hasContent":true},{"name":"unlockInstance","time":{"start":1692552729473,"stop":1692552729474,"duration":1},"description":"","status":"passed","steps":[{"name":"Unlock instance http://localhost:8083/","time":{"start":1692552729474,"stop":1692552729474,"duration":0},"status":"passed","steps":[],"attachments":[],"parameters":[{"name":"instance","value":"http://localhost:8083/"}],"stepsCount":0,"attachmentsCount":0,"shouldDisplayMessage":false,"hasContent":true}],"attachments":[],"parameters":[],"stepsCount":1,"attachmentsCount":0,"shouldDisplayMessage":false,"hasContent":true}],"labels":[{"name":"package","value":"school.redrover.BreadcrumbTest"},{"name":"testClass","value":"school.redrover.BreadcrumbTest"},{"name":"testMethod","value":"testReloadConfigurationFromDiskOfManageJenkinsSubmenu"},{"name":"parentSuite","value":"AllTestsSuite"},{"name":"suite","value":"AllTests"},{"name":"subSuite","value":"school.redrover.BreadcrumbTest"},{"name":"host","value":"fv-az451-525"},{"name":"thread","value":"3323@fv-az451-525.TestNG-test=AllTests-2(18)"},{"name":"framework","value":"testng"},{"name":"language","value":"java"},{"name":"feature","value":"Function"},{"name":"severity","value":"normal"},{"name":"resultFormat","value":"allure2"}],"parameters":[],"links":[],"hidden":false,"retry":false,"extra":{"severity":"normal","retries":[],"categories":[],"history":{"statistic":{"failed":0,"broken":0,"skipped":9,"passed":7,"unknown":0,"total":16},"items":[{"uid":"6e96ee41106a8875","reportUrl":"https://RedRoverSchool.github.io/JenkinsQA_06/6549//#testresult/6e96ee41106a8875","status":"skipped","statusDetails":"Cannot invoke \"org.openqa.selenium.TakesScreenshot.getScreenshotAs(org.openqa.selenium.OutputType)\" because \"driver\" is null","time":{"start":1692550299809,"stop":1692550299809,"duration":0}},{"uid":"1e36864824027b95","reportUrl":"https://RedRoverSchool.github.io/JenkinsQA_06/6542//#testresult/1e36864824027b95","status":"passed","time":{"start":1692547359405,"stop":1692547361566,"duration":2161}},{"uid":"21d5668e4cfa7bec","reportUrl":"https://RedRoverSchool.github.io/JenkinsQA_06/6548//#testresult/21d5668e4cfa7bec","status":"skipped","statusDetails":"Cannot invoke \"org.openqa.selenium.TakesScreenshot.getScreenshotAs(org.openqa.selenium.OutputType)\" because \"driver\" is null","time":{"start":1692548651214,"stop":1692548651214,"duration":0}},{"uid":"19bce7c3afa0e1c9","reportUrl":"https://RedRoverSchool.github.io/JenkinsQA_06/6542//#testresult/19bce7c3afa0e1c9","status":"passed","time":{"start":1692543715448,"stop":1692543717582,"duration":2134}},{"uid":"5bbc63f9326be649","reportUrl":"https://RedRoverSchool.github.io/JenkinsQA_06/6547//#testresult/5bbc63f9326be649","status":"skipped","statusDetails":"Cannot invoke \"org.openqa.selenium.TakesScreenshot.getScreenshotAs(org.openqa.selenium.OutputType)\" because \"driver\" is null","time":{"start":1692540916878,"stop":1692540916885,"duration":7}},{"uid":"aae990a5993fa83","reportUrl":"https://RedRoverSchool.github.io/JenkinsQA_06/6546//#testresult/aae990a5993fa83","status":"skipped","statusDetails":"Cannot invoke \"org.openqa.selenium.TakesScreenshot.getScreenshotAs(org.openqa.selenium.OutputType)\" because \"driver\" is null","time":{"start":1692539723456,"stop":1692539723456,"duration":0}},{"uid":"7911a9bbdda05301","reportUrl":"https://RedRoverSchool.github.io/JenkinsQA_06/6545//#testresult/7911a9bbdda05301","status":"skipped","statusDetails":"1 expectation failed.\nExpected status code <302> but was <403>.\n","time":{"start":1692538444267,"stop":1692538444267,"duration":0}},{"uid":"26001ab418da7479","reportUrl":"https://RedRoverSchool.github.io/JenkinsQA_06/6544//#testresult/26001ab418da7479","status":"skipped","statusDetails":"1 expectation failed.\nExpected status code <302> but was <403>.\n","time":{"start":1692536752934,"stop":1692536752934,"duration":0}},{"uid":"e77748c174658bb5","reportUrl":"https://RedRoverSchool.github.io/JenkinsQA_06/6539//#testresult/e77748c174658bb5","status":"passed","time":{"start":1692536280772,"stop":1692536282885,"duration":2113}},{"uid":"543cd9a8c270328b","reportUrl":"https://RedRoverSchool.github.io/JenkinsQA_06/6542//#testresult/543cd9a8c270328b","status":"passed","time":{"start":1692534783807,"stop":1692534785575,"duration":1768}},{"uid":"3e5a174f4cb9cd2a","reportUrl":"https://RedRoverSchool.github.io/JenkinsQA_06/6543//#testresult/3e5a174f4cb9cd2a","status":"skipped","statusDetails":"1 expectation failed.\nExpected status code <302> but was <403>.\n","time":{"start":1692534020677,"stop":1692534020677,"duration":0}},{"uid":"ef4545fb9a3ebd","reportUrl":"https://RedRoverSchool.github.io/JenkinsQA_06/6541//#testresult/ef4545fb9a3ebd","status":"passed","time":{"start":1692532699225,"stop":1692532701080,"duration":1855}},{"uid":"f7776d51d1ed0467","reportUrl":"https://RedRoverSchool.github.io/JenkinsQA_06/6539//#testresult/f7776d51d1ed0467","status":"passed","time":{"start":1692531752309,"stop":1692531754127,"duration":1818}},{"uid":"c177ff135bee1452","reportUrl":"https://RedRoverSchool.github.io/JenkinsQA_06/6537//#testresult/c177ff135bee1452","status":"passed","time":{"start":1692528726407,"stop":1692528728541,"duration":2134}},{"uid":"cf6775f2acd1dfde","reportUrl":"https://RedRoverSchool.github.io/JenkinsQA_06/6540//#testresult/cf6775f2acd1dfde","status":"skipped","statusDetails":"Invalid number of path parameters. Expected 1, was 0. Undefined path parameters are: .","time":{"start":1692528189254,"stop":1692528189254,"duration":0}}]},"tags":[]},"source":"20f5bbece386bc2a.json","parameterValues":[]}