{"uid":"2338a8e475a7ca51","name":"testEnableFromProjectPage","fullName":"school.redrover.PipelineTest.testEnableFromProjectPage","historyId":"f43af11ffa6658ab29e2d1b6a059a409","time":{"start":1692552700093,"stop":1692552700093,"duration":0},"status":"skipped","statusMessage":"Cannot invoke \"org.openqa.selenium.TakesScreenshot.getScreenshotAs(org.openqa.selenium.OutputType)\" because \"driver\" is null","statusTrace":"java.lang.NullPointerException: Cannot invoke \"org.openqa.selenium.TakesScreenshot.getScreenshotAs(org.openqa.selenium.OutputType)\" because \"driver\" is null\n\tat school.redrover.runner.ProjectUtils.takeScreenshot(ProjectUtils.java:132)\n\tat school.redrover.runner.BaseTest.afterMethod(BaseTest.java:119)\n\tat jdk.internal.reflect.GeneratedMethodAccessor126.invoke(Unknown Source)\n\tat java.base/jdk.internal.reflect.DelegatingMethodAccessorImpl.invoke(DelegatingMethodAccessorImpl.java:43)\n\tat java.base/java.lang.reflect.Method.invoke(Method.java:568)\n\tat org.testng.internal.invokers.MethodInvocationHelper.invokeMethod(MethodInvocationHelper.java:139)\n\tat org.testng.internal.invokers.MethodInvocationHelper.invokeMethodConsideringTimeout(MethodInvocationHelper.java:69)\n\tat org.testng.internal.invokers.ConfigInvoker.invokeConfigurationMethod(ConfigInvoker.java:361)\n\tat org.testng.internal.invokers.ConfigInvoker.invokeConfigurations(ConfigInvoker.java:296)\n\tat org.testng.internal.invokers.TestInvoker.runConfigMethods(TestInvoker.java:823)\n\tat org.testng.internal.invokers.TestInvoker.runAfterConfigurations(TestInvoker.java:792)\n\tat org.testng.internal.invokers.TestInvoker.invokeMethod(TestInvoker.java:613)\n\tat org.testng.internal.invokers.TestInvoker.invokeTestMethod(TestInvoker.java:221)\n\tat org.testng.internal.invokers.MethodRunner.runInSequence(MethodRunner.java:50)\n\tat org.testng.internal.invokers.TestInvoker$MethodInvocationAgent.invoke(TestInvoker.java:969)\n\tat org.testng.internal.invokers.TestInvoker.invokeTestMethods(TestInvoker.java:194)\n\tat org.testng.internal.invokers.TestMethodWorker.invokeTestMethods(TestMethodWorker.java:148)\n\tat org.testng.internal.invokers.TestMethodWorker.run(TestMethodWorker.java:128)\n\tat java.base/java.util.concurrent.ThreadPoolExecutor.runWorker(ThreadPoolExecutor.java:1136)\n\tat java.base/java.util.concurrent.ThreadPoolExecutor$Worker.run(ThreadPoolExecutor.java:635)\n\tat java.base/java.lang.Thread.run(Thread.java:833)\n","flaky":false,"newFailed":false,"newBroken":false,"newPassed":false,"retriesCount":0,"retriesStatusChange":false,"beforeStages":[{"name":"beforeClass","time":{"start":1692552675688,"stop":1692552675688,"duration":0},"description":"","status":"passed","steps":[{"name":"Lock Instance","time":{"start":1692552675688,"stop":1692552675688,"duration":0},"status":"passed","steps":[],"attachments":[{"uid":"4303fa024dc2442a","name":"Locked instance: ","source":"4303fa024dc2442a.txt","type":"text/plain","size":22}],"parameters":[],"stepsCount":0,"attachmentsCount":1,"shouldDisplayMessage":false,"hasContent":true}],"attachments":[],"parameters":[],"stepsCount":1,"attachmentsCount":1,"shouldDisplayMessage":false,"hasContent":true},{"name":"beforeMethod","time":{"start":1692552700092,"stop":1692552700092,"duration":0},"description":"","status":"broken","steps":[],"attachments":[],"parameters":[],"stepsCount":0,"attachmentsCount":0,"shouldDisplayMessage":false,"hasContent":false}],"afterStages":[{"name":"afterMethod","time":{"start":1692552700093,"stop":1692552700093,"duration":0},"description":"","status":"broken","statusMessage":"Cannot invoke \"org.openqa.selenium.TakesScreenshot.getScreenshotAs(org.openqa.selenium.OutputType)\" because \"driver\" is null","statusTrace":"java.lang.NullPointerException: Cannot invoke \"org.openqa.selenium.TakesScreenshot.getScreenshotAs(org.openqa.selenium.OutputType)\" because \"driver\" is null\n\tat school.redrover.runner.ProjectUtils.takeScreenshot(ProjectUtils.java:132)\n\tat school.redrover.runner.BaseTest.afterMethod(BaseTest.java:119)\n\tat jdk.internal.reflect.GeneratedMethodAccessor126.invoke(Unknown Source)\n\tat java.base/jdk.internal.reflect.DelegatingMethodAccessorImpl.invoke(DelegatingMethodAccessorImpl.java:43)\n\tat java.base/java.lang.reflect.Method.invoke(Method.java:568)\n\tat org.testng.internal.invokers.MethodInvocationHelper.invokeMethod(MethodInvocationHelper.java:139)\n\tat org.testng.internal.invokers.MethodInvocationHelper.invokeMethodConsideringTimeout(MethodInvocationHelper.java:69)\n\tat org.testng.internal.invokers.ConfigInvoker.invokeConfigurationMethod(ConfigInvoker.java:361)\n\tat org.testng.internal.invokers.ConfigInvoker.invokeConfigurations(ConfigInvoker.java:296)\n\tat org.testng.internal.invokers.TestInvoker.runConfigMethods(TestInvoker.java:823)\n\tat org.testng.internal.invokers.TestInvoker.runAfterConfigurations(TestInvoker.java:792)\n\tat org.testng.internal.invokers.TestInvoker.invokeMethod(TestInvoker.java:613)\n\tat org.testng.internal.invokers.TestInvoker.invokeTestMethod(TestInvoker.java:221)\n\tat org.testng.internal.invokers.MethodRunner.runInSequence(MethodRunner.java:50)\n\tat org.testng.internal.invokers.TestInvoker$MethodInvocationAgent.invoke(TestInvoker.java:969)\n\tat org.testng.internal.invokers.TestInvoker.invokeTestMethods(TestInvoker.java:194)\n\tat org.testng.internal.invokers.TestMethodWorker.invokeTestMethods(TestMethodWorker.java:148)\n\tat org.testng.internal.invokers.TestMethodWorker.run(TestMethodWorker.java:128)\n\tat java.base/java.util.concurrent.ThreadPoolExecutor.runWorker(ThreadPoolExecutor.java:1136)\n\tat java.base/java.util.concurrent.ThreadPoolExecutor$Worker.run(ThreadPoolExecutor.java:635)\n\tat java.base/java.lang.Thread.run(Thread.java:833)\n","steps":[],"attachments":[],"parameters":[],"stepsCount":0,"attachmentsCount":0,"shouldDisplayMessage":true,"hasContent":true},{"name":"unlockInstance","time":{"start":1692552700615,"stop":1692552700615,"duration":0},"description":"","status":"passed","steps":[{"name":"Unlock instance http://localhost:8081/","time":{"start":1692552700615,"stop":1692552700615,"duration":0},"status":"passed","steps":[],"attachments":[],"parameters":[{"name":"instance","value":"http://localhost:8081/"}],"stepsCount":0,"attachmentsCount":0,"shouldDisplayMessage":false,"hasContent":true}],"attachments":[],"parameters":[],"stepsCount":1,"attachmentsCount":0,"shouldDisplayMessage":false,"hasContent":true}],"labels":[{"name":"package","value":"school.redrover.PipelineTest"},{"name":"testClass","value":"school.redrover.PipelineTest"},{"name":"testMethod","value":"testEnableFromProjectPage"},{"name":"parentSuite","value":"AllTestsSuite"},{"name":"suite","value":"AllTests"},{"name":"subSuite","value":"school.redrover.PipelineTest"},{"name":"host","value":"fv-az451-525"},{"name":"thread","value":"3323@fv-az451-525.TestNG-test=AllTests-4(20)"},{"name":"framework","value":"testng"},{"name":"language","value":"java"},{"name":"feature","value":"Function"},{"name":"severity","value":"normal"},{"name":"resultFormat","value":"allure2"}],"parameters":[],"links":[],"hidden":false,"retry":false,"extra":{"severity":"normal","retries":[],"categories":[],"history":{"statistic":{"failed":0,"broken":0,"skipped":9,"passed":7,"unknown":0,"total":16},"items":[{"uid":"c53247754629707b","reportUrl":"https://RedRoverSchool.github.io/JenkinsQA_06/6549//#testresult/c53247754629707b","status":"skipped","statusDetails":"Cannot invoke \"org.openqa.selenium.TakesScreenshot.getScreenshotAs(org.openqa.selenium.OutputType)\" because \"driver\" is null","time":{"start":1692550276587,"stop":1692550276587,"duration":0}},{"uid":"124ff371444e1d5e","reportUrl":"https://RedRoverSchool.github.io/JenkinsQA_06/6542//#testresult/124ff371444e1d5e","status":"passed","time":{"start":1692545347854,"stop":1692545352146,"duration":4292}},{"uid":"fc5a9cbe564b3974","reportUrl":"https://RedRoverSchool.github.io/JenkinsQA_06/6548//#testresult/fc5a9cbe564b3974","status":"skipped","statusDetails":"Cannot invoke \"org.openqa.selenium.TakesScreenshot.getScreenshotAs(org.openqa.selenium.OutputType)\" because \"driver\" is null","time":{"start":1692548627055,"stop":1692548627055,"duration":0}},{"uid":"91679f419f83222","reportUrl":"https://RedRoverSchool.github.io/JenkinsQA_06/6542//#testresult/91679f419f83222","status":"passed","time":{"start":1692542904979,"stop":1692542908545,"duration":3566}},{"uid":"d50c12372a93f8ed","reportUrl":"https://RedRoverSchool.github.io/JenkinsQA_06/6547//#testresult/d50c12372a93f8ed","status":"skipped","statusDetails":"Cannot invoke \"org.openqa.selenium.TakesScreenshot.getScreenshotAs(org.openqa.selenium.OutputType)\" because \"driver\" is null","time":{"start":1692540902192,"stop":1692540902192,"duration":0}},{"uid":"fad3f7b889753178","reportUrl":"https://RedRoverSchool.github.io/JenkinsQA_06/6546//#testresult/fad3f7b889753178","status":"skipped","statusDetails":"Cannot invoke \"org.openqa.selenium.TakesScreenshot.getScreenshotAs(org.openqa.selenium.OutputType)\" because \"driver\" is null","time":{"start":1692539697217,"stop":1692539697221,"duration":4}},{"uid":"9698a830b06eed5c","reportUrl":"https://RedRoverSchool.github.io/JenkinsQA_06/6545//#testresult/9698a830b06eed5c","status":"skipped","statusDetails":"1 expectation failed.\nExpected status code <302> but was <403>.\n","time":{"start":1692538413714,"stop":1692538413714,"duration":0}},{"uid":"7505eab8c88e7f0c","reportUrl":"https://RedRoverSchool.github.io/JenkinsQA_06/6544//#testresult/7505eab8c88e7f0c","status":"skipped","statusDetails":"1 expectation failed.\nExpected status code <302> but was <403>.\n","time":{"start":1692536660359,"stop":1692536660359,"duration":0}},{"uid":"7f3d83ba4ae7548c","reportUrl":"https://RedRoverSchool.github.io/JenkinsQA_06/6539//#testresult/7f3d83ba4ae7548c","status":"passed","time":{"start":1692535489280,"stop":1692535492895,"duration":3615}},{"uid":"e8acc920f37c6cfc","reportUrl":"https://RedRoverSchool.github.io/JenkinsQA_06/6542//#testresult/e8acc920f37c6cfc","status":"passed","time":{"start":1692534076784,"stop":1692534079996,"duration":3212}},{"uid":"20c3da51d92a1a2c","reportUrl":"https://RedRoverSchool.github.io/JenkinsQA_06/6543//#testresult/20c3da51d92a1a2c","status":"skipped","statusDetails":"1 expectation failed.\nExpected status code <302> but was <403>.\n","time":{"start":1692533997320,"stop":1692533997321,"duration":1}},{"uid":"3473b347946418b","reportUrl":"https://RedRoverSchool.github.io/JenkinsQA_06/6541//#testresult/3473b347946418b","status":"passed","time":{"start":1692532246152,"stop":1692532252170,"duration":6018}},{"uid":"5d54d5be9aaf0144","reportUrl":"https://RedRoverSchool.github.io/JenkinsQA_06/6539//#testresult/5d54d5be9aaf0144","status":"passed","time":{"start":1692530919548,"stop":1692530923472,"duration":3924}},{"uid":"1a2128bec93e294a","reportUrl":"https://RedRoverSchool.github.io/JenkinsQA_06/6537//#testresult/1a2128bec93e294a","status":"passed","time":{"start":1692526905150,"stop":1692526908464,"duration":3314}},{"uid":"52e7b61eee29ec2","reportUrl":"https://RedRoverSchool.github.io/JenkinsQA_06/6540//#testresult/52e7b61eee29ec2","status":"skipped","statusDetails":"Invalid number of path parameters. Expected 1, was 0. Undefined path parameters are: .","time":{"start":1692528155306,"stop":1692528155306,"duration":0}}]},"tags":[]},"source":"2338a8e475a7ca51.json","parameterValues":[]}