{"uid":"2abb060a546e7890","name":"testCreateUsingInvalidData","fullName":"school.redrover.MultiConfigurationProjectTest.testCreateUsingInvalidData","historyId":"57c7b1675a7e68392060544f7f5643ec","time":{"start":1692552588916,"stop":1692552588916,"duration":0},"description":"Verification of showing error message while creating MultiConfiguration project with name using unsafe characters","descriptionHtml":"<p>Verification of showing error message while creating MultiConfiguration project with name using unsafe characters</p>\n","status":"skipped","statusMessage":"Cannot invoke \"org.openqa.selenium.TakesScreenshot.getScreenshotAs(org.openqa.selenium.OutputType)\" because \"driver\" is null","statusTrace":"java.lang.NullPointerException: Cannot invoke \"org.openqa.selenium.TakesScreenshot.getScreenshotAs(org.openqa.selenium.OutputType)\" because \"driver\" is null\n\tat school.redrover.runner.ProjectUtils.takeScreenshot(ProjectUtils.java:132)\n\tat school.redrover.runner.BaseTest.afterMethod(BaseTest.java:119)\n\tat jdk.internal.reflect.GeneratedMethodAccessor126.invoke(Unknown Source)\n\tat java.base/jdk.internal.reflect.DelegatingMethodAccessorImpl.invoke(DelegatingMethodAccessorImpl.java:43)\n\tat java.base/java.lang.reflect.Method.invoke(Method.java:568)\n\tat org.testng.internal.invokers.MethodInvocationHelper.invokeMethod(MethodInvocationHelper.java:139)\n\tat org.testng.internal.invokers.MethodInvocationHelper.invokeMethodConsideringTimeout(MethodInvocationHelper.java:69)\n\tat org.testng.internal.invokers.ConfigInvoker.invokeConfigurationMethod(ConfigInvoker.java:361)\n\tat org.testng.internal.invokers.ConfigInvoker.invokeConfigurations(ConfigInvoker.java:296)\n\tat org.testng.internal.invokers.TestInvoker.runConfigMethods(TestInvoker.java:823)\n\tat org.testng.internal.invokers.TestInvoker.runAfterConfigurations(TestInvoker.java:792)\n\tat org.testng.internal.invokers.TestInvoker.invokeMethod(TestInvoker.java:613)\n\tat org.testng.internal.invokers.TestInvoker.invokeTestMethod(TestInvoker.java:221)\n\tat org.testng.internal.invokers.MethodRunner.runInSequence(MethodRunner.java:50)\n\tat org.testng.internal.invokers.TestInvoker$MethodInvocationAgent.invoke(TestInvoker.java:969)\n\tat org.testng.internal.invokers.TestInvoker.invokeTestMethods(TestInvoker.java:194)\n\tat org.testng.internal.invokers.TestMethodWorker.invokeTestMethods(TestMethodWorker.java:148)\n\tat org.testng.internal.invokers.TestMethodWorker.run(TestMethodWorker.java:128)\n\tat java.base/java.util.concurrent.ThreadPoolExecutor.runWorker(ThreadPoolExecutor.java:1136)\n\tat java.base/java.util.concurrent.ThreadPoolExecutor$Worker.run(ThreadPoolExecutor.java:635)\n\tat java.base/java.lang.Thread.run(Thread.java:833)\n","flaky":false,"newFailed":false,"newBroken":false,"newPassed":false,"retriesCount":0,"retriesStatusChange":false,"beforeStages":[{"name":"beforeClass","time":{"start":1692552519347,"stop":1692552522968,"duration":3621},"description":"","status":"passed","steps":[{"name":"Lock Instance","time":{"start":1692552522967,"stop":1692552522967,"duration":0},"status":"passed","steps":[],"attachments":[{"uid":"33aacdd5e4bf3be","name":"Locked instance: ","source":"33aacdd5e4bf3be.txt","type":"text/plain","size":22}],"parameters":[],"stepsCount":0,"attachmentsCount":1,"shouldDisplayMessage":false,"hasContent":true}],"attachments":[],"parameters":[],"stepsCount":1,"attachmentsCount":1,"shouldDisplayMessage":false,"hasContent":true},{"name":"beforeMethod","time":{"start":1692552588907,"stop":1692552588907,"duration":0},"description":"","status":"broken","steps":[],"attachments":[],"parameters":[],"stepsCount":0,"attachmentsCount":0,"shouldDisplayMessage":false,"hasContent":false}],"afterStages":[{"name":"afterMethod","time":{"start":1692552588917,"stop":1692552588917,"duration":0},"description":"","status":"broken","statusMessage":"Cannot invoke \"org.openqa.selenium.TakesScreenshot.getScreenshotAs(org.openqa.selenium.OutputType)\" because \"driver\" is null","statusTrace":"java.lang.NullPointerException: Cannot invoke \"org.openqa.selenium.TakesScreenshot.getScreenshotAs(org.openqa.selenium.OutputType)\" because \"driver\" is null\n\tat school.redrover.runner.ProjectUtils.takeScreenshot(ProjectUtils.java:132)\n\tat school.redrover.runner.BaseTest.afterMethod(BaseTest.java:119)\n\tat jdk.internal.reflect.GeneratedMethodAccessor126.invoke(Unknown Source)\n\tat java.base/jdk.internal.reflect.DelegatingMethodAccessorImpl.invoke(DelegatingMethodAccessorImpl.java:43)\n\tat java.base/java.lang.reflect.Method.invoke(Method.java:568)\n\tat org.testng.internal.invokers.MethodInvocationHelper.invokeMethod(MethodInvocationHelper.java:139)\n\tat org.testng.internal.invokers.MethodInvocationHelper.invokeMethodConsideringTimeout(MethodInvocationHelper.java:69)\n\tat org.testng.internal.invokers.ConfigInvoker.invokeConfigurationMethod(ConfigInvoker.java:361)\n\tat org.testng.internal.invokers.ConfigInvoker.invokeConfigurations(ConfigInvoker.java:296)\n\tat org.testng.internal.invokers.TestInvoker.runConfigMethods(TestInvoker.java:823)\n\tat org.testng.internal.invokers.TestInvoker.runAfterConfigurations(TestInvoker.java:792)\n\tat org.testng.internal.invokers.TestInvoker.invokeMethod(TestInvoker.java:613)\n\tat org.testng.internal.invokers.TestInvoker.invokeTestMethod(TestInvoker.java:221)\n\tat org.testng.internal.invokers.MethodRunner.runInSequence(MethodRunner.java:50)\n\tat org.testng.internal.invokers.TestInvoker$MethodInvocationAgent.invoke(TestInvoker.java:969)\n\tat org.testng.internal.invokers.TestInvoker.invokeTestMethods(TestInvoker.java:194)\n\tat org.testng.internal.invokers.TestMethodWorker.invokeTestMethods(TestMethodWorker.java:148)\n\tat org.testng.internal.invokers.TestMethodWorker.run(TestMethodWorker.java:128)\n\tat java.base/java.util.concurrent.ThreadPoolExecutor.runWorker(ThreadPoolExecutor.java:1136)\n\tat java.base/java.util.concurrent.ThreadPoolExecutor$Worker.run(ThreadPoolExecutor.java:635)\n\tat java.base/java.lang.Thread.run(Thread.java:833)\n","steps":[],"attachments":[],"parameters":[],"stepsCount":0,"attachmentsCount":0,"shouldDisplayMessage":true,"hasContent":true},{"name":"unlockInstance","time":{"start":1692552590097,"stop":1692552590097,"duration":0},"description":"","status":"passed","steps":[{"name":"Unlock instance http://localhost:8082/","time":{"start":1692552590097,"stop":1692552590097,"duration":0},"status":"passed","steps":[],"attachments":[],"parameters":[{"name":"instance","value":"http://localhost:8082/"}],"stepsCount":0,"attachmentsCount":0,"shouldDisplayMessage":false,"hasContent":true}],"attachments":[],"parameters":[],"stepsCount":1,"attachmentsCount":0,"shouldDisplayMessage":false,"hasContent":true}],"labels":[{"name":"package","value":"school.redrover.MultiConfigurationProjectTest"},{"name":"testClass","value":"school.redrover.MultiConfigurationProjectTest"},{"name":"testMethod","value":"testCreateUsingInvalidData"},{"name":"parentSuite","value":"AllTestsSuite"},{"name":"suite","value":"AllTests"},{"name":"subSuite","value":"school.redrover.MultiConfigurationProjectTest"},{"name":"host","value":"fv-az451-525"},{"name":"thread","value":"3323@fv-az451-525.TestNG-test=AllTests-1(17)"},{"name":"framework","value":"testng"},{"name":"language","value":"java"},{"name":"feature","value":"Function"},{"name":"severity","value":"critical"},{"name":"resultFormat","value":"allure2"}],"parameters":[{"name":"arg0","value":"]"}],"links":[],"hidden":false,"retry":false,"extra":{"severity":"critical","retries":[],"categories":[],"history":{"statistic":{"failed":0,"broken":0,"skipped":9,"passed":8,"unknown":0,"total":17},"items":[{"uid":"3f2b6c228c848d6d","reportUrl":"https://RedRoverSchool.github.io/JenkinsQA_06/6549//#testresult/3f2b6c228c848d6d","status":"skipped","statusDetails":"Cannot invoke \"org.openqa.selenium.TakesScreenshot.getScreenshotAs(org.openqa.selenium.OutputType)\" because \"driver\" is null","time":{"start":1692550160796,"stop":1692550160796,"duration":0}},{"uid":"4fef7f6793df3db","reportUrl":"https://RedRoverSchool.github.io/JenkinsQA_06/6542//#testresult/4fef7f6793df3db","status":"passed","time":{"start":1692546405594,"stop":1692546406606,"duration":1012}},{"uid":"a998dba57a3188f0","reportUrl":"https://RedRoverSchool.github.io/JenkinsQA_06/6548//#testresult/a998dba57a3188f0","status":"skipped","statusDetails":"Cannot invoke \"org.openqa.selenium.TakesScreenshot.getScreenshotAs(org.openqa.selenium.OutputType)\" because \"driver\" is null","time":{"start":1692548534833,"stop":1692548534833,"duration":0}},{"uid":"fbb4274666e42794","reportUrl":"https://RedRoverSchool.github.io/JenkinsQA_06/6542//#testresult/fbb4274666e42794","status":"passed","time":{"start":1692540332215,"stop":1692540333136,"duration":921}},{"uid":"d7cb5497b2fb8b8e","reportUrl":"https://RedRoverSchool.github.io/JenkinsQA_06/6547//#testresult/d7cb5497b2fb8b8e","status":"skipped","statusDetails":"Cannot invoke \"org.openqa.selenium.TakesScreenshot.getScreenshotAs(org.openqa.selenium.OutputType)\" because \"driver\" is null","time":{"start":1692540782553,"stop":1692540782553,"duration":0}},{"uid":"5f6e742d472ea314","reportUrl":"https://RedRoverSchool.github.io/JenkinsQA_06/6546//#testresult/5f6e742d472ea314","status":"skipped","statusDetails":"Cannot invoke \"org.openqa.selenium.TakesScreenshot.getScreenshotAs(org.openqa.selenium.OutputType)\" because \"driver\" is null","time":{"start":1692539555291,"stop":1692539555291,"duration":0}},{"uid":"24f6a05c062baa6","reportUrl":"https://RedRoverSchool.github.io/JenkinsQA_06/6545//#testresult/24f6a05c062baa6","status":"skipped","statusDetails":"1 expectation failed.\nExpected status code <302> but was <403>.\n","time":{"start":1692538294941,"stop":1692538294941,"duration":0}},{"uid":"63cc56e4bd970c85","reportUrl":"https://RedRoverSchool.github.io/JenkinsQA_06/6544//#testresult/63cc56e4bd970c85","status":"skipped","statusDetails":"1 expectation failed.\nExpected status code <302> but was <403>.\n","time":{"start":1692536704064,"stop":1692536704064,"duration":0}},{"uid":"774e6738d2f286d4","reportUrl":"https://RedRoverSchool.github.io/JenkinsQA_06/6539//#testresult/774e6738d2f286d4","status":"passed","time":{"start":1692532978067,"stop":1692532978634,"duration":567}},{"uid":"c3f7ac59de564c8f","reportUrl":"https://RedRoverSchool.github.io/JenkinsQA_06/6542//#testresult/c3f7ac59de564c8f","status":"passed","time":{"start":1692531829646,"stop":1692531830352,"duration":706}},{"uid":"41068ea2ac3fd425","reportUrl":"https://RedRoverSchool.github.io/JenkinsQA_06/6543//#testresult/41068ea2ac3fd425","status":"skipped","statusDetails":"1 expectation failed.\nExpected status code <302> but was <403>.\n","time":{"start":1692533935950,"stop":1692533935950,"duration":0}},{"uid":"97730f9bc2d7ec7d","reportUrl":"https://RedRoverSchool.github.io/JenkinsQA_06/6541//#testresult/97730f9bc2d7ec7d","status":"passed","time":{"start":1692529876703,"stop":1692529878537,"duration":1834}},{"uid":"d1e8dab36912772b","reportUrl":"https://RedRoverSchool.github.io/JenkinsQA_06/6539//#testresult/d1e8dab36912772b","status":"passed","time":{"start":1692528291000,"stop":1692528291639,"duration":639}},{"uid":"70e41bb363e46cdf","reportUrl":"https://RedRoverSchool.github.io/JenkinsQA_06/6537//#testresult/70e41bb363e46cdf","status":"passed","time":{"start":1692527856039,"stop":1692527856918,"duration":879}},{"uid":"73074a59f59afb34","reportUrl":"https://RedRoverSchool.github.io/JenkinsQA_06/6540//#testresult/73074a59f59afb34","status":"skipped","statusDetails":"Invalid number of path parameters. Expected 1, was 0. Undefined path parameters are: .","time":{"start":1692528174408,"stop":1692528174409,"duration":1}},{"uid":"1af604aa2a57773b","reportUrl":"https://RedRoverSchool.github.io/JenkinsQA_06/6538//#testresult/1af604aa2a57773b","status":"passed","time":{"start":1692527364017,"stop":1692527364626,"duration":609}}]},"tags":[]},"source":"2abb060a546e7890.json","parameterValues":["]"]}