{"uid":"352edcd6a2df670d","name":"testCreateFromManageJenkinsPage","fullName":"school.redrover.OrganizationFolderTest.testCreateFromManageJenkinsPage","historyId":"77e6926177d9735a1938b4eb9be03212","time":{"start":1692552592741,"stop":1692552592741,"duration":0},"description":"Verification of creating Organization Folder project by clicking 'New Item' button from Manage Jenkins Page","descriptionHtml":"<p>Verification of creating Organization Folder project by clicking 'New Item' button from Manage Jenkins Page</p>\n","status":"skipped","statusMessage":"Cannot invoke \"org.openqa.selenium.TakesScreenshot.getScreenshotAs(org.openqa.selenium.OutputType)\" because \"driver\" is null","statusTrace":"java.lang.NullPointerException: Cannot invoke \"org.openqa.selenium.TakesScreenshot.getScreenshotAs(org.openqa.selenium.OutputType)\" because \"driver\" is null\n\tat school.redrover.runner.ProjectUtils.takeScreenshot(ProjectUtils.java:132)\n\tat school.redrover.runner.BaseTest.afterMethod(BaseTest.java:119)\n\tat jdk.internal.reflect.GeneratedMethodAccessor126.invoke(Unknown Source)\n\tat java.base/jdk.internal.reflect.DelegatingMethodAccessorImpl.invoke(DelegatingMethodAccessorImpl.java:43)\n\tat java.base/java.lang.reflect.Method.invoke(Method.java:568)\n\tat org.testng.internal.invokers.MethodInvocationHelper.invokeMethod(MethodInvocationHelper.java:139)\n\tat org.testng.internal.invokers.MethodInvocationHelper.invokeMethodConsideringTimeout(MethodInvocationHelper.java:69)\n\tat org.testng.internal.invokers.ConfigInvoker.invokeConfigurationMethod(ConfigInvoker.java:361)\n\tat org.testng.internal.invokers.ConfigInvoker.invokeConfigurations(ConfigInvoker.java:296)\n\tat org.testng.internal.invokers.TestInvoker.runConfigMethods(TestInvoker.java:823)\n\tat org.testng.internal.invokers.TestInvoker.runAfterConfigurations(TestInvoker.java:792)\n\tat org.testng.internal.invokers.TestInvoker.invokeMethod(TestInvoker.java:613)\n\tat org.testng.internal.invokers.TestInvoker.invokeTestMethod(TestInvoker.java:221)\n\tat org.testng.internal.invokers.MethodRunner.runInSequence(MethodRunner.java:50)\n\tat org.testng.internal.invokers.TestInvoker$MethodInvocationAgent.invoke(TestInvoker.java:969)\n\tat org.testng.internal.invokers.TestInvoker.invokeTestMethods(TestInvoker.java:194)\n\tat org.testng.internal.invokers.TestMethodWorker.invokeTestMethods(TestMethodWorker.java:148)\n\tat org.testng.internal.invokers.TestMethodWorker.run(TestMethodWorker.java:128)\n\tat java.base/java.util.concurrent.ThreadPoolExecutor.runWorker(ThreadPoolExecutor.java:1136)\n\tat java.base/java.util.concurrent.ThreadPoolExecutor$Worker.run(ThreadPoolExecutor.java:635)\n\tat java.base/java.lang.Thread.run(Thread.java:833)\n","flaky":false,"newFailed":false,"newBroken":false,"newPassed":false,"retriesCount":0,"retriesStatusChange":false,"beforeStages":[{"name":"beforeClass","time":{"start":1692552519256,"stop":1692552522968,"duration":3712},"description":"","status":"passed","steps":[{"name":"Lock Instance","time":{"start":1692552522966,"stop":1692552522967,"duration":1},"status":"passed","steps":[],"attachments":[{"uid":"9150a3bce7dedf59","name":"Locked instance: ","source":"9150a3bce7dedf59.txt","type":"text/plain","size":22}],"parameters":[],"stepsCount":0,"attachmentsCount":1,"shouldDisplayMessage":false,"hasContent":true}],"attachments":[],"parameters":[],"stepsCount":1,"attachmentsCount":1,"shouldDisplayMessage":false,"hasContent":true},{"name":"beforeMethod","time":{"start":1692552592740,"stop":1692552592740,"duration":0},"description":"","status":"broken","steps":[],"attachments":[],"parameters":[],"stepsCount":0,"attachmentsCount":0,"shouldDisplayMessage":false,"hasContent":false}],"afterStages":[{"name":"afterMethod","time":{"start":1692552592742,"stop":1692552592743,"duration":1},"description":"","status":"broken","statusMessage":"Cannot invoke \"org.openqa.selenium.TakesScreenshot.getScreenshotAs(org.openqa.selenium.OutputType)\" because \"driver\" is null","statusTrace":"java.lang.NullPointerException: Cannot invoke \"org.openqa.selenium.TakesScreenshot.getScreenshotAs(org.openqa.selenium.OutputType)\" because \"driver\" is null\n\tat school.redrover.runner.ProjectUtils.takeScreenshot(ProjectUtils.java:132)\n\tat school.redrover.runner.BaseTest.afterMethod(BaseTest.java:119)\n\tat jdk.internal.reflect.GeneratedMethodAccessor126.invoke(Unknown Source)\n\tat java.base/jdk.internal.reflect.DelegatingMethodAccessorImpl.invoke(DelegatingMethodAccessorImpl.java:43)\n\tat java.base/java.lang.reflect.Method.invoke(Method.java:568)\n\tat org.testng.internal.invokers.MethodInvocationHelper.invokeMethod(MethodInvocationHelper.java:139)\n\tat org.testng.internal.invokers.MethodInvocationHelper.invokeMethodConsideringTimeout(MethodInvocationHelper.java:69)\n\tat org.testng.internal.invokers.ConfigInvoker.invokeConfigurationMethod(ConfigInvoker.java:361)\n\tat org.testng.internal.invokers.ConfigInvoker.invokeConfigurations(ConfigInvoker.java:296)\n\tat org.testng.internal.invokers.TestInvoker.runConfigMethods(TestInvoker.java:823)\n\tat org.testng.internal.invokers.TestInvoker.runAfterConfigurations(TestInvoker.java:792)\n\tat org.testng.internal.invokers.TestInvoker.invokeMethod(TestInvoker.java:613)\n\tat org.testng.internal.invokers.TestInvoker.invokeTestMethod(TestInvoker.java:221)\n\tat org.testng.internal.invokers.MethodRunner.runInSequence(MethodRunner.java:50)\n\tat org.testng.internal.invokers.TestInvoker$MethodInvocationAgent.invoke(TestInvoker.java:969)\n\tat org.testng.internal.invokers.TestInvoker.invokeTestMethods(TestInvoker.java:194)\n\tat org.testng.internal.invokers.TestMethodWorker.invokeTestMethods(TestMethodWorker.java:148)\n\tat org.testng.internal.invokers.TestMethodWorker.run(TestMethodWorker.java:128)\n\tat java.base/java.util.concurrent.ThreadPoolExecutor.runWorker(ThreadPoolExecutor.java:1136)\n\tat java.base/java.util.concurrent.ThreadPoolExecutor$Worker.run(ThreadPoolExecutor.java:635)\n\tat java.base/java.lang.Thread.run(Thread.java:833)\n","steps":[],"attachments":[],"parameters":[],"stepsCount":0,"attachmentsCount":0,"shouldDisplayMessage":true,"hasContent":true},{"name":"unlockInstance","time":{"start":1692552593988,"stop":1692552594007,"duration":19},"description":"","status":"passed","steps":[{"name":"Unlock instance http://localhost:8081/","time":{"start":1692552593988,"stop":1692552594007,"duration":19},"status":"passed","steps":[],"attachments":[],"parameters":[{"name":"instance","value":"http://localhost:8081/"}],"stepsCount":0,"attachmentsCount":0,"shouldDisplayMessage":false,"hasContent":true}],"attachments":[],"parameters":[],"stepsCount":1,"attachmentsCount":0,"shouldDisplayMessage":false,"hasContent":true}],"labels":[{"name":"package","value":"school.redrover.OrganizationFolderTest"},{"name":"testClass","value":"school.redrover.OrganizationFolderTest"},{"name":"testMethod","value":"testCreateFromManageJenkinsPage"},{"name":"parentSuite","value":"AllTestsSuite"},{"name":"suite","value":"AllTests"},{"name":"subSuite","value":"school.redrover.OrganizationFolderTest"},{"name":"host","value":"fv-az451-525"},{"name":"thread","value":"3323@fv-az451-525.TestNG-test=AllTests-4(20)"},{"name":"framework","value":"testng"},{"name":"language","value":"java"},{"name":"feature","value":"Function"},{"name":"severity","value":"critical"},{"name":"resultFormat","value":"allure2"}],"parameters":[],"links":[],"hidden":false,"retry":false,"extra":{"severity":"critical","retries":[],"categories":[],"history":{"statistic":{"failed":0,"broken":0,"skipped":8,"passed":9,"unknown":0,"total":17},"items":[{"uid":"491cb6015ec240b2","reportUrl":"https://RedRoverSchool.github.io/JenkinsQA_06/6549//#testresult/491cb6015ec240b2","status":"skipped","statusDetails":"Cannot invoke \"org.openqa.selenium.TakesScreenshot.getScreenshotAs(org.openqa.selenium.OutputType)\" because \"driver\" is null","time":{"start":1692550164735,"stop":1692550164735,"duration":0}},{"uid":"b0ef02606c900f63","reportUrl":"https://RedRoverSchool.github.io/JenkinsQA_06/6542//#testresult/b0ef02606c900f63","status":"passed","time":{"start":1692547623229,"stop":1692547625569,"duration":2340}},{"uid":"8814c7c2cda81590","reportUrl":"https://RedRoverSchool.github.io/JenkinsQA_06/6548//#testresult/8814c7c2cda81590","status":"skipped","statusDetails":"Cannot invoke \"org.openqa.selenium.TakesScreenshot.getScreenshotAs(org.openqa.selenium.OutputType)\" because \"driver\" is null","time":{"start":1692548537769,"stop":1692548537769,"duration":0}},{"uid":"108076e8f25d6e8d","reportUrl":"https://RedRoverSchool.github.io/JenkinsQA_06/6542//#testresult/108076e8f25d6e8d","status":"passed","time":{"start":1692539871149,"stop":1692539873488,"duration":2339}},{"uid":"b91da9a54e5927ff","reportUrl":"https://RedRoverSchool.github.io/JenkinsQA_06/6547//#testresult/b91da9a54e5927ff","status":"passed","time":{"start":1692540951289,"stop":1692540954216,"duration":2927}},{"uid":"d4e354843ce4d9d6","reportUrl":"https://RedRoverSchool.github.io/JenkinsQA_06/6546//#testresult/d4e354843ce4d9d6","status":"skipped","statusDetails":"Cannot invoke \"org.openqa.selenium.TakesScreenshot.getScreenshotAs(org.openqa.selenium.OutputType)\" because \"driver\" is null","time":{"start":1692539557547,"stop":1692539557548,"duration":1}},{"uid":"345308c19ea88d38","reportUrl":"https://RedRoverSchool.github.io/JenkinsQA_06/6545//#testresult/345308c19ea88d38","status":"skipped","statusDetails":"1 expectation failed.\nExpected status code <302> but was <403>.\n","time":{"start":1692538299254,"stop":1692538299255,"duration":1}},{"uid":"2a04326b98d67d57","reportUrl":"https://RedRoverSchool.github.io/JenkinsQA_06/6544//#testresult/2a04326b98d67d57","status":"skipped","statusDetails":"1 expectation failed.\nExpected status code <302> but was <403>.\n","time":{"start":1692536744977,"stop":1692536744977,"duration":0}},{"uid":"c2e6646214f29f9f","reportUrl":"https://RedRoverSchool.github.io/JenkinsQA_06/6539//#testresult/c2e6646214f29f9f","status":"passed","time":{"start":1692532527177,"stop":1692532529297,"duration":2120}},{"uid":"95a8ed7ad65b9d95","reportUrl":"https://RedRoverSchool.github.io/JenkinsQA_06/6542//#testresult/95a8ed7ad65b9d95","status":"passed","time":{"start":1692531435158,"stop":1692531437041,"duration":1883}},{"uid":"789a99ddf25ff2aa","reportUrl":"https://RedRoverSchool.github.io/JenkinsQA_06/6543//#testresult/789a99ddf25ff2aa","status":"skipped","statusDetails":"1 expectation failed.\nExpected status code <302> but was <403>.\n","time":{"start":1692533935342,"stop":1692533935342,"duration":0}},{"uid":"6b4818b1068b5fbe","reportUrl":"https://RedRoverSchool.github.io/JenkinsQA_06/6541//#testresult/6b4818b1068b5fbe","status":"passed","time":{"start":1692529518034,"stop":1692529520920,"duration":2886}},{"uid":"b0f653b3a21c7b0d","reportUrl":"https://RedRoverSchool.github.io/JenkinsQA_06/6539//#testresult/b0f653b3a21c7b0d","status":"passed","time":{"start":1692527820160,"stop":1692527822495,"duration":2335}},{"uid":"be55cda45580a4c1","reportUrl":"https://RedRoverSchool.github.io/JenkinsQA_06/6537//#testresult/be55cda45580a4c1","status":"passed","time":{"start":1692528966541,"stop":1692528968341,"duration":1800}},{"uid":"d7fd4a4ed357522e","reportUrl":"https://RedRoverSchool.github.io/JenkinsQA_06/6540//#testresult/d7fd4a4ed357522e","status":"skipped","statusDetails":"Invalid number of path parameters. Expected 1, was 0. Undefined path parameters are: .","time":{"start":1692528203118,"stop":1692528203119,"duration":1}},{"uid":"4569c630ea65667c","reportUrl":"https://RedRoverSchool.github.io/JenkinsQA_06/6538//#testresult/4569c630ea65667c","status":"passed","time":{"start":1692526912554,"stop":1692526914834,"duration":2280}}]},"tags":[]},"source":"352edcd6a2df670d.json","parameterValues":[]}