{"uid":"5657d722336891af","name":"testCreateWithEmptyName","fullName":"school.redrover.MultibranchPipelineTest.testCreateWithEmptyName","historyId":"58b2a635ad3393ba276f24d14a67874e","time":{"start":1692552653079,"stop":1692552653080,"duration":1},"description":"Verification of showing error message while creating Multibranch Pipeline project with empty name","descriptionHtml":"<p>Verification of showing error message while creating Multibranch Pipeline project with empty name</p>\n","status":"skipped","statusMessage":"Cannot invoke \"org.openqa.selenium.TakesScreenshot.getScreenshotAs(org.openqa.selenium.OutputType)\" because \"driver\" is null","statusTrace":"java.lang.NullPointerException: Cannot invoke \"org.openqa.selenium.TakesScreenshot.getScreenshotAs(org.openqa.selenium.OutputType)\" because \"driver\" is null\n\tat school.redrover.runner.ProjectUtils.takeScreenshot(ProjectUtils.java:132)\n\tat school.redrover.runner.BaseTest.afterMethod(BaseTest.java:119)\n\tat jdk.internal.reflect.GeneratedMethodAccessor126.invoke(Unknown Source)\n\tat java.base/jdk.internal.reflect.DelegatingMethodAccessorImpl.invoke(DelegatingMethodAccessorImpl.java:43)\n\tat java.base/java.lang.reflect.Method.invoke(Method.java:568)\n\tat org.testng.internal.invokers.MethodInvocationHelper.invokeMethod(MethodInvocationHelper.java:139)\n\tat org.testng.internal.invokers.MethodInvocationHelper.invokeMethodConsideringTimeout(MethodInvocationHelper.java:69)\n\tat org.testng.internal.invokers.ConfigInvoker.invokeConfigurationMethod(ConfigInvoker.java:361)\n\tat org.testng.internal.invokers.ConfigInvoker.invokeConfigurations(ConfigInvoker.java:296)\n\tat org.testng.internal.invokers.TestInvoker.runConfigMethods(TestInvoker.java:823)\n\tat org.testng.internal.invokers.TestInvoker.runAfterConfigurations(TestInvoker.java:792)\n\tat org.testng.internal.invokers.TestInvoker.invokeMethod(TestInvoker.java:613)\n\tat org.testng.internal.invokers.TestInvoker.invokeTestMethod(TestInvoker.java:221)\n\tat org.testng.internal.invokers.MethodRunner.runInSequence(MethodRunner.java:50)\n\tat org.testng.internal.invokers.TestInvoker$MethodInvocationAgent.invoke(TestInvoker.java:969)\n\tat org.testng.internal.invokers.TestInvoker.invokeTestMethods(TestInvoker.java:194)\n\tat org.testng.internal.invokers.TestMethodWorker.invokeTestMethods(TestMethodWorker.java:148)\n\tat org.testng.internal.invokers.TestMethodWorker.run(TestMethodWorker.java:128)\n\tat java.base/java.util.concurrent.ThreadPoolExecutor.runWorker(ThreadPoolExecutor.java:1136)\n\tat java.base/java.util.concurrent.ThreadPoolExecutor$Worker.run(ThreadPoolExecutor.java:635)\n\tat java.base/java.lang.Thread.run(Thread.java:833)\n","flaky":false,"newFailed":false,"newBroken":false,"newPassed":false,"retriesCount":0,"retriesStatusChange":false,"beforeStages":[{"name":"beforeClass","time":{"start":1692552629232,"stop":1692552629232,"duration":0},"description":"","status":"passed","steps":[{"name":"Lock Instance","time":{"start":1692552629232,"stop":1692552629232,"duration":0},"status":"passed","steps":[],"attachments":[{"uid":"d99a226f449009f2","name":"Locked instance: ","source":"d99a226f449009f2.txt","type":"text/plain","size":22}],"parameters":[],"stepsCount":0,"attachmentsCount":1,"shouldDisplayMessage":false,"hasContent":true}],"attachments":[],"parameters":[],"stepsCount":1,"attachmentsCount":1,"shouldDisplayMessage":false,"hasContent":true},{"name":"beforeMethod","time":{"start":1692552653078,"stop":1692552653079,"duration":1},"description":"","status":"broken","steps":[],"attachments":[],"parameters":[],"stepsCount":0,"attachmentsCount":0,"shouldDisplayMessage":false,"hasContent":false}],"afterStages":[{"name":"afterMethod","time":{"start":1692552653091,"stop":1692552653091,"duration":0},"description":"","status":"broken","statusMessage":"Cannot invoke \"org.openqa.selenium.TakesScreenshot.getScreenshotAs(org.openqa.selenium.OutputType)\" because \"driver\" is null","statusTrace":"java.lang.NullPointerException: Cannot invoke \"org.openqa.selenium.TakesScreenshot.getScreenshotAs(org.openqa.selenium.OutputType)\" because \"driver\" is null\n\tat school.redrover.runner.ProjectUtils.takeScreenshot(ProjectUtils.java:132)\n\tat school.redrover.runner.BaseTest.afterMethod(BaseTest.java:119)\n\tat jdk.internal.reflect.GeneratedMethodAccessor126.invoke(Unknown Source)\n\tat java.base/jdk.internal.reflect.DelegatingMethodAccessorImpl.invoke(DelegatingMethodAccessorImpl.java:43)\n\tat java.base/java.lang.reflect.Method.invoke(Method.java:568)\n\tat org.testng.internal.invokers.MethodInvocationHelper.invokeMethod(MethodInvocationHelper.java:139)\n\tat org.testng.internal.invokers.MethodInvocationHelper.invokeMethodConsideringTimeout(MethodInvocationHelper.java:69)\n\tat org.testng.internal.invokers.ConfigInvoker.invokeConfigurationMethod(ConfigInvoker.java:361)\n\tat org.testng.internal.invokers.ConfigInvoker.invokeConfigurations(ConfigInvoker.java:296)\n\tat org.testng.internal.invokers.TestInvoker.runConfigMethods(TestInvoker.java:823)\n\tat org.testng.internal.invokers.TestInvoker.runAfterConfigurations(TestInvoker.java:792)\n\tat org.testng.internal.invokers.TestInvoker.invokeMethod(TestInvoker.java:613)\n\tat org.testng.internal.invokers.TestInvoker.invokeTestMethod(TestInvoker.java:221)\n\tat org.testng.internal.invokers.MethodRunner.runInSequence(MethodRunner.java:50)\n\tat org.testng.internal.invokers.TestInvoker$MethodInvocationAgent.invoke(TestInvoker.java:969)\n\tat org.testng.internal.invokers.TestInvoker.invokeTestMethods(TestInvoker.java:194)\n\tat org.testng.internal.invokers.TestMethodWorker.invokeTestMethods(TestMethodWorker.java:148)\n\tat org.testng.internal.invokers.TestMethodWorker.run(TestMethodWorker.java:128)\n\tat java.base/java.util.concurrent.ThreadPoolExecutor.runWorker(ThreadPoolExecutor.java:1136)\n\tat java.base/java.util.concurrent.ThreadPoolExecutor$Worker.run(ThreadPoolExecutor.java:635)\n\tat java.base/java.lang.Thread.run(Thread.java:833)\n","steps":[],"attachments":[],"parameters":[],"stepsCount":0,"attachmentsCount":0,"shouldDisplayMessage":true,"hasContent":true},{"name":"unlockInstance","time":{"start":1692552654099,"stop":1692552654099,"duration":0},"description":"","status":"passed","steps":[{"name":"Unlock instance http://localhost:8081/","time":{"start":1692552654099,"stop":1692552654099,"duration":0},"status":"passed","steps":[],"attachments":[],"parameters":[{"name":"instance","value":"http://localhost:8081/"}],"stepsCount":0,"attachmentsCount":0,"shouldDisplayMessage":false,"hasContent":true}],"attachments":[],"parameters":[],"stepsCount":1,"attachmentsCount":0,"shouldDisplayMessage":false,"hasContent":true}],"labels":[{"name":"package","value":"school.redrover.MultibranchPipelineTest"},{"name":"testClass","value":"school.redrover.MultibranchPipelineTest"},{"name":"testMethod","value":"testCreateWithEmptyName"},{"name":"parentSuite","value":"AllTestsSuite"},{"name":"suite","value":"AllTests"},{"name":"subSuite","value":"school.redrover.MultibranchPipelineTest"},{"name":"host","value":"fv-az451-525"},{"name":"thread","value":"3323@fv-az451-525.TestNG-test=AllTests-4(20)"},{"name":"framework","value":"testng"},{"name":"language","value":"java"},{"name":"feature","value":"Function"},{"name":"severity","value":"critical"},{"name":"resultFormat","value":"allure2"}],"parameters":[],"links":[],"hidden":false,"retry":false,"extra":{"severity":"critical","retries":[],"categories":[],"history":{"statistic":{"failed":0,"broken":0,"skipped":8,"passed":8,"unknown":0,"total":16},"items":[{"uid":"29d818c4fe2e2dc4","reportUrl":"https://RedRoverSchool.github.io/JenkinsQA_06/6549//#testresult/29d818c4fe2e2dc4","status":"skipped","statusDetails":"Cannot invoke \"org.openqa.selenium.TakesScreenshot.getScreenshotAs(org.openqa.selenium.OutputType)\" because \"driver\" is null","time":{"start":1692550228399,"stop":1692550228399,"duration":0}},{"uid":"7d49665175e4a0fa","reportUrl":"https://RedRoverSchool.github.io/JenkinsQA_06/6542//#testresult/7d49665175e4a0fa","status":"passed","time":{"start":1692548015701,"stop":1692548016463,"duration":762}},{"uid":"398ea17aba7e31c8","reportUrl":"https://RedRoverSchool.github.io/JenkinsQA_06/6548//#testresult/398ea17aba7e31c8","status":"skipped","statusDetails":"Cannot invoke \"org.openqa.selenium.TakesScreenshot.getScreenshotAs(org.openqa.selenium.OutputType)\" because \"driver\" is null","time":{"start":1692548589695,"stop":1692548589695,"duration":0}},{"uid":"fc01cd47bab7304d","reportUrl":"https://RedRoverSchool.github.io/JenkinsQA_06/6542//#testresult/fc01cd47bab7304d","status":"passed","time":{"start":1692541746477,"stop":1692541747220,"duration":743}},{"uid":"ad94510a7311ffd1","reportUrl":"https://RedRoverSchool.github.io/JenkinsQA_06/6547//#testresult/ad94510a7311ffd1","status":"skipped","statusDetails":"Cannot invoke \"org.openqa.selenium.TakesScreenshot.getScreenshotAs(org.openqa.selenium.OutputType)\" because \"driver\" is null","time":{"start":1692540862774,"stop":1692540862774,"duration":0}},{"uid":"ecd57ba1ef378c4e","reportUrl":"https://RedRoverSchool.github.io/JenkinsQA_06/6546//#testresult/ecd57ba1ef378c4e","status":"skipped","statusDetails":"Cannot invoke \"org.openqa.selenium.TakesScreenshot.getScreenshotAs(org.openqa.selenium.OutputType)\" because \"driver\" is null","time":{"start":1692539628497,"stop":1692539628497,"duration":0}},{"uid":"d7fd134795c66b9e","reportUrl":"https://RedRoverSchool.github.io/JenkinsQA_06/6545//#testresult/d7fd134795c66b9e","status":"skipped","statusDetails":"1 expectation failed.\nExpected status code <302> but was <403>.\n","time":{"start":1692538364201,"stop":1692538364201,"duration":0}},{"uid":"566f73ec981f9200","reportUrl":"https://RedRoverSchool.github.io/JenkinsQA_06/6544//#testresult/566f73ec981f9200","status":"passed","time":{"start":1692536931517,"stop":1692536932295,"duration":778}},{"uid":"4404c5525d7a870e","reportUrl":"https://RedRoverSchool.github.io/JenkinsQA_06/6539//#testresult/4404c5525d7a870e","status":"passed","time":{"start":1692534374295,"stop":1692534374936,"duration":641}},{"uid":"88622f5a20e428a8","reportUrl":"https://RedRoverSchool.github.io/JenkinsQA_06/6542//#testresult/88622f5a20e428a8","status":"passed","time":{"start":1692533062603,"stop":1692533062939,"duration":336}},{"uid":"9da0939f0ad89563","reportUrl":"https://RedRoverSchool.github.io/JenkinsQA_06/6543//#testresult/9da0939f0ad89563","status":"skipped","statusDetails":"1 expectation failed.\nExpected status code <302> but was <403>.\n","time":{"start":1692533967526,"stop":1692533967526,"duration":0}},{"uid":"d6f36ee848581622","reportUrl":"https://RedRoverSchool.github.io/JenkinsQA_06/6541//#testresult/d6f36ee848581622","status":"passed","time":{"start":1692530681205,"stop":1692530682086,"duration":881}},{"uid":"984a1c07dfc50460","reportUrl":"https://RedRoverSchool.github.io/JenkinsQA_06/6539//#testresult/984a1c07dfc50460","status":"passed","time":{"start":1692529774609,"stop":1692529775103,"duration":494}},{"uid":"2006eabb77d5eb1e","reportUrl":"https://RedRoverSchool.github.io/JenkinsQA_06/6537//#testresult/2006eabb77d5eb1e","status":"passed","time":{"start":1692529320848,"stop":1692529321248,"duration":400}},{"uid":"1c5bcd797f29bb2d","reportUrl":"https://RedRoverSchool.github.io/JenkinsQA_06/6540//#testresult/1c5bcd797f29bb2d","status":"skipped","statusDetails":"Invalid number of path parameters. Expected 1, was 0. Undefined path parameters are: .","time":{"start":1692528211139,"stop":1692528211139,"duration":0}}]},"tags":[]},"source":"5657d722336891af.json","parameterValues":[]}