{"uid":"71f4d3586dbc88dc","name":"testRenameWithInvalidData","fullName":"school.redrover.PipelineTest.testRenameWithInvalidData","historyId":"fc0f2d960be9c70a044cb04342bc8518","time":{"start":1692552700408,"stop":1692552700408,"duration":0},"status":"skipped","statusMessage":"Cannot invoke \"org.openqa.selenium.TakesScreenshot.getScreenshotAs(org.openqa.selenium.OutputType)\" because \"driver\" is null","statusTrace":"java.lang.NullPointerException: Cannot invoke \"org.openqa.selenium.TakesScreenshot.getScreenshotAs(org.openqa.selenium.OutputType)\" because \"driver\" is null\n\tat school.redrover.runner.ProjectUtils.takeScreenshot(ProjectUtils.java:132)\n\tat school.redrover.runner.BaseTest.afterMethod(BaseTest.java:119)\n\tat jdk.internal.reflect.GeneratedMethodAccessor126.invoke(Unknown Source)\n\tat java.base/jdk.internal.reflect.DelegatingMethodAccessorImpl.invoke(DelegatingMethodAccessorImpl.java:43)\n\tat java.base/java.lang.reflect.Method.invoke(Method.java:568)\n\tat org.testng.internal.invokers.MethodInvocationHelper.invokeMethod(MethodInvocationHelper.java:139)\n\tat org.testng.internal.invokers.MethodInvocationHelper.invokeMethodConsideringTimeout(MethodInvocationHelper.java:69)\n\tat org.testng.internal.invokers.ConfigInvoker.invokeConfigurationMethod(ConfigInvoker.java:361)\n\tat org.testng.internal.invokers.ConfigInvoker.invokeConfigurations(ConfigInvoker.java:296)\n\tat org.testng.internal.invokers.TestInvoker.runConfigMethods(TestInvoker.java:823)\n\tat org.testng.internal.invokers.TestInvoker.runAfterConfigurations(TestInvoker.java:792)\n\tat org.testng.internal.invokers.TestInvoker.invokeMethod(TestInvoker.java:613)\n\tat org.testng.internal.invokers.TestInvoker.invokeTestMethod(TestInvoker.java:221)\n\tat org.testng.internal.invokers.MethodRunner.runInSequence(MethodRunner.java:50)\n\tat org.testng.internal.invokers.TestInvoker$MethodInvocationAgent.invoke(TestInvoker.java:969)\n\tat org.testng.internal.invokers.TestInvoker.invokeTestMethods(TestInvoker.java:194)\n\tat org.testng.internal.invokers.TestMethodWorker.invokeTestMethods(TestMethodWorker.java:148)\n\tat org.testng.internal.invokers.TestMethodWorker.run(TestMethodWorker.java:128)\n\tat java.base/java.util.concurrent.ThreadPoolExecutor.runWorker(ThreadPoolExecutor.java:1136)\n\tat java.base/java.util.concurrent.ThreadPoolExecutor$Worker.run(ThreadPoolExecutor.java:635)\n\tat java.base/java.lang.Thread.run(Thread.java:833)\n","flaky":false,"newFailed":false,"newBroken":false,"newPassed":false,"retriesCount":0,"retriesStatusChange":false,"beforeStages":[{"name":"beforeClass","time":{"start":1692552675688,"stop":1692552675688,"duration":0},"description":"","status":"passed","steps":[{"name":"Lock Instance","time":{"start":1692552675688,"stop":1692552675688,"duration":0},"status":"passed","steps":[],"attachments":[{"uid":"4303fa024dc2442a","name":"Locked instance: ","source":"4303fa024dc2442a.txt","type":"text/plain","size":22}],"parameters":[],"stepsCount":0,"attachmentsCount":1,"shouldDisplayMessage":false,"hasContent":true}],"attachments":[],"parameters":[],"stepsCount":1,"attachmentsCount":1,"shouldDisplayMessage":false,"hasContent":true},{"name":"beforeMethod","time":{"start":1692552700407,"stop":1692552700407,"duration":0},"description":"","status":"broken","steps":[],"attachments":[],"parameters":[],"stepsCount":0,"attachmentsCount":0,"shouldDisplayMessage":false,"hasContent":false}],"afterStages":[{"name":"afterMethod","time":{"start":1692552700408,"stop":1692552700408,"duration":0},"description":"","status":"broken","statusMessage":"Cannot invoke \"org.openqa.selenium.TakesScreenshot.getScreenshotAs(org.openqa.selenium.OutputType)\" because \"driver\" is null","statusTrace":"java.lang.NullPointerException: Cannot invoke \"org.openqa.selenium.TakesScreenshot.getScreenshotAs(org.openqa.selenium.OutputType)\" because \"driver\" is null\n\tat school.redrover.runner.ProjectUtils.takeScreenshot(ProjectUtils.java:132)\n\tat school.redrover.runner.BaseTest.afterMethod(BaseTest.java:119)\n\tat jdk.internal.reflect.GeneratedMethodAccessor126.invoke(Unknown Source)\n\tat java.base/jdk.internal.reflect.DelegatingMethodAccessorImpl.invoke(DelegatingMethodAccessorImpl.java:43)\n\tat java.base/java.lang.reflect.Method.invoke(Method.java:568)\n\tat org.testng.internal.invokers.MethodInvocationHelper.invokeMethod(MethodInvocationHelper.java:139)\n\tat org.testng.internal.invokers.MethodInvocationHelper.invokeMethodConsideringTimeout(MethodInvocationHelper.java:69)\n\tat org.testng.internal.invokers.ConfigInvoker.invokeConfigurationMethod(ConfigInvoker.java:361)\n\tat org.testng.internal.invokers.ConfigInvoker.invokeConfigurations(ConfigInvoker.java:296)\n\tat org.testng.internal.invokers.TestInvoker.runConfigMethods(TestInvoker.java:823)\n\tat org.testng.internal.invokers.TestInvoker.runAfterConfigurations(TestInvoker.java:792)\n\tat org.testng.internal.invokers.TestInvoker.invokeMethod(TestInvoker.java:613)\n\tat org.testng.internal.invokers.TestInvoker.invokeTestMethod(TestInvoker.java:221)\n\tat org.testng.internal.invokers.MethodRunner.runInSequence(MethodRunner.java:50)\n\tat org.testng.internal.invokers.TestInvoker$MethodInvocationAgent.invoke(TestInvoker.java:969)\n\tat org.testng.internal.invokers.TestInvoker.invokeTestMethods(TestInvoker.java:194)\n\tat org.testng.internal.invokers.TestMethodWorker.invokeTestMethods(TestMethodWorker.java:148)\n\tat org.testng.internal.invokers.TestMethodWorker.run(TestMethodWorker.java:128)\n\tat java.base/java.util.concurrent.ThreadPoolExecutor.runWorker(ThreadPoolExecutor.java:1136)\n\tat java.base/java.util.concurrent.ThreadPoolExecutor$Worker.run(ThreadPoolExecutor.java:635)\n\tat java.base/java.lang.Thread.run(Thread.java:833)\n","steps":[],"attachments":[],"parameters":[],"stepsCount":0,"attachmentsCount":0,"shouldDisplayMessage":true,"hasContent":true},{"name":"unlockInstance","time":{"start":1692552700615,"stop":1692552700615,"duration":0},"description":"","status":"passed","steps":[{"name":"Unlock instance http://localhost:8081/","time":{"start":1692552700615,"stop":1692552700615,"duration":0},"status":"passed","steps":[],"attachments":[],"parameters":[{"name":"instance","value":"http://localhost:8081/"}],"stepsCount":0,"attachmentsCount":0,"shouldDisplayMessage":false,"hasContent":true}],"attachments":[],"parameters":[],"stepsCount":1,"attachmentsCount":0,"shouldDisplayMessage":false,"hasContent":true}],"labels":[{"name":"package","value":"school.redrover.PipelineTest"},{"name":"testClass","value":"school.redrover.PipelineTest"},{"name":"testMethod","value":"testRenameWithInvalidData"},{"name":"parentSuite","value":"AllTestsSuite"},{"name":"suite","value":"AllTests"},{"name":"subSuite","value":"school.redrover.PipelineTest"},{"name":"host","value":"fv-az451-525"},{"name":"thread","value":"3323@fv-az451-525.TestNG-test=AllTests-4(20)"},{"name":"framework","value":"testng"},{"name":"language","value":"java"},{"name":"feature","value":"Function"},{"name":"severity","value":"normal"},{"name":"resultFormat","value":"allure2"}],"parameters":[{"name":"arg0","value":"]"},{"name":"arg1","value":"]"}],"links":[],"hidden":false,"retry":false,"extra":{"severity":"normal","retries":[],"categories":[],"history":{"statistic":{"failed":0,"broken":0,"skipped":9,"passed":7,"unknown":0,"total":16},"items":[{"uid":"1b7034e4b64c6582","reportUrl":"https://RedRoverSchool.github.io/JenkinsQA_06/6549//#testresult/1b7034e4b64c6582","status":"skipped","statusDetails":"Cannot invoke \"org.openqa.selenium.TakesScreenshot.getScreenshotAs(org.openqa.selenium.OutputType)\" because \"driver\" is null","time":{"start":1692550277314,"stop":1692550277316,"duration":2}},{"uid":"1218c20d6ae1ef20","reportUrl":"https://RedRoverSchool.github.io/JenkinsQA_06/6542//#testresult/1218c20d6ae1ef20","status":"passed","time":{"start":1692545580327,"stop":1692545583324,"duration":2997}},{"uid":"7090e68702c05c0a","reportUrl":"https://RedRoverSchool.github.io/JenkinsQA_06/6548//#testresult/7090e68702c05c0a","status":"skipped","statusDetails":"Cannot invoke \"org.openqa.selenium.TakesScreenshot.getScreenshotAs(org.openqa.selenium.OutputType)\" because \"driver\" is null","time":{"start":1692548627266,"stop":1692548627266,"duration":0}},{"uid":"75f776eefaf491d5","reportUrl":"https://RedRoverSchool.github.io/JenkinsQA_06/6542//#testresult/75f776eefaf491d5","status":"passed","time":{"start":1692543116935,"stop":1692543119741,"duration":2806}},{"uid":"1c7e26c7507cdc46","reportUrl":"https://RedRoverSchool.github.io/JenkinsQA_06/6547//#testresult/1c7e26c7507cdc46","status":"skipped","statusDetails":"Cannot invoke \"org.openqa.selenium.TakesScreenshot.getScreenshotAs(org.openqa.selenium.OutputType)\" because \"driver\" is null","time":{"start":1692540902794,"stop":1692540902795,"duration":1}},{"uid":"6b2fffb3da63d08c","reportUrl":"https://RedRoverSchool.github.io/JenkinsQA_06/6546//#testresult/6b2fffb3da63d08c","status":"skipped","statusDetails":"Cannot invoke \"org.openqa.selenium.TakesScreenshot.getScreenshotAs(org.openqa.selenium.OutputType)\" because \"driver\" is null","time":{"start":1692539697674,"stop":1692539697674,"duration":0}},{"uid":"4c906869ea5ac285","reportUrl":"https://RedRoverSchool.github.io/JenkinsQA_06/6545//#testresult/4c906869ea5ac285","status":"skipped","statusDetails":"1 expectation failed.\nExpected status code <302> but was <403>.\n","time":{"start":1692538414023,"stop":1692538414023,"duration":0}},{"uid":"553b6d6bade7772f","reportUrl":"https://RedRoverSchool.github.io/JenkinsQA_06/6544//#testresult/553b6d6bade7772f","status":"skipped","statusDetails":"1 expectation failed.\nExpected status code <302> but was <403>.\n","time":{"start":1692536661611,"stop":1692536661617,"duration":6}},{"uid":"ea402c3b44980ec6","reportUrl":"https://RedRoverSchool.github.io/JenkinsQA_06/6539//#testresult/ea402c3b44980ec6","status":"passed","time":{"start":1692535697465,"stop":1692535700487,"duration":3022}},{"uid":"1d3bfb30596ee99b","reportUrl":"https://RedRoverSchool.github.io/JenkinsQA_06/6542//#testresult/1d3bfb30596ee99b","status":"passed","time":{"start":1692534263161,"stop":1692534265762,"duration":2601}},{"uid":"e0175fbe048d01c9","reportUrl":"https://RedRoverSchool.github.io/JenkinsQA_06/6543//#testresult/e0175fbe048d01c9","status":"skipped","statusDetails":"1 expectation failed.\nExpected status code <302> but was <403>.\n","time":{"start":1692533997634,"stop":1692533997634,"duration":0}},{"uid":"a0238af5ddd713e5","reportUrl":"https://RedRoverSchool.github.io/JenkinsQA_06/6541//#testresult/a0238af5ddd713e5","status":"passed","time":{"start":1692532587768,"stop":1692532591976,"duration":4208}},{"uid":"1fb49b0fc6bab43","reportUrl":"https://RedRoverSchool.github.io/JenkinsQA_06/6539//#testresult/1fb49b0fc6bab43","status":"passed","time":{"start":1692531143099,"stop":1692531146473,"duration":3374}},{"uid":"aafcb7cd643e2e62","reportUrl":"https://RedRoverSchool.github.io/JenkinsQA_06/6537//#testresult/aafcb7cd643e2e62","status":"passed","time":{"start":1692527113105,"stop":1692527116089,"duration":2984}},{"uid":"7f954094b0ee51e3","reportUrl":"https://RedRoverSchool.github.io/JenkinsQA_06/6540//#testresult/7f954094b0ee51e3","status":"skipped","statusDetails":"Invalid number of path parameters. Expected 1, was 0. Undefined path parameters are: .","time":{"start":1692528155539,"stop":1692528155539,"duration":0}}]},"tags":[]},"source":"71f4d3586dbc88dc.json","parameterValues":["]","]"]}