{"uid":"9bf60e324f00d2e","name":"testTextErrorWhenCreateNewNodeWithEmptyName","fullName":"school.redrover.ManageJenkinsTest.testTextErrorWhenCreateNewNodeWithEmptyName","historyId":"5501f060d3981d811b75e623f17da325","time":{"start":1692552688001,"stop":1692552688001,"duration":0},"description":"Check error message creating new node with empty name","descriptionHtml":"<p>Check error message creating new node with empty name</p>\n","status":"skipped","statusMessage":"Cannot invoke \"org.openqa.selenium.TakesScreenshot.getScreenshotAs(org.openqa.selenium.OutputType)\" because \"driver\" is null","statusTrace":"java.lang.NullPointerException: Cannot invoke \"org.openqa.selenium.TakesScreenshot.getScreenshotAs(org.openqa.selenium.OutputType)\" because \"driver\" is null\n\tat school.redrover.runner.ProjectUtils.takeScreenshot(ProjectUtils.java:132)\n\tat school.redrover.runner.BaseTest.afterMethod(BaseTest.java:119)\n\tat jdk.internal.reflect.GeneratedMethodAccessor126.invoke(Unknown Source)\n\tat java.base/jdk.internal.reflect.DelegatingMethodAccessorImpl.invoke(DelegatingMethodAccessorImpl.java:43)\n\tat java.base/java.lang.reflect.Method.invoke(Method.java:568)\n\tat org.testng.internal.invokers.MethodInvocationHelper.invokeMethod(MethodInvocationHelper.java:139)\n\tat org.testng.internal.invokers.MethodInvocationHelper.invokeMethodConsideringTimeout(MethodInvocationHelper.java:69)\n\tat org.testng.internal.invokers.ConfigInvoker.invokeConfigurationMethod(ConfigInvoker.java:361)\n\tat org.testng.internal.invokers.ConfigInvoker.invokeConfigurations(ConfigInvoker.java:296)\n\tat org.testng.internal.invokers.TestInvoker.runConfigMethods(TestInvoker.java:823)\n\tat org.testng.internal.invokers.TestInvoker.runAfterConfigurations(TestInvoker.java:792)\n\tat org.testng.internal.invokers.TestInvoker.invokeMethod(TestInvoker.java:613)\n\tat org.testng.internal.invokers.TestInvoker.invokeTestMethod(TestInvoker.java:221)\n\tat org.testng.internal.invokers.MethodRunner.runInSequence(MethodRunner.java:50)\n\tat org.testng.internal.invokers.TestInvoker$MethodInvocationAgent.invoke(TestInvoker.java:969)\n\tat org.testng.internal.invokers.TestInvoker.invokeTestMethods(TestInvoker.java:194)\n\tat org.testng.internal.invokers.TestMethodWorker.invokeTestMethods(TestMethodWorker.java:148)\n\tat org.testng.internal.invokers.TestMethodWorker.run(TestMethodWorker.java:128)\n\tat java.base/java.util.concurrent.ThreadPoolExecutor.runWorker(ThreadPoolExecutor.java:1136)\n\tat java.base/java.util.concurrent.ThreadPoolExecutor$Worker.run(ThreadPoolExecutor.java:635)\n\tat java.base/java.lang.Thread.run(Thread.java:833)\n","flaky":false,"newFailed":false,"newBroken":false,"newPassed":false,"retriesCount":0,"retriesStatusChange":false,"beforeStages":[{"name":"beforeClass","time":{"start":1692552672829,"stop":1692552672830,"duration":1},"description":"","status":"passed","steps":[{"name":"Lock Instance","time":{"start":1692552672829,"stop":1692552672830,"duration":1},"status":"passed","steps":[],"attachments":[{"uid":"cf43cced8e70d433","name":"Locked instance: ","source":"cf43cced8e70d433.txt","type":"text/plain","size":22}],"parameters":[],"stepsCount":0,"attachmentsCount":1,"shouldDisplayMessage":false,"hasContent":true}],"attachments":[],"parameters":[],"stepsCount":1,"attachmentsCount":1,"shouldDisplayMessage":false,"hasContent":true},{"name":"beforeMethod","time":{"start":1692552687997,"stop":1692552687997,"duration":0},"description":"","status":"broken","steps":[],"attachments":[],"parameters":[],"stepsCount":0,"attachmentsCount":0,"shouldDisplayMessage":false,"hasContent":false}],"afterStages":[{"name":"afterMethod","time":{"start":1692552688003,"stop":1692552688003,"duration":0},"description":"","status":"broken","statusMessage":"Cannot invoke \"org.openqa.selenium.TakesScreenshot.getScreenshotAs(org.openqa.selenium.OutputType)\" because \"driver\" is null","statusTrace":"java.lang.NullPointerException: Cannot invoke \"org.openqa.selenium.TakesScreenshot.getScreenshotAs(org.openqa.selenium.OutputType)\" because \"driver\" is null\n\tat school.redrover.runner.ProjectUtils.takeScreenshot(ProjectUtils.java:132)\n\tat school.redrover.runner.BaseTest.afterMethod(BaseTest.java:119)\n\tat jdk.internal.reflect.GeneratedMethodAccessor126.invoke(Unknown Source)\n\tat java.base/jdk.internal.reflect.DelegatingMethodAccessorImpl.invoke(DelegatingMethodAccessorImpl.java:43)\n\tat java.base/java.lang.reflect.Method.invoke(Method.java:568)\n\tat org.testng.internal.invokers.MethodInvocationHelper.invokeMethod(MethodInvocationHelper.java:139)\n\tat org.testng.internal.invokers.MethodInvocationHelper.invokeMethodConsideringTimeout(MethodInvocationHelper.java:69)\n\tat org.testng.internal.invokers.ConfigInvoker.invokeConfigurationMethod(ConfigInvoker.java:361)\n\tat org.testng.internal.invokers.ConfigInvoker.invokeConfigurations(ConfigInvoker.java:296)\n\tat org.testng.internal.invokers.TestInvoker.runConfigMethods(TestInvoker.java:823)\n\tat org.testng.internal.invokers.TestInvoker.runAfterConfigurations(TestInvoker.java:792)\n\tat org.testng.internal.invokers.TestInvoker.invokeMethod(TestInvoker.java:613)\n\tat org.testng.internal.invokers.TestInvoker.invokeTestMethod(TestInvoker.java:221)\n\tat org.testng.internal.invokers.MethodRunner.runInSequence(MethodRunner.java:50)\n\tat org.testng.internal.invokers.TestInvoker$MethodInvocationAgent.invoke(TestInvoker.java:969)\n\tat org.testng.internal.invokers.TestInvoker.invokeTestMethods(TestInvoker.java:194)\n\tat org.testng.internal.invokers.TestMethodWorker.invokeTestMethods(TestMethodWorker.java:148)\n\tat org.testng.internal.invokers.TestMethodWorker.run(TestMethodWorker.java:128)\n\tat java.base/java.util.concurrent.ThreadPoolExecutor.runWorker(ThreadPoolExecutor.java:1136)\n\tat java.base/java.util.concurrent.ThreadPoolExecutor$Worker.run(ThreadPoolExecutor.java:635)\n\tat java.base/java.lang.Thread.run(Thread.java:833)\n","steps":[],"attachments":[],"parameters":[],"stepsCount":0,"attachmentsCount":0,"shouldDisplayMessage":true,"hasContent":true},{"name":"unlockInstance","time":{"start":1692552688004,"stop":1692552688004,"duration":0},"description":"","status":"passed","steps":[{"name":"Unlock instance http://localhost:8083/","time":{"start":1692552688004,"stop":1692552688004,"duration":0},"status":"passed","steps":[],"attachments":[],"parameters":[{"name":"instance","value":"http://localhost:8083/"}],"stepsCount":0,"attachmentsCount":0,"shouldDisplayMessage":false,"hasContent":true}],"attachments":[],"parameters":[],"stepsCount":1,"attachmentsCount":0,"shouldDisplayMessage":false,"hasContent":true}],"labels":[{"name":"package","value":"school.redrover.ManageJenkinsTest"},{"name":"testClass","value":"school.redrover.ManageJenkinsTest"},{"name":"testMethod","value":"testTextErrorWhenCreateNewNodeWithEmptyName"},{"name":"parentSuite","value":"AllTestsSuite"},{"name":"suite","value":"AllTests"},{"name":"subSuite","value":"school.redrover.ManageJenkinsTest"},{"name":"host","value":"fv-az451-525"},{"name":"thread","value":"3323@fv-az451-525.TestNG-test=AllTests-2(18)"},{"name":"framework","value":"testng"},{"name":"language","value":"java"},{"name":"feature","value":"Function"},{"name":"severity","value":"trivial"},{"name":"resultFormat","value":"allure2"}],"parameters":[],"links":[],"hidden":false,"retry":false,"extra":{"severity":"trivial","retries":[],"categories":[],"history":{"statistic":{"failed":0,"broken":0,"skipped":8,"passed":8,"unknown":0,"total":16},"items":[{"uid":"95a2edf0611501cc","reportUrl":"https://RedRoverSchool.github.io/JenkinsQA_06/6549//#testresult/95a2edf0611501cc","status":"skipped","statusDetails":"Cannot invoke \"org.openqa.selenium.TakesScreenshot.getScreenshotAs(org.openqa.selenium.OutputType)\" because \"driver\" is null","time":{"start":1692550256354,"stop":1692550256354,"duration":0}},{"uid":"e3a4a41335748e1d","reportUrl":"https://RedRoverSchool.github.io/JenkinsQA_06/6542//#testresult/e3a4a41335748e1d","status":"passed","time":{"start":1692547559216,"stop":1692547561477,"duration":2261}},{"uid":"cb5c04a8545db539","reportUrl":"https://RedRoverSchool.github.io/JenkinsQA_06/6548//#testresult/cb5c04a8545db539","status":"skipped","statusDetails":"Cannot invoke \"org.openqa.selenium.TakesScreenshot.getScreenshotAs(org.openqa.selenium.OutputType)\" because \"driver\" is null","time":{"start":1692548614080,"stop":1692548614080,"duration":0}},{"uid":"59dc2e795706e08c","reportUrl":"https://RedRoverSchool.github.io/JenkinsQA_06/6542//#testresult/59dc2e795706e08c","status":"passed","time":{"start":1692542562353,"stop":1692542564593,"duration":2240}},{"uid":"ecd77cc170da5fe7","reportUrl":"https://RedRoverSchool.github.io/JenkinsQA_06/6547//#testresult/ecd77cc170da5fe7","status":"passed","time":{"start":1692541097184,"stop":1692541100162,"duration":2978}},{"uid":"c43084611617aaee","reportUrl":"https://RedRoverSchool.github.io/JenkinsQA_06/6546//#testresult/c43084611617aaee","status":"skipped","statusDetails":"Cannot invoke \"org.openqa.selenium.TakesScreenshot.getScreenshotAs(org.openqa.selenium.OutputType)\" because \"driver\" is null","time":{"start":1692539674948,"stop":1692539674948,"duration":0}},{"uid":"3c0ff385574cfa8c","reportUrl":"https://RedRoverSchool.github.io/JenkinsQA_06/6545//#testresult/3c0ff385574cfa8c","status":"skipped","statusDetails":"1 expectation failed.\nExpected status code <302> but was <403>.\n","time":{"start":1692538400966,"stop":1692538400979,"duration":13}},{"uid":"aa4100d3cd7115bb","reportUrl":"https://RedRoverSchool.github.io/JenkinsQA_06/6544//#testresult/aa4100d3cd7115bb","status":"skipped","statusDetails":"1 expectation failed.\nExpected status code <302> but was <403>.\n","time":{"start":1692536726125,"stop":1692536726125,"duration":0}},{"uid":"7a7a8e4d59ba7e4d","reportUrl":"https://RedRoverSchool.github.io/JenkinsQA_06/6539//#testresult/7a7a8e4d59ba7e4d","status":"passed","time":{"start":1692535157082,"stop":1692535159203,"duration":2121}},{"uid":"24b51ed104ea35b0","reportUrl":"https://RedRoverSchool.github.io/JenkinsQA_06/6542//#testresult/24b51ed104ea35b0","status":"passed","time":{"start":1692533780262,"stop":1692533782075,"duration":1813}},{"uid":"dffa8d0f9290b52a","reportUrl":"https://RedRoverSchool.github.io/JenkinsQA_06/6543//#testresult/dffa8d0f9290b52a","status":"skipped","statusDetails":"1 expectation failed.\nExpected status code <302> but was <403>.\n","time":{"start":1692533979134,"stop":1692533979134,"duration":0}},{"uid":"aaab50843ef74c36","reportUrl":"https://RedRoverSchool.github.io/JenkinsQA_06/6541//#testresult/aaab50843ef74c36","status":"passed","time":{"start":1692531678739,"stop":1692531682050,"duration":3311}},{"uid":"f10afd74b03dd105","reportUrl":"https://RedRoverSchool.github.io/JenkinsQA_06/6539//#testresult/f10afd74b03dd105","status":"passed","time":{"start":1692530583249,"stop":1692530585727,"duration":2478}},{"uid":"32dd7d5fe3371eaa","reportUrl":"https://RedRoverSchool.github.io/JenkinsQA_06/6537//#testresult/32dd7d5fe3371eaa","status":"passed","time":{"start":1692528908875,"stop":1692528910659,"duration":1784}},{"uid":"fe411748354e522f","reportUrl":"https://RedRoverSchool.github.io/JenkinsQA_06/6540//#testresult/fe411748354e522f","status":"skipped","statusDetails":"Invalid number of path parameters. Expected 1, was 0. Undefined path parameters are: .","time":{"start":1692528193989,"stop":1692528193989,"duration":0}}]},"tags":[]},"source":"9bf60e324f00d2e.json","parameterValues":[]}