{"uid":"b7ff9f67271d55d8","name":"testCreateFromCreateAJob","fullName":"school.redrover.MultiConfigurationProjectTest.testCreateFromCreateAJob","historyId":"24507912aab6f32edbefe8c5a2eaedb1","time":{"start":1692552588457,"stop":1692552588457,"duration":0},"description":"Verification of creating MultiConfiguration project by clicking Create a job button","descriptionHtml":"<p>Verification of creating MultiConfiguration project by clicking Create a job button</p>\n","status":"skipped","statusMessage":"Cannot invoke \"org.openqa.selenium.TakesScreenshot.getScreenshotAs(org.openqa.selenium.OutputType)\" because \"driver\" is null","statusTrace":"java.lang.NullPointerException: Cannot invoke \"org.openqa.selenium.TakesScreenshot.getScreenshotAs(org.openqa.selenium.OutputType)\" because \"driver\" is null\n\tat school.redrover.runner.ProjectUtils.takeScreenshot(ProjectUtils.java:132)\n\tat school.redrover.runner.BaseTest.afterMethod(BaseTest.java:119)\n\tat java.base/jdk.internal.reflect.NativeMethodAccessorImpl.invoke0(Native Method)\n\tat java.base/jdk.internal.reflect.NativeMethodAccessorImpl.invoke(NativeMethodAccessorImpl.java:77)\n\tat java.base/jdk.internal.reflect.DelegatingMethodAccessorImpl.invoke(DelegatingMethodAccessorImpl.java:43)\n\tat java.base/java.lang.reflect.Method.invoke(Method.java:568)\n\tat org.testng.internal.invokers.MethodInvocationHelper.invokeMethod(MethodInvocationHelper.java:139)\n\tat org.testng.internal.invokers.MethodInvocationHelper.invokeMethodConsideringTimeout(MethodInvocationHelper.java:69)\n\tat org.testng.internal.invokers.ConfigInvoker.invokeConfigurationMethod(ConfigInvoker.java:361)\n\tat org.testng.internal.invokers.ConfigInvoker.invokeConfigurations(ConfigInvoker.java:296)\n\tat org.testng.internal.invokers.TestInvoker.runConfigMethods(TestInvoker.java:823)\n\tat org.testng.internal.invokers.TestInvoker.runAfterConfigurations(TestInvoker.java:792)\n\tat org.testng.internal.invokers.TestInvoker.invokeMethod(TestInvoker.java:613)\n\tat org.testng.internal.invokers.TestInvoker.invokeTestMethod(TestInvoker.java:221)\n\tat org.testng.internal.invokers.MethodRunner.runInSequence(MethodRunner.java:50)\n\tat org.testng.internal.invokers.TestInvoker$MethodInvocationAgent.invoke(TestInvoker.java:969)\n\tat org.testng.internal.invokers.TestInvoker.invokeTestMethods(TestInvoker.java:194)\n\tat org.testng.internal.invokers.TestMethodWorker.invokeTestMethods(TestMethodWorker.java:148)\n\tat org.testng.internal.invokers.TestMethodWorker.run(TestMethodWorker.java:128)\n\tat java.base/java.util.concurrent.ThreadPoolExecutor.runWorker(ThreadPoolExecutor.java:1136)\n\tat java.base/java.util.concurrent.ThreadPoolExecutor$Worker.run(ThreadPoolExecutor.java:635)\n\tat java.base/java.lang.Thread.run(Thread.java:833)\n","flaky":false,"newFailed":false,"newBroken":false,"newPassed":false,"retriesCount":0,"retriesStatusChange":false,"beforeStages":[{"name":"beforeClass","time":{"start":1692552519347,"stop":1692552522968,"duration":3621},"description":"","status":"passed","steps":[{"name":"Lock Instance","time":{"start":1692552522967,"stop":1692552522967,"duration":0},"status":"passed","steps":[],"attachments":[{"uid":"33aacdd5e4bf3be","name":"Locked instance: ","source":"33aacdd5e4bf3be.txt","type":"text/plain","size":22}],"parameters":[],"stepsCount":0,"attachmentsCount":1,"shouldDisplayMessage":false,"hasContent":true}],"attachments":[],"parameters":[],"stepsCount":1,"attachmentsCount":1,"shouldDisplayMessage":false,"hasContent":true},{"name":"beforeMethod","time":{"start":1692552588450,"stop":1692552588450,"duration":0},"description":"","status":"broken","steps":[],"attachments":[],"parameters":[],"stepsCount":0,"attachmentsCount":0,"shouldDisplayMessage":false,"hasContent":false}],"afterStages":[{"name":"afterMethod","time":{"start":1692552588458,"stop":1692552588458,"duration":0},"description":"","status":"broken","statusMessage":"Cannot invoke \"org.openqa.selenium.TakesScreenshot.getScreenshotAs(org.openqa.selenium.OutputType)\" because \"driver\" is null","statusTrace":"java.lang.NullPointerException: Cannot invoke \"org.openqa.selenium.TakesScreenshot.getScreenshotAs(org.openqa.selenium.OutputType)\" because \"driver\" is null\n\tat school.redrover.runner.ProjectUtils.takeScreenshot(ProjectUtils.java:132)\n\tat school.redrover.runner.BaseTest.afterMethod(BaseTest.java:119)\n\tat jdk.internal.reflect.GeneratedMethodAccessor126.invoke(Unknown Source)\n\tat java.base/jdk.internal.reflect.DelegatingMethodAccessorImpl.invoke(DelegatingMethodAccessorImpl.java:43)\n\tat java.base/java.lang.reflect.Method.invoke(Method.java:568)\n\tat org.testng.internal.invokers.MethodInvocationHelper.invokeMethod(MethodInvocationHelper.java:139)\n\tat org.testng.internal.invokers.MethodInvocationHelper.invokeMethodConsideringTimeout(MethodInvocationHelper.java:69)\n\tat org.testng.internal.invokers.ConfigInvoker.invokeConfigurationMethod(ConfigInvoker.java:361)\n\tat org.testng.internal.invokers.ConfigInvoker.invokeConfigurations(ConfigInvoker.java:296)\n\tat org.testng.internal.invokers.TestInvoker.runConfigMethods(TestInvoker.java:823)\n\tat org.testng.internal.invokers.TestInvoker.runAfterConfigurations(TestInvoker.java:792)\n\tat org.testng.internal.invokers.TestInvoker.invokeMethod(TestInvoker.java:613)\n\tat org.testng.internal.invokers.TestInvoker.invokeTestMethod(TestInvoker.java:221)\n\tat org.testng.internal.invokers.MethodRunner.runInSequence(MethodRunner.java:50)\n\tat org.testng.internal.invokers.TestInvoker$MethodInvocationAgent.invoke(TestInvoker.java:969)\n\tat org.testng.internal.invokers.TestInvoker.invokeTestMethods(TestInvoker.java:194)\n\tat org.testng.internal.invokers.TestMethodWorker.invokeTestMethods(TestMethodWorker.java:148)\n\tat org.testng.internal.invokers.TestMethodWorker.run(TestMethodWorker.java:128)\n\tat java.base/java.util.concurrent.ThreadPoolExecutor.runWorker(ThreadPoolExecutor.java:1136)\n\tat java.base/java.util.concurrent.ThreadPoolExecutor$Worker.run(ThreadPoolExecutor.java:635)\n\tat java.base/java.lang.Thread.run(Thread.java:833)\n","steps":[],"attachments":[],"parameters":[],"stepsCount":0,"attachmentsCount":0,"shouldDisplayMessage":true,"hasContent":true},{"name":"unlockInstance","time":{"start":1692552590097,"stop":1692552590097,"duration":0},"description":"","status":"passed","steps":[{"name":"Unlock instance http://localhost:8082/","time":{"start":1692552590097,"stop":1692552590097,"duration":0},"status":"passed","steps":[],"attachments":[],"parameters":[{"name":"instance","value":"http://localhost:8082/"}],"stepsCount":0,"attachmentsCount":0,"shouldDisplayMessage":false,"hasContent":true}],"attachments":[],"parameters":[],"stepsCount":1,"attachmentsCount":0,"shouldDisplayMessage":false,"hasContent":true}],"labels":[{"name":"package","value":"school.redrover.MultiConfigurationProjectTest"},{"name":"testClass","value":"school.redrover.MultiConfigurationProjectTest"},{"name":"testMethod","value":"testCreateFromCreateAJob"},{"name":"parentSuite","value":"AllTestsSuite"},{"name":"suite","value":"AllTests"},{"name":"subSuite","value":"school.redrover.MultiConfigurationProjectTest"},{"name":"host","value":"fv-az451-525"},{"name":"thread","value":"3323@fv-az451-525.TestNG-test=AllTests-1(17)"},{"name":"framework","value":"testng"},{"name":"language","value":"java"},{"name":"feature","value":"Function"},{"name":"severity","value":"critical"},{"name":"resultFormat","value":"allure2"}],"parameters":[],"links":[],"hidden":false,"retry":false,"extra":{"severity":"critical","retries":[],"categories":[],"history":{"statistic":{"failed":0,"broken":0,"skipped":9,"passed":8,"unknown":0,"total":17},"items":[{"uid":"813e2ede2167927c","reportUrl":"https://RedRoverSchool.github.io/JenkinsQA_06/6549//#testresult/813e2ede2167927c","status":"skipped","statusDetails":"Cannot invoke \"org.openqa.selenium.TakesScreenshot.getScreenshotAs(org.openqa.selenium.OutputType)\" because \"driver\" is null","time":{"start":1692550160512,"stop":1692550160512,"duration":0}},{"uid":"ff3415005ef183e9","reportUrl":"https://RedRoverSchool.github.io/JenkinsQA_06/6542//#testresult/ff3415005ef183e9","status":"passed","time":{"start":1692546353844,"stop":1692546355842,"duration":1998}},{"uid":"98c18f16bdaf3dfb","reportUrl":"https://RedRoverSchool.github.io/JenkinsQA_06/6548//#testresult/98c18f16bdaf3dfb","status":"skipped","statusDetails":"Cannot invoke \"org.openqa.selenium.TakesScreenshot.getScreenshotAs(org.openqa.selenium.OutputType)\" because \"driver\" is null","time":{"start":1692548534442,"stop":1692548534442,"duration":0}},{"uid":"767d0922a06368bf","reportUrl":"https://RedRoverSchool.github.io/JenkinsQA_06/6542//#testresult/767d0922a06368bf","status":"passed","time":{"start":1692540283419,"stop":1692540285326,"duration":1907}},{"uid":"d87d5a5f445243cb","reportUrl":"https://RedRoverSchool.github.io/JenkinsQA_06/6547//#testresult/d87d5a5f445243cb","status":"skipped","statusDetails":"Cannot invoke \"org.openqa.selenium.TakesScreenshot.getScreenshotAs(org.openqa.selenium.OutputType)\" because \"driver\" is null","time":{"start":1692540782207,"stop":1692540782207,"duration":0}},{"uid":"3d8694b2e1e3bc68","reportUrl":"https://RedRoverSchool.github.io/JenkinsQA_06/6546//#testresult/3d8694b2e1e3bc68","status":"skipped","statusDetails":"Cannot invoke \"org.openqa.selenium.TakesScreenshot.getScreenshotAs(org.openqa.selenium.OutputType)\" because \"driver\" is null","time":{"start":1692539554977,"stop":1692539554977,"duration":0}},{"uid":"306852fd252858bc","reportUrl":"https://RedRoverSchool.github.io/JenkinsQA_06/6545//#testresult/306852fd252858bc","status":"skipped","statusDetails":"1 expectation failed.\nExpected status code <302> but was <403>.\n","time":{"start":1692538294564,"stop":1692538294564,"duration":0}},{"uid":"83863a9ff8a9fb35","reportUrl":"https://RedRoverSchool.github.io/JenkinsQA_06/6544//#testresult/83863a9ff8a9fb35","status":"skipped","statusDetails":"1 expectation failed.\nExpected status code <302> but was <403>.\n","time":{"start":1692536703636,"stop":1692536703636,"duration":0}},{"uid":"8bb3a230cfac1326","reportUrl":"https://RedRoverSchool.github.io/JenkinsQA_06/6539//#testresult/8bb3a230cfac1326","status":"passed","time":{"start":1692532930669,"stop":1692532932590,"duration":1921}},{"uid":"71505cada2e2aa1a","reportUrl":"https://RedRoverSchool.github.io/JenkinsQA_06/6542//#testresult/71505cada2e2aa1a","status":"passed","time":{"start":1692531789419,"stop":1692531790723,"duration":1304}},{"uid":"d76a46537f6d3f65","reportUrl":"https://RedRoverSchool.github.io/JenkinsQA_06/6543//#testresult/d76a46537f6d3f65","status":"skipped","statusDetails":"1 expectation failed.\nExpected status code <302> but was <403>.\n","time":{"start":1692533935838,"stop":1692533935839,"duration":1}},{"uid":"882248f9ee8d35a5","reportUrl":"https://RedRoverSchool.github.io/JenkinsQA_06/6541//#testresult/882248f9ee8d35a5","status":"passed","time":{"start":1692529778982,"stop":1692529783849,"duration":4867}},{"uid":"33f9926461923d7e","reportUrl":"https://RedRoverSchool.github.io/JenkinsQA_06/6539//#testresult/33f9926461923d7e","status":"passed","time":{"start":1692528240542,"stop":1692528242316,"duration":1774}},{"uid":"205694dd1ab357d8","reportUrl":"https://RedRoverSchool.github.io/JenkinsQA_06/6537//#testresult/205694dd1ab357d8","status":"passed","time":{"start":1692527809795,"stop":1692527811466,"duration":1671}},{"uid":"43ab0e8d1cc05377","reportUrl":"https://RedRoverSchool.github.io/JenkinsQA_06/6540//#testresult/43ab0e8d1cc05377","status":"skipped","statusDetails":"Invalid number of path parameters. Expected 1, was 0. Undefined path parameters are: .","time":{"start":1692528174224,"stop":1692528174224,"duration":0}},{"uid":"a0ee1be136040c24","reportUrl":"https://RedRoverSchool.github.io/JenkinsQA_06/6538//#testresult/a0ee1be136040c24","status":"passed","time":{"start":1692527317170,"stop":1692527318725,"duration":1555}}]},"tags":[]},"source":"b7ff9f67271d55d8.json","parameterValues":[]}