{"uid":"d12f1e33ad749da5","name":"testDeleteBuildNowFromDropDown","fullName":"school.redrover.FreestyleProjectTest.testDeleteBuildNowFromDropDown","historyId":"a2e40faa41a8627b80538c5f46867351","time":{"start":1692552628767,"stop":1692552628767,"duration":0},"description":"Verification of possibility to delete build from drop-down menu for Freestyle Project","descriptionHtml":"<p>Verification of possibility to delete build from drop-down menu for Freestyle Project</p>\n","status":"skipped","statusMessage":"Cannot invoke \"org.openqa.selenium.TakesScreenshot.getScreenshotAs(org.openqa.selenium.OutputType)\" because \"driver\" is null","statusTrace":"java.lang.NullPointerException: Cannot invoke \"org.openqa.selenium.TakesScreenshot.getScreenshotAs(org.openqa.selenium.OutputType)\" because \"driver\" is null\n\tat school.redrover.runner.ProjectUtils.takeScreenshot(ProjectUtils.java:132)\n\tat school.redrover.runner.BaseTest.afterMethod(BaseTest.java:119)\n\tat jdk.internal.reflect.GeneratedMethodAccessor126.invoke(Unknown Source)\n\tat java.base/jdk.internal.reflect.DelegatingMethodAccessorImpl.invoke(DelegatingMethodAccessorImpl.java:43)\n\tat java.base/java.lang.reflect.Method.invoke(Method.java:568)\n\tat org.testng.internal.invokers.MethodInvocationHelper.invokeMethod(MethodInvocationHelper.java:139)\n\tat org.testng.internal.invokers.MethodInvocationHelper.invokeMethodConsideringTimeout(MethodInvocationHelper.java:69)\n\tat org.testng.internal.invokers.ConfigInvoker.invokeConfigurationMethod(ConfigInvoker.java:361)\n\tat org.testng.internal.invokers.ConfigInvoker.invokeConfigurations(ConfigInvoker.java:296)\n\tat org.testng.internal.invokers.TestInvoker.runConfigMethods(TestInvoker.java:823)\n\tat org.testng.internal.invokers.TestInvoker.runAfterConfigurations(TestInvoker.java:792)\n\tat org.testng.internal.invokers.TestInvoker.invokeMethod(TestInvoker.java:613)\n\tat org.testng.internal.invokers.TestInvoker.invokeTestMethod(TestInvoker.java:221)\n\tat org.testng.internal.invokers.MethodRunner.runInSequence(MethodRunner.java:50)\n\tat org.testng.internal.invokers.TestInvoker$MethodInvocationAgent.invoke(TestInvoker.java:969)\n\tat org.testng.internal.invokers.TestInvoker.invokeTestMethods(TestInvoker.java:194)\n\tat org.testng.internal.invokers.TestMethodWorker.invokeTestMethods(TestMethodWorker.java:148)\n\tat org.testng.internal.invokers.TestMethodWorker.run(TestMethodWorker.java:128)\n\tat java.base/java.util.concurrent.ThreadPoolExecutor.runWorker(ThreadPoolExecutor.java:1136)\n\tat java.base/java.util.concurrent.ThreadPoolExecutor$Worker.run(ThreadPoolExecutor.java:635)\n\tat java.base/java.lang.Thread.run(Thread.java:833)\n","flaky":false,"newFailed":false,"newBroken":false,"newPassed":false,"retriesCount":0,"retriesStatusChange":false,"beforeStages":[{"name":"beforeClass","time":{"start":1692552594007,"stop":1692552594008,"duration":1},"description":"","status":"passed","steps":[{"name":"Lock Instance","time":{"start":1692552594008,"stop":1692552594008,"duration":0},"status":"passed","steps":[],"attachments":[{"uid":"d9c8db6641704666","name":"Locked instance: ","source":"d9c8db6641704666.txt","type":"text/plain","size":22}],"parameters":[],"stepsCount":0,"attachmentsCount":1,"shouldDisplayMessage":false,"hasContent":true}],"attachments":[],"parameters":[],"stepsCount":1,"attachmentsCount":1,"shouldDisplayMessage":false,"hasContent":true},{"name":"beforeMethod","time":{"start":1692552628760,"stop":1692552628760,"duration":0},"description":"","status":"broken","steps":[],"attachments":[],"parameters":[],"stepsCount":0,"attachmentsCount":0,"shouldDisplayMessage":false,"hasContent":false}],"afterStages":[{"name":"afterMethod","time":{"start":1692552628768,"stop":1692552628768,"duration":0},"description":"","status":"broken","statusMessage":"Cannot invoke \"org.openqa.selenium.TakesScreenshot.getScreenshotAs(org.openqa.selenium.OutputType)\" because \"driver\" is null","statusTrace":"java.lang.NullPointerException: Cannot invoke \"org.openqa.selenium.TakesScreenshot.getScreenshotAs(org.openqa.selenium.OutputType)\" because \"driver\" is null\n\tat school.redrover.runner.ProjectUtils.takeScreenshot(ProjectUtils.java:132)\n\tat school.redrover.runner.BaseTest.afterMethod(BaseTest.java:119)\n\tat jdk.internal.reflect.GeneratedMethodAccessor126.invoke(Unknown Source)\n\tat java.base/jdk.internal.reflect.DelegatingMethodAccessorImpl.invoke(DelegatingMethodAccessorImpl.java:43)\n\tat java.base/java.lang.reflect.Method.invoke(Method.java:568)\n\tat org.testng.internal.invokers.MethodInvocationHelper.invokeMethod(MethodInvocationHelper.java:139)\n\tat org.testng.internal.invokers.MethodInvocationHelper.invokeMethodConsideringTimeout(MethodInvocationHelper.java:69)\n\tat org.testng.internal.invokers.ConfigInvoker.invokeConfigurationMethod(ConfigInvoker.java:361)\n\tat org.testng.internal.invokers.ConfigInvoker.invokeConfigurations(ConfigInvoker.java:296)\n\tat org.testng.internal.invokers.TestInvoker.runConfigMethods(TestInvoker.java:823)\n\tat org.testng.internal.invokers.TestInvoker.runAfterConfigurations(TestInvoker.java:792)\n\tat org.testng.internal.invokers.TestInvoker.invokeMethod(TestInvoker.java:613)\n\tat org.testng.internal.invokers.TestInvoker.invokeTestMethod(TestInvoker.java:221)\n\tat org.testng.internal.invokers.MethodRunner.runInSequence(MethodRunner.java:50)\n\tat org.testng.internal.invokers.TestInvoker$MethodInvocationAgent.invoke(TestInvoker.java:969)\n\tat org.testng.internal.invokers.TestInvoker.invokeTestMethods(TestInvoker.java:194)\n\tat org.testng.internal.invokers.TestMethodWorker.invokeTestMethods(TestMethodWorker.java:148)\n\tat org.testng.internal.invokers.TestMethodWorker.run(TestMethodWorker.java:128)\n\tat java.base/java.util.concurrent.ThreadPoolExecutor.runWorker(ThreadPoolExecutor.java:1136)\n\tat java.base/java.util.concurrent.ThreadPoolExecutor$Worker.run(ThreadPoolExecutor.java:635)\n\tat java.base/java.lang.Thread.run(Thread.java:833)\n","steps":[],"attachments":[],"parameters":[],"stepsCount":0,"attachmentsCount":0,"shouldDisplayMessage":true,"hasContent":true},{"name":"unlockInstance","time":{"start":1692552629227,"stop":1692552629231,"duration":4},"description":"","status":"passed","steps":[{"name":"Unlock instance http://localhost:8081/","time":{"start":1692552629231,"stop":1692552629231,"duration":0},"status":"passed","steps":[],"attachments":[],"parameters":[{"name":"instance","value":"http://localhost:8081/"}],"stepsCount":0,"attachmentsCount":0,"shouldDisplayMessage":false,"hasContent":true}],"attachments":[],"parameters":[],"stepsCount":1,"attachmentsCount":0,"shouldDisplayMessage":false,"hasContent":true}],"labels":[{"name":"package","value":"school.redrover.FreestyleProjectTest"},{"name":"testClass","value":"school.redrover.FreestyleProjectTest"},{"name":"testMethod","value":"testDeleteBuildNowFromDropDown"},{"name":"parentSuite","value":"AllTestsSuite"},{"name":"suite","value":"AllTests"},{"name":"subSuite","value":"school.redrover.FreestyleProjectTest"},{"name":"host","value":"fv-az451-525"},{"name":"thread","value":"3323@fv-az451-525.TestNG-test=AllTests-4(20)"},{"name":"framework","value":"testng"},{"name":"language","value":"java"},{"name":"feature","value":"Function"},{"name":"resultFormat","value":"allure2"}],"parameters":[],"links":[],"hidden":false,"retry":false,"extra":{"severity":"normal","retries":[],"categories":[],"history":{"statistic":{"failed":0,"broken":0,"skipped":9,"passed":7,"unknown":0,"total":16},"items":[{"uid":"25dbbc63c5888cba","reportUrl":"https://RedRoverSchool.github.io/JenkinsQA_06/6549//#testresult/25dbbc63c5888cba","status":"skipped","statusDetails":"Cannot invoke \"org.openqa.selenium.TakesScreenshot.getScreenshotAs(org.openqa.selenium.OutputType)\" because \"driver\" is null","time":{"start":1692550203114,"stop":1692550203114,"duration":0}},{"uid":"eaae3416f454e61a","reportUrl":"https://RedRoverSchool.github.io/JenkinsQA_06/6542//#testresult/eaae3416f454e61a","status":"passed","time":{"start":1692548634240,"stop":1692548642703,"duration":8463}},{"uid":"33cc3f12b1806f97","reportUrl":"https://RedRoverSchool.github.io/JenkinsQA_06/6548//#testresult/33cc3f12b1806f97","status":"skipped","statusDetails":"Cannot invoke \"org.openqa.selenium.TakesScreenshot.getScreenshotAs(org.openqa.selenium.OutputType)\" because \"driver\" is null","time":{"start":1692548569501,"stop":1692548569501,"duration":0}},{"uid":"1407591ec0ddbd67","reportUrl":"https://RedRoverSchool.github.io/JenkinsQA_06/6542//#testresult/1407591ec0ddbd67","status":"passed","time":{"start":1692541269629,"stop":1692541277528,"duration":7899}},{"uid":"f381c7d13a1eb9b4","reportUrl":"https://RedRoverSchool.github.io/JenkinsQA_06/6547//#testresult/f381c7d13a1eb9b4","status":"skipped","statusDetails":"Cannot invoke \"org.openqa.selenium.TakesScreenshot.getScreenshotAs(org.openqa.selenium.OutputType)\" because \"driver\" is null","time":{"start":1692540822615,"stop":1692540822615,"duration":0}},{"uid":"c6c9fd432b049b77","reportUrl":"https://RedRoverSchool.github.io/JenkinsQA_06/6546//#testresult/c6c9fd432b049b77","status":"skipped","statusDetails":"Cannot invoke \"org.openqa.selenium.TakesScreenshot.getScreenshotAs(org.openqa.selenium.OutputType)\" because \"driver\" is null","time":{"start":1692539599617,"stop":1692539599617,"duration":0}},{"uid":"255471129b0d555b","reportUrl":"https://RedRoverSchool.github.io/JenkinsQA_06/6545//#testresult/255471129b0d555b","status":"skipped","statusDetails":"1 expectation failed.\nExpected status code <302> but was <403>.\n","time":{"start":1692538338278,"stop":1692538338278,"duration":0}},{"uid":"397167f98e018c98","reportUrl":"https://RedRoverSchool.github.io/JenkinsQA_06/6544//#testresult/397167f98e018c98","status":"skipped","statusDetails":"1 expectation failed.\nExpected status code <302> but was <403>.\n","time":{"start":1692536769620,"stop":1692536769620,"duration":0}},{"uid":"f5bafe9a81db2ee5","reportUrl":"https://RedRoverSchool.github.io/JenkinsQA_06/6539//#testresult/f5bafe9a81db2ee5","status":"passed","time":{"start":1692533904478,"stop":1692533912816,"duration":8338}},{"uid":"76b9eb37c911ae7a","reportUrl":"https://RedRoverSchool.github.io/JenkinsQA_06/6542//#testresult/76b9eb37c911ae7a","status":"passed","time":{"start":1692532645990,"stop":1692532653743,"duration":7753}},{"uid":"16e890ad641187f","reportUrl":"https://RedRoverSchool.github.io/JenkinsQA_06/6543//#testresult/16e890ad641187f","status":"skipped","statusDetails":"1 expectation failed.\nExpected status code <302> but was <403>.\n","time":{"start":1692533959871,"stop":1692533959871,"duration":0}},{"uid":"ea86b771248208e4","reportUrl":"https://RedRoverSchool.github.io/JenkinsQA_06/6541//#testresult/ea86b771248208e4","status":"passed","time":{"start":1692530974162,"stop":1692530984796,"duration":10634}},{"uid":"c05c8ff87da997fd","reportUrl":"https://RedRoverSchool.github.io/JenkinsQA_06/6539//#testresult/c05c8ff87da997fd","status":"passed","time":{"start":1692529262380,"stop":1692529270810,"duration":8430}},{"uid":"fa147881854e1f58","reportUrl":"https://RedRoverSchool.github.io/JenkinsQA_06/6537//#testresult/fa147881854e1f58","status":"passed","time":{"start":1692529881454,"stop":1692529889478,"duration":8024}},{"uid":"2675d324fb002b46","reportUrl":"https://RedRoverSchool.github.io/JenkinsQA_06/6540//#testresult/2675d324fb002b46","status":"skipped","statusDetails":"Invalid number of path parameters. Expected 1, was 0. Undefined path parameters are: .","time":{"start":1692528221238,"stop":1692528221238,"duration":0}}]},"tags":[]},"source":"d12f1e33ad749da5.json","parameterValues":[]}