{"uid":"d2b4f5214dcdb809","name":"testCancelDeletingFromDropDownMenu","fullName":"school.redrover.FolderTest.testCancelDeletingFromDropDownMenu","historyId":"770ed422229a3fbb97beb4d6c920bf37","time":{"start":1692552674092,"stop":1692552674092,"duration":0},"description":"Verify that deleting Folder can be canceled from drop-down menu on the Main page","descriptionHtml":"<p>Verify that deleting Folder can be canceled from drop-down menu on the Main page</p>\n","status":"skipped","statusMessage":"Cannot invoke \"org.openqa.selenium.TakesScreenshot.getScreenshotAs(org.openqa.selenium.OutputType)\" because \"driver\" is null","statusTrace":"java.lang.NullPointerException: Cannot invoke \"org.openqa.selenium.TakesScreenshot.getScreenshotAs(org.openqa.selenium.OutputType)\" because \"driver\" is null\n\tat school.redrover.runner.ProjectUtils.takeScreenshot(ProjectUtils.java:132)\n\tat school.redrover.runner.BaseTest.afterMethod(BaseTest.java:119)\n\tat jdk.internal.reflect.GeneratedMethodAccessor126.invoke(Unknown Source)\n\tat java.base/jdk.internal.reflect.DelegatingMethodAccessorImpl.invoke(DelegatingMethodAccessorImpl.java:43)\n\tat java.base/java.lang.reflect.Method.invoke(Method.java:568)\n\tat org.testng.internal.invokers.MethodInvocationHelper.invokeMethod(MethodInvocationHelper.java:139)\n\tat org.testng.internal.invokers.MethodInvocationHelper.invokeMethodConsideringTimeout(MethodInvocationHelper.java:69)\n\tat org.testng.internal.invokers.ConfigInvoker.invokeConfigurationMethod(ConfigInvoker.java:361)\n\tat org.testng.internal.invokers.ConfigInvoker.invokeConfigurations(ConfigInvoker.java:296)\n\tat org.testng.internal.invokers.TestInvoker.runConfigMethods(TestInvoker.java:823)\n\tat org.testng.internal.invokers.TestInvoker.runAfterConfigurations(TestInvoker.java:792)\n\tat org.testng.internal.invokers.TestInvoker.invokeMethod(TestInvoker.java:613)\n\tat org.testng.internal.invokers.TestInvoker.invokeTestMethod(TestInvoker.java:221)\n\tat org.testng.internal.invokers.MethodRunner.runInSequence(MethodRunner.java:50)\n\tat org.testng.internal.invokers.TestInvoker$MethodInvocationAgent.invoke(TestInvoker.java:969)\n\tat org.testng.internal.invokers.TestInvoker.invokeTestMethods(TestInvoker.java:194)\n\tat org.testng.internal.invokers.TestMethodWorker.invokeTestMethods(TestMethodWorker.java:148)\n\tat org.testng.internal.invokers.TestMethodWorker.run(TestMethodWorker.java:128)\n\tat java.base/java.util.concurrent.ThreadPoolExecutor.runWorker(ThreadPoolExecutor.java:1136)\n\tat java.base/java.util.concurrent.ThreadPoolExecutor$Worker.run(ThreadPoolExecutor.java:635)\n\tat java.base/java.lang.Thread.run(Thread.java:833)\n","flaky":false,"newFailed":false,"newBroken":false,"newPassed":false,"retriesCount":0,"retriesStatusChange":false,"beforeStages":[{"name":"beforeClass","time":{"start":1692552654107,"stop":1692552654108,"duration":1},"description":"","status":"passed","steps":[{"name":"Lock Instance","time":{"start":1692552654107,"stop":1692552654108,"duration":1},"status":"passed","steps":[],"attachments":[{"uid":"d1318b417c639ad","name":"Locked instance: ","source":"d1318b417c639ad.txt","type":"text/plain","size":22}],"parameters":[],"stepsCount":0,"attachmentsCount":1,"shouldDisplayMessage":false,"hasContent":true}],"attachments":[],"parameters":[],"stepsCount":1,"attachmentsCount":1,"shouldDisplayMessage":false,"hasContent":true},{"name":"beforeMethod","time":{"start":1692552674089,"stop":1692552674089,"duration":0},"description":"","status":"broken","steps":[],"attachments":[],"parameters":[],"stepsCount":0,"attachmentsCount":0,"shouldDisplayMessage":false,"hasContent":false}],"afterStages":[{"name":"afterMethod","time":{"start":1692552674095,"stop":1692552674095,"duration":0},"description":"","status":"broken","statusMessage":"Cannot invoke \"org.openqa.selenium.TakesScreenshot.getScreenshotAs(org.openqa.selenium.OutputType)\" because \"driver\" is null","statusTrace":"java.lang.NullPointerException: Cannot invoke \"org.openqa.selenium.TakesScreenshot.getScreenshotAs(org.openqa.selenium.OutputType)\" because \"driver\" is null\n\tat school.redrover.runner.ProjectUtils.takeScreenshot(ProjectUtils.java:132)\n\tat school.redrover.runner.BaseTest.afterMethod(BaseTest.java:119)\n\tat jdk.internal.reflect.GeneratedMethodAccessor126.invoke(Unknown Source)\n\tat java.base/jdk.internal.reflect.DelegatingMethodAccessorImpl.invoke(DelegatingMethodAccessorImpl.java:43)\n\tat java.base/java.lang.reflect.Method.invoke(Method.java:568)\n\tat org.testng.internal.invokers.MethodInvocationHelper.invokeMethod(MethodInvocationHelper.java:139)\n\tat org.testng.internal.invokers.MethodInvocationHelper.invokeMethodConsideringTimeout(MethodInvocationHelper.java:69)\n\tat org.testng.internal.invokers.ConfigInvoker.invokeConfigurationMethod(ConfigInvoker.java:361)\n\tat org.testng.internal.invokers.ConfigInvoker.invokeConfigurations(ConfigInvoker.java:296)\n\tat org.testng.internal.invokers.TestInvoker.runConfigMethods(TestInvoker.java:823)\n\tat org.testng.internal.invokers.TestInvoker.runAfterConfigurations(TestInvoker.java:792)\n\tat org.testng.internal.invokers.TestInvoker.invokeMethod(TestInvoker.java:613)\n\tat org.testng.internal.invokers.TestInvoker.invokeTestMethod(TestInvoker.java:221)\n\tat org.testng.internal.invokers.MethodRunner.runInSequence(MethodRunner.java:50)\n\tat org.testng.internal.invokers.TestInvoker$MethodInvocationAgent.invoke(TestInvoker.java:969)\n\tat org.testng.internal.invokers.TestInvoker.invokeTestMethods(TestInvoker.java:194)\n\tat org.testng.internal.invokers.TestMethodWorker.invokeTestMethods(TestMethodWorker.java:148)\n\tat org.testng.internal.invokers.TestMethodWorker.run(TestMethodWorker.java:128)\n\tat java.base/java.util.concurrent.ThreadPoolExecutor.runWorker(ThreadPoolExecutor.java:1136)\n\tat java.base/java.util.concurrent.ThreadPoolExecutor$Worker.run(ThreadPoolExecutor.java:635)\n\tat java.base/java.lang.Thread.run(Thread.java:833)\n","steps":[],"attachments":[],"parameters":[],"stepsCount":0,"attachmentsCount":0,"shouldDisplayMessage":true,"hasContent":true},{"name":"unlockInstance","time":{"start":1692552675687,"stop":1692552675687,"duration":0},"description":"","status":"passed","steps":[{"name":"Unlock instance http://localhost:8081/","time":{"start":1692552675687,"stop":1692552675687,"duration":0},"status":"passed","steps":[],"attachments":[],"parameters":[{"name":"instance","value":"http://localhost:8081/"}],"stepsCount":0,"attachmentsCount":0,"shouldDisplayMessage":false,"hasContent":true}],"attachments":[],"parameters":[],"stepsCount":1,"attachmentsCount":0,"shouldDisplayMessage":false,"hasContent":true}],"labels":[{"name":"package","value":"school.redrover.FolderTest"},{"name":"testClass","value":"school.redrover.FolderTest"},{"name":"testMethod","value":"testCancelDeletingFromDropDownMenu"},{"name":"parentSuite","value":"AllTestsSuite"},{"name":"suite","value":"AllTests"},{"name":"subSuite","value":"school.redrover.FolderTest"},{"name":"host","value":"fv-az451-525"},{"name":"thread","value":"3323@fv-az451-525.TestNG-test=AllTests-4(20)"},{"name":"framework","value":"testng"},{"name":"language","value":"java"},{"name":"severity","value":"critical"},{"name":"resultFormat","value":"allure2"}],"parameters":[],"links":[],"hidden":false,"retry":false,"extra":{"severity":"critical","retries":[],"categories":[],"history":{"statistic":{"failed":0,"broken":0,"skipped":9,"passed":7,"unknown":0,"total":16},"items":[{"uid":"14ca2b69815e5a2f","reportUrl":"https://RedRoverSchool.github.io/JenkinsQA_06/6549//#testresult/14ca2b69815e5a2f","status":"skipped","statusDetails":"1 expectation failed.\nExpected status code <302> but was <403>.\n","time":{"start":1692550251452,"stop":1692550251452,"duration":0}},{"uid":"7bf1acc9513741af","reportUrl":"https://RedRoverSchool.github.io/JenkinsQA_06/6542//#testresult/7bf1acc9513741af","status":"passed","time":{"start":1692549024388,"stop":1692549026282,"duration":1894}},{"uid":"d81e106cc76ae9d0","reportUrl":"https://RedRoverSchool.github.io/JenkinsQA_06/6548//#testresult/d81e106cc76ae9d0","status":"skipped","statusDetails":"1 expectation failed.\nExpected status code <302> but was <403>.\n","time":{"start":1692548608999,"stop":1692548608999,"duration":0}},{"uid":"c84ab93c9ff07510","reportUrl":"https://RedRoverSchool.github.io/JenkinsQA_06/6542//#testresult/c84ab93c9ff07510","status":"passed","time":{"start":1692542114713,"stop":1692542116454,"duration":1741}},{"uid":"40a040aeafd39525","reportUrl":"https://RedRoverSchool.github.io/JenkinsQA_06/6547//#testresult/40a040aeafd39525","status":"skipped","statusDetails":"Cannot invoke \"org.openqa.selenium.TakesScreenshot.getScreenshotAs(org.openqa.selenium.OutputType)\" because \"driver\" is null","time":{"start":1692540881151,"stop":1692540881152,"duration":1}},{"uid":"b02d0dc3f2db1fc8","reportUrl":"https://RedRoverSchool.github.io/JenkinsQA_06/6546//#testresult/b02d0dc3f2db1fc8","status":"skipped","statusDetails":"Cannot invoke \"org.openqa.selenium.TakesScreenshot.getScreenshotAs(org.openqa.selenium.OutputType)\" because \"driver\" is null","time":{"start":1692539656504,"stop":1692539656504,"duration":0}},{"uid":"c3f8187afb7ebfd8","reportUrl":"https://RedRoverSchool.github.io/JenkinsQA_06/6545//#testresult/c3f8187afb7ebfd8","status":"skipped","statusDetails":"1 expectation failed.\nExpected status code <302> but was <403>.\n","time":{"start":1692538385315,"stop":1692538385315,"duration":0}},{"uid":"2dbb9d87113a5022","reportUrl":"https://RedRoverSchool.github.io/JenkinsQA_06/6544//#testresult/2dbb9d87113a5022","status":"skipped","statusDetails":"1 expectation failed.\nExpected status code <302> but was <403>.\n","time":{"start":1692536772161,"stop":1692536772161,"duration":0}},{"uid":"73715d19d6513da4","reportUrl":"https://RedRoverSchool.github.io/JenkinsQA_06/6539//#testresult/73715d19d6513da4","status":"passed","time":{"start":1692534721567,"stop":1692534723624,"duration":2057}},{"uid":"41b66ce3dd95e44c","reportUrl":"https://RedRoverSchool.github.io/JenkinsQA_06/6542//#testresult/41b66ce3dd95e44c","status":"passed","time":{"start":1692533397270,"stop":1692533398709,"duration":1439}},{"uid":"7819c5bf02277f18","reportUrl":"https://RedRoverSchool.github.io/JenkinsQA_06/6543//#testresult/7819c5bf02277f18","status":"skipped","statusDetails":"1 expectation failed.\nExpected status code <302> but was <403>.\n","time":{"start":1692533975138,"stop":1692533975138,"duration":0}},{"uid":"5dc0d4d839211e41","reportUrl":"https://RedRoverSchool.github.io/JenkinsQA_06/6541//#testresult/5dc0d4d839211e41","status":"passed","time":{"start":1692531220836,"stop":1692531223294,"duration":2458}},{"uid":"f92e06d614ae73c0","reportUrl":"https://RedRoverSchool.github.io/JenkinsQA_06/6539//#testresult/f92e06d614ae73c0","status":"passed","time":{"start":1692530134468,"stop":1692530136621,"duration":2153}},{"uid":"24754583d7fbd8e","reportUrl":"https://RedRoverSchool.github.io/JenkinsQA_06/6537//#testresult/24754583d7fbd8e","status":"passed","time":{"start":1692530233667,"stop":1692530235343,"duration":1676}},{"uid":"363f6855a55de97","reportUrl":"https://RedRoverSchool.github.io/JenkinsQA_06/6540//#testresult/363f6855a55de97","status":"skipped","statusDetails":"Invalid number of path parameters. Expected 1, was 0. Undefined path parameters are: .","time":{"start":1692528229176,"stop":1692528229176,"duration":0}}]},"tags":[]},"source":"d2b4f5214dcdb809.json","parameterValues":[]}