{"uid":"ea66f91a429b040d","name":"testSearchSettingsItemsByKeyword","fullName":"school.redrover.ManageJenkinsTest.testSearchSettingsItemsByKeyword","historyId":"7fd0ff211cdaa79c1671735223761f4b","time":{"start":1692552687971,"stop":1692552687971,"duration":0},"description":"Verify access search field using keywords","descriptionHtml":"<p>Verify access search field using keywords</p>\n","status":"skipped","statusMessage":"Cannot invoke \"org.openqa.selenium.TakesScreenshot.getScreenshotAs(org.openqa.selenium.OutputType)\" because \"driver\" is null","statusTrace":"java.lang.NullPointerException: Cannot invoke \"org.openqa.selenium.TakesScreenshot.getScreenshotAs(org.openqa.selenium.OutputType)\" because \"driver\" is null\n\tat school.redrover.runner.ProjectUtils.takeScreenshot(ProjectUtils.java:132)\n\tat school.redrover.runner.BaseTest.afterMethod(BaseTest.java:119)\n\tat jdk.internal.reflect.GeneratedMethodAccessor126.invoke(Unknown Source)\n\tat java.base/jdk.internal.reflect.DelegatingMethodAccessorImpl.invoke(DelegatingMethodAccessorImpl.java:43)\n\tat java.base/java.lang.reflect.Method.invoke(Method.java:568)\n\tat org.testng.internal.invokers.MethodInvocationHelper.invokeMethod(MethodInvocationHelper.java:139)\n\tat org.testng.internal.invokers.MethodInvocationHelper.invokeMethodConsideringTimeout(MethodInvocationHelper.java:69)\n\tat org.testng.internal.invokers.ConfigInvoker.invokeConfigurationMethod(ConfigInvoker.java:361)\n\tat org.testng.internal.invokers.ConfigInvoker.invokeConfigurations(ConfigInvoker.java:296)\n\tat org.testng.internal.invokers.TestInvoker.runConfigMethods(TestInvoker.java:823)\n\tat org.testng.internal.invokers.TestInvoker.runAfterConfigurations(TestInvoker.java:792)\n\tat org.testng.internal.invokers.TestInvoker.invokeMethod(TestInvoker.java:613)\n\tat org.testng.internal.invokers.TestInvoker.invokeTestMethod(TestInvoker.java:221)\n\tat org.testng.internal.invokers.MethodRunner.runInSequence(MethodRunner.java:50)\n\tat org.testng.internal.invokers.TestInvoker$MethodInvocationAgent.invoke(TestInvoker.java:969)\n\tat org.testng.internal.invokers.TestInvoker.invokeTestMethods(TestInvoker.java:194)\n\tat org.testng.internal.invokers.TestMethodWorker.invokeTestMethods(TestMethodWorker.java:148)\n\tat org.testng.internal.invokers.TestMethodWorker.run(TestMethodWorker.java:128)\n\tat java.base/java.util.concurrent.ThreadPoolExecutor.runWorker(ThreadPoolExecutor.java:1136)\n\tat java.base/java.util.concurrent.ThreadPoolExecutor$Worker.run(ThreadPoolExecutor.java:635)\n\tat java.base/java.lang.Thread.run(Thread.java:833)\n","flaky":false,"newFailed":false,"newBroken":false,"newPassed":false,"retriesCount":0,"retriesStatusChange":false,"beforeStages":[{"name":"beforeClass","time":{"start":1692552672829,"stop":1692552672830,"duration":1},"description":"","status":"passed","steps":[{"name":"Lock Instance","time":{"start":1692552672829,"stop":1692552672830,"duration":1},"status":"passed","steps":[],"attachments":[{"uid":"cf43cced8e70d433","name":"Locked instance: ","source":"cf43cced8e70d433.txt","type":"text/plain","size":22}],"parameters":[],"stepsCount":0,"attachmentsCount":1,"shouldDisplayMessage":false,"hasContent":true}],"attachments":[],"parameters":[],"stepsCount":1,"attachmentsCount":1,"shouldDisplayMessage":false,"hasContent":true},{"name":"beforeMethod","time":{"start":1692552687970,"stop":1692552687970,"duration":0},"description":"","status":"broken","steps":[],"attachments":[],"parameters":[],"stepsCount":0,"attachmentsCount":0,"shouldDisplayMessage":false,"hasContent":false}],"afterStages":[{"name":"afterMethod","time":{"start":1692552687971,"stop":1692552687972,"duration":1},"description":"","status":"broken","statusMessage":"Cannot invoke \"org.openqa.selenium.TakesScreenshot.getScreenshotAs(org.openqa.selenium.OutputType)\" because \"driver\" is null","statusTrace":"java.lang.NullPointerException: Cannot invoke \"org.openqa.selenium.TakesScreenshot.getScreenshotAs(org.openqa.selenium.OutputType)\" because \"driver\" is null\n\tat school.redrover.runner.ProjectUtils.takeScreenshot(ProjectUtils.java:132)\n\tat school.redrover.runner.BaseTest.afterMethod(BaseTest.java:119)\n\tat jdk.internal.reflect.GeneratedMethodAccessor126.invoke(Unknown Source)\n\tat java.base/jdk.internal.reflect.DelegatingMethodAccessorImpl.invoke(DelegatingMethodAccessorImpl.java:43)\n\tat java.base/java.lang.reflect.Method.invoke(Method.java:568)\n\tat org.testng.internal.invokers.MethodInvocationHelper.invokeMethod(MethodInvocationHelper.java:139)\n\tat org.testng.internal.invokers.MethodInvocationHelper.invokeMethodConsideringTimeout(MethodInvocationHelper.java:69)\n\tat org.testng.internal.invokers.ConfigInvoker.invokeConfigurationMethod(ConfigInvoker.java:361)\n\tat org.testng.internal.invokers.ConfigInvoker.invokeConfigurations(ConfigInvoker.java:296)\n\tat org.testng.internal.invokers.TestInvoker.runConfigMethods(TestInvoker.java:823)\n\tat org.testng.internal.invokers.TestInvoker.runAfterConfigurations(TestInvoker.java:792)\n\tat org.testng.internal.invokers.TestInvoker.invokeMethod(TestInvoker.java:613)\n\tat org.testng.internal.invokers.TestInvoker.invokeTestMethod(TestInvoker.java:221)\n\tat org.testng.internal.invokers.MethodRunner.runInSequence(MethodRunner.java:50)\n\tat org.testng.internal.invokers.TestInvoker$MethodInvocationAgent.invoke(TestInvoker.java:969)\n\tat org.testng.internal.invokers.TestInvoker.invokeTestMethods(TestInvoker.java:194)\n\tat org.testng.internal.invokers.TestMethodWorker.invokeTestMethods(TestMethodWorker.java:148)\n\tat org.testng.internal.invokers.TestMethodWorker.run(TestMethodWorker.java:128)\n\tat java.base/java.util.concurrent.ThreadPoolExecutor.runWorker(ThreadPoolExecutor.java:1136)\n\tat java.base/java.util.concurrent.ThreadPoolExecutor$Worker.run(ThreadPoolExecutor.java:635)\n\tat java.base/java.lang.Thread.run(Thread.java:833)\n","steps":[],"attachments":[],"parameters":[],"stepsCount":0,"attachmentsCount":0,"shouldDisplayMessage":true,"hasContent":true},{"name":"unlockInstance","time":{"start":1692552688004,"stop":1692552688004,"duration":0},"description":"","status":"passed","steps":[{"name":"Unlock instance http://localhost:8083/","time":{"start":1692552688004,"stop":1692552688004,"duration":0},"status":"passed","steps":[],"attachments":[],"parameters":[{"name":"instance","value":"http://localhost:8083/"}],"stepsCount":0,"attachmentsCount":0,"shouldDisplayMessage":false,"hasContent":true}],"attachments":[],"parameters":[],"stepsCount":1,"attachmentsCount":0,"shouldDisplayMessage":false,"hasContent":true}],"labels":[{"name":"package","value":"school.redrover.ManageJenkinsTest"},{"name":"testClass","value":"school.redrover.ManageJenkinsTest"},{"name":"testMethod","value":"testSearchSettingsItemsByKeyword"},{"name":"parentSuite","value":"AllTestsSuite"},{"name":"suite","value":"AllTests"},{"name":"subSuite","value":"school.redrover.ManageJenkinsTest"},{"name":"host","value":"fv-az451-525"},{"name":"thread","value":"3323@fv-az451-525.TestNG-test=AllTests-2(18)"},{"name":"framework","value":"testng"},{"name":"language","value":"java"},{"name":"feature","value":"Function"},{"name":"severity","value":"trivial"},{"name":"resultFormat","value":"allure2"}],"parameters":[{"name":"arg0","value":"dow"}],"links":[],"hidden":false,"retry":false,"extra":{"severity":"trivial","retries":[],"categories":[],"history":{"statistic":{"failed":0,"broken":0,"skipped":8,"passed":8,"unknown":0,"total":16},"items":[{"uid":"b80a2a4ac730225b","reportUrl":"https://RedRoverSchool.github.io/JenkinsQA_06/6549//#testresult/b80a2a4ac730225b","status":"skipped","statusDetails":"Cannot invoke \"org.openqa.selenium.TakesScreenshot.getScreenshotAs(org.openqa.selenium.OutputType)\" because \"driver\" is null","time":{"start":1692550256151,"stop":1692550256151,"duration":0}},{"uid":"6860b2a7ad62c73d","reportUrl":"https://RedRoverSchool.github.io/JenkinsQA_06/6542//#testresult/6860b2a7ad62c73d","status":"passed","time":{"start":1692547529990,"stop":1692547530774,"duration":784}},{"uid":"31bd5eddb47a94b4","reportUrl":"https://RedRoverSchool.github.io/JenkinsQA_06/6548//#testresult/31bd5eddb47a94b4","status":"skipped","statusDetails":"Cannot invoke \"org.openqa.selenium.TakesScreenshot.getScreenshotAs(org.openqa.selenium.OutputType)\" because \"driver\" is null","time":{"start":1692548613896,"stop":1692548613896,"duration":0}},{"uid":"1e3a5a9ae8527d65","reportUrl":"https://RedRoverSchool.github.io/JenkinsQA_06/6542//#testresult/1e3a5a9ae8527d65","status":"passed","time":{"start":1692542534794,"stop":1692542535522,"duration":728}},{"uid":"bbc646df5857dc41","reportUrl":"https://RedRoverSchool.github.io/JenkinsQA_06/6547//#testresult/bbc646df5857dc41","status":"passed","time":{"start":1692541051333,"stop":1692541052344,"duration":1011}},{"uid":"a1a7cc99e02dcff3","reportUrl":"https://RedRoverSchool.github.io/JenkinsQA_06/6546//#testresult/a1a7cc99e02dcff3","status":"skipped","statusDetails":"Cannot invoke \"org.openqa.selenium.TakesScreenshot.getScreenshotAs(org.openqa.selenium.OutputType)\" because \"driver\" is null","time":{"start":1692539674687,"stop":1692539674687,"duration":0}},{"uid":"ebfca2491786d559","reportUrl":"https://RedRoverSchool.github.io/JenkinsQA_06/6545//#testresult/ebfca2491786d559","status":"skipped","statusDetails":"1 expectation failed.\nExpected status code <302> but was <403>.\n","time":{"start":1692538400795,"stop":1692538400795,"duration":0}},{"uid":"cecd4e3814eb6647","reportUrl":"https://RedRoverSchool.github.io/JenkinsQA_06/6544//#testresult/cecd4e3814eb6647","status":"skipped","statusDetails":"1 expectation failed.\nExpected status code <302> but was <403>.\n","time":{"start":1692536725891,"stop":1692536725891,"duration":0}},{"uid":"4ebdd592b731bdf1","reportUrl":"https://RedRoverSchool.github.io/JenkinsQA_06/6539//#testresult/4ebdd592b731bdf1","status":"passed","time":{"start":1692535130941,"stop":1692535131934,"duration":993}},{"uid":"b1299a7a97a660c5","reportUrl":"https://RedRoverSchool.github.io/JenkinsQA_06/6542//#testresult/b1299a7a97a660c5","status":"passed","time":{"start":1692533756676,"stop":1692533757507,"duration":831}},{"uid":"4b64c98cafb0bb35","reportUrl":"https://RedRoverSchool.github.io/JenkinsQA_06/6543//#testresult/4b64c98cafb0bb35","status":"skipped","statusDetails":"1 expectation failed.\nExpected status code <302> but was <403>.\n","time":{"start":1692533979086,"stop":1692533979086,"duration":0}},{"uid":"f624c0a0d2e70e57","reportUrl":"https://RedRoverSchool.github.io/JenkinsQA_06/6541//#testresult/f624c0a0d2e70e57","status":"passed","time":{"start":1692531631375,"stop":1692531632910,"duration":1535}},{"uid":"511a92ca5ab5c1d8","reportUrl":"https://RedRoverSchool.github.io/JenkinsQA_06/6539//#testresult/511a92ca5ab5c1d8","status":"passed","time":{"start":1692530556599,"stop":1692530557529,"duration":930}},{"uid":"f5c88207d940f0f3","reportUrl":"https://RedRoverSchool.github.io/JenkinsQA_06/6537//#testresult/f5c88207d940f0f3","status":"passed","time":{"start":1692528882733,"stop":1692528883691,"duration":958}},{"uid":"22f9a495a9ffdb5e","reportUrl":"https://RedRoverSchool.github.io/JenkinsQA_06/6540//#testresult/22f9a495a9ffdb5e","status":"skipped","statusDetails":"Invalid number of path parameters. Expected 1, was 0. Undefined path parameters are: .","time":{"start":1692528193975,"stop":1692528193975,"duration":0}}]},"tags":[]},"source":"ea66f91a429b040d.json","parameterValues":["dow"]}