{"uid":"d59665ca99c10f63","name":"testEditEmailOnTheUserProfilePageByDropDown","fullName":"school.redrover.UsersTest.testEditEmailOnTheUserProfilePageByDropDown","historyId":"bfdf097eddbf68e887e96fca25026956","time":{"start":1692277326767,"stop":1692277326768,"duration":1},"description":"The 'Email' can be edited to the created User from Profile page by drop-down menu","descriptionHtml":"<p>The 'Email' can be edited to the created User from Profile page by drop-down menu</p>\n","status":"skipped","statusMessage":"Authorization does not work with user: \"admin\" and password: \"5e0aef0b28024018aa59bd5f2cd22fc8\"","statusTrace":"java.lang.RuntimeException: Authorization does not work with user: \"admin\" and password: \"5e0aef0b28024018aa59bd5f2cd22fc8\"\n\tat school.redrover.runner.JenkinsUtils.getPage(JenkinsUtils.java:109)\n\tat school.redrover.runner.JenkinsUtils.deleteUsers(JenkinsUtils.java:147)\n\tat school.redrover.runner.JenkinsUtils.clearData(JenkinsUtils.java:176)\n\tat school.redrover.runner.BaseTest.clearData(BaseTest.java:64)\n\tat school.redrover.runner.BaseTest.afterMethod(BaseTest.java:126)\n\tat jdk.internal.reflect.GeneratedMethodAccessor67.invoke(Unknown Source)\n\tat java.base/jdk.internal.reflect.DelegatingMethodAccessorImpl.invoke(DelegatingMethodAccessorImpl.java:43)\n\tat java.base/java.lang.reflect.Method.invoke(Method.java:568)\n\tat org.testng.internal.invokers.MethodInvocationHelper.invokeMethod(MethodInvocationHelper.java:139)\n\tat org.testng.internal.invokers.MethodInvocationHelper.invokeMethodConsideringTimeout(MethodInvocationHelper.java:69)\n\tat org.testng.internal.invokers.ConfigInvoker.invokeConfigurationMethod(ConfigInvoker.java:361)\n\tat org.testng.internal.invokers.ConfigInvoker.invokeConfigurations(ConfigInvoker.java:296)\n\tat org.testng.internal.invokers.TestInvoker.runConfigMethods(TestInvoker.java:823)\n\tat org.testng.internal.invokers.TestInvoker.runAfterConfigurations(TestInvoker.java:792)\n\tat org.testng.internal.invokers.TestInvoker.invokeMethod(TestInvoker.java:768)\n\tat org.testng.internal.invokers.TestInvoker.invokeTestMethod(TestInvoker.java:221)\n\tat org.testng.internal.invokers.MethodRunner.runInSequence(MethodRunner.java:50)\n\tat org.testng.internal.invokers.TestInvoker$MethodInvocationAgent.invoke(TestInvoker.java:969)\n\tat org.testng.internal.invokers.TestInvoker.invokeTestMethods(TestInvoker.java:194)\n\tat org.testng.internal.invokers.TestMethodWorker.invokeTestMethods(TestMethodWorker.java:148)\n\tat org.testng.internal.invokers.TestMethodWorker.run(TestMethodWorker.java:128)\n\tat java.base/java.util.concurrent.ThreadPoolExecutor.runWorker(ThreadPoolExecutor.java:1136)\n\tat java.base/java.util.concurrent.ThreadPoolExecutor$Worker.run(ThreadPoolExecutor.java:635)\n\tat java.base/java.lang.Thread.run(Thread.java:833)\n","flaky":false,"newFailed":false,"newBroken":false,"newPassed":false,"retriesCount":0,"retriesStatusChange":false,"beforeStages":[{"name":"beforeClass","time":{"start":1692277237931,"stop":1692277237931,"duration":0},"description":"","status":"passed","steps":[],"attachments":[],"parameters":[],"stepsCount":0,"attachmentsCount":0,"shouldDisplayMessage":false,"hasContent":false},{"name":"beforeMethod","time":{"start":1692277326766,"stop":1692277326766,"duration":0},"description":"","status":"broken","steps":[],"attachments":[],"parameters":[],"stepsCount":0,"attachmentsCount":0,"shouldDisplayMessage":false,"hasContent":false}],"afterStages":[{"name":"afterMethod","time":{"start":1692277326771,"stop":1692277326771,"duration":0},"description":"","status":"broken","statusMessage":"Cannot invoke \"org.openqa.selenium.TakesScreenshot.getScreenshotAs(org.openqa.selenium.OutputType)\" because \"driver\" is null","statusTrace":"java.lang.NullPointerException: Cannot invoke \"org.openqa.selenium.TakesScreenshot.getScreenshotAs(org.openqa.selenium.OutputType)\" because \"driver\" is null\n\tat school.redrover.runner.ProjectUtils.takeScreenshot(ProjectUtils.java:118)\n\tat school.redrover.runner.BaseTest.afterMethod(BaseTest.java:118)\n\tat jdk.internal.reflect.GeneratedMethodAccessor67.invoke(Unknown Source)\n\tat java.base/jdk.internal.reflect.DelegatingMethodAccessorImpl.invoke(DelegatingMethodAccessorImpl.java:43)\n\tat java.base/java.lang.reflect.Method.invoke(Method.java:568)\n\tat org.testng.internal.invokers.MethodInvocationHelper.invokeMethod(MethodInvocationHelper.java:139)\n\tat org.testng.internal.invokers.MethodInvocationHelper.invokeMethodConsideringTimeout(MethodInvocationHelper.java:69)\n\tat org.testng.internal.invokers.ConfigInvoker.invokeConfigurationMethod(ConfigInvoker.java:361)\n\tat org.testng.internal.invokers.ConfigInvoker.invokeConfigurations(ConfigInvoker.java:296)\n\tat org.testng.internal.invokers.TestInvoker.runConfigMethods(TestInvoker.java:823)\n\tat org.testng.internal.invokers.TestInvoker.runAfterConfigurations(TestInvoker.java:792)\n\tat org.testng.internal.invokers.TestInvoker.invokeMethod(TestInvoker.java:613)\n\tat org.testng.internal.invokers.TestInvoker.invokeTestMethod(TestInvoker.java:221)\n\tat org.testng.internal.invokers.MethodRunner.runInSequence(MethodRunner.java:50)\n\tat org.testng.internal.invokers.TestInvoker$MethodInvocationAgent.invoke(TestInvoker.java:969)\n\tat org.testng.internal.invokers.TestInvoker.invokeTestMethods(TestInvoker.java:194)\n\tat org.testng.internal.invokers.TestMethodWorker.invokeTestMethods(TestMethodWorker.java:148)\n\tat org.testng.internal.invokers.TestMethodWorker.run(TestMethodWorker.java:128)\n\tat java.base/java.util.concurrent.ThreadPoolExecutor.runWorker(ThreadPoolExecutor.java:1136)\n\tat java.base/java.util.concurrent.ThreadPoolExecutor$Worker.run(ThreadPoolExecutor.java:635)\n\tat java.base/java.lang.Thread.run(Thread.java:833)\n","steps":[],"attachments":[],"parameters":[],"stepsCount":0,"attachmentsCount":0,"shouldDisplayMessage":true,"hasContent":true},{"name":"unlockInstance","time":{"start":1692277327050,"stop":1692277327050,"duration":0},"description":"","status":"passed","steps":[],"attachments":[],"parameters":[],"stepsCount":0,"attachmentsCount":0,"shouldDisplayMessage":false,"hasContent":false}],"labels":[{"name":"package","value":"school.redrover.UsersTest"},{"name":"testClass","value":"school.redrover.UsersTest"},{"name":"testMethod","value":"testEditEmailOnTheUserProfilePageByDropDown"},{"name":"parentSuite","value":"AllTestsSuite"},{"name":"suite","value":"AllTests"},{"name":"subSuite","value":"school.redrover.UsersTest"},{"name":"host","value":"fv-az422-267"},{"name":"thread","value":"2841@fv-az422-267.TestNG-test=AllTests-1(17)"},{"name":"framework","value":"testng"},{"name":"language","value":"java"},{"name":"feature","value":"Function"},{"name":"severity","value":"normal"},{"name":"resultFormat","value":"allure2"}],"parameters":[],"links":[],"hidden":false,"retry":false,"extra":{"severity":"normal","retries":[],"categories":[],"history":{"statistic":{"failed":0,"broken":4,"skipped":6,"passed":5,"unknown":0,"total":15},"items":[{"uid":"75340a7b84831233","reportUrl":"https://RedRoverSchool.github.io/JenkinsQA_06/6488//#testresult/75340a7b84831233","status":"skipped","statusDetails":"Authorization does not work with user: \"admin\" and password: \"5e0aef0b28024018aa59bd5f2cd22fc8\"","time":{"start":1692276364331,"stop":1692276364331,"duration":0}},{"uid":"9891389c09755594","reportUrl":"https://RedRoverSchool.github.io/JenkinsQA_06/6486//#testresult/9891389c09755594","status":"passed","time":{"start":1692273267286,"stop":1692273270692,"duration":3406}},{"uid":"9c02f777a9274445","reportUrl":"https://RedRoverSchool.github.io/JenkinsQA_06/6487//#testresult/9c02f777a9274445","status":"broken","statusDetails":"no such element: Unable to locate element: {\"method\":\"xpath\",\"selector\":\"//a[@href='user/testuser0XQPlgZ/']/button[@class='jenkins-menu-dropdown-chevron']\"}\n  (Session info: chrome=115.0.5790.170)\nFor documentation on this error, please visit: https://selenium.dev/exceptions/#no_such_element\nBuild info: version: '4.8.3', revision: 'e5e76298c3'\nSystem info: os.name: 'Linux', os.arch: 'amd64', os.version: '5.15.0-1042-azure', java.version: '17.0.8'\nDriver info: org.openqa.selenium.chrome.ChromeDriver\nCommand: [5e6ee3dcfa4511e62c7ab87f76d3671a, findElement {using=xpath, value=//a[@href='user/testuser0XQPlgZ/']/button[@class='jenkins-menu-dropdown-chevron']}]\nCapabilities {acceptInsecureCerts: false, browserName: chrome, browserVersion: 115.0.5790.170, chrome: {chromedriverVersion: 114.0.5735.90 (386bc09e8f4f..., userDataDir: /tmp/.com.google.Chrome.NGo9M3}, goog:chromeOptions: {debuggerAddress: localhost:46699}, networkConnectionEnabled: false, pageLoadStrategy: normal, platformName: LINUX, proxy: Proxy(), se:cdp: ws://localhost:46699/devtoo..., se:cdpVersion: 115.0.5790.170, setWindowRect: true, strictFileInteractability: false, timeouts: {implicit: 0, pageLoad: 300000, script: 30000}, unhandledPromptBehavior: dismiss and notify, webauthn:extension:credBlob: true, webauthn:extension:largeBlob: true, webauthn:extension:minPinLength: true, webauthn:extension:prf: true, webauthn:virtualAuthenticators: true}\nSession ID: 5e6ee3dcfa4511e62c7ab87f76d3671a","time":{"start":1692273628995,"stop":1692273642154,"duration":13159}},{"uid":"68af682e14c68744","reportUrl":"https://RedRoverSchool.github.io/JenkinsQA_06/6484//#testresult/68af682e14c68744","status":"passed","time":{"start":1692271329064,"stop":1692271332837,"duration":3773}},{"uid":"be391f88170d316","reportUrl":"https://RedRoverSchool.github.io/JenkinsQA_06/6482//#testresult/be391f88170d316","status":"passed","time":{"start":1692269168422,"stop":1692269172622,"duration":4200}},{"uid":"91b1d7e895bdc129","reportUrl":"https://RedRoverSchool.github.io/JenkinsQA_06/6481//#testresult/91b1d7e895bdc129","status":"broken","statusDetails":"no such element: Unable to locate element: {\"method\":\"xpath\",\"selector\":\"//a[@href='user/testuserNfjrLGd/']/button[@class='jenkins-menu-dropdown-chevron']\"}\n  (Session info: chrome=115.0.5790.170)\nFor documentation on this error, please visit: https://selenium.dev/exceptions/#no_such_element\nBuild info: version: '4.8.3', revision: 'e5e76298c3'\nSystem info: os.name: 'Linux', os.arch: 'amd64', os.version: '5.15.0-1041-azure', java.version: '17.0.8'\nDriver info: org.openqa.selenium.chrome.ChromeDriver\nCommand: [c050af0c8a52cd01cc746d382b78e59b, findElement {using=xpath, value=//a[@href='user/testuserNfjrLGd/']/button[@class='jenkins-menu-dropdown-chevron']}]\nCapabilities {acceptInsecureCerts: false, browserName: chrome, browserVersion: 115.0.5790.170, chrome: {chromedriverVersion: 114.0.5735.90 (386bc09e8f4f..., userDataDir: /tmp/.com.google.Chrome.HYtA1V}, goog:chromeOptions: {debuggerAddress: localhost:45695}, networkConnectionEnabled: false, pageLoadStrategy: normal, platformName: LINUX, proxy: Proxy(), se:cdp: ws://localhost:45695/devtoo..., se:cdpVersion: 115.0.5790.170, setWindowRect: true, strictFileInteractability: false, timeouts: {implicit: 0, pageLoad: 300000, script: 30000}, unhandledPromptBehavior: dismiss and notify, webauthn:extension:credBlob: true, webauthn:extension:largeBlob: true, webauthn:extension:minPinLength: true, webauthn:extension:prf: true, webauthn:virtualAuthenticators: true}\nSession ID: c050af0c8a52cd01cc746d382b78e59b","time":{"start":1692265737942,"stop":1692265750719,"duration":12777}},{"uid":"87e64902c0faf8e2","reportUrl":"https://RedRoverSchool.github.io/JenkinsQA_06/6480//#testresult/87e64902c0faf8e2","status":"passed","time":{"start":1692264969249,"stop":1692264972088,"duration":2839}},{"uid":"fb75c0c68bfb337e","reportUrl":"https://RedRoverSchool.github.io/JenkinsQA_06/6479//#testresult/fb75c0c68bfb337e","status":"broken","statusDetails":"no such element: Unable to locate element: {\"method\":\"xpath\",\"selector\":\"//a[@href='user/testuserUfKNw1c/']/button[@class='jenkins-menu-dropdown-chevron']\"}\n  (Session info: chrome=115.0.5790.170)\nFor documentation on this error, please visit: https://selenium.dev/exceptions/#no_such_element\nBuild info: version: '4.8.3', revision: 'e5e76298c3'\nSystem info: os.name: 'Linux', os.arch: 'amd64', os.version: '5.15.0-1042-azure', java.version: '17.0.8'\nDriver info: org.openqa.selenium.chrome.ChromeDriver\nCommand: [8f5748ff14fa39dd3cecd1871769c71c, findElement {using=xpath, value=//a[@href='user/testuserUfKNw1c/']/button[@class='jenkins-menu-dropdown-chevron']}]\nCapabilities {acceptInsecureCerts: false, browserName: chrome, browserVersion: 115.0.5790.170, chrome: {chromedriverVersion: 114.0.5735.90 (386bc09e8f4f..., userDataDir: /tmp/.com.google.Chrome.sRfwDE}, goog:chromeOptions: {debuggerAddress: localhost:41469}, networkConnectionEnabled: false, pageLoadStrategy: normal, platformName: LINUX, proxy: Proxy(), se:cdp: ws://localhost:41469/devtoo..., se:cdpVersion: 115.0.5790.170, setWindowRect: true, strictFileInteractability: false, timeouts: {implicit: 0, pageLoad: 300000, script: 30000}, unhandledPromptBehavior: dismiss and notify, webauthn:extension:credBlob: true, webauthn:extension:largeBlob: true, webauthn:extension:minPinLength: true, webauthn:extension:prf: true, webauthn:virtualAuthenticators: true}\nSession ID: 8f5748ff14fa39dd3cecd1871769c71c","time":{"start":1692260949956,"stop":1692260961898,"duration":11942}},{"uid":"badd348926bd2864","reportUrl":"https://RedRoverSchool.github.io/JenkinsQA_06/6478//#testresult/badd348926bd2864","status":"skipped","statusDetails":"Cannot invoke \"school.redrover.JenkinsInstance.setBusy(boolean)\" because \"this.instance\" is null","time":{"start":1692258815895,"stop":1692258815895,"duration":0}},{"uid":"b1a7a8c27fb05897","reportUrl":"https://RedRoverSchool.github.io/JenkinsQA_06/6477//#testresult/b1a7a8c27fb05897","status":"skipped","statusDetails":"Cannot invoke \"school.redrover.JenkinsInstance.setBusy(boolean)\" because \"this.instance\" is null","time":{"start":1692257711502,"stop":1692257711502,"duration":0}},{"uid":"af95136a84483969","reportUrl":"https://RedRoverSchool.github.io/JenkinsQA_06/6476//#testresult/af95136a84483969","status":"skipped","statusDetails":"\nCan inject only one of <ITestContext, XmlTest> into a @BeforeClass annotated beforeClass.\nFor more information on native dependency injection please refer to https://testng.org/doc/documentation-main.html#native-dependency-injection","time":{"start":1692256995671,"stop":1692256995671,"duration":0}},{"uid":"1692867c8f6d0a92","reportUrl":"https://RedRoverSchool.github.io/JenkinsQA_06/6475//#testresult/1692867c8f6d0a92","status":"skipped","statusDetails":"java.lang.NullPointerException: Cannot invoke \"school.redrover.JenkinsInstance.setBusy(boolean)\" because \"this.instance\" is null","time":{"start":1692255982222,"stop":1692255982222,"duration":0}},{"uid":"cc9881e85ec27883","reportUrl":"https://RedRoverSchool.github.io/JenkinsQA_06/6474//#testresult/cc9881e85ec27883","status":"passed","time":{"start":1692248714882,"stop":1692248717960,"duration":3078}},{"uid":"2eebfa56c5cfd7d4","reportUrl":"https://RedRoverSchool.github.io/JenkinsQA_06/6473//#testresult/2eebfa56c5cfd7d4","status":"broken","statusDetails":"no such element: Unable to locate element: {\"method\":\"xpath\",\"selector\":\"//a[@href='user/testuser4LXFmdM/']/button[@class='jenkins-menu-dropdown-chevron']\"}\n  (Session info: chrome=115.0.5790.170)\nFor documentation on this error, please visit: https://selenium.dev/exceptions/#no_such_element\nBuild info: version: '4.8.3', revision: 'e5e76298c3'\nSystem info: os.name: 'Linux', os.arch: 'amd64', os.version: '5.15.0-1041-azure', java.version: '17.0.8'\nDriver info: org.openqa.selenium.chrome.ChromeDriver\nCommand: [9026f431d4b64f4b2545950b315c0c36, findElement {using=xpath, value=//a[@href='user/testuser4LXFmdM/']/button[@class='jenkins-menu-dropdown-chevron']}]\nCapabilities {acceptInsecureCerts: false, browserName: chrome, browserVersion: 115.0.5790.170, chrome: {chromedriverVersion: 114.0.5735.90 (386bc09e8f4f..., userDataDir: /tmp/.com.google.Chrome.vbH4Co}, goog:chromeOptions: {debuggerAddress: localhost:44415}, networkConnectionEnabled: false, pageLoadStrategy: normal, platformName: LINUX, proxy: Proxy(), se:cdp: ws://localhost:44415/devtoo..., se:cdpVersion: 115.0.5790.170, setWindowRect: true, strictFileInteractability: false, timeouts: {implicit: 0, pageLoad: 300000, script: 30000}, unhandledPromptBehavior: dismiss and notify, webauthn:extension:credBlob: true, webauthn:extension:largeBlob: true, webauthn:extension:minPinLength: true, webauthn:extension:prf: true, webauthn:virtualAuthenticators: true}\nSession ID: 9026f431d4b64f4b2545950b315c0c36","time":{"start":1692224890072,"stop":1692224903400,"duration":13328}}]},"tags":[]},"source":"d59665ca99c10f63.json","parameterValues":[]}