{"uid":"e7e83e4205d9da1c","name":"testLogInWithInvalidData","fullName":"school.redrover.UsersTest.testLogInWithInvalidData","historyId":"def2340ecd4c11a7d735569d4bb8238d","time":{"start":1692277326816,"stop":1692277326817,"duration":1},"description":"Checking the error message display when logging in with invalid data","descriptionHtml":"<p>Checking the error message display when logging in with invalid data</p>\n","status":"skipped","statusMessage":"Cannot invoke \"org.openqa.selenium.TakesScreenshot.getScreenshotAs(org.openqa.selenium.OutputType)\" because \"driver\" is null","statusTrace":"java.lang.NullPointerException: Cannot invoke \"org.openqa.selenium.TakesScreenshot.getScreenshotAs(org.openqa.selenium.OutputType)\" because \"driver\" is null\n\tat school.redrover.runner.ProjectUtils.takeScreenshot(ProjectUtils.java:118)\n\tat school.redrover.runner.BaseTest.afterMethod(BaseTest.java:118)\n\tat jdk.internal.reflect.GeneratedMethodAccessor67.invoke(Unknown Source)\n\tat java.base/jdk.internal.reflect.DelegatingMethodAccessorImpl.invoke(DelegatingMethodAccessorImpl.java:43)\n\tat java.base/java.lang.reflect.Method.invoke(Method.java:568)\n\tat org.testng.internal.invokers.MethodInvocationHelper.invokeMethod(MethodInvocationHelper.java:139)\n\tat org.testng.internal.invokers.MethodInvocationHelper.invokeMethodConsideringTimeout(MethodInvocationHelper.java:69)\n\tat org.testng.internal.invokers.ConfigInvoker.invokeConfigurationMethod(ConfigInvoker.java:361)\n\tat org.testng.internal.invokers.ConfigInvoker.invokeConfigurations(ConfigInvoker.java:296)\n\tat org.testng.internal.invokers.TestInvoker.runConfigMethods(TestInvoker.java:823)\n\tat org.testng.internal.invokers.TestInvoker.runAfterConfigurations(TestInvoker.java:792)\n\tat org.testng.internal.invokers.TestInvoker.invokeMethod(TestInvoker.java:613)\n\tat org.testng.internal.invokers.TestInvoker.invokeTestMethod(TestInvoker.java:221)\n\tat org.testng.internal.invokers.MethodRunner.runInSequence(MethodRunner.java:50)\n\tat org.testng.internal.invokers.TestInvoker$MethodInvocationAgent.invoke(TestInvoker.java:969)\n\tat org.testng.internal.invokers.TestInvoker.invokeTestMethods(TestInvoker.java:194)\n\tat org.testng.internal.invokers.TestMethodWorker.invokeTestMethods(TestMethodWorker.java:148)\n\tat org.testng.internal.invokers.TestMethodWorker.run(TestMethodWorker.java:128)\n\tat java.base/java.util.concurrent.ThreadPoolExecutor.runWorker(ThreadPoolExecutor.java:1136)\n\tat java.base/java.util.concurrent.ThreadPoolExecutor$Worker.run(ThreadPoolExecutor.java:635)\n\tat java.base/java.lang.Thread.run(Thread.java:833)\n","flaky":false,"newFailed":false,"newBroken":false,"newPassed":false,"retriesCount":0,"retriesStatusChange":false,"beforeStages":[{"name":"beforeClass","time":{"start":1692277237931,"stop":1692277237931,"duration":0},"description":"","status":"passed","steps":[],"attachments":[],"parameters":[],"stepsCount":0,"attachmentsCount":0,"shouldDisplayMessage":false,"hasContent":false},{"name":"beforeMethod","time":{"start":1692277326815,"stop":1692277326815,"duration":0},"description":"","status":"broken","steps":[],"attachments":[],"parameters":[],"stepsCount":0,"attachmentsCount":0,"shouldDisplayMessage":false,"hasContent":false}],"afterStages":[{"name":"afterMethod","time":{"start":1692277326818,"stop":1692277326818,"duration":0},"description":"","status":"broken","statusMessage":"Cannot invoke \"org.openqa.selenium.TakesScreenshot.getScreenshotAs(org.openqa.selenium.OutputType)\" because \"driver\" is null","statusTrace":"java.lang.NullPointerException: Cannot invoke \"org.openqa.selenium.TakesScreenshot.getScreenshotAs(org.openqa.selenium.OutputType)\" because \"driver\" is null\n\tat school.redrover.runner.ProjectUtils.takeScreenshot(ProjectUtils.java:118)\n\tat school.redrover.runner.BaseTest.afterMethod(BaseTest.java:118)\n\tat jdk.internal.reflect.GeneratedMethodAccessor67.invoke(Unknown Source)\n\tat java.base/jdk.internal.reflect.DelegatingMethodAccessorImpl.invoke(DelegatingMethodAccessorImpl.java:43)\n\tat java.base/java.lang.reflect.Method.invoke(Method.java:568)\n\tat org.testng.internal.invokers.MethodInvocationHelper.invokeMethod(MethodInvocationHelper.java:139)\n\tat org.testng.internal.invokers.MethodInvocationHelper.invokeMethodConsideringTimeout(MethodInvocationHelper.java:69)\n\tat org.testng.internal.invokers.ConfigInvoker.invokeConfigurationMethod(ConfigInvoker.java:361)\n\tat org.testng.internal.invokers.ConfigInvoker.invokeConfigurations(ConfigInvoker.java:296)\n\tat org.testng.internal.invokers.TestInvoker.runConfigMethods(TestInvoker.java:823)\n\tat org.testng.internal.invokers.TestInvoker.runAfterConfigurations(TestInvoker.java:792)\n\tat org.testng.internal.invokers.TestInvoker.invokeMethod(TestInvoker.java:613)\n\tat org.testng.internal.invokers.TestInvoker.invokeTestMethod(TestInvoker.java:221)\n\tat org.testng.internal.invokers.MethodRunner.runInSequence(MethodRunner.java:50)\n\tat org.testng.internal.invokers.TestInvoker$MethodInvocationAgent.invoke(TestInvoker.java:969)\n\tat org.testng.internal.invokers.TestInvoker.invokeTestMethods(TestInvoker.java:194)\n\tat org.testng.internal.invokers.TestMethodWorker.invokeTestMethods(TestMethodWorker.java:148)\n\tat org.testng.internal.invokers.TestMethodWorker.run(TestMethodWorker.java:128)\n\tat java.base/java.util.concurrent.ThreadPoolExecutor.runWorker(ThreadPoolExecutor.java:1136)\n\tat java.base/java.util.concurrent.ThreadPoolExecutor$Worker.run(ThreadPoolExecutor.java:635)\n\tat java.base/java.lang.Thread.run(Thread.java:833)\n","steps":[],"attachments":[],"parameters":[],"stepsCount":0,"attachmentsCount":0,"shouldDisplayMessage":true,"hasContent":true},{"name":"unlockInstance","time":{"start":1692277327050,"stop":1692277327050,"duration":0},"description":"","status":"passed","steps":[],"attachments":[],"parameters":[],"stepsCount":0,"attachmentsCount":0,"shouldDisplayMessage":false,"hasContent":false}],"labels":[{"name":"package","value":"school.redrover.UsersTest"},{"name":"testClass","value":"school.redrover.UsersTest"},{"name":"testMethod","value":"testLogInWithInvalidData"},{"name":"parentSuite","value":"AllTestsSuite"},{"name":"suite","value":"AllTests"},{"name":"subSuite","value":"school.redrover.UsersTest"},{"name":"host","value":"fv-az422-267"},{"name":"thread","value":"2841@fv-az422-267.TestNG-test=AllTests-1(17)"},{"name":"framework","value":"testng"},{"name":"language","value":"java"},{"name":"feature","value":"Function"},{"name":"severity","value":"critical"},{"name":"resultFormat","value":"allure2"}],"parameters":[{"name":"arg0","value":"incorrect user name"},{"name":"arg1","value":"12345hi"}],"links":[],"hidden":false,"retry":false,"extra":{"severity":"critical","retries":[],"categories":[],"history":{"statistic":{"failed":0,"broken":0,"skipped":6,"passed":9,"unknown":0,"total":15},"items":[{"uid":"8583d0c7af3daf47","reportUrl":"https://RedRoverSchool.github.io/JenkinsQA_06/6488//#testresult/8583d0c7af3daf47","status":"skipped","statusDetails":"Cannot invoke \"org.openqa.selenium.TakesScreenshot.getScreenshotAs(org.openqa.selenium.OutputType)\" because \"driver\" is null","time":{"start":1692276364404,"stop":1692276364404,"duration":0}},{"uid":"632592288cd72f25","reportUrl":"https://RedRoverSchool.github.io/JenkinsQA_06/6486//#testresult/632592288cd72f25","status":"passed","time":{"start":1692273315053,"stop":1692273317474,"duration":2421}},{"uid":"d73b6510625bab55","reportUrl":"https://RedRoverSchool.github.io/JenkinsQA_06/6487//#testresult/d73b6510625bab55","status":"passed","time":{"start":1692273692623,"stop":1692273695166,"duration":2543}},{"uid":"4074b058d00e7c06","reportUrl":"https://RedRoverSchool.github.io/JenkinsQA_06/6484//#testresult/4074b058d00e7c06","status":"passed","time":{"start":1692271378061,"stop":1692271380680,"duration":2619}},{"uid":"5471e90cd49e3397","reportUrl":"https://RedRoverSchool.github.io/JenkinsQA_06/6482//#testresult/5471e90cd49e3397","status":"passed","time":{"start":1692269219005,"stop":1692269221406,"duration":2401}},{"uid":"d984df56d99f5163","reportUrl":"https://RedRoverSchool.github.io/JenkinsQA_06/6481//#testresult/d984df56d99f5163","status":"passed","time":{"start":1692265797527,"stop":1692265800248,"duration":2721}},{"uid":"9c38aa2f739b8409","reportUrl":"https://RedRoverSchool.github.io/JenkinsQA_06/6480//#testresult/9c38aa2f739b8409","status":"passed","time":{"start":1692265014788,"stop":1692265016558,"duration":1770}},{"uid":"99694e7a2ee76902","reportUrl":"https://RedRoverSchool.github.io/JenkinsQA_06/6479//#testresult/99694e7a2ee76902","status":"passed","time":{"start":1692261004090,"stop":1692261006030,"duration":1940}},{"uid":"cc2ce05a26922d97","reportUrl":"https://RedRoverSchool.github.io/JenkinsQA_06/6478//#testresult/cc2ce05a26922d97","status":"skipped","statusDetails":"Cannot invoke \"school.redrover.JenkinsInstance.setBusy(boolean)\" because \"this.instance\" is null","time":{"start":1692258815902,"stop":1692258815902,"duration":0}},{"uid":"e12f0be086d6c450","reportUrl":"https://RedRoverSchool.github.io/JenkinsQA_06/6477//#testresult/e12f0be086d6c450","status":"skipped","statusDetails":"Cannot invoke \"school.redrover.JenkinsInstance.setBusy(boolean)\" because \"this.instance\" is null","time":{"start":1692257711523,"stop":1692257711523,"duration":0}},{"uid":"d845984e8a096467","reportUrl":"https://RedRoverSchool.github.io/JenkinsQA_06/6476//#testresult/d845984e8a096467","status":"skipped","statusDetails":"\nCan inject only one of <ITestContext, XmlTest> into a @BeforeClass annotated beforeClass.\nFor more information on native dependency injection please refer to https://testng.org/doc/documentation-main.html#native-dependency-injection","time":{"start":1692256995695,"stop":1692256995695,"duration":0}},{"uid":"1316dc335f537065","reportUrl":"https://RedRoverSchool.github.io/JenkinsQA_06/6475//#testresult/1316dc335f537065","status":"skipped","statusDetails":"java.lang.NullPointerException: Cannot invoke \"school.redrover.JenkinsInstance.setBusy(boolean)\" because \"this.instance\" is null","time":{"start":1692255982253,"stop":1692255982253,"duration":0}},{"uid":"e2fb4cf5ae806753","reportUrl":"https://RedRoverSchool.github.io/JenkinsQA_06/6474//#testresult/e2fb4cf5ae806753","status":"passed","time":{"start":1692248760296,"stop":1692248762302,"duration":2006}},{"uid":"b8f3642525975d19","reportUrl":"https://RedRoverSchool.github.io/JenkinsQA_06/6473//#testresult/b8f3642525975d19","status":"passed","time":{"start":1692224954303,"stop":1692224957698,"duration":3395}}]},"tags":[]},"source":"e7e83e4205d9da1c.json","parameterValues":["incorrect user name","12345hi"]}