{"uid":"3b8855a0c4061db1","name":"testDeleteFromConfigure","fullName":"school.redrover.UsersTest.testDeleteFromConfigure","historyId":"c747a1d6320b4c57fe172273cea34601","time":{"start":1692276364293,"stop":1692276364294,"duration":1},"description":"Verify that the created User can be deleted with the 'Delete' button from Configure page","descriptionHtml":"<p>Verify that the created User can be deleted with the 'Delete' button from Configure page</p>\n","status":"skipped","statusMessage":"Authorization does not work with user: \"admin\" and password: \"5e0aef0b28024018aa59bd5f2cd22fc8\"","statusTrace":"java.lang.RuntimeException: Authorization does not work with user: \"admin\" and password: \"5e0aef0b28024018aa59bd5f2cd22fc8\"\n\tat school.redrover.runner.JenkinsUtils.getPage(JenkinsUtils.java:109)\n\tat school.redrover.runner.JenkinsUtils.deleteViews(JenkinsUtils.java:139)\n\tat school.redrover.runner.JenkinsUtils.clearData(JenkinsUtils.java:174)\n\tat school.redrover.runner.BaseTest.clearData(BaseTest.java:64)\n\tat school.redrover.runner.BaseTest.afterMethod(BaseTest.java:126)\n\tat jdk.internal.reflect.GeneratedMethodAccessor67.invoke(Unknown Source)\n\tat java.base/jdk.internal.reflect.DelegatingMethodAccessorImpl.invoke(DelegatingMethodAccessorImpl.java:43)\n\tat java.base/java.lang.reflect.Method.invoke(Method.java:568)\n\tat org.testng.internal.invokers.MethodInvocationHelper.invokeMethod(MethodInvocationHelper.java:139)\n\tat org.testng.internal.invokers.MethodInvocationHelper.invokeMethodConsideringTimeout(MethodInvocationHelper.java:69)\n\tat org.testng.internal.invokers.ConfigInvoker.invokeConfigurationMethod(ConfigInvoker.java:361)\n\tat org.testng.internal.invokers.ConfigInvoker.invokeConfigurations(ConfigInvoker.java:296)\n\tat org.testng.internal.invokers.TestInvoker.runConfigMethods(TestInvoker.java:823)\n\tat org.testng.internal.invokers.TestInvoker.runAfterConfigurations(TestInvoker.java:792)\n\tat org.testng.internal.invokers.TestInvoker.invokeMethod(TestInvoker.java:768)\n\tat org.testng.internal.invokers.TestInvoker.invokeTestMethod(TestInvoker.java:221)\n\tat org.testng.internal.invokers.MethodRunner.runInSequence(MethodRunner.java:50)\n\tat org.testng.internal.invokers.TestInvoker$MethodInvocationAgent.invoke(TestInvoker.java:969)\n\tat org.testng.internal.invokers.TestInvoker.invokeTestMethods(TestInvoker.java:194)\n\tat org.testng.internal.invokers.TestMethodWorker.invokeTestMethods(TestMethodWorker.java:148)\n\tat org.testng.internal.invokers.TestMethodWorker.run(TestMethodWorker.java:128)\n\tat java.base/java.util.concurrent.ThreadPoolExecutor.runWorker(ThreadPoolExecutor.java:1136)\n\tat java.base/java.util.concurrent.ThreadPoolExecutor$Worker.run(ThreadPoolExecutor.java:635)\n\tat java.base/java.lang.Thread.run(Thread.java:833)\n","flaky":false,"newFailed":false,"newBroken":false,"newPassed":false,"retriesCount":0,"retriesStatusChange":false,"beforeStages":[{"name":"beforeMethod","time":{"start":1692276364290,"stop":1692276364290,"duration":0},"description":"","status":"broken","steps":[],"attachments":[],"parameters":[],"stepsCount":0,"attachmentsCount":0,"shouldDisplayMessage":false,"hasContent":false}],"afterStages":[{"name":"afterMethod","time":{"start":1692276364295,"stop":1692276364301,"duration":6},"description":"","status":"broken","statusMessage":"Cannot invoke \"org.openqa.selenium.TakesScreenshot.getScreenshotAs(org.openqa.selenium.OutputType)\" because \"driver\" is null","statusTrace":"java.lang.NullPointerException: Cannot invoke \"org.openqa.selenium.TakesScreenshot.getScreenshotAs(org.openqa.selenium.OutputType)\" because \"driver\" is null\n\tat school.redrover.runner.ProjectUtils.takeScreenshot(ProjectUtils.java:118)\n\tat school.redrover.runner.BaseTest.afterMethod(BaseTest.java:118)\n\tat jdk.internal.reflect.GeneratedMethodAccessor67.invoke(Unknown Source)\n\tat java.base/jdk.internal.reflect.DelegatingMethodAccessorImpl.invoke(DelegatingMethodAccessorImpl.java:43)\n\tat java.base/java.lang.reflect.Method.invoke(Method.java:568)\n\tat org.testng.internal.invokers.MethodInvocationHelper.invokeMethod(MethodInvocationHelper.java:139)\n\tat org.testng.internal.invokers.MethodInvocationHelper.invokeMethodConsideringTimeout(MethodInvocationHelper.java:69)\n\tat org.testng.internal.invokers.ConfigInvoker.invokeConfigurationMethod(ConfigInvoker.java:361)\n\tat org.testng.internal.invokers.ConfigInvoker.invokeConfigurations(ConfigInvoker.java:296)\n\tat org.testng.internal.invokers.TestInvoker.runConfigMethods(TestInvoker.java:823)\n\tat org.testng.internal.invokers.TestInvoker.runAfterConfigurations(TestInvoker.java:792)\n\tat org.testng.internal.invokers.TestInvoker.invokeMethod(TestInvoker.java:613)\n\tat org.testng.internal.invokers.TestInvoker.invokeTestMethod(TestInvoker.java:221)\n\tat org.testng.internal.invokers.MethodRunner.runInSequence(MethodRunner.java:50)\n\tat org.testng.internal.invokers.TestInvoker$MethodInvocationAgent.invoke(TestInvoker.java:969)\n\tat org.testng.internal.invokers.TestInvoker.invokeTestMethods(TestInvoker.java:194)\n\tat org.testng.internal.invokers.TestMethodWorker.invokeTestMethods(TestMethodWorker.java:148)\n\tat org.testng.internal.invokers.TestMethodWorker.run(TestMethodWorker.java:128)\n\tat java.base/java.util.concurrent.ThreadPoolExecutor.runWorker(ThreadPoolExecutor.java:1136)\n\tat java.base/java.util.concurrent.ThreadPoolExecutor$Worker.run(ThreadPoolExecutor.java:635)\n\tat java.base/java.lang.Thread.run(Thread.java:833)\n","steps":[],"attachments":[],"parameters":[],"stepsCount":0,"attachmentsCount":0,"shouldDisplayMessage":true,"hasContent":true}],"labels":[{"name":"package","value":"school.redrover.UsersTest"},{"name":"testClass","value":"school.redrover.UsersTest"},{"name":"testMethod","value":"testDeleteFromConfigure"},{"name":"parentSuite","value":"AllTestsSuite"},{"name":"suite","value":"AllTests"},{"name":"subSuite","value":"school.redrover.UsersTest"},{"name":"host","value":"fv-az749-343"},{"name":"thread","value":"2797@fv-az749-343.TestNG-test=AllTests-1(17)"},{"name":"framework","value":"testng"},{"name":"language","value":"java"},{"name":"feature","value":"Function"},{"name":"severity","value":"critical"},{"name":"resultFormat","value":"allure2"}],"parameters":[],"links":[],"hidden":false,"retry":false,"extra":{"severity":"critical","retries":[],"categories":[],"history":{"statistic":{"failed":0,"broken":4,"skipped":5,"passed":5,"unknown":0,"total":14},"items":[{"uid":"269885356b7f236a","reportUrl":"https://RedRoverSchool.github.io/JenkinsQA_06/6486//#testresult/269885356b7f236a","status":"passed","time":{"start":1692273218006,"stop":1692273231300,"duration":13294}},{"uid":"d4cc4bc126c22a09","reportUrl":"https://RedRoverSchool.github.io/JenkinsQA_06/6487//#testresult/d4cc4bc126c22a09","status":"broken","statusDetails":"Expected condition failed: waiting for element to be clickable: By.xpath: //td//a[contains(@href, 'testuser0XQPlgZ/configure')] (tried for 5 second(s) with 500 milliseconds interval)\nBuild info: version: '4.8.3', revision: 'e5e76298c3'\nSystem info: os.name: 'Linux', os.arch: 'amd64', os.version: '5.15.0-1042-azure', java.version: '17.0.8'\nDriver info: org.openqa.selenium.chrome.ChromeDriver\nCapabilities {acceptInsecureCerts: false, browserName: chrome, browserVersion: 115.0.5790.170, chrome: {chromedriverVersion: 114.0.5735.90 (386bc09e8f4f..., userDataDir: /tmp/.com.google.Chrome.aYSFi6}, goog:chromeOptions: {debuggerAddress: localhost:42265}, networkConnectionEnabled: false, pageLoadStrategy: normal, platformName: LINUX, proxy: Proxy(), se:cdp: ws://localhost:42265/devtoo..., se:cdpVersion: 115.0.5790.170, setWindowRect: true, strictFileInteractability: false, timeouts: {implicit: 0, pageLoad: 300000, script: 30000}, unhandledPromptBehavior: dismiss and notify, webauthn:extension:credBlob: true, webauthn:extension:largeBlob: true, webauthn:extension:minPinLength: true, webauthn:extension:prf: true, webauthn:virtualAuthenticators: true}\nSession ID: 7b4c1d6857b364e18cc09cc9dbc27372","time":{"start":1692273565940,"stop":1692273579310,"duration":13370}},{"uid":"e5fa0ea0be5fbc22","reportUrl":"https://RedRoverSchool.github.io/JenkinsQA_06/6484//#testresult/e5fa0ea0be5fbc22","status":"passed","time":{"start":1692271279577,"stop":1692271292873,"duration":13296}},{"uid":"97e38127ff9f53be","reportUrl":"https://RedRoverSchool.github.io/JenkinsQA_06/6482//#testresult/97e38127ff9f53be","status":"passed","time":{"start":1692269117053,"stop":1692269130815,"duration":13762}},{"uid":"8b2b938d6376855f","reportUrl":"https://RedRoverSchool.github.io/JenkinsQA_06/6481//#testresult/8b2b938d6376855f","status":"broken","statusDetails":"Expected condition failed: waiting for element to be clickable: By.xpath: //td//a[contains(@href, 'testuserNfjrLGd/configure')] (tried for 5 second(s) with 500 milliseconds interval)\nBuild info: version: '4.8.3', revision: 'e5e76298c3'\nSystem info: os.name: 'Linux', os.arch: 'amd64', os.version: '5.15.0-1041-azure', java.version: '17.0.8'\nDriver info: org.openqa.selenium.chrome.ChromeDriver\nCapabilities {acceptInsecureCerts: false, browserName: chrome, browserVersion: 115.0.5790.170, chrome: {chromedriverVersion: 114.0.5735.90 (386bc09e8f4f..., userDataDir: /tmp/.com.google.Chrome.9xvVLB}, goog:chromeOptions: {debuggerAddress: localhost:39467}, networkConnectionEnabled: false, pageLoadStrategy: normal, platformName: LINUX, proxy: Proxy(), se:cdp: ws://localhost:39467/devtoo..., se:cdpVersion: 115.0.5790.170, setWindowRect: true, strictFileInteractability: false, timeouts: {implicit: 0, pageLoad: 300000, script: 30000}, unhandledPromptBehavior: dismiss and notify, webauthn:extension:credBlob: true, webauthn:extension:largeBlob: true, webauthn:extension:minPinLength: true, webauthn:extension:prf: true, webauthn:virtualAuthenticators: true}\nSession ID: adf07c68d87c1cb2a61e4c1a3f2f885b","time":{"start":1692265678430,"stop":1692265691251,"duration":12821}},{"uid":"c0c2f39722231f5e","reportUrl":"https://RedRoverSchool.github.io/JenkinsQA_06/6480//#testresult/c0c2f39722231f5e","status":"passed","time":{"start":1692264922962,"stop":1692264935505,"duration":12543}},{"uid":"8cee2ae7e01771d3","reportUrl":"https://RedRoverSchool.github.io/JenkinsQA_06/6479//#testresult/8cee2ae7e01771d3","status":"broken","statusDetails":"Expected condition failed: waiting for element to be clickable: By.xpath: //td//a[contains(@href, 'testuserUfKNw1c/configure')] (tried for 5 second(s) with 500 milliseconds interval)\nBuild info: version: '4.8.3', revision: 'e5e76298c3'\nSystem info: os.name: 'Linux', os.arch: 'amd64', os.version: '5.15.0-1042-azure', java.version: '17.0.8'\nDriver info: org.openqa.selenium.chrome.ChromeDriver\nCapabilities {acceptInsecureCerts: false, browserName: chrome, browserVersion: 115.0.5790.170, chrome: {chromedriverVersion: 114.0.5735.90 (386bc09e8f4f..., userDataDir: /tmp/.com.google.Chrome.pwTPeZ}, goog:chromeOptions: {debuggerAddress: localhost:41317}, networkConnectionEnabled: false, pageLoadStrategy: normal, platformName: LINUX, proxy: Proxy(), se:cdp: ws://localhost:41317/devtoo..., se:cdpVersion: 115.0.5790.170, setWindowRect: true, strictFileInteractability: false, timeouts: {implicit: 0, pageLoad: 300000, script: 30000}, unhandledPromptBehavior: dismiss and notify, webauthn:extension:credBlob: true, webauthn:extension:largeBlob: true, webauthn:extension:minPinLength: true, webauthn:extension:prf: true, webauthn:virtualAuthenticators: true}\nSession ID: a9091bd9f2ffc035d75ce255e5aecdb4","time":{"start":1692260895727,"stop":1692260907682,"duration":11955}},{"uid":"157c4affe7b1a188","reportUrl":"https://RedRoverSchool.github.io/JenkinsQA_06/6478//#testresult/157c4affe7b1a188","status":"skipped","statusDetails":"Cannot invoke \"school.redrover.JenkinsInstance.setBusy(boolean)\" because \"this.instance\" is null","time":{"start":1692258815882,"stop":1692258815882,"duration":0}},{"uid":"d1239d11f6e52038","reportUrl":"https://RedRoverSchool.github.io/JenkinsQA_06/6477//#testresult/d1239d11f6e52038","status":"skipped","statusDetails":"Cannot invoke \"school.redrover.JenkinsInstance.setBusy(boolean)\" because \"this.instance\" is null","time":{"start":1692257711493,"stop":1692257711493,"duration":0}},{"uid":"aaa5447b44401ba4","reportUrl":"https://RedRoverSchool.github.io/JenkinsQA_06/6476//#testresult/aaa5447b44401ba4","status":"skipped","statusDetails":"\nCan inject only one of <ITestContext, XmlTest> into a @BeforeClass annotated beforeClass.\nFor more information on native dependency injection please refer to https://testng.org/doc/documentation-main.html#native-dependency-injection","time":{"start":1692256995650,"stop":1692256995650,"duration":0}},{"uid":"6e8b88f21a02702e","reportUrl":"https://RedRoverSchool.github.io/JenkinsQA_06/6475//#testresult/6e8b88f21a02702e","status":"skipped","statusDetails":"java.lang.NullPointerException: Cannot invoke \"school.redrover.JenkinsInstance.setBusy(boolean)\" because \"this.instance\" is null","time":{"start":1692255982179,"stop":1692255982179,"duration":0}},{"uid":"8b141d160e04e50","reportUrl":"https://RedRoverSchool.github.io/JenkinsQA_06/6474//#testresult/8b141d160e04e50","status":"passed","time":{"start":1692248668752,"stop":1692248681241,"duration":12489}},{"uid":"d0575555669374e0","reportUrl":"https://RedRoverSchool.github.io/JenkinsQA_06/6473//#testresult/d0575555669374e0","status":"broken","statusDetails":"Expected condition failed: waiting for element to be clickable: By.xpath: //td//a[contains(@href, 'testuser4LXFmdM/configure')] (tried for 5 second(s) with 500 milliseconds interval)\nBuild info: version: '4.8.3', revision: 'e5e76298c3'\nSystem info: os.name: 'Linux', os.arch: 'amd64', os.version: '5.15.0-1041-azure', java.version: '17.0.8'\nDriver info: org.openqa.selenium.chrome.ChromeDriver\nCapabilities {acceptInsecureCerts: false, browserName: chrome, browserVersion: 115.0.5790.170, chrome: {chromedriverVersion: 114.0.5735.90 (386bc09e8f4f..., userDataDir: /tmp/.com.google.Chrome.2oHjgS}, goog:chromeOptions: {debuggerAddress: localhost:39363}, networkConnectionEnabled: false, pageLoadStrategy: normal, platformName: LINUX, proxy: Proxy(), se:cdp: ws://localhost:39363/devtoo..., se:cdpVersion: 115.0.5790.170, setWindowRect: true, strictFileInteractability: false, timeouts: {implicit: 0, pageLoad: 300000, script: 30000}, unhandledPromptBehavior: dismiss and notify, webauthn:extension:credBlob: true, webauthn:extension:largeBlob: true, webauthn:extension:minPinLength: true, webauthn:extension:prf: true, webauthn:virtualAuthenticators: true}\nSession ID: 736a4ace49cb6eb4389e3cfafc2fc384","time":{"start":1692224826243,"stop":1692224839880,"duration":13637}}]},"tags":[]},"source":"3b8855a0c4061db1.json","parameterValues":[]}