{"uid":"14f3187650ca698f","name":"testMoveJobToFolderFromDropDownMenu","fullName":"school.redrover.FolderTest.testMoveJobToFolderFromDropDownMenu","historyId":"a39c02084bb827ef6c8f51a5a797467f","time":{"start":1693824975127,"stop":1693824975127,"duration":0},"description":"Verify that created Projects can be moved to Folder from drop-down menu on the Main page","descriptionHtml":"<p>Verify that created Projects can be moved to Folder from drop-down menu on the Main page</p>\n","status":"skipped","statusMessage":"TypeError: document.body is null\nBuild info: version: '4.11.0', revision: '040bc5406b'\nSystem info: os.name: 'Linux', os.arch: 'amd64', os.version: '5.15.0-1041-azure', java.version: '17.0.8.1'\nDriver info: org.openqa.selenium.firefox.FirefoxDriver\nCommand: [872fae11-f95c-4559-bf9a-c654d851cf33, executeScript {script=return document.body.innerHTML;, args=[]}]\nCapabilities {acceptInsecureCerts: true, browserName: firefox, browserVersion: 116.0.3, moz:accessibilityChecks: false, moz:buildID: 20230815173142, moz:debuggerAddress: 127.0.0.1:5079, moz:geckodriverVersion: 0.33.0, moz:headless: true, moz:platformVersion: 5.15.0-1041-azure, moz:processID: 268577, moz:profile: /tmp/rust_mozprofileyMZD54, moz:shutdownTimeout: 60000, moz:webdriverClick: true, moz:windowless: false, pageLoadStrategy: normal, platformName: linux, proxy: Proxy(), se:cdp: ws://127.0.0.1:5079/devtool..., se:cdpVersion: 85.0, setWindowRect: true, strictFileInteractability: false, timeouts: {implicit: 0, pageLoad: 300000, script: 30000}, unhandledPromptBehavior: dismiss and notify}\nSession ID: 872fae11-f95c-4559-bf9a-c654d851cf33","statusTrace":"org.openqa.selenium.JavascriptException: TypeError: document.body is null\nBuild info: version: '4.11.0', revision: '040bc5406b'\nSystem info: os.name: 'Linux', os.arch: 'amd64', os.version: '5.15.0-1041-azure', java.version: '17.0.8.1'\nDriver info: org.openqa.selenium.firefox.FirefoxDriver\nCommand: [872fae11-f95c-4559-bf9a-c654d851cf33, executeScript {script=return document.body.innerHTML;, args=[]}]\nCapabilities {acceptInsecureCerts: true, browserName: firefox, browserVersion: 116.0.3, moz:accessibilityChecks: false, moz:buildID: 20230815173142, moz:debuggerAddress: 127.0.0.1:5079, moz:geckodriverVersion: 0.33.0, moz:headless: true, moz:platformVersion: 5.15.0-1041-azure, moz:processID: 268577, moz:profile: /tmp/rust_mozprofileyMZD54, moz:shutdownTimeout: 60000, moz:webdriverClick: true, moz:windowless: false, pageLoadStrategy: normal, platformName: linux, proxy: Proxy(), se:cdp: ws://127.0.0.1:5079/devtool..., se:cdpVersion: 85.0, setWindowRect: true, strictFileInteractability: false, timeouts: {implicit: 0, pageLoad: 300000, script: 30000}, unhandledPromptBehavior: dismiss and notify}\nSession ID: 872fae11-f95c-4559-bf9a-c654d851cf33\n\tat java.base/jdk.internal.reflect.NativeConstructorAccessorImpl.newInstance0(Native Method)\n\tat java.base/jdk.internal.reflect.NativeConstructorAccessorImpl.newInstance(NativeConstructorAccessorImpl.java:77)\n\tat java.base/jdk.internal.reflect.DelegatingConstructorAccessorImpl.newInstance(DelegatingConstructorAccessorImpl.java:45)\n\tat java.base/java.lang.reflect.Constructor.newInstanceWithCaller(Constructor.java:499)\n\tat java.base/java.lang.reflect.Constructor.newInstance(Constructor.java:480)\n\tat org.openqa.selenium.remote.codec.w3c.W3CHttpResponseCodec.createException(W3CHttpResponseCodec.java:200)\n\tat org.openqa.selenium.remote.codec.w3c.W3CHttpResponseCodec.decode(W3CHttpResponseCodec.java:133)\n\tat org.openqa.selenium.remote.codec.w3c.W3CHttpResponseCodec.decode(W3CHttpResponseCodec.java:52)\n\tat org.openqa.selenium.remote.HttpCommandExecutor.execute(HttpCommandExecutor.java:191)\n\tat org.openqa.selenium.remote.service.DriverCommandExecutor.invokeExecute(DriverCommandExecutor.java:196)\n\tat org.openqa.selenium.remote.service.DriverCommandExecutor.execute(DriverCommandExecutor.java:171)\n\tat org.openqa.selenium.remote.RemoteWebDriver.execute(RemoteWebDriver.java:518)\n\tat org.openqa.selenium.remote.RemoteWebDriver.executeScript(RemoteWebDriver.java:463)\n\tat school.redrover.runner.ProjectUtils.captureDOM(ProjectUtils.java:133)\n\tat school.redrover.runner.BaseTest.afterMethod(BaseTest.java:115)\n\tat jdk.internal.reflect.GeneratedMethodAccessor68.invoke(Unknown Source)\n\tat java.base/jdk.internal.reflect.DelegatingMethodAccessorImpl.invoke(DelegatingMethodAccessorImpl.java:43)\n\tat java.base/java.lang.reflect.Method.invoke(Method.java:568)\n\tat org.testng.internal.invokers.MethodInvocationHelper.invokeMethod(MethodInvocationHelper.java:139)\n\tat org.testng.internal.invokers.MethodInvocationHelper.invokeMethodConsideringTimeout(MethodInvocationHelper.java:69)\n\tat org.testng.internal.invokers.ConfigInvoker.invokeConfigurationMethod(ConfigInvoker.java:361)\n\tat org.testng.internal.invokers.ConfigInvoker.invokeConfigurations(ConfigInvoker.java:296)\n\tat org.testng.internal.invokers.TestInvoker.runConfigMethods(TestInvoker.java:823)\n\tat org.testng.internal.invokers.TestInvoker.runAfterConfigurations(TestInvoker.java:792)\n\tat org.testng.internal.invokers.TestInvoker.invokeMethod(TestInvoker.java:768)\n\tat org.testng.internal.invokers.TestInvoker.invokeTestMethod(TestInvoker.java:221)\n\tat org.testng.internal.invokers.MethodRunner.runInSequence(MethodRunner.java:50)\n\tat org.testng.internal.invokers.TestInvoker$MethodInvocationAgent.invoke(TestInvoker.java:969)\n\tat org.testng.internal.invokers.TestInvoker.invokeTestMethods(TestInvoker.java:194)\n\tat org.testng.internal.invokers.TestMethodWorker.invokeTestMethods(TestMethodWorker.java:148)\n\tat org.testng.internal.invokers.TestMethodWorker.run(TestMethodWorker.java:128)\n\tat java.base/java.util.ArrayList.forEach(ArrayList.java:1511)\n\tat org.testng.TestRunner.privateRun(TestRunner.java:829)\n\tat org.testng.TestRunner.run(TestRunner.java:602)\n\tat org.testng.SuiteRunner.runTest(SuiteRunner.java:437)\n\tat org.testng.SuiteRunner.runSequentially(SuiteRunner.java:431)\n\tat org.testng.SuiteRunner.privateRun(SuiteRunner.java:391)\n\tat org.testng.SuiteRunner.run(SuiteRunner.java:330)\n\tat org.testng.SuiteRunnerWorker.runSuite(SuiteRunnerWorker.java:52)\n\tat org.testng.SuiteRunnerWorker.run(SuiteRunnerWorker.java:95)\n\tat org.testng.TestNG.runSuitesSequentially(TestNG.java:1256)\n\tat org.testng.TestNG.runSuitesLocally(TestNG.java:1176)\n\tat org.testng.TestNG.runSuites(TestNG.java:1099)\n\tat org.testng.TestNG.run(TestNG.java:1067)\n\tat org.apache.maven.surefire.testng.TestNGExecutor.run(TestNGExecutor.java:283)\n\tat org.apache.maven.surefire.testng.TestNGXmlTestSuite.execute(TestNGXmlTestSuite.java:75)\n\tat org.apache.maven.surefire.testng.TestNGProvider.invoke(TestNGProvider.java:120)\n\tat org.apache.maven.surefire.booter.ForkedBooter.invokeProviderInSameClassLoader(ForkedBooter.java:386)\n\tat org.apache.maven.surefire.booter.ForkedBooter.runSuitesInProcess(ForkedBooter.java:323)\n\tat org.apache.maven.surefire.booter.ForkedBooter.main(ForkedBooter.java:143)\n","flaky":false,"newFailed":false,"newBroken":false,"newPassed":false,"retriesCount":0,"retriesStatusChange":false,"beforeStages":[{"name":"beforeClass","time":{"start":1693824865613,"stop":1693824865613,"duration":0},"description":"","status":"passed","steps":[],"attachments":[],"parameters":[],"shouldDisplayMessage":false,"stepsCount":0,"attachmentsCount":0,"hasContent":false},{"name":"beforeMethod","time":{"start":1693824975126,"stop":1693824975126,"duration":0},"description":"","status":"broken","steps":[],"attachments":[],"parameters":[],"shouldDisplayMessage":false,"stepsCount":0,"attachmentsCount":0,"hasContent":false}],"afterStages":[{"name":"afterMethod","time":{"start":1693824975127,"stop":1693824975127,"duration":0},"description":"","status":"broken","steps":[],"attachments":[],"parameters":[],"shouldDisplayMessage":false,"stepsCount":0,"attachmentsCount":0,"hasContent":false}],"labels":[{"name":"package","value":"school.redrover.FolderTest"},{"name":"testClass","value":"school.redrover.FolderTest"},{"name":"testMethod","value":"testMoveJobToFolderFromDropDownMenu"},{"name":"parentSuite","value":"AllTestsSuite"},{"name":"suite","value":"FirefoxAllTests"},{"name":"subSuite","value":"school.redrover.FolderTest"},{"name":"host","value":"fv-az453-348"},{"name":"thread","value":"2501@fv-az453-348.main(1)"},{"name":"framework","value":"testng"},{"name":"language","value":"java"},{"name":"severity","value":"normal"},{"name":"resultFormat","value":"allure2"}],"parameters":[{"name":"arg0","value":"Pipeline"},{"name":"browserName","value":"firefox"}],"links":[],"hidden":false,"retry":false,"extra":{"severity":"normal","retries":[],"categories":[],"history":{"statistic":{"failed":0,"broken":1,"skipped":8,"passed":0,"unknown":0,"total":9},"items":[{"uid":"bc563ed74d735748","reportUrl":"https://RedRoverSchool.github.io/JenkinsQA_06/6693//#testresult/bc563ed74d735748","status":"broken","statusDetails":"Expected condition failed: waiting for visibility of element located by By.xpath: //a[contains(@href,'job/Pipeline/')]/button (tried for 10 second(s) with 500 milliseconds interval)\nBuild info: version: '4.11.0', revision: '040bc5406b'\nSystem info: os.name: 'Linux', os.arch: 'amd64', os.version: '5.15.0-1041-azure', java.version: '17.0.8.1'\nDriver info: org.openqa.selenium.firefox.FirefoxDriver\nCapabilities {acceptInsecureCerts: true, browserName: firefox, browserVersion: 116.0.3, moz:accessibilityChecks: false, moz:buildID: 20230815173142, moz:debuggerAddress: 127.0.0.1:3159, moz:geckodriverVersion: 0.33.0, moz:headless: true, moz:platformVersion: 5.15.0-1041-azure, moz:processID: 278250, moz:profile: /tmp/rust_mozprofileVgC8fm, moz:shutdownTimeout: 60000, moz:webdriverClick: true, moz:windowless: false, pageLoadStrategy: normal, platformName: linux, proxy: Proxy(), se:cdp: ws://127.0.0.1:3159/devtool..., se:cdpVersion: 85.0, setWindowRect: true, strictFileInteractability: false, timeouts: {implicit: 0, pageLoad: 300000, script: 30000}, unhandledPromptBehavior: dismiss and notify}\nSession ID: 245f1b76-734f-4556-bf61-445ddc1bf5fa","time":{"start":1693788608957,"stop":1693788623422,"duration":14465}},{"uid":"a5ea58e103499184","reportUrl":"https://RedRoverSchool.github.io/JenkinsQA_06/6703//#testresult/a5ea58e103499184","status":"skipped","statusDetails":"java.lang.RuntimeException: Authorization does not work with user: \"admin\" and password: \"5e0aef0b28024018aa59bd5f2cd22fc8\"","time":{"start":1693769729778,"stop":1693769729778,"duration":0}},{"uid":"c87143eec4641cdd","reportUrl":"https://RedRoverSchool.github.io/JenkinsQA_06/6700//#testresult/c87143eec4641cdd","status":"skipped","statusDetails":"java.lang.RuntimeException: Authorization does not work with user: \"admin\" and password: \"5e0aef0b28024018aa59bd5f2cd22fc8\"","time":{"start":1693609262078,"stop":1693609262078,"duration":0}},{"uid":"13f3de1c2bf9a0e0","reportUrl":"https://RedRoverSchool.github.io/JenkinsQA_06/6699//#testresult/13f3de1c2bf9a0e0","status":"skipped","statusDetails":"java.lang.RuntimeException: Authorization does not work with user: \"admin\" and password: \"5e0aef0b28024018aa59bd5f2cd22fc8\"","time":{"start":1693594610519,"stop":1693594610519,"duration":0}},{"uid":"e42b13bc26794c26","reportUrl":"https://RedRoverSchool.github.io/JenkinsQA_06/6698//#testresult/e42b13bc26794c26","status":"skipped","statusDetails":"java.lang.RuntimeException: Authorization does not work with user: \"admin\" and password: \"5e0aef0b28024018aa59bd5f2cd22fc8\"","time":{"start":1693589292297,"stop":1693589292297,"duration":0}},{"uid":"18f4d852be19cc87","reportUrl":"https://RedRoverSchool.github.io/JenkinsQA_06/6697//#testresult/18f4d852be19cc87","status":"skipped","statusDetails":"java.lang.RuntimeException: Authorization does not work with user: \"admin\" and password: \"5e0aef0b28024018aa59bd5f2cd22fc8\"","time":{"start":1693570163218,"stop":1693570163218,"duration":0}},{"uid":"cef98bdd5565a5c1","reportUrl":"https://RedRoverSchool.github.io/JenkinsQA_06/6695//#testresult/cef98bdd5565a5c1","status":"skipped","statusDetails":"java.lang.RuntimeException: Authorization does not work with user: \"admin\" and password: \"5e0aef0b28024018aa59bd5f2cd22fc8\"","time":{"start":1693560349509,"stop":1693560349509,"duration":0}},{"uid":"b12d2887a619560b","reportUrl":"https://RedRoverSchool.github.io/JenkinsQA_06/6694//#testresult/b12d2887a619560b","status":"skipped","statusDetails":"java.lang.RuntimeException: Authorization does not work with user: \"admin\" and password: \"5e0aef0b28024018aa59bd5f2cd22fc8\"","time":{"start":1693558268879,"stop":1693558268879,"duration":0}}]},"tags":[]},"source":"14f3187650ca698f.json","parameterValues":["Pipeline","firefox"]}