{"uid":"6d1a31f55143e87d","name":"testBuildChangesFromDropDown","fullName":"school.redrover.PipelineTest.testBuildChangesFromDropDown","historyId":"24687ca78d7611c90da42234a5043126","time":{"start":1693815298870,"stop":1693815313101,"duration":14231},"status":"broken","statusMessage":"Unable to locate element: //td/a[text()='#1']/button\nFor documentation on this error, please visit: https://www.selenium.dev/documentation/webdriver/troubleshooting/errors#no-such-element-exception\nBuild info: version: '4.11.0', revision: '040bc5406b'\nSystem info: os.name: 'Linux', os.arch: 'amd64', os.version: '5.15.0-1041-azure', java.version: '17.0.8.1'\nDriver info: org.openqa.selenium.firefox.FirefoxDriver\nCommand: [9211a29f-2cc9-4b11-b0df-8398692cd259, findElement {using=xpath, value=//td/a[text()='#1']/button}]\nCapabilities {acceptInsecureCerts: true, browserName: firefox, browserVersion: 116.0.3, moz:accessibilityChecks: false, moz:buildID: 20230815173142, moz:debuggerAddress: 127.0.0.1:11429, moz:geckodriverVersion: 0.33.0, moz:headless: true, moz:platformVersion: 5.15.0-1041-azure, moz:processID: 119184, moz:profile: /tmp/rust_mozprofileI7u6wi, moz:shutdownTimeout: 60000, moz:webdriverClick: true, moz:windowless: false, pageLoadStrategy: normal, platformName: linux, proxy: Proxy(), se:cdp: ws://127.0.0.1:11429/devtoo..., se:cdpVersion: 85.0, setWindowRect: true, strictFileInteractability: false, timeouts: {implicit: 0, pageLoad: 300000, script: 30000}, unhandledPromptBehavior: dismiss and notify}\nSession ID: 9211a29f-2cc9-4b11-b0df-8398692cd259","statusTrace":"org.openqa.selenium.NoSuchElementException: Unable to locate element: //td/a[text()='#1']/button\nFor documentation on this error, please visit: https://www.selenium.dev/documentation/webdriver/troubleshooting/errors#no-such-element-exception\nBuild info: version: '4.11.0', revision: '040bc5406b'\nSystem info: os.name: 'Linux', os.arch: 'amd64', os.version: '5.15.0-1041-azure', java.version: '17.0.8.1'\nDriver info: org.openqa.selenium.firefox.FirefoxDriver\nCommand: [9211a29f-2cc9-4b11-b0df-8398692cd259, findElement {using=xpath, value=//td/a[text()='#1']/button}]\nCapabilities {acceptInsecureCerts: true, browserName: firefox, browserVersion: 116.0.3, moz:accessibilityChecks: false, moz:buildID: 20230815173142, moz:debuggerAddress: 127.0.0.1:11429, moz:geckodriverVersion: 0.33.0, moz:headless: true, moz:platformVersion: 5.15.0-1041-azure, moz:processID: 119184, moz:profile: /tmp/rust_mozprofileI7u6wi, moz:shutdownTimeout: 60000, moz:webdriverClick: true, moz:windowless: false, pageLoadStrategy: normal, platformName: linux, proxy: Proxy(), se:cdp: ws://127.0.0.1:11429/devtoo..., se:cdpVersion: 85.0, setWindowRect: true, strictFileInteractability: false, timeouts: {implicit: 0, pageLoad: 300000, script: 30000}, unhandledPromptBehavior: dismiss and notify}\nSession ID: 9211a29f-2cc9-4b11-b0df-8398692cd259\n\tat jdk.internal.reflect.GeneratedConstructorAccessor48.newInstance(Unknown Source)\n\tat java.base/jdk.internal.reflect.DelegatingConstructorAccessorImpl.newInstance(DelegatingConstructorAccessorImpl.java:45)\n\tat java.base/java.lang.reflect.Constructor.newInstanceWithCaller(Constructor.java:499)\n\tat java.base/java.lang.reflect.Constructor.newInstance(Constructor.java:480)\n\tat org.openqa.selenium.remote.codec.w3c.W3CHttpResponseCodec.createException(W3CHttpResponseCodec.java:200)\n\tat org.openqa.selenium.remote.codec.w3c.W3CHttpResponseCodec.decode(W3CHttpResponseCodec.java:133)\n\tat org.openqa.selenium.remote.codec.w3c.W3CHttpResponseCodec.decode(W3CHttpResponseCodec.java:52)\n\tat org.openqa.selenium.remote.HttpCommandExecutor.execute(HttpCommandExecutor.java:191)\n\tat org.openqa.selenium.remote.service.DriverCommandExecutor.invokeExecute(DriverCommandExecutor.java:196)\n\tat org.openqa.selenium.remote.service.DriverCommandExecutor.execute(DriverCommandExecutor.java:171)\n\tat org.openqa.selenium.remote.RemoteWebDriver.execute(RemoteWebDriver.java:518)\n\tat org.openqa.selenium.remote.ElementLocation$ElementFinder$2.findElement(ElementLocation.java:165)\n\tat org.openqa.selenium.remote.ElementLocation.findElement(ElementLocation.java:59)\n\tat org.openqa.selenium.remote.RemoteWebDriver.findElement(RemoteWebDriver.java:355)\n\tat org.openqa.selenium.remote.RemoteWebDriver.findElement(RemoteWebDriver.java:349)\n\tat school.redrover.model.interfaces.IDashboardTable.openBuildDropDownMenu(IDashboardTable.java:251)\n\tat school.redrover.PipelineTest.testBuildChangesFromDropDown(PipelineTest.java:347)\n\tat java.base/jdk.internal.reflect.NativeMethodAccessorImpl.invoke0(Native Method)\n\tat java.base/jdk.internal.reflect.NativeMethodAccessorImpl.invoke(NativeMethodAccessorImpl.java:77)\n\tat java.base/jdk.internal.reflect.DelegatingMethodAccessorImpl.invoke(DelegatingMethodAccessorImpl.java:43)\n\tat java.base/java.lang.reflect.Method.invoke(Method.java:568)\n\tat org.testng.internal.invokers.MethodInvocationHelper.invokeMethod(MethodInvocationHelper.java:139)\n\tat org.testng.internal.invokers.TestInvoker.invokeMethod(TestInvoker.java:677)\n\tat org.testng.internal.invokers.TestInvoker.invokeTestMethod(TestInvoker.java:221)\n\tat org.testng.internal.invokers.MethodRunner.runInSequence(MethodRunner.java:50)\n\tat org.testng.internal.invokers.TestInvoker$MethodInvocationAgent.invoke(TestInvoker.java:969)\n\tat org.testng.internal.invokers.TestInvoker.invokeTestMethods(TestInvoker.java:194)\n\tat org.testng.internal.invokers.TestMethodWorker.invokeTestMethods(TestMethodWorker.java:148)\n\tat org.testng.internal.invokers.TestMethodWorker.run(TestMethodWorker.java:128)\n\tat java.base/java.util.ArrayList.forEach(ArrayList.java:1511)\n\tat org.testng.TestRunner.privateRun(TestRunner.java:829)\n\tat org.testng.TestRunner.run(TestRunner.java:602)\n\tat org.testng.SuiteRunner.runTest(SuiteRunner.java:437)\n\tat org.testng.SuiteRunner.runSequentially(SuiteRunner.java:431)\n\tat org.testng.SuiteRunner.privateRun(SuiteRunner.java:391)\n\tat org.testng.SuiteRunner.run(SuiteRunner.java:330)\n\tat org.testng.SuiteRunnerWorker.runSuite(SuiteRunnerWorker.java:52)\n\tat org.testng.SuiteRunnerWorker.run(SuiteRunnerWorker.java:95)\n\tat org.testng.TestNG.runSuitesSequentially(TestNG.java:1256)\n\tat org.testng.TestNG.runSuitesLocally(TestNG.java:1176)\n\tat org.testng.TestNG.runSuites(TestNG.java:1099)\n\tat org.testng.TestNG.run(TestNG.java:1067)\n\tat org.apache.maven.surefire.testng.TestNGExecutor.run(TestNGExecutor.java:283)\n\tat org.apache.maven.surefire.testng.TestNGXmlTestSuite.execute(TestNGXmlTestSuite.java:75)\n\tat org.apache.maven.surefire.testng.TestNGProvider.invoke(TestNGProvider.java:120)\n\tat org.apache.maven.surefire.booter.ForkedBooter.invokeProviderInSameClassLoader(ForkedBooter.java:386)\n\tat org.apache.maven.surefire.booter.ForkedBooter.runSuitesInProcess(ForkedBooter.java:323)\n\tat org.apache.maven.surefire.booter.ForkedBooter.main(ForkedBooter.java:143)\n","flaky":false,"newFailed":false,"newBroken":false,"newPassed":false,"retriesCount":0,"retriesStatusChange":false,"beforeStages":[{"name":"beforeClass","time":{"start":1693815159455,"stop":1693815159456,"duration":1},"description":"","status":"passed","steps":[],"attachments":[],"parameters":[],"shouldDisplayMessage":false,"stepsCount":0,"attachmentsCount":0,"hasContent":false},{"name":"beforeMethod","time":{"start":1693815294633,"stop":1693815298869,"duration":4236},"description":"","status":"passed","steps":[],"attachments":[],"parameters":[],"shouldDisplayMessage":false,"stepsCount":0,"attachmentsCount":0,"hasContent":false}],"testStage":{"status":"broken","statusMessage":"Unable to locate element: //td/a[text()='#1']/button\nFor documentation on this error, please visit: https://www.selenium.dev/documentation/webdriver/troubleshooting/errors#no-such-element-exception\nBuild info: version: '4.11.0', revision: '040bc5406b'\nSystem info: os.name: 'Linux', os.arch: 'amd64', os.version: '5.15.0-1041-azure', java.version: '17.0.8.1'\nDriver info: org.openqa.selenium.firefox.FirefoxDriver\nCommand: [9211a29f-2cc9-4b11-b0df-8398692cd259, findElement {using=xpath, value=//td/a[text()='#1']/button}]\nCapabilities {acceptInsecureCerts: true, browserName: firefox, browserVersion: 116.0.3, moz:accessibilityChecks: false, moz:buildID: 20230815173142, moz:debuggerAddress: 127.0.0.1:11429, moz:geckodriverVersion: 0.33.0, moz:headless: true, moz:platformVersion: 5.15.0-1041-azure, moz:processID: 119184, moz:profile: /tmp/rust_mozprofileI7u6wi, moz:shutdownTimeout: 60000, moz:webdriverClick: true, moz:windowless: false, pageLoadStrategy: normal, platformName: linux, proxy: Proxy(), se:cdp: ws://127.0.0.1:11429/devtoo..., se:cdpVersion: 85.0, setWindowRect: true, strictFileInteractability: false, timeouts: {implicit: 0, pageLoad: 300000, script: 30000}, unhandledPromptBehavior: dismiss and notify}\nSession ID: 9211a29f-2cc9-4b11-b0df-8398692cd259","statusTrace":"org.openqa.selenium.NoSuchElementException: Unable to locate element: //td/a[text()='#1']/button\nFor documentation on this error, please visit: https://www.selenium.dev/documentation/webdriver/troubleshooting/errors#no-such-element-exception\nBuild info: version: '4.11.0', revision: '040bc5406b'\nSystem info: os.name: 'Linux', os.arch: 'amd64', os.version: '5.15.0-1041-azure', java.version: '17.0.8.1'\nDriver info: org.openqa.selenium.firefox.FirefoxDriver\nCommand: [9211a29f-2cc9-4b11-b0df-8398692cd259, findElement {using=xpath, value=//td/a[text()='#1']/button}]\nCapabilities {acceptInsecureCerts: true, browserName: firefox, browserVersion: 116.0.3, moz:accessibilityChecks: false, moz:buildID: 20230815173142, moz:debuggerAddress: 127.0.0.1:11429, moz:geckodriverVersion: 0.33.0, moz:headless: true, moz:platformVersion: 5.15.0-1041-azure, moz:processID: 119184, moz:profile: /tmp/rust_mozprofileI7u6wi, moz:shutdownTimeout: 60000, moz:webdriverClick: true, moz:windowless: false, pageLoadStrategy: normal, platformName: linux, proxy: Proxy(), se:cdp: ws://127.0.0.1:11429/devtoo..., se:cdpVersion: 85.0, setWindowRect: true, strictFileInteractability: false, timeouts: {implicit: 0, pageLoad: 300000, script: 30000}, unhandledPromptBehavior: dismiss and notify}\nSession ID: 9211a29f-2cc9-4b11-b0df-8398692cd259\n\tat jdk.internal.reflect.GeneratedConstructorAccessor48.newInstance(Unknown Source)\n\tat java.base/jdk.internal.reflect.DelegatingConstructorAccessorImpl.newInstance(DelegatingConstructorAccessorImpl.java:45)\n\tat java.base/java.lang.reflect.Constructor.newInstanceWithCaller(Constructor.java:499)\n\tat java.base/java.lang.reflect.Constructor.newInstance(Constructor.java:480)\n\tat org.openqa.selenium.remote.codec.w3c.W3CHttpResponseCodec.createException(W3CHttpResponseCodec.java:200)\n\tat org.openqa.selenium.remote.codec.w3c.W3CHttpResponseCodec.decode(W3CHttpResponseCodec.java:133)\n\tat org.openqa.selenium.remote.codec.w3c.W3CHttpResponseCodec.decode(W3CHttpResponseCodec.java:52)\n\tat org.openqa.selenium.remote.HttpCommandExecutor.execute(HttpCommandExecutor.java:191)\n\tat org.openqa.selenium.remote.service.DriverCommandExecutor.invokeExecute(DriverCommandExecutor.java:196)\n\tat org.openqa.selenium.remote.service.DriverCommandExecutor.execute(DriverCommandExecutor.java:171)\n\tat org.openqa.selenium.remote.RemoteWebDriver.execute(RemoteWebDriver.java:518)\n\tat org.openqa.selenium.remote.ElementLocation$ElementFinder$2.findElement(ElementLocation.java:165)\n\tat org.openqa.selenium.remote.ElementLocation.findElement(ElementLocation.java:59)\n\tat org.openqa.selenium.remote.RemoteWebDriver.findElement(RemoteWebDriver.java:355)\n\tat org.openqa.selenium.remote.RemoteWebDriver.findElement(RemoteWebDriver.java:349)\n\tat school.redrover.model.interfaces.IDashboardTable.openBuildDropDownMenu(IDashboardTable.java:251)\n\tat school.redrover.PipelineTest.testBuildChangesFromDropDown(PipelineTest.java:347)\n\tat java.base/jdk.internal.reflect.NativeMethodAccessorImpl.invoke0(Native Method)\n\tat java.base/jdk.internal.reflect.NativeMethodAccessorImpl.invoke(NativeMethodAccessorImpl.java:77)\n\tat java.base/jdk.internal.reflect.DelegatingMethodAccessorImpl.invoke(DelegatingMethodAccessorImpl.java:43)\n\tat java.base/java.lang.reflect.Method.invoke(Method.java:568)\n\tat org.testng.internal.invokers.MethodInvocationHelper.invokeMethod(MethodInvocationHelper.java:139)\n\tat org.testng.internal.invokers.TestInvoker.invokeMethod(TestInvoker.java:677)\n\tat org.testng.internal.invokers.TestInvoker.invokeTestMethod(TestInvoker.java:221)\n\tat org.testng.internal.invokers.MethodRunner.runInSequence(MethodRunner.java:50)\n\tat org.testng.internal.invokers.TestInvoker$MethodInvocationAgent.invoke(TestInvoker.java:969)\n\tat org.testng.internal.invokers.TestInvoker.invokeTestMethods(TestInvoker.java:194)\n\tat org.testng.internal.invokers.TestMethodWorker.invokeTestMethods(TestMethodWorker.java:148)\n\tat org.testng.internal.invokers.TestMethodWorker.run(TestMethodWorker.java:128)\n\tat java.base/java.util.ArrayList.forEach(ArrayList.java:1511)\n\tat org.testng.TestRunner.privateRun(TestRunner.java:829)\n\tat org.testng.TestRunner.run(TestRunner.java:602)\n\tat org.testng.SuiteRunner.runTest(SuiteRunner.java:437)\n\tat org.testng.SuiteRunner.runSequentially(SuiteRunner.java:431)\n\tat org.testng.SuiteRunner.privateRun(SuiteRunner.java:391)\n\tat org.testng.SuiteRunner.run(SuiteRunner.java:330)\n\tat org.testng.SuiteRunnerWorker.runSuite(SuiteRunnerWorker.java:52)\n\tat org.testng.SuiteRunnerWorker.run(SuiteRunnerWorker.java:95)\n\tat org.testng.TestNG.runSuitesSequentially(TestNG.java:1256)\n\tat org.testng.TestNG.runSuitesLocally(TestNG.java:1176)\n\tat org.testng.TestNG.runSuites(TestNG.java:1099)\n\tat org.testng.TestNG.run(TestNG.java:1067)\n\tat org.apache.maven.surefire.testng.TestNGExecutor.run(TestNGExecutor.java:283)\n\tat org.apache.maven.surefire.testng.TestNGXmlTestSuite.execute(TestNGXmlTestSuite.java:75)\n\tat org.apache.maven.surefire.testng.TestNGProvider.invoke(TestNGProvider.java:120)\n\tat org.apache.maven.surefire.booter.ForkedBooter.invokeProviderInSameClassLoader(ForkedBooter.java:386)\n\tat org.apache.maven.surefire.booter.ForkedBooter.runSuitesInProcess(ForkedBooter.java:323)\n\tat org.apache.maven.surefire.booter.ForkedBooter.main(ForkedBooter.java:143)\n","steps":[{"name":"Click on 'New Item' on the side menu","time":{"start":1693815298871,"stop":1693815299316,"duration":445},"status":"passed","steps":[],"attachments":[],"parameters":[],"shouldDisplayMessage":false,"stepsCount":0,"attachmentsCount":0,"hasContent":false},{"name":"Input the New Item name","time":{"start":1693815299316,"stop":1693815300002,"duration":686},"status":"passed","steps":[],"attachments":[],"parameters":[{"name":"jobName","value":"PIPELINE_NAME"}],"shouldDisplayMessage":false,"stepsCount":0,"attachmentsCount":0,"hasContent":true},{"name":"Select Job Type on NewJobPage","time":{"start":1693815300003,"stop":1693815300235,"duration":232},"status":"passed","steps":[],"attachments":[],"parameters":[{"name":"jobType","value":"Pipeline"}],"shouldDisplayMessage":false,"stepsCount":0,"attachmentsCount":0,"hasContent":true},{"name":"Click 'OK' button","time":{"start":1693815300235,"stop":1693815300872,"duration":637},"status":"passed","steps":[],"attachments":[],"parameters":[{"name":"jobConfigPage","value":"school.redrover.model.jobsConfig.PipelineConfigPage@10de66dc"}],"shouldDisplayMessage":false,"stepsCount":0,"attachmentsCount":0,"hasContent":true},{"name":"Click 'Save' button on the BaseConfigPage page","time":{"start":1693815300872,"stop":1693815301549,"duration":677},"status":"passed","steps":[],"attachments":[],"parameters":[],"shouldDisplayMessage":false,"stepsCount":0,"attachmentsCount":0,"hasContent":false},{"name":"Get Header","time":{"start":1693815301550,"stop":1693815301550,"duration":0},"status":"passed","steps":[],"attachments":[],"parameters":[],"shouldDisplayMessage":false,"stepsCount":0,"attachmentsCount":0,"hasContent":false},{"name":"Click 'Logo' button and move to main page","time":{"start":1693815301550,"stop":1693815301926,"duration":376},"status":"passed","steps":[],"attachments":[],"parameters":[],"shouldDisplayMessage":false,"stepsCount":0,"attachmentsCount":0,"hasContent":false},{"name":"Get Header","time":{"start":1693815302682,"stop":1693815302682,"duration":0},"status":"passed","steps":[],"attachments":[],"parameters":[],"shouldDisplayMessage":false,"stepsCount":0,"attachmentsCount":0,"hasContent":false},{"name":"Click 'Logo' button and move to main page","time":{"start":1693815302682,"stop":1693815303080,"duration":398},"status":"passed","steps":[],"attachments":[],"parameters":[],"shouldDisplayMessage":false,"stepsCount":0,"attachmentsCount":0,"hasContent":false}],"attachments":[],"parameters":[],"shouldDisplayMessage":true,"stepsCount":9,"attachmentsCount":0,"hasContent":true},"afterStages":[{"name":"afterMethod","time":{"start":1693815313102,"stop":1693815314757,"duration":1655},"description":"","status":"passed","steps":[],"attachments":[{"uid":"308b72144893513","name":"Page state: ","source":"308b72144893513.png","type":"image/png","size":79943}],"parameters":[],"shouldDisplayMessage":false,"stepsCount":0,"attachmentsCount":1,"hasContent":true}],"labels":[{"name":"package","value":"school.redrover.PipelineTest"},{"name":"testClass","value":"school.redrover.PipelineTest"},{"name":"testMethod","value":"testBuildChangesFromDropDown"},{"name":"parentSuite","value":"AllTestsSuite"},{"name":"suite","value":"FirefoxAllTests"},{"name":"subSuite","value":"school.redrover.PipelineTest"},{"name":"host","value":"fv-az453-348"},{"name":"thread","value":"2501@fv-az453-348.main(1)"},{"name":"framework","value":"testng"},{"name":"language","value":"java"},{"name":"feature","value":"Function"},{"name":"severity","value":"normal"},{"name":"resultFormat","value":"allure2"}],"parameters":[{"name":"browserName","value":"firefox"}],"links":[],"hidden":false,"retry":false,"extra":{"severity":"normal","retries":[],"categories":[{"name":"Test defects","matchedStatuses":[],"flaky":false}],"history":{"statistic":{"failed":0,"broken":2,"skipped":7,"passed":0,"unknown":0,"total":9},"items":[{"uid":"6ae69a9dad868262","reportUrl":"https://RedRoverSchool.github.io/JenkinsQA_06/6693//#testresult/6ae69a9dad868262","status":"broken","statusDetails":"Unable to locate element: //td/a[text()='#1']/button\nFor documentation on this error, please visit: https://www.selenium.dev/documentation/webdriver/troubleshooting/errors#no-such-element-exception\nBuild info: version: '4.11.0', revision: '040bc5406b'\nSystem info: os.name: 'Linux', os.arch: 'amd64', os.version: '5.15.0-1041-azure', java.version: '17.0.8.1'\nDriver info: org.openqa.selenium.firefox.FirefoxDriver\nCommand: [94615b21-fc30-4ac4-bfba-4f1123ebda6f, findElement {using=xpath, value=//td/a[text()='#1']/button}]\nCapabilities {acceptInsecureCerts: true, browserName: firefox, browserVersion: 116.0.3, moz:accessibilityChecks: false, moz:buildID: 20230815173142, moz:debuggerAddress: 127.0.0.1:13156, moz:geckodriverVersion: 0.33.0, moz:headless: true, moz:platformVersion: 5.15.0-1041-azure, moz:processID: 123382, moz:profile: /tmp/rust_mozprofileWk14RY, moz:shutdownTimeout: 60000, moz:webdriverClick: true, moz:windowless: false, pageLoadStrategy: normal, platformName: linux, proxy: Proxy(), se:cdp: ws://127.0.0.1:13156/devtoo..., se:cdpVersion: 85.0, setWindowRect: true, strictFileInteractability: false, timeouts: {implicit: 0, pageLoad: 300000, script: 30000}, unhandledPromptBehavior: dismiss and notify}\nSession ID: 94615b21-fc30-4ac4-bfba-4f1123ebda6f","time":{"start":1693779987202,"stop":1693780000611,"duration":13409}},{"uid":"ba752eca2a6fd4c8","reportUrl":"https://RedRoverSchool.github.io/JenkinsQA_06/6703//#testresult/ba752eca2a6fd4c8","status":"skipped","statusDetails":"java.lang.RuntimeException: Authorization does not work with user: \"admin\" and password: \"5e0aef0b28024018aa59bd5f2cd22fc8\"","time":{"start":1693769726919,"stop":1693769726919,"duration":0}},{"uid":"c7598e6b2cdb821","reportUrl":"https://RedRoverSchool.github.io/JenkinsQA_06/6700//#testresult/c7598e6b2cdb821","status":"skipped","statusDetails":"java.lang.RuntimeException: Authorization does not work with user: \"admin\" and password: \"5e0aef0b28024018aa59bd5f2cd22fc8\"","time":{"start":1693609258673,"stop":1693609258673,"duration":0}},{"uid":"4045c5a9bb73952d","reportUrl":"https://RedRoverSchool.github.io/JenkinsQA_06/6699//#testresult/4045c5a9bb73952d","status":"skipped","statusDetails":"java.lang.RuntimeException: Authorization does not work with user: \"admin\" and password: \"5e0aef0b28024018aa59bd5f2cd22fc8\"","time":{"start":1693594607706,"stop":1693594607706,"duration":0}},{"uid":"e39fc1bec233bebb","reportUrl":"https://RedRoverSchool.github.io/JenkinsQA_06/6698//#testresult/e39fc1bec233bebb","status":"skipped","statusDetails":"java.lang.RuntimeException: Authorization does not work with user: \"admin\" and password: \"5e0aef0b28024018aa59bd5f2cd22fc8\"","time":{"start":1693589289218,"stop":1693589289218,"duration":0}},{"uid":"e8c0019d6f98edbd","reportUrl":"https://RedRoverSchool.github.io/JenkinsQA_06/6697//#testresult/e8c0019d6f98edbd","status":"skipped","statusDetails":"java.lang.RuntimeException: Authorization does not work with user: \"admin\" and password: \"5e0aef0b28024018aa59bd5f2cd22fc8\"","time":{"start":1693570160075,"stop":1693570160075,"duration":0}},{"uid":"9a41fffe8659ce6c","reportUrl":"https://RedRoverSchool.github.io/JenkinsQA_06/6695//#testresult/9a41fffe8659ce6c","status":"skipped","statusDetails":"java.lang.RuntimeException: Authorization does not work with user: \"admin\" and password: \"5e0aef0b28024018aa59bd5f2cd22fc8\"","time":{"start":1693560346294,"stop":1693560346294,"duration":0}},{"uid":"e2f683ffea1b98c0","reportUrl":"https://RedRoverSchool.github.io/JenkinsQA_06/6694//#testresult/e2f683ffea1b98c0","status":"skipped","statusDetails":"java.lang.RuntimeException: Authorization does not work with user: \"admin\" and password: \"5e0aef0b28024018aa59bd5f2cd22fc8\"","time":{"start":1693558265764,"stop":1693558265764,"duration":0}}]},"tags":[]},"source":"6d1a31f55143e87d.json","parameterValues":["firefox"]}