{"uid":"27d535bd6878d8a","name":"testLogInWithDeletedUserCredentials","fullName":"school.redrover.UsersTest.testLogInWithDeletedUserCredentials","historyId":"b732a7f1f54bf49f3f5d533679b9515a","time":{"start":1692273644466,"stop":1692273648878,"duration":4412},"description":"Checking the error message display when logging in with a remote user","descriptionHtml":"<p>Checking the error message display when logging in with a remote user</p>\n","status":"passed","flaky":false,"newFailed":false,"newBroken":false,"newPassed":false,"retriesCount":0,"retriesStatusChange":false,"beforeStages":[{"name":"beforeClass","time":{"start":1692273472221,"stop":1692273472221,"duration":0},"description":"","status":"passed","steps":[],"attachments":[],"parameters":[],"stepsCount":0,"attachmentsCount":0,"shouldDisplayMessage":false,"hasContent":false},{"name":"beforeMethod","time":{"start":1692273642881,"stop":1692273644465,"duration":1584},"description":"","status":"passed","steps":[],"attachments":[],"parameters":[],"stepsCount":0,"attachmentsCount":0,"shouldDisplayMessage":false,"hasContent":false}],"testStage":{"description":"Checking the error message display when logging in with a remote user","status":"passed","steps":[{"name":"click 'Manage Jenkins' link from Main page","time":{"start":1692273644466,"stop":1692273644944,"duration":478},"status":"passed","steps":[],"attachments":[],"parameters":[],"stepsCount":0,"attachmentsCount":0,"shouldDisplayMessage":false,"hasContent":false},{"name":"Click Manage Users on ManageJenkins Page","time":{"start":1692273644944,"stop":1692273645211,"duration":267},"status":"passed","steps":[],"attachments":[],"parameters":[],"stepsCount":0,"attachmentsCount":0,"shouldDisplayMessage":false,"hasContent":false},{"name":"Click the 'Create User' button","time":{"start":1692273645211,"stop":1692273645610,"duration":399},"status":"passed","steps":[],"attachments":[],"parameters":[],"stepsCount":0,"attachmentsCount":0,"shouldDisplayMessage":false,"hasContent":false},{"name":"Input 'testuser0XQPlgZ' into 'Username' field","time":{"start":1692273645610,"stop":1692273645800,"duration":190},"status":"passed","steps":[],"attachments":[],"parameters":[{"name":"name","value":"testuser0XQPlgZ"}],"stepsCount":0,"attachmentsCount":0,"shouldDisplayMessage":false,"hasContent":true},{"name":"Input 'p@ssword123' into 'Password' field","time":{"start":1692273645800,"stop":1692273645940,"duration":140},"status":"passed","steps":[],"attachments":[],"parameters":[{"name":"name","value":"p@ssword123"}],"stepsCount":0,"attachmentsCount":0,"shouldDisplayMessage":false,"hasContent":true},{"name":"Input 'p@ssword123' into 'ConfirmPassword' field","time":{"start":1692273645940,"stop":1692273646058,"duration":118},"status":"passed","steps":[],"attachments":[],"parameters":[{"name":"name","value":"p@ssword123"}],"stepsCount":0,"attachmentsCount":0,"shouldDisplayMessage":false,"hasContent":true},{"name":"Input 'Test UserVlm6LMn' into 'Full Name' field","time":{"start":1692273646058,"stop":1692273646172,"duration":114},"status":"passed","steps":[],"attachments":[],"parameters":[{"name":"name","value":"Test UserVlm6LMn"}],"stepsCount":0,"attachmentsCount":0,"shouldDisplayMessage":false,"hasContent":true},{"name":"Input 'test@test.com' into 'Email' field","time":{"start":1692273646172,"stop":1692273646279,"duration":107},"status":"passed","steps":[],"attachments":[],"parameters":[{"name":"name","value":"test@test.com"}],"stepsCount":0,"attachmentsCount":0,"shouldDisplayMessage":false,"hasContent":true},{"name":"Click on CreateUser button","time":{"start":1692273646279,"stop":1692273646492,"duration":213},"status":"passed","steps":[],"attachments":[],"parameters":[],"stepsCount":0,"attachmentsCount":0,"shouldDisplayMessage":false,"hasContent":false},{"name":"Get Header","time":{"start":1692273646492,"stop":1692273646492,"duration":0},"status":"passed","steps":[],"attachments":[],"parameters":[],"stepsCount":0,"attachmentsCount":0,"shouldDisplayMessage":false,"hasContent":false},{"name":"Click 'Logo' button and move to main page","time":{"start":1692273646492,"stop":1692273646956,"duration":464},"status":"passed","steps":[],"attachments":[],"parameters":[],"stepsCount":0,"attachmentsCount":0,"shouldDisplayMessage":false,"hasContent":false},{"name":"click 'Manage Jenkins' link from Main page","time":{"start":1692273646956,"stop":1692273647573,"duration":617},"status":"passed","steps":[],"attachments":[],"parameters":[],"stepsCount":0,"attachmentsCount":0,"shouldDisplayMessage":false,"hasContent":false},{"name":"Click Manage Users on ManageJenkins Page","time":{"start":1692273647574,"stop":1692273647840,"duration":266},"status":"passed","steps":[],"attachments":[],"parameters":[],"stepsCount":0,"attachmentsCount":0,"shouldDisplayMessage":false,"hasContent":false},{"name":"Click 'Delete' button","time":{"start":1692273647840,"stop":1692273647963,"duration":123},"status":"passed","steps":[],"attachments":[],"parameters":[],"stepsCount":0,"attachmentsCount":0,"shouldDisplayMessage":false,"hasContent":false},{"name":"Click on the 'Yes' button on the DeletePage","time":{"start":1692273647963,"stop":1692273648057,"duration":94},"status":"passed","steps":[],"attachments":[],"parameters":[],"stepsCount":0,"attachmentsCount":0,"shouldDisplayMessage":false,"hasContent":false},{"name":"Get Header","time":{"start":1692273648057,"stop":1692273648057,"duration":0},"status":"passed","steps":[],"attachments":[],"parameters":[],"stepsCount":0,"attachmentsCount":0,"shouldDisplayMessage":false,"hasContent":false},{"name":"Click on the 'Log Out' button","time":{"start":1692273648057,"stop":1692273648369,"duration":312},"status":"passed","steps":[],"attachments":[],"parameters":[],"stepsCount":0,"attachmentsCount":0,"shouldDisplayMessage":false,"hasContent":false},{"name":"input user name 'testuser0XQPlgZ' in the input field on Login Page","time":{"start":1692273648370,"stop":1692273648457,"duration":87},"status":"passed","steps":[],"attachments":[],"parameters":[{"name":"userName","value":"testuser0XQPlgZ"}],"stepsCount":0,"attachmentsCount":0,"shouldDisplayMessage":false,"hasContent":true},{"name":"input password 'p@ssword123' in the input field on Login Page","time":{"start":1692273648457,"stop":1692273648552,"duration":95},"status":"passed","steps":[],"attachments":[],"parameters":[{"name":"password","value":"p@ssword123"}],"stepsCount":0,"attachmentsCount":0,"shouldDisplayMessage":false,"hasContent":true},{"name":"Click 'Sign in' button on Login Page","time":{"start":1692273648552,"stop":1692273648779,"duration":227},"status":"passed","steps":[],"attachments":[],"parameters":[{"name":"page","value":"school.redrover.model.LoginPage@7d637928"}],"stepsCount":0,"attachmentsCount":0,"shouldDisplayMessage":false,"hasContent":true},{"name":"Get message 'Incorrect username or password' on Login Page","time":{"start":1692273648779,"stop":1692273648877,"duration":98},"status":"passed","steps":[],"attachments":[],"parameters":[],"stepsCount":0,"attachmentsCount":0,"shouldDisplayMessage":false,"hasContent":false}],"attachments":[],"parameters":[],"stepsCount":21,"attachmentsCount":0,"shouldDisplayMessage":false,"hasContent":true},"afterStages":[{"name":"afterMethod","time":{"start":1692273648878,"stop":1692273659286,"duration":10408},"description":"","status":"passed","steps":[{"name":"Logout from instance http://localhost:8081/","time":{"start":1692273648878,"stop":1692273658991,"duration":10113},"status":"broken","statusMessage":"no such element: Unable to locate element: {\"method\":\"xpath\",\"selector\":\"//a[@href='/logout']\"}\n  (Session info: chrome=115.0.5790.170)\nFor documentation on this error, please visit: https://selenium.dev/exceptions/#no_such_element\nBuild info: version: '4.8.3', revision: 'e5e76298c3'\nSystem info: os.name: 'Linux', os.arch: 'amd64', os.version: '5.15.0-1042-azure', java.version: '17.0.8'\nDriver info: org.openqa.selenium.chrome.ChromeDriver\nCommand: [da74d37e5da64f6372093888791d7af0, findElement {using=xpath, value=//a[@href='/logout']}]\nCapabilities {acceptInsecureCerts: false, browserName: chrome, browserVersion: 115.0.5790.170, chrome: {chromedriverVersion: 114.0.5735.90 (386bc09e8f4f..., userDataDir: /tmp/.com.google.Chrome.Krr6LR}, goog:chromeOptions: {debuggerAddress: localhost:35013}, networkConnectionEnabled: false, pageLoadStrategy: normal, platformName: LINUX, proxy: Proxy(), se:cdp: ws://localhost:35013/devtoo..., se:cdpVersion: 115.0.5790.170, setWindowRect: true, strictFileInteractability: false, timeouts: {implicit: 0, pageLoad: 300000, script: 30000}, unhandledPromptBehavior: dismiss and notify, webauthn:extension:credBlob: true, webauthn:extension:largeBlob: true, webauthn:extension:minPinLength: true, webauthn:extension:prf: true, webauthn:virtualAuthenticators: true}\nSession ID: da74d37e5da64f6372093888791d7af0","statusTrace":"org.openqa.selenium.NoSuchElementException: no such element: Unable to locate element: {\"method\":\"xpath\",\"selector\":\"//a[@href='/logout']\"}\n  (Session info: chrome=115.0.5790.170)\nFor documentation on this error, please visit: https://selenium.dev/exceptions/#no_such_element\nBuild info: version: '4.8.3', revision: 'e5e76298c3'\nSystem info: os.name: 'Linux', os.arch: 'amd64', os.version: '5.15.0-1042-azure', java.version: '17.0.8'\nDriver info: org.openqa.selenium.chrome.ChromeDriver\nCommand: [da74d37e5da64f6372093888791d7af0, findElement {using=xpath, value=//a[@href='/logout']}]\nCapabilities {acceptInsecureCerts: false, browserName: chrome, browserVersion: 115.0.5790.170, chrome: {chromedriverVersion: 114.0.5735.90 (386bc09e8f4f..., userDataDir: /tmp/.com.google.Chrome.Krr6LR}, goog:chromeOptions: {debuggerAddress: localhost:35013}, networkConnectionEnabled: false, pageLoadStrategy: normal, platformName: LINUX, proxy: Proxy(), se:cdp: ws://localhost:35013/devtoo..., se:cdpVersion: 115.0.5790.170, setWindowRect: true, strictFileInteractability: false, timeouts: {implicit: 0, pageLoad: 300000, script: 30000}, unhandledPromptBehavior: dismiss and notify, webauthn:extension:credBlob: true, webauthn:extension:largeBlob: true, webauthn:extension:minPinLength: true, webauthn:extension:prf: true, webauthn:virtualAuthenticators: true}\nSession ID: da74d37e5da64f6372093888791d7af0\n\tat java.base/jdk.internal.reflect.NativeConstructorAccessorImpl.newInstance0(Native Method)\n\tat java.base/jdk.internal.reflect.NativeConstructorAccessorImpl.newInstance(NativeConstructorAccessorImpl.java:77)\n\tat java.base/jdk.internal.reflect.DelegatingConstructorAccessorImpl.newInstance(DelegatingConstructorAccessorImpl.java:45)\n\tat java.base/java.lang.reflect.Constructor.newInstanceWithCaller(Constructor.java:499)\n\tat java.base/java.lang.reflect.Constructor.newInstance(Constructor.java:480)\n\tat org.openqa.selenium.remote.codec.w3c.W3CHttpResponseCodec.createException(W3CHttpResponseCodec.java:200)\n\tat org.openqa.selenium.remote.codec.w3c.W3CHttpResponseCodec.decode(W3CHttpResponseCodec.java:133)\n\tat org.openqa.selenium.remote.codec.w3c.W3CHttpResponseCodec.decode(W3CHttpResponseCodec.java:53)\n\tat org.openqa.selenium.remote.HttpCommandExecutor.execute(HttpCommandExecutor.java:193)\n\tat org.openqa.selenium.remote.service.DriverCommandExecutor.invokeExecute(DriverCommandExecutor.java:183)\n\tat org.openqa.selenium.remote.service.DriverCommandExecutor.execute(DriverCommandExecutor.java:158)\n\tat org.openqa.selenium.remote.RemoteWebDriver.execute(RemoteWebDriver.java:543)\n\tat org.openqa.selenium.remote.ElementLocation$ElementFinder$2.findElement(ElementLocation.java:162)\n\tat org.openqa.selenium.remote.ElementLocation.findElement(ElementLocation.java:60)\n\tat org.openqa.selenium.remote.RemoteWebDriver.findElement(RemoteWebDriver.java:352)\n\tat org.openqa.selenium.remote.RemoteWebDriver.findElement(RemoteWebDriver.java:344)\n\tat school.redrover.runner.JenkinsUtils.logout(JenkinsUtils.java:191)\n\tat school.redrover.runner.BaseTest.stopDriver(BaseTest.java:97)\n\tat school.redrover.runner.BaseTest.afterMethod(BaseTest.java:123)\n\tat jdk.internal.reflect.GeneratedMethodAccessor66.invoke(Unknown Source)\n\tat java.base/jdk.internal.reflect.DelegatingMethodAccessorImpl.invoke(DelegatingMethodAccessorImpl.java:43)\n\tat java.base/java.lang.reflect.Method.invoke(Method.java:568)\n\tat org.testng.internal.invokers.MethodInvocationHelper.invokeMethod(MethodInvocationHelper.java:139)\n\tat org.testng.internal.invokers.MethodInvocationHelper.invokeMethodConsideringTimeout(MethodInvocationHelper.java:69)\n\tat org.testng.internal.invokers.ConfigInvoker.invokeConfigurationMethod(ConfigInvoker.java:361)\n\tat org.testng.internal.invokers.ConfigInvoker.invokeConfigurations(ConfigInvoker.java:296)\n\tat org.testng.internal.invokers.TestInvoker.runConfigMethods(TestInvoker.java:823)\n\tat org.testng.internal.invokers.TestInvoker.runAfterConfigurations(TestInvoker.java:792)\n\tat org.testng.internal.invokers.TestInvoker.invokeMethod(TestInvoker.java:768)\n\tat org.testng.internal.invokers.TestInvoker.invokeTestMethod(TestInvoker.java:221)\n\tat org.testng.internal.invokers.MethodRunner.runInSequence(MethodRunner.java:50)\n\tat org.testng.internal.invokers.TestInvoker$MethodInvocationAgent.invoke(TestInvoker.java:969)\n\tat org.testng.internal.invokers.TestInvoker.invokeTestMethods(TestInvoker.java:194)\n\tat org.testng.internal.invokers.TestMethodWorker.invokeTestMethods(TestMethodWorker.java:148)\n\tat org.testng.internal.invokers.TestMethodWorker.run(TestMethodWorker.java:128)\n\tat java.base/java.util.concurrent.ThreadPoolExecutor.runWorker(ThreadPoolExecutor.java:1136)\n\tat java.base/java.util.concurrent.ThreadPoolExecutor$Worker.run(ThreadPoolExecutor.java:635)\n\tat java.base/java.lang.Thread.run(Thread.java:833)\n","steps":[],"attachments":[],"parameters":[{"name":"driver","value":"ChromeDriver: chrome on LINUX (da74d37e5da64f6372093888791d7af0)"},{"name":"url","value":"http://localhost:8081/"}],"stepsCount":0,"attachmentsCount":0,"shouldDisplayMessage":true,"hasContent":true},{"name":"Clear Data for Jenkins instance http://localhost:8081/","time":{"start":1692273659085,"stop":1692273659286,"duration":201},"status":"passed","steps":[{"name":"Delete Views","time":{"start":1692273659085,"stop":1692273659232,"duration":147},"status":"passed","steps":[],"attachments":[],"parameters":[{"name":"baseUrl","value":"http://localhost:8081/"}],"stepsCount":0,"attachmentsCount":0,"shouldDisplayMessage":false,"hasContent":true},{"name":"Delete Jobs","time":{"start":1692273659232,"stop":1692273659241,"duration":9},"status":"passed","steps":[],"attachments":[],"parameters":[{"name":"baseUrl","value":"http://localhost:8081/"}],"stepsCount":0,"attachmentsCount":0,"shouldDisplayMessage":false,"hasContent":true},{"name":"Delete Users","time":{"start":1692273659241,"stop":1692273659246,"duration":5},"status":"passed","steps":[],"attachments":[],"parameters":[{"name":"baseUrl","value":"http://localhost:8081/"}],"stepsCount":0,"attachmentsCount":0,"shouldDisplayMessage":false,"hasContent":true},{"name":"Delete Nodes","time":{"start":1692273659246,"stop":1692273659260,"duration":14},"status":"passed","steps":[],"attachments":[],"parameters":[{"name":"baseUrl","value":"http://localhost:8081/"}],"stepsCount":0,"attachmentsCount":0,"shouldDisplayMessage":false,"hasContent":true},{"name":"Delete description","time":{"start":1692273659260,"stop":1692273659286,"duration":26},"status":"passed","steps":[],"attachments":[],"parameters":[{"name":"baseUrl","value":"http://localhost:8081/"}],"stepsCount":0,"attachmentsCount":0,"shouldDisplayMessage":false,"hasContent":true}],"attachments":[],"parameters":[{"name":"baseUrl","value":"http://localhost:8081/"}],"stepsCount":5,"attachmentsCount":0,"shouldDisplayMessage":false,"hasContent":true}],"attachments":[],"parameters":[],"stepsCount":7,"attachmentsCount":0,"shouldDisplayMessage":false,"hasContent":true},{"name":"unlockInstance","time":{"start":1692273881761,"stop":1692273881761,"duration":0},"description":"","status":"passed","steps":[],"attachments":[],"parameters":[],"stepsCount":0,"attachmentsCount":0,"shouldDisplayMessage":false,"hasContent":false}],"labels":[{"name":"package","value":"school.redrover.UsersTest"},{"name":"testClass","value":"school.redrover.UsersTest"},{"name":"testMethod","value":"testLogInWithDeletedUserCredentials"},{"name":"parentSuite","value":"AllTestsSuite"},{"name":"suite","value":"AllTests"},{"name":"subSuite","value":"school.redrover.UsersTest"},{"name":"host","value":"fv-az583-264"},{"name":"thread","value":"2837@fv-az583-264.TestNG-test=AllTests-2(18)"},{"name":"framework","value":"testng"},{"name":"language","value":"java"},{"name":"feature","value":"Function"},{"name":"severity","value":"critical"},{"name":"resultFormat","value":"allure2"}],"parameters":[],"links":[],"hidden":false,"retry":false,"extra":{"severity":"critical","retries":[],"categories":[],"history":{"statistic":{"failed":0,"broken":0,"skipped":4,"passed":8,"unknown":0,"total":12},"items":[{"uid":"e8b6f184cdc413dc","reportUrl":"https://RedRoverSchool.github.io/JenkinsQA_06/6484//#testresult/e8b6f184cdc413dc","status":"passed","time":{"start":1692271334851,"stop":1692271338197,"duration":3346}},{"uid":"b89d8b1fac4d1e4c","reportUrl":"https://RedRoverSchool.github.io/JenkinsQA_06/6482//#testresult/b89d8b1fac4d1e4c","status":"passed","time":{"start":1692269174517,"stop":1692269178164,"duration":3647}},{"uid":"21875765cc525ee6","reportUrl":"https://RedRoverSchool.github.io/JenkinsQA_06/6481//#testresult/21875765cc525ee6","status":"passed","time":{"start":1692265752829,"stop":1692265756536,"duration":3707}},{"uid":"19fdcf7cd3fc2c3d","reportUrl":"https://RedRoverSchool.github.io/JenkinsQA_06/6480//#testresult/19fdcf7cd3fc2c3d","status":"passed","time":{"start":1692264973641,"stop":1692264976333,"duration":2692}},{"uid":"f631a529ba87a8d9","reportUrl":"https://RedRoverSchool.github.io/JenkinsQA_06/6479//#testresult/f631a529ba87a8d9","status":"passed","time":{"start":1692260963811,"stop":1692260966081,"duration":2270}},{"uid":"68e96423ceb2d1d3","reportUrl":"https://RedRoverSchool.github.io/JenkinsQA_06/6478//#testresult/68e96423ceb2d1d3","status":"skipped","statusDetails":"Cannot invoke \"school.redrover.JenkinsInstance.setBusy(boolean)\" because \"this.instance\" is null","time":{"start":1692258815897,"stop":1692258815897,"duration":0}},{"uid":"4387ec1bb40d6f55","reportUrl":"https://RedRoverSchool.github.io/JenkinsQA_06/6477//#testresult/4387ec1bb40d6f55","status":"skipped","statusDetails":"Cannot invoke \"school.redrover.JenkinsInstance.setBusy(boolean)\" because \"this.instance\" is null","time":{"start":1692257711509,"stop":1692257711509,"duration":0}},{"uid":"89f4ff8d721d8fe2","reportUrl":"https://RedRoverSchool.github.io/JenkinsQA_06/6476//#testresult/89f4ff8d721d8fe2","status":"skipped","statusDetails":"\nCan inject only one of <ITestContext, XmlTest> into a @BeforeClass annotated beforeClass.\nFor more information on native dependency injection please refer to https://testng.org/doc/documentation-main.html#native-dependency-injection","time":{"start":1692256995673,"stop":1692256995673,"duration":0}},{"uid":"8b59e2a78c04b6db","reportUrl":"https://RedRoverSchool.github.io/JenkinsQA_06/6475//#testresult/8b59e2a78c04b6db","status":"skipped","statusDetails":"java.lang.NullPointerException: Cannot invoke \"school.redrover.JenkinsInstance.setBusy(boolean)\" because \"this.instance\" is null","time":{"start":1692255982234,"stop":1692255982234,"duration":0}},{"uid":"17b02522ce6d221c","reportUrl":"https://RedRoverSchool.github.io/JenkinsQA_06/6474//#testresult/17b02522ce6d221c","status":"passed","time":{"start":1692248719759,"stop":1692248722097,"duration":2338}},{"uid":"a91dbf38ba1c4e56","reportUrl":"https://RedRoverSchool.github.io/JenkinsQA_06/6473//#testresult/a91dbf38ba1c4e56","status":"passed","time":{"start":1692224905927,"stop":1692224910450,"duration":4523}}]},"tags":[]},"source":"27d535bd6878d8a.json","parameterValues":[]}