{"uid":"d71af603a78f4b10","name":"testCreateViewTypes","fullName":"school.redrover.ViewsTest.testCreateViewTypes","historyId":"21a1ef4515dd039651151964cf9fe23b","time":{"start":1692275158462,"stop":1692275158462,"duration":0},"description":"Verification of creating all type of 'View'","descriptionHtml":"<p>Verification of creating all type of 'View'</p>\n","status":"skipped","statusMessage":"Authorization does not work with user: \"admin\" and password: \"5e0aef0b28024018aa59bd5f2cd22fc8\"","statusTrace":"java.lang.RuntimeException: Authorization does not work with user: \"admin\" and password: \"5e0aef0b28024018aa59bd5f2cd22fc8\"\n\tat school.redrover.runner.JenkinsUtils.getPage(JenkinsUtils.java:109)\n\tat school.redrover.runner.JenkinsUtils.deleteUsers(JenkinsUtils.java:147)\n\tat school.redrover.runner.JenkinsUtils.clearData(JenkinsUtils.java:176)\n\tat school.redrover.runner.BaseTest.clearData(BaseTest.java:64)\n\tat school.redrover.runner.BaseTest.afterMethod(BaseTest.java:126)\n\tat jdk.internal.reflect.GeneratedMethodAccessor66.invoke(Unknown Source)\n\tat java.base/jdk.internal.reflect.DelegatingMethodAccessorImpl.invoke(DelegatingMethodAccessorImpl.java:43)\n\tat java.base/java.lang.reflect.Method.invoke(Method.java:568)\n\tat org.testng.internal.invokers.MethodInvocationHelper.invokeMethod(MethodInvocationHelper.java:139)\n\tat org.testng.internal.invokers.MethodInvocationHelper.invokeMethodConsideringTimeout(MethodInvocationHelper.java:69)\n\tat org.testng.internal.invokers.ConfigInvoker.invokeConfigurationMethod(ConfigInvoker.java:361)\n\tat org.testng.internal.invokers.ConfigInvoker.invokeConfigurations(ConfigInvoker.java:296)\n\tat org.testng.internal.invokers.TestInvoker.runConfigMethods(TestInvoker.java:823)\n\tat org.testng.internal.invokers.TestInvoker.runAfterConfigurations(TestInvoker.java:792)\n\tat org.testng.internal.invokers.TestInvoker.invokeMethod(TestInvoker.java:768)\n\tat org.testng.internal.invokers.TestInvoker.invokeTestMethod(TestInvoker.java:221)\n\tat org.testng.internal.invokers.MethodRunner.runInSequence(MethodRunner.java:50)\n\tat org.testng.internal.invokers.TestInvoker$MethodInvocationAgent.invoke(TestInvoker.java:969)\n\tat org.testng.internal.invokers.TestInvoker.invokeTestMethods(TestInvoker.java:194)\n\tat org.testng.internal.invokers.TestMethodWorker.invokeTestMethods(TestMethodWorker.java:148)\n\tat org.testng.internal.invokers.TestMethodWorker.run(TestMethodWorker.java:128)\n\tat java.base/java.util.concurrent.ThreadPoolExecutor.runWorker(ThreadPoolExecutor.java:1136)\n\tat java.base/java.util.concurrent.ThreadPoolExecutor$Worker.run(ThreadPoolExecutor.java:635)\n\tat java.base/java.lang.Thread.run(Thread.java:833)\n","flaky":false,"newFailed":false,"newBroken":false,"newPassed":false,"retriesCount":0,"retriesStatusChange":false,"beforeStages":[{"name":"beforeClass","time":{"start":1692275036748,"stop":1692275036748,"duration":0},"description":"","status":"passed","steps":[],"attachments":[],"parameters":[],"stepsCount":0,"attachmentsCount":0,"shouldDisplayMessage":false,"hasContent":false},{"name":"beforeMethod","time":{"start":1692275158462,"stop":1692275158462,"duration":0},"description":"","status":"broken","steps":[],"attachments":[],"parameters":[],"stepsCount":0,"attachmentsCount":0,"shouldDisplayMessage":false,"hasContent":false}],"afterStages":[{"name":"afterMethod","time":{"start":1692275158463,"stop":1692275158463,"duration":0},"description":"","status":"broken","statusMessage":"Cannot invoke \"org.openqa.selenium.TakesScreenshot.getScreenshotAs(org.openqa.selenium.OutputType)\" because \"driver\" is null","statusTrace":"java.lang.NullPointerException: Cannot invoke \"org.openqa.selenium.TakesScreenshot.getScreenshotAs(org.openqa.selenium.OutputType)\" because \"driver\" is null\n\tat school.redrover.runner.ProjectUtils.takeScreenshot(ProjectUtils.java:118)\n\tat school.redrover.runner.BaseTest.afterMethod(BaseTest.java:118)\n\tat jdk.internal.reflect.GeneratedMethodAccessor66.invoke(Unknown Source)\n\tat java.base/jdk.internal.reflect.DelegatingMethodAccessorImpl.invoke(DelegatingMethodAccessorImpl.java:43)\n\tat java.base/java.lang.reflect.Method.invoke(Method.java:568)\n\tat org.testng.internal.invokers.MethodInvocationHelper.invokeMethod(MethodInvocationHelper.java:139)\n\tat org.testng.internal.invokers.MethodInvocationHelper.invokeMethodConsideringTimeout(MethodInvocationHelper.java:69)\n\tat org.testng.internal.invokers.ConfigInvoker.invokeConfigurationMethod(ConfigInvoker.java:361)\n\tat org.testng.internal.invokers.ConfigInvoker.invokeConfigurations(ConfigInvoker.java:296)\n\tat org.testng.internal.invokers.TestInvoker.runConfigMethods(TestInvoker.java:823)\n\tat org.testng.internal.invokers.TestInvoker.runAfterConfigurations(TestInvoker.java:792)\n\tat org.testng.internal.invokers.TestInvoker.invokeMethod(TestInvoker.java:613)\n\tat org.testng.internal.invokers.TestInvoker.invokeTestMethod(TestInvoker.java:221)\n\tat org.testng.internal.invokers.MethodRunner.runInSequence(MethodRunner.java:50)\n\tat org.testng.internal.invokers.TestInvoker$MethodInvocationAgent.invoke(TestInvoker.java:969)\n\tat org.testng.internal.invokers.TestInvoker.invokeTestMethods(TestInvoker.java:194)\n\tat org.testng.internal.invokers.TestMethodWorker.invokeTestMethods(TestMethodWorker.java:148)\n\tat org.testng.internal.invokers.TestMethodWorker.run(TestMethodWorker.java:128)\n\tat java.base/java.util.concurrent.ThreadPoolExecutor.runWorker(ThreadPoolExecutor.java:1136)\n\tat java.base/java.util.concurrent.ThreadPoolExecutor$Worker.run(ThreadPoolExecutor.java:635)\n\tat java.base/java.lang.Thread.run(Thread.java:833)\n","steps":[],"attachments":[],"parameters":[],"stepsCount":0,"attachmentsCount":0,"shouldDisplayMessage":true,"hasContent":true},{"name":"unlockInstance","time":{"start":1692275158497,"stop":1692275158497,"duration":0},"description":"","status":"passed","steps":[],"attachments":[],"parameters":[],"stepsCount":0,"attachmentsCount":0,"shouldDisplayMessage":false,"hasContent":false}],"labels":[{"name":"package","value":"school.redrover.ViewsTest"},{"name":"testClass","value":"school.redrover.ViewsTest"},{"name":"testMethod","value":"testCreateViewTypes"},{"name":"parentSuite","value":"AllTestsSuite"},{"name":"suite","value":"AllTests"},{"name":"subSuite","value":"school.redrover.ViewsTest"},{"name":"host","value":"fv-az583-264"},{"name":"thread","value":"2837@fv-az583-264.TestNG-test=AllTests-1(17)"},{"name":"framework","value":"testng"},{"name":"language","value":"java"},{"name":"feature","value":"Function"},{"name":"severity","value":"normal"},{"name":"resultFormat","value":"allure2"}],"parameters":[{"name":"arg0","value":"ListView"}],"links":[],"hidden":false,"retry":false,"extra":{"severity":"normal","retries":[],"categories":[],"history":{"statistic":{"failed":0,"broken":0,"skipped":6,"passed":5,"unknown":0,"total":11},"items":[{"uid":"dc5091e980596ae7","reportUrl":"https://RedRoverSchool.github.io/JenkinsQA_06/6484//#testresult/dc5091e980596ae7","status":"passed","time":{"start":1692274564876,"stop":1692274568141,"duration":3265}},{"uid":"be6dee35dcd89160","reportUrl":"https://RedRoverSchool.github.io/JenkinsQA_06/6481//#testresult/be6dee35dcd89160","status":"passed","time":{"start":1692266196251,"stop":1692266199791,"duration":3540}},{"uid":"f80ae0ab82f0c2","reportUrl":"https://RedRoverSchool.github.io/JenkinsQA_06/6480//#testresult/f80ae0ab82f0c2","status":"passed","time":{"start":1692267693746,"stop":1692267695945,"duration":2199}},{"uid":"5737282c5ea22ed7","reportUrl":"https://RedRoverSchool.github.io/JenkinsQA_06/6479//#testresult/5737282c5ea22ed7","status":"passed","time":{"start":1692263723337,"stop":1692263725381,"duration":2044}},{"uid":"b4442cfc66a89127","reportUrl":"https://RedRoverSchool.github.io/JenkinsQA_06/6478//#testresult/b4442cfc66a89127","status":"skipped","statusDetails":"Cannot invoke \"school.redrover.JenkinsInstance.setBusy(boolean)\" because \"this.instance\" is null","time":{"start":1692258816056,"stop":1692258816056,"duration":0}},{"uid":"1e5ee9ddfed1ffe3","reportUrl":"https://RedRoverSchool.github.io/JenkinsQA_06/6477//#testresult/1e5ee9ddfed1ffe3","status":"skipped","statusDetails":"Cannot invoke \"school.redrover.JenkinsInstance.setBusy(boolean)\" because \"this.instance\" is null","time":{"start":1692257714756,"stop":1692257714758,"duration":2}},{"uid":"fac2a24fab31092b","reportUrl":"https://RedRoverSchool.github.io/JenkinsQA_06/6476//#testresult/fac2a24fab31092b","status":"skipped","statusDetails":"\nCan inject only one of <ITestContext, XmlTest> into a @BeforeClass annotated beforeClass.\nFor more information on native dependency injection please refer to https://testng.org/doc/documentation-main.html#native-dependency-injection","time":{"start":1692256996751,"stop":1692256996751,"duration":0}},{"uid":"558fb1829c96ef70","reportUrl":"https://RedRoverSchool.github.io/JenkinsQA_06/6475//#testresult/558fb1829c96ef70","status":"skipped","statusDetails":"java.lang.NullPointerException: Cannot invoke \"school.redrover.JenkinsInstance.setBusy(boolean)\" because \"this.instance\" is null","time":{"start":1692256006742,"stop":1692256006742,"duration":0}},{"uid":"d0eb53bba07cab9f","reportUrl":"https://RedRoverSchool.github.io/JenkinsQA_06/6474//#testresult/d0eb53bba07cab9f","status":"passed","time":{"start":1692251327655,"stop":1692251329920,"duration":2265}},{"uid":"da8ef586c636dea4","reportUrl":"https://RedRoverSchool.github.io/JenkinsQA_06/6473//#testresult/da8ef586c636dea4","status":"skipped","statusDetails":"Authorization does not work with user: \"admin\" and password: \"5e0aef0b28024018aa59bd5f2cd22fc8\"","time":{"start":1692225259936,"stop":1692225259936,"duration":0}}]},"tags":[]},"source":"d71af603a78f4b10.json","parameterValues":["ListView"]}