{"uid":"e9f79d4280ed9d2a","name":"testEditDescriptionFromBuildPage","fullName":"school.redrover.PipelineTest.testEditDescriptionFromBuildPage","historyId":"72cc4b6f509c6f5982ce84f767019a55","time":{"start":1692275026673,"stop":1692275035747,"duration":9074},"status":"passed","flaky":false,"newFailed":false,"newBroken":false,"newPassed":false,"retriesCount":0,"retriesStatusChange":false,"beforeStages":[{"name":"beforeClass","time":{"start":1692274640633,"stop":1692274640634,"duration":1},"description":"","status":"passed","steps":[],"attachments":[],"parameters":[],"stepsCount":0,"attachmentsCount":0,"shouldDisplayMessage":false,"hasContent":false},{"name":"beforeMethod","time":{"start":1692275025202,"stop":1692275026672,"duration":1470},"description":"","status":"passed","steps":[],"attachments":[],"parameters":[],"stepsCount":0,"attachmentsCount":0,"shouldDisplayMessage":false,"hasContent":false}],"testStage":{"status":"passed","steps":[{"name":"Click on 'New Item' in the side menu","time":{"start":1692275026674,"stop":1692275027256,"duration":582},"status":"passed","steps":[],"attachments":[],"parameters":[],"stepsCount":0,"attachmentsCount":0,"shouldDisplayMessage":false,"hasContent":false},{"name":"Input the New Item name","time":{"start":1692275027256,"stop":1692275027431,"duration":175},"status":"passed","steps":[],"attachments":[],"parameters":[{"name":"jobName","value":"PIPELINE_NAMEdlgCJmT"}],"stepsCount":0,"attachmentsCount":0,"shouldDisplayMessage":false,"hasContent":true},{"name":"Select Job Type on NewJobPage","time":{"start":1692275027431,"stop":1692275027500,"duration":69},"status":"passed","steps":[],"attachments":[],"parameters":[{"name":"jobType","value":"Pipeline"}],"stepsCount":0,"attachmentsCount":0,"shouldDisplayMessage":false,"hasContent":true},{"name":"Click 'OK' button","time":{"start":1692275027500,"stop":1692275027626,"duration":126},"status":"passed","steps":[],"attachments":[],"parameters":[{"name":"jobConfigPage","value":"school.redrover.model.jobsConfig.PipelineConfigPage@3e8d632e"}],"stepsCount":0,"attachmentsCount":0,"shouldDisplayMessage":false,"hasContent":true},{"name":"Click 'Save' button on the BaseConfigPage page","time":{"start":1692275027626,"stop":1692275028521,"duration":895},"status":"passed","steps":[],"attachments":[],"parameters":[],"stepsCount":0,"attachmentsCount":0,"shouldDisplayMessage":false,"hasContent":false},{"name":"Get Header","time":{"start":1692275028521,"stop":1692275028521,"duration":0},"status":"passed","steps":[],"attachments":[],"parameters":[],"stepsCount":0,"attachmentsCount":0,"shouldDisplayMessage":false,"hasContent":false},{"name":"Click 'Logo' button and move to main page","time":{"start":1692275028521,"stop":1692275029071,"duration":550},"status":"passed","steps":[],"attachments":[],"parameters":[],"stepsCount":0,"attachmentsCount":0,"shouldDisplayMessage":false,"hasContent":false},{"name":"Click 'Build Now' from side menu","time":{"start":1692275029669,"stop":1692275034641,"duration":4972},"status":"passed","steps":[],"attachments":[],"parameters":[],"stepsCount":0,"attachmentsCount":0,"shouldDisplayMessage":false,"hasContent":false},{"name":"Click on a build icon from the side menu","time":{"start":1692275034641,"stop":1692275034765,"duration":124},"status":"passed","steps":[],"attachments":[],"parameters":[{"name":"jobName","value":"PIPELINE_NAMEdlgCJmT"},{"name":"buildName","value":"1"}],"stepsCount":0,"attachmentsCount":0,"shouldDisplayMessage":false,"hasContent":true},{"name":"Click Edit Buld Information on the side bar menu","time":{"start":1692275034765,"stop":1692275034954,"duration":189},"status":"passed","steps":[],"attachments":[],"parameters":[],"stepsCount":0,"attachmentsCount":0,"shouldDisplayMessage":false,"hasContent":false},{"name":"Input the description 'This is a test descriptionoNcJq2C in the 'Description' field on the Edit Build Information page","time":{"start":1692275034954,"stop":1692275035137,"duration":183},"status":"passed","steps":[],"attachments":[],"parameters":[{"name":"description","value":"This is a test descriptionoNcJq2C"}],"stepsCount":0,"attachmentsCount":0,"shouldDisplayMessage":false,"hasContent":true},{"name":"Click on the 'Save' button","time":{"start":1692275035137,"stop":1692275035226,"duration":89},"status":"passed","steps":[],"attachments":[],"parameters":[],"stepsCount":0,"attachmentsCount":0,"shouldDisplayMessage":false,"hasContent":false}],"attachments":[],"parameters":[],"stepsCount":12,"attachmentsCount":0,"shouldDisplayMessage":false,"hasContent":true},"afterStages":[{"name":"afterMethod","time":{"start":1692275035747,"stop":1692275036661,"duration":914},"description":"","status":"broken","statusMessage":"Authorization does not work with user: \"admin\" and password: \"5e0aef0b28024018aa59bd5f2cd22fc8\"","statusTrace":"java.lang.RuntimeException: Authorization does not work with user: \"admin\" and password: \"5e0aef0b28024018aa59bd5f2cd22fc8\"\n\tat school.redrover.runner.JenkinsUtils.getPage(JenkinsUtils.java:109)\n\tat school.redrover.runner.JenkinsUtils.deleteDescription(JenkinsUtils.java:165)\n\tat school.redrover.runner.JenkinsUtils.clearData(JenkinsUtils.java:178)\n\tat school.redrover.runner.BaseTest.clearData(BaseTest.java:64)\n\tat school.redrover.runner.BaseTest.afterMethod(BaseTest.java:126)\n\tat jdk.internal.reflect.GeneratedMethodAccessor66.invoke(Unknown Source)\n\tat java.base/jdk.internal.reflect.DelegatingMethodAccessorImpl.invoke(DelegatingMethodAccessorImpl.java:43)\n\tat java.base/java.lang.reflect.Method.invoke(Method.java:568)\n\tat org.testng.internal.invokers.MethodInvocationHelper.invokeMethod(MethodInvocationHelper.java:139)\n\tat org.testng.internal.invokers.MethodInvocationHelper.invokeMethodConsideringTimeout(MethodInvocationHelper.java:69)\n\tat org.testng.internal.invokers.ConfigInvoker.invokeConfigurationMethod(ConfigInvoker.java:361)\n\tat org.testng.internal.invokers.ConfigInvoker.invokeConfigurations(ConfigInvoker.java:296)\n\tat org.testng.internal.invokers.TestInvoker.runConfigMethods(TestInvoker.java:823)\n\tat org.testng.internal.invokers.TestInvoker.runAfterConfigurations(TestInvoker.java:792)\n\tat org.testng.internal.invokers.TestInvoker.invokeMethod(TestInvoker.java:768)\n\tat org.testng.internal.invokers.TestInvoker.invokeTestMethod(TestInvoker.java:221)\n\tat org.testng.internal.invokers.MethodRunner.runInSequence(MethodRunner.java:50)\n\tat org.testng.internal.invokers.TestInvoker$MethodInvocationAgent.invoke(TestInvoker.java:969)\n\tat org.testng.internal.invokers.TestInvoker.invokeTestMethods(TestInvoker.java:194)\n\tat org.testng.internal.invokers.TestMethodWorker.invokeTestMethods(TestMethodWorker.java:148)\n\tat org.testng.internal.invokers.TestMethodWorker.run(TestMethodWorker.java:128)\n\tat java.base/java.util.concurrent.ThreadPoolExecutor.runWorker(ThreadPoolExecutor.java:1136)\n\tat java.base/java.util.concurrent.ThreadPoolExecutor$Worker.run(ThreadPoolExecutor.java:635)\n\tat java.base/java.lang.Thread.run(Thread.java:833)\n","steps":[{"name":"Logout from instance http://localhost:8080/","time":{"start":1692275035747,"stop":1692275036142,"duration":395},"status":"passed","steps":[],"attachments":[],"parameters":[{"name":"driver","value":"ChromeDriver: chrome on LINUX (941491ceb2b16823e444602ab6ac9c8c)"},{"name":"url","value":"http://localhost:8080/"}],"stepsCount":0,"attachmentsCount":0,"shouldDisplayMessage":false,"hasContent":true},{"name":"Clear Data for Jenkins instance http://localhost:8080/","time":{"start":1692275036298,"stop":1692275036661,"duration":363},"status":"broken","statusMessage":"Authorization does not work with user: \"admin\" and password: \"5e0aef0b28024018aa59bd5f2cd22fc8\"","statusTrace":"java.lang.RuntimeException: Authorization does not work with user: \"admin\" and password: \"5e0aef0b28024018aa59bd5f2cd22fc8\"\n\tat school.redrover.runner.JenkinsUtils.getPage(JenkinsUtils.java:109)\n\tat school.redrover.runner.JenkinsUtils.deleteDescription(JenkinsUtils.java:165)\n\tat school.redrover.runner.JenkinsUtils.clearData(JenkinsUtils.java:178)\n\tat school.redrover.runner.BaseTest.clearData(BaseTest.java:64)\n\tat school.redrover.runner.BaseTest.afterMethod(BaseTest.java:126)\n\tat jdk.internal.reflect.GeneratedMethodAccessor66.invoke(Unknown Source)\n\tat java.base/jdk.internal.reflect.DelegatingMethodAccessorImpl.invoke(DelegatingMethodAccessorImpl.java:43)\n\tat java.base/java.lang.reflect.Method.invoke(Method.java:568)\n\tat org.testng.internal.invokers.MethodInvocationHelper.invokeMethod(MethodInvocationHelper.java:139)\n\tat org.testng.internal.invokers.MethodInvocationHelper.invokeMethodConsideringTimeout(MethodInvocationHelper.java:69)\n\tat org.testng.internal.invokers.ConfigInvoker.invokeConfigurationMethod(ConfigInvoker.java:361)\n\tat org.testng.internal.invokers.ConfigInvoker.invokeConfigurations(ConfigInvoker.java:296)\n\tat org.testng.internal.invokers.TestInvoker.runConfigMethods(TestInvoker.java:823)\n\tat org.testng.internal.invokers.TestInvoker.runAfterConfigurations(TestInvoker.java:792)\n\tat org.testng.internal.invokers.TestInvoker.invokeMethod(TestInvoker.java:768)\n\tat org.testng.internal.invokers.TestInvoker.invokeTestMethod(TestInvoker.java:221)\n\tat org.testng.internal.invokers.MethodRunner.runInSequence(MethodRunner.java:50)\n\tat org.testng.internal.invokers.TestInvoker$MethodInvocationAgent.invoke(TestInvoker.java:969)\n\tat org.testng.internal.invokers.TestInvoker.invokeTestMethods(TestInvoker.java:194)\n\tat org.testng.internal.invokers.TestMethodWorker.invokeTestMethods(TestMethodWorker.java:148)\n\tat org.testng.internal.invokers.TestMethodWorker.run(TestMethodWorker.java:128)\n\tat java.base/java.util.concurrent.ThreadPoolExecutor.runWorker(ThreadPoolExecutor.java:1136)\n\tat java.base/java.util.concurrent.ThreadPoolExecutor$Worker.run(ThreadPoolExecutor.java:635)\n\tat java.base/java.lang.Thread.run(Thread.java:833)\n","steps":[{"name":"Delete Views","time":{"start":1692275036298,"stop":1692275036427,"duration":129},"status":"passed","steps":[],"attachments":[],"parameters":[{"name":"baseUrl","value":"http://localhost:8080/"}],"stepsCount":0,"attachmentsCount":0,"shouldDisplayMessage":false,"hasContent":true},{"name":"Delete Jobs","time":{"start":1692275036427,"stop":1692275036442,"duration":15},"status":"passed","steps":[],"attachments":[],"parameters":[{"name":"baseUrl","value":"http://localhost:8080/"}],"stepsCount":0,"attachmentsCount":0,"shouldDisplayMessage":false,"hasContent":true},{"name":"Delete Users","time":{"start":1692275036442,"stop":1692275036447,"duration":5},"status":"passed","steps":[],"attachments":[],"parameters":[{"name":"baseUrl","value":"http://localhost:8080/"}],"stepsCount":0,"attachmentsCount":0,"shouldDisplayMessage":false,"hasContent":true},{"name":"Delete Nodes","time":{"start":1692275036447,"stop":1692275036463,"duration":16},"status":"passed","steps":[],"attachments":[],"parameters":[{"name":"baseUrl","value":"http://localhost:8080/"}],"stepsCount":0,"attachmentsCount":0,"shouldDisplayMessage":false,"hasContent":true},{"name":"Delete description","time":{"start":1692275036463,"stop":1692275036661,"duration":198},"status":"broken","statusMessage":"Authorization does not work with user: \"admin\" and password: \"5e0aef0b28024018aa59bd5f2cd22fc8\"","statusTrace":"java.lang.RuntimeException: Authorization does not work with user: \"admin\" and password: \"5e0aef0b28024018aa59bd5f2cd22fc8\"\n\tat school.redrover.runner.JenkinsUtils.getPage(JenkinsUtils.java:109)\n\tat school.redrover.runner.JenkinsUtils.deleteDescription(JenkinsUtils.java:165)\n\tat school.redrover.runner.JenkinsUtils.clearData(JenkinsUtils.java:178)\n\tat school.redrover.runner.BaseTest.clearData(BaseTest.java:64)\n\tat school.redrover.runner.BaseTest.afterMethod(BaseTest.java:126)\n\tat jdk.internal.reflect.GeneratedMethodAccessor66.invoke(Unknown Source)\n\tat java.base/jdk.internal.reflect.DelegatingMethodAccessorImpl.invoke(DelegatingMethodAccessorImpl.java:43)\n\tat java.base/java.lang.reflect.Method.invoke(Method.java:568)\n\tat org.testng.internal.invokers.MethodInvocationHelper.invokeMethod(MethodInvocationHelper.java:139)\n\tat org.testng.internal.invokers.MethodInvocationHelper.invokeMethodConsideringTimeout(MethodInvocationHelper.java:69)\n\tat org.testng.internal.invokers.ConfigInvoker.invokeConfigurationMethod(ConfigInvoker.java:361)\n\tat org.testng.internal.invokers.ConfigInvoker.invokeConfigurations(ConfigInvoker.java:296)\n\tat org.testng.internal.invokers.TestInvoker.runConfigMethods(TestInvoker.java:823)\n\tat org.testng.internal.invokers.TestInvoker.runAfterConfigurations(TestInvoker.java:792)\n\tat org.testng.internal.invokers.TestInvoker.invokeMethod(TestInvoker.java:768)\n\tat org.testng.internal.invokers.TestInvoker.invokeTestMethod(TestInvoker.java:221)\n\tat org.testng.internal.invokers.MethodRunner.runInSequence(MethodRunner.java:50)\n\tat org.testng.internal.invokers.TestInvoker$MethodInvocationAgent.invoke(TestInvoker.java:969)\n\tat org.testng.internal.invokers.TestInvoker.invokeTestMethods(TestInvoker.java:194)\n\tat org.testng.internal.invokers.TestMethodWorker.invokeTestMethods(TestMethodWorker.java:148)\n\tat org.testng.internal.invokers.TestMethodWorker.run(TestMethodWorker.java:128)\n\tat java.base/java.util.concurrent.ThreadPoolExecutor.runWorker(ThreadPoolExecutor.java:1136)\n\tat java.base/java.util.concurrent.ThreadPoolExecutor$Worker.run(ThreadPoolExecutor.java:635)\n\tat java.base/java.lang.Thread.run(Thread.java:833)\n","steps":[],"attachments":[],"parameters":[{"name":"baseUrl","value":"http://localhost:8080/"}],"stepsCount":0,"attachmentsCount":0,"shouldDisplayMessage":true,"hasContent":true}],"attachments":[],"parameters":[{"name":"baseUrl","value":"http://localhost:8080/"}],"stepsCount":5,"attachmentsCount":0,"shouldDisplayMessage":false,"hasContent":true}],"attachments":[],"parameters":[],"stepsCount":7,"attachmentsCount":0,"shouldDisplayMessage":false,"hasContent":true},{"name":"unlockInstance","time":{"start":1692275036748,"stop":1692275036748,"duration":0},"description":"","status":"passed","steps":[],"attachments":[],"parameters":[],"stepsCount":0,"attachmentsCount":0,"shouldDisplayMessage":false,"hasContent":false}],"labels":[{"name":"package","value":"school.redrover.PipelineTest"},{"name":"testClass","value":"school.redrover.PipelineTest"},{"name":"testMethod","value":"testEditDescriptionFromBuildPage"},{"name":"parentSuite","value":"AllTestsSuite"},{"name":"suite","value":"AllTests"},{"name":"subSuite","value":"school.redrover.PipelineTest"},{"name":"host","value":"fv-az583-264"},{"name":"thread","value":"2837@fv-az583-264.TestNG-test=AllTests-1(17)"},{"name":"framework","value":"testng"},{"name":"language","value":"java"},{"name":"feature","value":"Function"},{"name":"severity","value":"trivial"},{"name":"resultFormat","value":"allure2"}],"parameters":[],"links":[],"hidden":false,"retry":false,"extra":{"severity":"trivial","retries":[],"categories":[],"history":{"statistic":{"failed":0,"broken":0,"skipped":4,"passed":7,"unknown":0,"total":11},"items":[{"uid":"3b865f05830d15fa","reportUrl":"https://RedRoverSchool.github.io/JenkinsQA_06/6484//#testresult/3b865f05830d15fa","status":"passed","time":{"start":1692273529772,"stop":1692273539048,"duration":9276}},{"uid":"327dea717ed219a2","reportUrl":"https://RedRoverSchool.github.io/JenkinsQA_06/6481//#testresult/327dea717ed219a2","status":"passed","time":{"start":1692265279062,"stop":1692265288317,"duration":9255}},{"uid":"a93a9342dba0ec51","reportUrl":"https://RedRoverSchool.github.io/JenkinsQA_06/6480//#testresult/a93a9342dba0ec51","status":"passed","time":{"start":1692266836298,"stop":1692266844276,"duration":7978}},{"uid":"dedacc33cc7f7b42","reportUrl":"https://RedRoverSchool.github.io/JenkinsQA_06/6479//#testresult/dedacc33cc7f7b42","status":"passed","time":{"start":1692262874337,"stop":1692262882011,"duration":7674}},{"uid":"c58bc6e83a42e50b","reportUrl":"https://RedRoverSchool.github.io/JenkinsQA_06/6478//#testresult/c58bc6e83a42e50b","status":"skipped","statusDetails":"Cannot invoke \"school.redrover.JenkinsInstance.setBusy(boolean)\" because \"this.instance\" is null","time":{"start":1692258815687,"stop":1692258815687,"duration":0}},{"uid":"9354cfcd0c33f691","reportUrl":"https://RedRoverSchool.github.io/JenkinsQA_06/6477//#testresult/9354cfcd0c33f691","status":"skipped","statusDetails":"Cannot invoke \"school.redrover.JenkinsInstance.setBusy(boolean)\" because \"this.instance\" is null","time":{"start":1692257713746,"stop":1692257713746,"duration":0}},{"uid":"512b0833ea5d6775","reportUrl":"https://RedRoverSchool.github.io/JenkinsQA_06/6476//#testresult/512b0833ea5d6775","status":"skipped","statusDetails":"\nCan inject only one of <ITestContext, XmlTest> into a @BeforeClass annotated beforeClass.\nFor more information on native dependency injection please refer to https://testng.org/doc/documentation-main.html#native-dependency-injection","time":{"start":1692256996530,"stop":1692256996530,"duration":0}},{"uid":"7c2aebc74c54a617","reportUrl":"https://RedRoverSchool.github.io/JenkinsQA_06/6475//#testresult/7c2aebc74c54a617","status":"skipped","statusDetails":"java.lang.NullPointerException: Cannot invoke \"school.redrover.JenkinsInstance.setBusy(boolean)\" because \"this.instance\" is null","time":{"start":1692256002816,"stop":1692256002816,"duration":0}},{"uid":"c9592113bd8f2eaa","reportUrl":"https://RedRoverSchool.github.io/JenkinsQA_06/6474//#testresult/c9592113bd8f2eaa","status":"passed","time":{"start":1692250503068,"stop":1692250511084,"duration":8016}},{"uid":"3eec09aa56410b9e","reportUrl":"https://RedRoverSchool.github.io/JenkinsQA_06/6473//#testresult/3eec09aa56410b9e","status":"passed","time":{"start":1692225048587,"stop":1692225057558,"duration":8971}}]},"tags":[]},"source":"e9f79d4280ed9d2a.json","parameterValues":[]}