{"uid":"7cda97541f532d92","name":"testNavigateToMyViewsPageFromConfigurationPage","fullName":"school.redrover.BreadcrumbTest.testNavigateToMyViewsPageFromConfigurationPage","historyId":"b4beb0fde9e6867936cef031512eec41","time":{"start":1693609255273,"stop":1693609255273,"duration":0},"status":"skipped","statusMessage":"java.lang.RuntimeException: Authorization does not work with user: \"admin\" and password: \"5e0aef0b28024018aa59bd5f2cd22fc8\"","statusTrace":"java.lang.RuntimeException: java.lang.RuntimeException: Authorization does not work with user: \"admin\" and password: \"5e0aef0b28024018aa59bd5f2cd22fc8\"\n\tat school.redrover.runner.BaseTest.beforeMethod(BaseTest.java:50)\n\tat jdk.internal.reflect.GeneratedMethodAccessor67.invoke(Unknown Source)\n\tat java.base/jdk.internal.reflect.DelegatingMethodAccessorImpl.invoke(DelegatingMethodAccessorImpl.java:43)\n\tat java.base/java.lang.reflect.Method.invoke(Method.java:568)\n\tat org.testng.internal.invokers.MethodInvocationHelper.invokeMethod(MethodInvocationHelper.java:139)\n\tat org.testng.internal.invokers.MethodInvocationHelper.invokeMethodConsideringTimeout(MethodInvocationHelper.java:69)\n\tat org.testng.internal.invokers.ConfigInvoker.invokeConfigurationMethod(ConfigInvoker.java:361)\n\tat org.testng.internal.invokers.ConfigInvoker.invokeConfigurations(ConfigInvoker.java:296)\n\tat org.testng.internal.invokers.TestInvoker.runConfigMethods(TestInvoker.java:823)\n\tat org.testng.internal.invokers.TestInvoker.invokeMethod(TestInvoker.java:590)\n\tat org.testng.internal.invokers.TestInvoker.invokeTestMethod(TestInvoker.java:221)\n\tat org.testng.internal.invokers.MethodRunner.runInSequence(MethodRunner.java:50)\n\tat org.testng.internal.invokers.TestInvoker$MethodInvocationAgent.invoke(TestInvoker.java:969)\n\tat org.testng.internal.invokers.TestInvoker.invokeTestMethods(TestInvoker.java:194)\n\tat org.testng.internal.invokers.TestMethodWorker.invokeTestMethods(TestMethodWorker.java:148)\n\tat org.testng.internal.invokers.TestMethodWorker.run(TestMethodWorker.java:128)\n\tat java.base/java.util.ArrayList.forEach(ArrayList.java:1511)\n\tat org.testng.TestRunner.privateRun(TestRunner.java:829)\n\tat org.testng.TestRunner.run(TestRunner.java:602)\n\tat org.testng.SuiteRunner.runTest(SuiteRunner.java:437)\n\tat org.testng.SuiteRunner.runSequentially(SuiteRunner.java:431)\n\tat org.testng.SuiteRunner.privateRun(SuiteRunner.java:391)\n\tat org.testng.SuiteRunner.run(SuiteRunner.java:330)\n\tat org.testng.SuiteRunnerWorker.runSuite(SuiteRunnerWorker.java:52)\n\tat org.testng.SuiteRunnerWorker.run(SuiteRunnerWorker.java:95)\n\tat org.testng.TestNG.runSuitesSequentially(TestNG.java:1256)\n\tat org.testng.TestNG.runSuitesLocally(TestNG.java:1176)\n\tat org.testng.TestNG.runSuites(TestNG.java:1099)\n\tat org.testng.TestNG.run(TestNG.java:1067)\n\tat org.apache.maven.surefire.testng.TestNGExecutor.run(TestNGExecutor.java:283)\n\tat org.apache.maven.surefire.testng.TestNGXmlTestSuite.execute(TestNGXmlTestSuite.java:75)\n\tat org.apache.maven.surefire.testng.TestNGProvider.invoke(TestNGProvider.java:120)\n\tat org.apache.maven.surefire.booter.ForkedBooter.invokeProviderInSameClassLoader(ForkedBooter.java:386)\n\tat org.apache.maven.surefire.booter.ForkedBooter.runSuitesInProcess(ForkedBooter.java:323)\n\tat org.apache.maven.surefire.booter.ForkedBooter.main(ForkedBooter.java:143)\nCaused by: java.lang.RuntimeException: Authorization does not work with user: \"admin\" and password: \"5e0aef0b28024018aa59bd5f2cd22fc8\"\n\tat school.redrover.runner.JenkinsUtils.getPage(JenkinsUtils.java:108)\n\tat school.redrover.runner.JenkinsUtils.deleteViews(JenkinsUtils.java:136)\n\tat school.redrover.runner.JenkinsUtils.clearData(JenkinsUtils.java:167)\n\tat school.redrover.runner.BaseTest.clearData(BaseTest.java:58)\n\tat school.redrover.runner.BaseTest.beforeMethod(BaseTest.java:41)\n\t... 34 more\n","flaky":false,"newFailed":false,"newBroken":false,"newPassed":false,"retriesCount":0,"retriesStatusChange":false,"beforeStages":[{"name":"beforeClass","time":{"start":1693609254804,"stop":1693609254804,"duration":0},"description":"","status":"passed","steps":[],"attachments":[],"parameters":[],"shouldDisplayMessage":false,"stepsCount":0,"attachmentsCount":0,"hasContent":false},{"name":"beforeMethod","time":{"start":1693609255272,"stop":1693609255272,"duration":0},"description":"","status":"broken","steps":[],"attachments":[],"parameters":[],"shouldDisplayMessage":false,"stepsCount":0,"attachmentsCount":0,"hasContent":false}],"afterStages":[{"name":"afterMethod","time":{"start":1693609255273,"stop":1693609255273,"duration":0},"description":"","status":"broken","steps":[],"attachments":[],"parameters":[],"shouldDisplayMessage":false,"stepsCount":0,"attachmentsCount":0,"hasContent":false}],"labels":[{"name":"package","value":"school.redrover.BreadcrumbTest"},{"name":"testClass","value":"school.redrover.BreadcrumbTest"},{"name":"testMethod","value":"testNavigateToMyViewsPageFromConfigurationPage"},{"name":"parentSuite","value":"AllTestsSuite"},{"name":"suite","value":"ChromeAllTests"},{"name":"subSuite","value":"school.redrover.BreadcrumbTest"},{"name":"host","value":"fv-az618-568"},{"name":"thread","value":"2491@fv-az618-568.main(1)"},{"name":"framework","value":"testng"},{"name":"language","value":"java"},{"name":"feature","value":"Navigation"},{"name":"severity","value":"normal"},{"name":"resultFormat","value":"allure2"}],"parameters":[{"name":"arg0","value":"MultibranchPipeline"},{"name":"browserName","value":"chrome"}],"links":[],"hidden":false,"retry":false,"extra":{"severity":"normal","retries":[],"categories":[],"history":{"statistic":{"failed":0,"broken":0,"skipped":6,"passed":0,"unknown":0,"total":6},"items":[{"uid":"c2d851fabeb69686","reportUrl":"https://RedRoverSchool.github.io/JenkinsQA_06/6699//#testresult/c2d851fabeb69686","status":"skipped","statusDetails":"java.lang.RuntimeException: Authorization does not work with user: \"admin\" and password: \"5e0aef0b28024018aa59bd5f2cd22fc8\"","time":{"start":1693594604578,"stop":1693594604578,"duration":0}},{"uid":"df9b56901346a87a","reportUrl":"https://RedRoverSchool.github.io/JenkinsQA_06/6698//#testresult/df9b56901346a87a","status":"skipped","statusDetails":"java.lang.RuntimeException: Authorization does not work with user: \"admin\" and password: \"5e0aef0b28024018aa59bd5f2cd22fc8\"","time":{"start":1693589286065,"stop":1693589286065,"duration":0}},{"uid":"4194ae64d47a2b13","reportUrl":"https://RedRoverSchool.github.io/JenkinsQA_06/6697//#testresult/4194ae64d47a2b13","status":"skipped","statusDetails":"java.lang.RuntimeException: Authorization does not work with user: \"admin\" and password: \"5e0aef0b28024018aa59bd5f2cd22fc8\"","time":{"start":1693570156599,"stop":1693570156599,"duration":0}},{"uid":"fd2c9c509437eba7","reportUrl":"https://RedRoverSchool.github.io/JenkinsQA_06/6695//#testresult/fd2c9c509437eba7","status":"skipped","statusDetails":"java.lang.RuntimeException: Authorization does not work with user: \"admin\" and password: \"5e0aef0b28024018aa59bd5f2cd22fc8\"","time":{"start":1693560343008,"stop":1693560343008,"duration":0}},{"uid":"ce934d26b1d3bdac","reportUrl":"https://RedRoverSchool.github.io/JenkinsQA_06/6694//#testresult/ce934d26b1d3bdac","status":"skipped","statusDetails":"java.lang.RuntimeException: Authorization does not work with user: \"admin\" and password: \"5e0aef0b28024018aa59bd5f2cd22fc8\"","time":{"start":1693558262413,"stop":1693558262413,"duration":0}}]},"tags":[]},"source":"7cda97541f532d92.json","parameterValues":["MultibranchPipeline","chrome"]}