{"uid":"976602b060f10615","name":"testConsoleOutputFromLastBuild","fullName":"school.redrover.MultiConfigurationProjectTest.testConsoleOutputFromLastBuild","historyId":"b1f9ed0c44394af092d129448e51de82","time":{"start":1692204138798,"stop":1692204138798,"duration":0},"description":"Verification of possibility to make console output from last build of MultiConfiguration project","descriptionHtml":"<p>Verification of possibility to make console output from last build of MultiConfiguration project</p>\n","status":"skipped","statusMessage":"java.lang.RuntimeException: Authorization does not work with user: \"admin\" and password: \"5e0aef0b28024018aa59bd5f2cd22fc8\"","statusTrace":"java.lang.RuntimeException: java.lang.RuntimeException: Authorization does not work with user: \"admin\" and password: \"5e0aef0b28024018aa59bd5f2cd22fc8\"\n\tat school.redrover.runner.BaseTest.beforeMethod(BaseTest.java:50)\n\tat java.base/jdk.internal.reflect.NativeMethodAccessorImpl.invoke0(Native Method)\n\tat java.base/jdk.internal.reflect.NativeMethodAccessorImpl.invoke(NativeMethodAccessorImpl.java:77)\n\tat java.base/jdk.internal.reflect.DelegatingMethodAccessorImpl.invoke(DelegatingMethodAccessorImpl.java:43)\n\tat java.base/java.lang.reflect.Method.invoke(Method.java:568)\n\tat org.testng.internal.invokers.MethodInvocationHelper.invokeMethod(MethodInvocationHelper.java:139)\n\tat org.testng.internal.invokers.MethodInvocationHelper.invokeMethodConsideringTimeout(MethodInvocationHelper.java:69)\n\tat org.testng.internal.invokers.ConfigInvoker.invokeConfigurationMethod(ConfigInvoker.java:361)\n\tat org.testng.internal.invokers.ConfigInvoker.invokeConfigurations(ConfigInvoker.java:296)\n\tat org.testng.internal.invokers.TestInvoker.runConfigMethods(TestInvoker.java:823)\n\tat org.testng.internal.invokers.TestInvoker.invokeMethod(TestInvoker.java:590)\n\tat org.testng.internal.invokers.TestInvoker.invokeTestMethod(TestInvoker.java:221)\n\tat org.testng.internal.invokers.MethodRunner.runInSequence(MethodRunner.java:50)\n\tat org.testng.internal.invokers.TestInvoker$MethodInvocationAgent.invoke(TestInvoker.java:969)\n\tat org.testng.internal.invokers.TestInvoker.invokeTestMethods(TestInvoker.java:194)\n\tat org.testng.internal.invokers.TestMethodWorker.invokeTestMethods(TestMethodWorker.java:148)\n\tat org.testng.internal.invokers.TestMethodWorker.run(TestMethodWorker.java:128)\n\tat java.base/java.util.concurrent.ThreadPoolExecutor.runWorker(ThreadPoolExecutor.java:1136)\n\tat java.base/java.util.concurrent.ThreadPoolExecutor$Worker.run(ThreadPoolExecutor.java:635)\n\tat java.base/java.lang.Thread.run(Thread.java:833)\nCaused by: java.lang.RuntimeException: Authorization does not work with user: \"admin\" and password: \"5e0aef0b28024018aa59bd5f2cd22fc8\"\n\tat school.redrover.runner.JenkinsUtils.getPage(JenkinsUtils.java:108)\n\tat school.redrover.runner.JenkinsUtils.deleteViews(JenkinsUtils.java:131)\n\tat school.redrover.runner.JenkinsUtils.clearData(JenkinsUtils.java:167)\n\tat school.redrover.runner.BaseTest.clearData(BaseTest.java:58)\n\tat school.redrover.runner.BaseTest.beforeMethod(BaseTest.java:41)\n\t... 19 more\n","flaky":false,"newFailed":false,"newBroken":false,"newPassed":false,"retriesCount":0,"retriesStatusChange":false,"beforeStages":[{"name":"beforeClass","time":{"start":1692204132157,"stop":1692204132158,"duration":1},"description":"","status":"passed","steps":[],"attachments":[],"parameters":[],"stepsCount":0,"attachmentsCount":0,"shouldDisplayMessage":false,"hasContent":false},{"name":"beforeMethod","time":{"start":1692204138785,"stop":1692204138785,"duration":0},"description":"","status":"broken","steps":[],"attachments":[],"parameters":[],"stepsCount":0,"attachmentsCount":0,"shouldDisplayMessage":false,"hasContent":false}],"afterStages":[{"name":"afterMethod","time":{"start":1692204138799,"stop":1692204138799,"duration":0},"description":"","status":"broken","steps":[],"attachments":[],"parameters":[],"stepsCount":0,"attachmentsCount":0,"shouldDisplayMessage":false,"hasContent":false}],"labels":[{"name":"package","value":"school.redrover.MultiConfigurationProjectTest"},{"name":"testClass","value":"school.redrover.MultiConfigurationProjectTest"},{"name":"testMethod","value":"testConsoleOutputFromLastBuild"},{"name":"parentSuite","value":"AllTestsSuite"},{"name":"suite","value":"AllTests"},{"name":"subSuite","value":"school.redrover.MultiConfigurationProjectTest"},{"name":"host","value":"fv-az445-580"},{"name":"thread","value":"2740@fv-az445-580.TestNG-test=AllTests-1(17)"},{"name":"framework","value":"testng"},{"name":"language","value":"java"},{"name":"feature","value":"Function"},{"name":"severity","value":"normal"},{"name":"resultFormat","value":"allure2"}],"parameters":[],"links":[],"hidden":false,"retry":false,"extra":{"severity":"normal","retries":[],"categories":[],"history":{"statistic":{"failed":0,"broken":1,"skipped":1,"passed":12,"unknown":0,"total":14},"items":[{"uid":"2123bf71ca0b1482","reportUrl":"https://RedRoverSchool.github.io/JenkinsQA_06/6461//#testresult/2123bf71ca0b1482","status":"broken","statusDetails":"Expected condition failed: waiting for element to be clickable: By.xpath: //a[@href='job/MULTI_CONFIGURATION_NAME/build?delay=0sec'] (tried for 2 second(s) with 500 milliseconds interval)\nBuild info: version: '4.8.3', revision: 'e5e76298c3'\nSystem info: os.name: 'Linux', os.arch: 'amd64', os.version: '5.15.0-1042-azure', java.version: '17.0.8'\nDriver info: org.openqa.selenium.chrome.ChromeDriver\nCapabilities {acceptInsecureCerts: false, browserName: chrome, browserVersion: 115.0.5790.170, chrome: {chromedriverVersion: 114.0.5735.90 (386bc09e8f4f..., userDataDir: /tmp/.com.google.Chrome.doCTs0}, goog:chromeOptions: {debuggerAddress: localhost:36093}, networkConnectionEnabled: false, pageLoadStrategy: normal, platformName: LINUX, proxy: Proxy(), se:cdp: ws://localhost:36093/devtoo..., se:cdpVersion: 115.0.5790.170, setWindowRect: true, strictFileInteractability: false, timeouts: {implicit: 0, pageLoad: 300000, script: 30000}, unhandledPromptBehavior: dismiss and notify, webauthn:extension:credBlob: true, webauthn:extension:largeBlob: true, webauthn:extension:minPinLength: true, webauthn:extension:prf: true, webauthn:virtualAuthenticators: true}\nSession ID: aae53d37cf1966af0ade03f9b9235e0b","time":{"start":1692199065804,"stop":1692199090018,"duration":24214}},{"uid":"7a457ccd4399f0ab","reportUrl":"https://RedRoverSchool.github.io/JenkinsQA_06/6459//#testresult/7a457ccd4399f0ab","status":"passed","time":{"start":1692182949149,"stop":1692182951922,"duration":2773}},{"uid":"d610f51d89451a46","reportUrl":"https://RedRoverSchool.github.io/JenkinsQA_06/6458//#testresult/d610f51d89451a46","status":"passed","time":{"start":1692180402390,"stop":1692180407078,"duration":4688}},{"uid":"aa96f766d9e75fba","reportUrl":"https://RedRoverSchool.github.io/JenkinsQA_06/6457//#testresult/aa96f766d9e75fba","status":"passed","time":{"start":1692161534922,"stop":1692161537761,"duration":2839}},{"uid":"e736587711b989d9","reportUrl":"https://RedRoverSchool.github.io/JenkinsQA_06/6456//#testresult/e736587711b989d9","status":"passed","time":{"start":1692126429828,"stop":1692126433003,"duration":3175}},{"uid":"8d899ed7231f58e","reportUrl":"https://RedRoverSchool.github.io/JenkinsQA_06/6455//#testresult/8d899ed7231f58e","status":"passed","time":{"start":1692121584211,"stop":1692121588522,"duration":4311}},{"uid":"20a498773746fbfd","reportUrl":"https://RedRoverSchool.github.io/JenkinsQA_06/6454//#testresult/20a498773746fbfd","status":"passed","time":{"start":1692117461873,"stop":1692117465381,"duration":3508}},{"uid":"3495806d662be846","reportUrl":"https://RedRoverSchool.github.io/JenkinsQA_06/6452//#testresult/3495806d662be846","status":"passed","time":{"start":1692099622606,"stop":1692099626535,"duration":3929}},{"uid":"3844a1b1a81a87d0","reportUrl":"https://RedRoverSchool.github.io/JenkinsQA_06/6452//#testresult/3844a1b1a81a87d0","status":"passed","time":{"start":1692095632488,"stop":1692095635377,"duration":2889}},{"uid":"1032dba43dab94fa","reportUrl":"https://RedRoverSchool.github.io/JenkinsQA_06/6453//#testresult/1032dba43dab94fa","status":"passed","time":{"start":1692092892732,"stop":1692092895724,"duration":2992}},{"uid":"1434347d1057884","reportUrl":"https://RedRoverSchool.github.io/JenkinsQA_06/6452//#testresult/1434347d1057884","status":"passed","time":{"start":1692090603484,"stop":1692090606873,"duration":3389}},{"uid":"9b1fb63ee0d0b0b9","reportUrl":"https://RedRoverSchool.github.io/JenkinsQA_06/6450//#testresult/9b1fb63ee0d0b0b9","status":"passed","time":{"start":1692089511476,"stop":1692089515273,"duration":3797}},{"uid":"c4f5e1bf8eabcd38","reportUrl":"https://RedRoverSchool.github.io/JenkinsQA_06/6449//#testresult/c4f5e1bf8eabcd38","status":"passed","time":{"start":1692088075355,"stop":1692088079743,"duration":4388}}]},"tags":[]},"source":"976602b060f10615.json","parameterValues":[]}