{"uid":"bcea9c58456eaf2a","name":"testCreateFromBuildHistoryPage","fullName":"school.redrover.MultiConfigurationProjectTest.testCreateFromBuildHistoryPage","historyId":"2e5d256c457c4887bfe12c644bc9d091","time":{"start":1692204138843,"stop":1692204138843,"duration":0},"description":"Verification of creating MultiConfiguration project by clicking +New Item button from Build History Page","descriptionHtml":"<p>Verification of creating MultiConfiguration project by clicking +New Item button from Build History Page</p>\n","status":"skipped","statusMessage":"java.lang.RuntimeException: Authorization does not work with user: \"admin\" and password: \"5e0aef0b28024018aa59bd5f2cd22fc8\"","statusTrace":"java.lang.RuntimeException: java.lang.RuntimeException: Authorization does not work with user: \"admin\" and password: \"5e0aef0b28024018aa59bd5f2cd22fc8\"\n\tat school.redrover.runner.BaseTest.beforeMethod(BaseTest.java:50)\n\tat java.base/jdk.internal.reflect.NativeMethodAccessorImpl.invoke0(Native Method)\n\tat java.base/jdk.internal.reflect.NativeMethodAccessorImpl.invoke(NativeMethodAccessorImpl.java:77)\n\tat java.base/jdk.internal.reflect.DelegatingMethodAccessorImpl.invoke(DelegatingMethodAccessorImpl.java:43)\n\tat java.base/java.lang.reflect.Method.invoke(Method.java:568)\n\tat org.testng.internal.invokers.MethodInvocationHelper.invokeMethod(MethodInvocationHelper.java:139)\n\tat org.testng.internal.invokers.MethodInvocationHelper.invokeMethodConsideringTimeout(MethodInvocationHelper.java:69)\n\tat org.testng.internal.invokers.ConfigInvoker.invokeConfigurationMethod(ConfigInvoker.java:361)\n\tat org.testng.internal.invokers.ConfigInvoker.invokeConfigurations(ConfigInvoker.java:296)\n\tat org.testng.internal.invokers.TestInvoker.runConfigMethods(TestInvoker.java:823)\n\tat org.testng.internal.invokers.TestInvoker.invokeMethod(TestInvoker.java:590)\n\tat org.testng.internal.invokers.TestInvoker.invokeTestMethod(TestInvoker.java:221)\n\tat org.testng.internal.invokers.MethodRunner.runInSequence(MethodRunner.java:50)\n\tat org.testng.internal.invokers.TestInvoker$MethodInvocationAgent.invoke(TestInvoker.java:969)\n\tat org.testng.internal.invokers.TestInvoker.invokeTestMethods(TestInvoker.java:194)\n\tat org.testng.internal.invokers.TestMethodWorker.invokeTestMethods(TestMethodWorker.java:148)\n\tat org.testng.internal.invokers.TestMethodWorker.run(TestMethodWorker.java:128)\n\tat java.base/java.util.concurrent.ThreadPoolExecutor.runWorker(ThreadPoolExecutor.java:1136)\n\tat java.base/java.util.concurrent.ThreadPoolExecutor$Worker.run(ThreadPoolExecutor.java:635)\n\tat java.base/java.lang.Thread.run(Thread.java:833)\nCaused by: java.lang.RuntimeException: Authorization does not work with user: \"admin\" and password: \"5e0aef0b28024018aa59bd5f2cd22fc8\"\n\tat school.redrover.runner.JenkinsUtils.getPage(JenkinsUtils.java:108)\n\tat school.redrover.runner.JenkinsUtils.deleteViews(JenkinsUtils.java:131)\n\tat school.redrover.runner.JenkinsUtils.clearData(JenkinsUtils.java:167)\n\tat school.redrover.runner.BaseTest.clearData(BaseTest.java:58)\n\tat school.redrover.runner.BaseTest.beforeMethod(BaseTest.java:41)\n\t... 19 more\n","flaky":false,"newFailed":false,"newBroken":false,"newPassed":false,"retriesCount":0,"retriesStatusChange":false,"beforeStages":[{"name":"beforeClass","time":{"start":1692204132157,"stop":1692204132158,"duration":1},"description":"","status":"passed","steps":[],"attachments":[],"parameters":[],"stepsCount":0,"attachmentsCount":0,"shouldDisplayMessage":false,"hasContent":false},{"name":"beforeMethod","time":{"start":1692204138842,"stop":1692204138842,"duration":0},"description":"","status":"broken","steps":[],"attachments":[],"parameters":[],"stepsCount":0,"attachmentsCount":0,"shouldDisplayMessage":false,"hasContent":false}],"afterStages":[{"name":"afterMethod","time":{"start":1692204138852,"stop":1692204138852,"duration":0},"description":"","status":"broken","steps":[],"attachments":[],"parameters":[],"stepsCount":0,"attachmentsCount":0,"shouldDisplayMessage":false,"hasContent":false}],"labels":[{"name":"package","value":"school.redrover.MultiConfigurationProjectTest"},{"name":"testClass","value":"school.redrover.MultiConfigurationProjectTest"},{"name":"testMethod","value":"testCreateFromBuildHistoryPage"},{"name":"parentSuite","value":"AllTestsSuite"},{"name":"suite","value":"AllTests"},{"name":"subSuite","value":"school.redrover.MultiConfigurationProjectTest"},{"name":"host","value":"fv-az445-580"},{"name":"thread","value":"2740@fv-az445-580.TestNG-test=AllTests-1(17)"},{"name":"framework","value":"testng"},{"name":"language","value":"java"},{"name":"feature","value":"Function"},{"name":"severity","value":"critical"},{"name":"resultFormat","value":"allure2"}],"parameters":[],"links":[],"hidden":false,"retry":false,"extra":{"severity":"critical","retries":[],"categories":[],"history":{"statistic":{"failed":0,"broken":1,"skipped":1,"passed":12,"unknown":0,"total":14},"items":[{"uid":"58aa4c91a0892a22","reportUrl":"https://RedRoverSchool.github.io/JenkinsQA_06/6461//#testresult/58aa4c91a0892a22","status":"passed","time":{"start":1692199290287,"stop":1692199310666,"duration":20379}},{"uid":"8abe110a881e12cc","reportUrl":"https://RedRoverSchool.github.io/JenkinsQA_06/6459//#testresult/8abe110a881e12cc","status":"passed","time":{"start":1692182979181,"stop":1692182980766,"duration":1585}},{"uid":"dc2d0561f3386b92","reportUrl":"https://RedRoverSchool.github.io/JenkinsQA_06/6458//#testresult/dc2d0561f3386b92","status":"broken","statusDetails":"no such element: Unable to locate element: {\"method\":\"xpath\",\"selector\":\"//a[@href='job/MULTI_CONFIGURATION_NAME/']\"}\n  (Session info: chrome=115.0.5790.170)\nFor documentation on this error, please visit: https://selenium.dev/exceptions/#no_such_element\nBuild info: version: '4.8.3', revision: 'e5e76298c3'\nSystem info: os.name: 'Linux', os.arch: 'amd64', os.version: '5.15.0-1042-azure', java.version: '17.0.8'\nDriver info: org.openqa.selenium.chrome.ChromeDriver\nCommand: [5588e5bd0a7c9f184fb70a968ab4e1c5, findElement {using=xpath, value=//a[@href='job/MULTI_CONFIGURATION_NAME/']}]\nCapabilities {acceptInsecureCerts: false, browserName: chrome, browserVersion: 115.0.5790.170, chrome: {chromedriverVersion: 114.0.5735.90 (386bc09e8f4f..., userDataDir: /tmp/.com.google.Chrome.VpQOGg}, goog:chromeOptions: {debuggerAddress: localhost:45853}, networkConnectionEnabled: false, pageLoadStrategy: normal, platformName: LINUX, proxy: Proxy(), se:cdp: ws://localhost:45853/devtoo..., se:cdpVersion: 115.0.5790.170, setWindowRect: true, strictFileInteractability: false, timeouts: {implicit: 0, pageLoad: 300000, script: 30000}, unhandledPromptBehavior: dismiss and notify, webauthn:extension:credBlob: true, webauthn:extension:largeBlob: true, webauthn:extension:minPinLength: true, webauthn:extension:prf: true, webauthn:virtualAuthenticators: true}\nSession ID: 5588e5bd0a7c9f184fb70a968ab4e1c5","time":{"start":1692180523307,"stop":1692180538678,"duration":15371}},{"uid":"c4c3aff7f3b7f66a","reportUrl":"https://RedRoverSchool.github.io/JenkinsQA_06/6457//#testresult/c4c3aff7f3b7f66a","status":"passed","time":{"start":1692161565756,"stop":1692161567689,"duration":1933}},{"uid":"474a7acceb09cb41","reportUrl":"https://RedRoverSchool.github.io/JenkinsQA_06/6456//#testresult/474a7acceb09cb41","status":"passed","time":{"start":1692126462140,"stop":1692126463738,"duration":1598}},{"uid":"58835b87884844f5","reportUrl":"https://RedRoverSchool.github.io/JenkinsQA_06/6455//#testresult/58835b87884844f5","status":"passed","time":{"start":1692121620906,"stop":1692121623088,"duration":2182}},{"uid":"5035c0bbf6c4df8f","reportUrl":"https://RedRoverSchool.github.io/JenkinsQA_06/6454//#testresult/5035c0bbf6c4df8f","status":"passed","time":{"start":1692117499071,"stop":1692117501619,"duration":2548}},{"uid":"aa4d1d9672f8be58","reportUrl":"https://RedRoverSchool.github.io/JenkinsQA_06/6452//#testresult/aa4d1d9672f8be58","status":"passed","time":{"start":1692099660229,"stop":1692099662213,"duration":1984}},{"uid":"a6abbbed860316ea","reportUrl":"https://RedRoverSchool.github.io/JenkinsQA_06/6452//#testresult/a6abbbed860316ea","status":"passed","time":{"start":1692095663778,"stop":1692095665419,"duration":1641}},{"uid":"ae4a4925c4087577","reportUrl":"https://RedRoverSchool.github.io/JenkinsQA_06/6453//#testresult/ae4a4925c4087577","status":"passed","time":{"start":1692092924197,"stop":1692092926076,"duration":1879}},{"uid":"8dbb182fc5fa33e7","reportUrl":"https://RedRoverSchool.github.io/JenkinsQA_06/6452//#testresult/8dbb182fc5fa33e7","status":"passed","time":{"start":1692090636447,"stop":1692090638429,"duration":1982}},{"uid":"56e7b8526dadd5b5","reportUrl":"https://RedRoverSchool.github.io/JenkinsQA_06/6450//#testresult/56e7b8526dadd5b5","status":"passed","time":{"start":1692089547142,"stop":1692089549485,"duration":2343}},{"uid":"f3d8331353a67619","reportUrl":"https://RedRoverSchool.github.io/JenkinsQA_06/6449//#testresult/f3d8331353a67619","status":"passed","time":{"start":1692088112816,"stop":1692088115159,"duration":2343}}]},"tags":[]},"source":"bcea9c58456eaf2a.json","parameterValues":[]}