{"uid":"da895ac0906a3d94","name":"testCreateUsingInvalidData","fullName":"school.redrover.MultiConfigurationProjectTest.testCreateUsingInvalidData","historyId":"a85f82f8f5904f4419942d6abcfd69b1","time":{"start":1692204139014,"stop":1692204139014,"duration":0},"description":"Verification of showing error message while creating MultiConfiguration project with name using unsafe characters","descriptionHtml":"<p>Verification of showing error message while creating MultiConfiguration project with name using unsafe characters</p>\n","status":"skipped","statusMessage":"java.lang.RuntimeException: Authorization does not work with user: \"admin\" and password: \"5e0aef0b28024018aa59bd5f2cd22fc8\"","statusTrace":"java.lang.RuntimeException: java.lang.RuntimeException: Authorization does not work with user: \"admin\" and password: \"5e0aef0b28024018aa59bd5f2cd22fc8\"\n\tat school.redrover.runner.BaseTest.beforeMethod(BaseTest.java:50)\n\tat java.base/jdk.internal.reflect.NativeMethodAccessorImpl.invoke0(Native Method)\n\tat java.base/jdk.internal.reflect.NativeMethodAccessorImpl.invoke(NativeMethodAccessorImpl.java:77)\n\tat java.base/jdk.internal.reflect.DelegatingMethodAccessorImpl.invoke(DelegatingMethodAccessorImpl.java:43)\n\tat java.base/java.lang.reflect.Method.invoke(Method.java:568)\n\tat org.testng.internal.invokers.MethodInvocationHelper.invokeMethod(MethodInvocationHelper.java:139)\n\tat org.testng.internal.invokers.MethodInvocationHelper.invokeMethodConsideringTimeout(MethodInvocationHelper.java:69)\n\tat org.testng.internal.invokers.ConfigInvoker.invokeConfigurationMethod(ConfigInvoker.java:361)\n\tat org.testng.internal.invokers.ConfigInvoker.invokeConfigurations(ConfigInvoker.java:296)\n\tat org.testng.internal.invokers.TestInvoker.runConfigMethods(TestInvoker.java:823)\n\tat org.testng.internal.invokers.TestInvoker.invokeMethod(TestInvoker.java:590)\n\tat org.testng.internal.invokers.TestInvoker.invokeTestMethod(TestInvoker.java:221)\n\tat org.testng.internal.invokers.MethodRunner.runInSequence(MethodRunner.java:50)\n\tat org.testng.internal.invokers.TestInvoker$MethodInvocationAgent.invoke(TestInvoker.java:969)\n\tat org.testng.internal.invokers.TestInvoker.invokeTestMethods(TestInvoker.java:194)\n\tat org.testng.internal.invokers.TestMethodWorker.invokeTestMethods(TestMethodWorker.java:148)\n\tat org.testng.internal.invokers.TestMethodWorker.run(TestMethodWorker.java:128)\n\tat java.base/java.util.concurrent.ThreadPoolExecutor.runWorker(ThreadPoolExecutor.java:1136)\n\tat java.base/java.util.concurrent.ThreadPoolExecutor$Worker.run(ThreadPoolExecutor.java:635)\n\tat java.base/java.lang.Thread.run(Thread.java:833)\nCaused by: java.lang.RuntimeException: Authorization does not work with user: \"admin\" and password: \"5e0aef0b28024018aa59bd5f2cd22fc8\"\n\tat school.redrover.runner.JenkinsUtils.getPage(JenkinsUtils.java:108)\n\tat school.redrover.runner.JenkinsUtils.deleteViews(JenkinsUtils.java:131)\n\tat school.redrover.runner.JenkinsUtils.clearData(JenkinsUtils.java:167)\n\tat school.redrover.runner.BaseTest.clearData(BaseTest.java:58)\n\tat school.redrover.runner.BaseTest.beforeMethod(BaseTest.java:41)\n\t... 19 more\n","flaky":false,"newFailed":false,"newBroken":false,"newPassed":false,"retriesCount":0,"retriesStatusChange":false,"beforeStages":[{"name":"beforeClass","time":{"start":1692204132157,"stop":1692204132158,"duration":1},"description":"","status":"passed","steps":[],"attachments":[],"parameters":[],"stepsCount":0,"attachmentsCount":0,"shouldDisplayMessage":false,"hasContent":false},{"name":"beforeMethod","time":{"start":1692204139007,"stop":1692204139007,"duration":0},"description":"","status":"broken","steps":[],"attachments":[],"parameters":[],"stepsCount":0,"attachmentsCount":0,"shouldDisplayMessage":false,"hasContent":false}],"afterStages":[{"name":"afterMethod","time":{"start":1692204139015,"stop":1692204139015,"duration":0},"description":"","status":"broken","steps":[],"attachments":[],"parameters":[],"stepsCount":0,"attachmentsCount":0,"shouldDisplayMessage":false,"hasContent":false}],"labels":[{"name":"package","value":"school.redrover.MultiConfigurationProjectTest"},{"name":"testClass","value":"school.redrover.MultiConfigurationProjectTest"},{"name":"testMethod","value":"testCreateUsingInvalidData"},{"name":"parentSuite","value":"AllTestsSuite"},{"name":"suite","value":"AllTests"},{"name":"subSuite","value":"school.redrover.MultiConfigurationProjectTest"},{"name":"host","value":"fv-az445-580"},{"name":"thread","value":"2740@fv-az445-580.TestNG-test=AllTests-1(17)"},{"name":"framework","value":"testng"},{"name":"language","value":"java"},{"name":"feature","value":"Function"},{"name":"severity","value":"critical"},{"name":"resultFormat","value":"allure2"}],"parameters":[{"name":"arg0","value":"*"}],"links":[],"hidden":false,"retry":false,"extra":{"severity":"critical","retries":[],"categories":[],"history":{"statistic":{"failed":0,"broken":1,"skipped":1,"passed":12,"unknown":0,"total":14},"items":[{"uid":"f583ee519666ae77","reportUrl":"https://RedRoverSchool.github.io/JenkinsQA_06/6461//#testresult/f583ee519666ae77","status":"broken","statusDetails":"Expected condition failed: waiting for element to be clickable: By.xpath: //a[@href='newJob'] (tried for 2 second(s) with 500 milliseconds interval)\nBuild info: version: '4.8.3', revision: 'e5e76298c3'\nSystem info: os.name: 'Linux', os.arch: 'amd64', os.version: '5.15.0-1042-azure', java.version: '17.0.8'\nDriver info: org.openqa.selenium.chrome.ChromeDriver\nCapabilities {acceptInsecureCerts: false, browserName: chrome, browserVersion: 115.0.5790.170, chrome: {chromedriverVersion: 114.0.5735.90 (386bc09e8f4f..., userDataDir: /tmp/.com.google.Chrome.R0YDum}, goog:chromeOptions: {debuggerAddress: localhost:43213}, networkConnectionEnabled: false, pageLoadStrategy: normal, platformName: LINUX, proxy: Proxy(), se:cdp: ws://localhost:43213/devtoo..., se:cdpVersion: 115.0.5790.170, setWindowRect: true, strictFileInteractability: false, timeouts: {implicit: 0, pageLoad: 300000, script: 30000}, unhandledPromptBehavior: dismiss and notify, webauthn:extension:credBlob: true, webauthn:extension:largeBlob: true, webauthn:extension:minPinLength: true, webauthn:extension:prf: true, webauthn:virtualAuthenticators: true}\nSession ID: 3dcfd4c5f079d2194e7d5925e640df93","time":{"start":1692199545179,"stop":1692199555221,"duration":10042}},{"uid":"7c196a28a8069704","reportUrl":"https://RedRoverSchool.github.io/JenkinsQA_06/6459//#testresult/7c196a28a8069704","status":"passed","time":{"start":1692183016153,"stop":1692183016872,"duration":719}},{"uid":"b48f9440308d6bbd","reportUrl":"https://RedRoverSchool.github.io/JenkinsQA_06/6458//#testresult/b48f9440308d6bbd","status":"passed","time":{"start":1692180654029,"stop":1692180654671,"duration":642}},{"uid":"25feb6ce4a2ae1c9","reportUrl":"https://RedRoverSchool.github.io/JenkinsQA_06/6457//#testresult/25feb6ce4a2ae1c9","status":"passed","time":{"start":1692161605582,"stop":1692161606295,"duration":713}},{"uid":"334d3caff3bf1a3d","reportUrl":"https://RedRoverSchool.github.io/JenkinsQA_06/6456//#testresult/334d3caff3bf1a3d","status":"passed","time":{"start":1692126501792,"stop":1692126502519,"duration":727}},{"uid":"ccb0b30e38aa8015","reportUrl":"https://RedRoverSchool.github.io/JenkinsQA_06/6455//#testresult/ccb0b30e38aa8015","status":"passed","time":{"start":1692121668517,"stop":1692121669109,"duration":592}},{"uid":"6e0e34afe566fd0e","reportUrl":"https://RedRoverSchool.github.io/JenkinsQA_06/6454//#testresult/6e0e34afe566fd0e","status":"passed","time":{"start":1692117548848,"stop":1692117549504,"duration":656}},{"uid":"2d2b59c5a2aba103","reportUrl":"https://RedRoverSchool.github.io/JenkinsQA_06/6452//#testresult/2d2b59c5a2aba103","status":"passed","time":{"start":1692099708649,"stop":1692099709659,"duration":1010}},{"uid":"54ba6e5cebbae9fe","reportUrl":"https://RedRoverSchool.github.io/JenkinsQA_06/6452//#testresult/54ba6e5cebbae9fe","status":"passed","time":{"start":1692095701644,"stop":1692095702110,"duration":466}},{"uid":"fce25f7276a28d97","reportUrl":"https://RedRoverSchool.github.io/JenkinsQA_06/6453//#testresult/fce25f7276a28d97","status":"passed","time":{"start":1692092964182,"stop":1692092964937,"duration":755}},{"uid":"8deca74775407ddf","reportUrl":"https://RedRoverSchool.github.io/JenkinsQA_06/6452//#testresult/8deca74775407ddf","status":"passed","time":{"start":1692090678718,"stop":1692090679319,"duration":601}},{"uid":"ce3fd8c14b12a25a","reportUrl":"https://RedRoverSchool.github.io/JenkinsQA_06/6450//#testresult/ce3fd8c14b12a25a","status":"passed","time":{"start":1692089594439,"stop":1692089595356,"duration":917}},{"uid":"d982a00db2385146","reportUrl":"https://RedRoverSchool.github.io/JenkinsQA_06/6449//#testresult/d982a00db2385146","status":"passed","time":{"start":1692088161239,"stop":1692088162152,"duration":913}}]},"tags":[]},"source":"da895ac0906a3d94.json","parameterValues":["*"]}