{"uid":"1ad30d240a8a756d","name":"testCreateFromMyViewsNewItem","fullName":"school.redrover.FolderTest.testCreateFromMyViewsNewItem","historyId":"b448e2a0087cd04ee10ffa81ddf4914d","time":{"start":1692539656610,"stop":1692539656610,"duration":0},"description":"Verification of creating Folder project by clicking 'New Item' button from My Views Page","descriptionHtml":"<p>Verification of creating Folder project by clicking 'New Item' button from My Views Page</p>\n","status":"skipped","statusMessage":"Cannot invoke \"org.openqa.selenium.TakesScreenshot.getScreenshotAs(org.openqa.selenium.OutputType)\" because \"driver\" is null","statusTrace":"java.lang.NullPointerException: Cannot invoke \"org.openqa.selenium.TakesScreenshot.getScreenshotAs(org.openqa.selenium.OutputType)\" because \"driver\" is null\n\tat school.redrover.runner.ProjectUtils.takeScreenshot(ProjectUtils.java:126)\n\tat school.redrover.runner.BaseTest.afterMethod(BaseTest.java:122)\n\tat jdk.internal.reflect.GeneratedMethodAccessor128.invoke(Unknown Source)\n\tat java.base/jdk.internal.reflect.DelegatingMethodAccessorImpl.invoke(DelegatingMethodAccessorImpl.java:43)\n\tat java.base/java.lang.reflect.Method.invoke(Method.java:568)\n\tat org.testng.internal.invokers.MethodInvocationHelper.invokeMethod(MethodInvocationHelper.java:139)\n\tat org.testng.internal.invokers.MethodInvocationHelper.invokeMethodConsideringTimeout(MethodInvocationHelper.java:69)\n\tat org.testng.internal.invokers.ConfigInvoker.invokeConfigurationMethod(ConfigInvoker.java:361)\n\tat org.testng.internal.invokers.ConfigInvoker.invokeConfigurations(ConfigInvoker.java:296)\n\tat org.testng.internal.invokers.TestInvoker.runConfigMethods(TestInvoker.java:823)\n\tat org.testng.internal.invokers.TestInvoker.runAfterConfigurations(TestInvoker.java:792)\n\tat org.testng.internal.invokers.TestInvoker.invokeMethod(TestInvoker.java:613)\n\tat org.testng.internal.invokers.TestInvoker.invokeTestMethod(TestInvoker.java:221)\n\tat org.testng.internal.invokers.MethodRunner.runInSequence(MethodRunner.java:50)\n\tat org.testng.internal.invokers.TestInvoker$MethodInvocationAgent.invoke(TestInvoker.java:969)\n\tat org.testng.internal.invokers.TestInvoker.invokeTestMethods(TestInvoker.java:194)\n\tat org.testng.internal.invokers.TestMethodWorker.invokeTestMethods(TestMethodWorker.java:148)\n\tat org.testng.internal.invokers.TestMethodWorker.run(TestMethodWorker.java:128)\n\tat java.base/java.util.concurrent.ThreadPoolExecutor.runWorker(ThreadPoolExecutor.java:1136)\n\tat java.base/java.util.concurrent.ThreadPoolExecutor$Worker.run(ThreadPoolExecutor.java:635)\n\tat java.base/java.lang.Thread.run(Thread.java:833)\n","flaky":false,"newFailed":false,"newBroken":false,"newPassed":false,"retriesCount":0,"retriesStatusChange":false,"beforeStages":[{"name":"beforeClass","time":{"start":1692539630536,"stop":1692539630546,"duration":10},"description":"","status":"passed","steps":[],"attachments":[],"parameters":[],"stepsCount":0,"attachmentsCount":0,"shouldDisplayMessage":false,"hasContent":false},{"name":"beforeMethod","time":{"start":1692539656609,"stop":1692539656609,"duration":0},"description":"","status":"broken","steps":[],"attachments":[],"parameters":[],"stepsCount":0,"attachmentsCount":0,"shouldDisplayMessage":false,"hasContent":false}],"afterStages":[{"name":"afterMethod","time":{"start":1692539656612,"stop":1692539656612,"duration":0},"description":"","status":"broken","statusMessage":"Cannot invoke \"org.openqa.selenium.TakesScreenshot.getScreenshotAs(org.openqa.selenium.OutputType)\" because \"driver\" is null","statusTrace":"java.lang.NullPointerException: Cannot invoke \"org.openqa.selenium.TakesScreenshot.getScreenshotAs(org.openqa.selenium.OutputType)\" because \"driver\" is null\n\tat school.redrover.runner.ProjectUtils.takeScreenshot(ProjectUtils.java:126)\n\tat school.redrover.runner.BaseTest.afterMethod(BaseTest.java:122)\n\tat jdk.internal.reflect.GeneratedMethodAccessor128.invoke(Unknown Source)\n\tat java.base/jdk.internal.reflect.DelegatingMethodAccessorImpl.invoke(DelegatingMethodAccessorImpl.java:43)\n\tat java.base/java.lang.reflect.Method.invoke(Method.java:568)\n\tat org.testng.internal.invokers.MethodInvocationHelper.invokeMethod(MethodInvocationHelper.java:139)\n\tat org.testng.internal.invokers.MethodInvocationHelper.invokeMethodConsideringTimeout(MethodInvocationHelper.java:69)\n\tat org.testng.internal.invokers.ConfigInvoker.invokeConfigurationMethod(ConfigInvoker.java:361)\n\tat org.testng.internal.invokers.ConfigInvoker.invokeConfigurations(ConfigInvoker.java:296)\n\tat org.testng.internal.invokers.TestInvoker.runConfigMethods(TestInvoker.java:823)\n\tat org.testng.internal.invokers.TestInvoker.runAfterConfigurations(TestInvoker.java:792)\n\tat org.testng.internal.invokers.TestInvoker.invokeMethod(TestInvoker.java:613)\n\tat org.testng.internal.invokers.TestInvoker.invokeTestMethod(TestInvoker.java:221)\n\tat org.testng.internal.invokers.MethodRunner.runInSequence(MethodRunner.java:50)\n\tat org.testng.internal.invokers.TestInvoker$MethodInvocationAgent.invoke(TestInvoker.java:969)\n\tat org.testng.internal.invokers.TestInvoker.invokeTestMethods(TestInvoker.java:194)\n\tat org.testng.internal.invokers.TestMethodWorker.invokeTestMethods(TestMethodWorker.java:148)\n\tat org.testng.internal.invokers.TestMethodWorker.run(TestMethodWorker.java:128)\n\tat java.base/java.util.concurrent.ThreadPoolExecutor.runWorker(ThreadPoolExecutor.java:1136)\n\tat java.base/java.util.concurrent.ThreadPoolExecutor$Worker.run(ThreadPoolExecutor.java:635)\n\tat java.base/java.lang.Thread.run(Thread.java:833)\n","steps":[],"attachments":[],"parameters":[],"stepsCount":0,"attachmentsCount":0,"shouldDisplayMessage":true,"hasContent":true},{"name":"unlockInstance","time":{"start":1692539659256,"stop":1692539659256,"duration":0},"description":"","status":"passed","steps":[],"attachments":[],"parameters":[],"stepsCount":0,"attachmentsCount":0,"shouldDisplayMessage":false,"hasContent":false}],"labels":[{"name":"package","value":"school.redrover.FolderTest"},{"name":"testClass","value":"school.redrover.FolderTest"},{"name":"testMethod","value":"testCreateFromMyViewsNewItem"},{"name":"parentSuite","value":"AllTestsSuite"},{"name":"suite","value":"AllTests"},{"name":"subSuite","value":"school.redrover.FolderTest"},{"name":"host","value":"fv-az577-553"},{"name":"thread","value":"3203@fv-az577-553.TestNG-test=AllTests-4(20)"},{"name":"framework","value":"testng"},{"name":"language","value":"java"},{"name":"severity","value":"critical"},{"name":"resultFormat","value":"allure2"}],"parameters":[],"links":[],"hidden":false,"retry":false,"extra":{"severity":"critical","retries":[],"categories":[],"history":{"statistic":{"failed":0,"broken":0,"skipped":5,"passed":5,"unknown":0,"total":10},"items":[{"uid":"b2557e9c93647d55","reportUrl":"https://RedRoverSchool.github.io/JenkinsQA_06/6545//#testresult/b2557e9c93647d55","status":"skipped","statusDetails":"1 expectation failed.\nExpected status code <302> but was <403>.\n","time":{"start":1692538385384,"stop":1692538385384,"duration":0}},{"uid":"97507e51bbca44a2","reportUrl":"https://RedRoverSchool.github.io/JenkinsQA_06/6544//#testresult/97507e51bbca44a2","status":"skipped","statusDetails":"1 expectation failed.\nExpected status code <302> but was <403>.\n","time":{"start":1692536772251,"stop":1692536772252,"duration":1}},{"uid":"b2e56385373bc16a","reportUrl":"https://RedRoverSchool.github.io/JenkinsQA_06/6539//#testresult/b2e56385373bc16a","status":"passed","time":{"start":1692534743156,"stop":1692534745001,"duration":1845}},{"uid":"b32be8016cf78e93","reportUrl":"https://RedRoverSchool.github.io/JenkinsQA_06/6542//#testresult/b32be8016cf78e93","status":"passed","time":{"start":1692533415876,"stop":1692533417343,"duration":1467}},{"uid":"d36f2d463b3d8dce","reportUrl":"https://RedRoverSchool.github.io/JenkinsQA_06/6543//#testresult/d36f2d463b3d8dce","status":"skipped","statusDetails":"1 expectation failed.\nExpected status code <302> but was <403>.\n","time":{"start":1692533975200,"stop":1692533975200,"duration":0}},{"uid":"d020ae6bfc81c0f0","reportUrl":"https://RedRoverSchool.github.io/JenkinsQA_06/6541//#testresult/d020ae6bfc81c0f0","status":"passed","time":{"start":1692531261244,"stop":1692531264350,"duration":3106}},{"uid":"f64485e3030384da","reportUrl":"https://RedRoverSchool.github.io/JenkinsQA_06/6539//#testresult/f64485e3030384da","status":"passed","time":{"start":1692530157518,"stop":1692530159364,"duration":1846}},{"uid":"7ce35f8106264ad5","reportUrl":"https://RedRoverSchool.github.io/JenkinsQA_06/6537//#testresult/7ce35f8106264ad5","status":"passed","time":{"start":1692530254654,"stop":1692530256121,"duration":1467}},{"uid":"391fac0d417b81d4","reportUrl":"https://RedRoverSchool.github.io/JenkinsQA_06/6540//#testresult/391fac0d417b81d4","status":"skipped","statusDetails":"Invalid number of path parameters. Expected 1, was 0. Undefined path parameters are: .","time":{"start":1692528229184,"stop":1692528229185,"duration":1}}]},"tags":[]},"source":"1ad30d240a8a756d.json","parameterValues":[]}