{"uid":"2fed139ca52c93b5","name":"testCreateFromManageJenkinsPage","fullName":"school.redrover.FolderTest.testCreateFromManageJenkinsPage","historyId":"9a697dea166a372c02f75b8f53b06cbc","time":{"start":1692539656565,"stop":1692539656565,"duration":0},"description":"Verification of creating Folder project by clicking 'New Item' button from Manage Jenkins Page","descriptionHtml":"<p>Verification of creating Folder project by clicking 'New Item' button from Manage Jenkins Page</p>\n","status":"skipped","statusMessage":"Cannot invoke \"org.openqa.selenium.TakesScreenshot.getScreenshotAs(org.openqa.selenium.OutputType)\" because \"driver\" is null","statusTrace":"java.lang.NullPointerException: Cannot invoke \"org.openqa.selenium.TakesScreenshot.getScreenshotAs(org.openqa.selenium.OutputType)\" because \"driver\" is null\n\tat school.redrover.runner.ProjectUtils.takeScreenshot(ProjectUtils.java:126)\n\tat school.redrover.runner.BaseTest.afterMethod(BaseTest.java:122)\n\tat jdk.internal.reflect.GeneratedMethodAccessor128.invoke(Unknown Source)\n\tat java.base/jdk.internal.reflect.DelegatingMethodAccessorImpl.invoke(DelegatingMethodAccessorImpl.java:43)\n\tat java.base/java.lang.reflect.Method.invoke(Method.java:568)\n\tat org.testng.internal.invokers.MethodInvocationHelper.invokeMethod(MethodInvocationHelper.java:139)\n\tat org.testng.internal.invokers.MethodInvocationHelper.invokeMethodConsideringTimeout(MethodInvocationHelper.java:69)\n\tat org.testng.internal.invokers.ConfigInvoker.invokeConfigurationMethod(ConfigInvoker.java:361)\n\tat org.testng.internal.invokers.ConfigInvoker.invokeConfigurations(ConfigInvoker.java:296)\n\tat org.testng.internal.invokers.TestInvoker.runConfigMethods(TestInvoker.java:823)\n\tat org.testng.internal.invokers.TestInvoker.runAfterConfigurations(TestInvoker.java:792)\n\tat org.testng.internal.invokers.TestInvoker.invokeMethod(TestInvoker.java:613)\n\tat org.testng.internal.invokers.TestInvoker.invokeTestMethod(TestInvoker.java:221)\n\tat org.testng.internal.invokers.MethodRunner.runInSequence(MethodRunner.java:50)\n\tat org.testng.internal.invokers.TestInvoker$MethodInvocationAgent.invoke(TestInvoker.java:969)\n\tat org.testng.internal.invokers.TestInvoker.invokeTestMethods(TestInvoker.java:194)\n\tat org.testng.internal.invokers.TestMethodWorker.invokeTestMethods(TestMethodWorker.java:148)\n\tat org.testng.internal.invokers.TestMethodWorker.run(TestMethodWorker.java:128)\n\tat java.base/java.util.concurrent.ThreadPoolExecutor.runWorker(ThreadPoolExecutor.java:1136)\n\tat java.base/java.util.concurrent.ThreadPoolExecutor$Worker.run(ThreadPoolExecutor.java:635)\n\tat java.base/java.lang.Thread.run(Thread.java:833)\n","flaky":false,"newFailed":false,"newBroken":false,"newPassed":false,"retriesCount":0,"retriesStatusChange":false,"beforeStages":[{"name":"beforeClass","time":{"start":1692539630536,"stop":1692539630546,"duration":10},"description":"","status":"passed","steps":[],"attachments":[],"parameters":[],"stepsCount":0,"attachmentsCount":0,"shouldDisplayMessage":false,"hasContent":false},{"name":"beforeMethod","time":{"start":1692539656564,"stop":1692539656564,"duration":0},"description":"","status":"broken","steps":[],"attachments":[],"parameters":[],"stepsCount":0,"attachmentsCount":0,"shouldDisplayMessage":false,"hasContent":false}],"afterStages":[{"name":"afterMethod","time":{"start":1692539656573,"stop":1692539656573,"duration":0},"description":"","status":"broken","statusMessage":"Cannot invoke \"org.openqa.selenium.TakesScreenshot.getScreenshotAs(org.openqa.selenium.OutputType)\" because \"driver\" is null","statusTrace":"java.lang.NullPointerException: Cannot invoke \"org.openqa.selenium.TakesScreenshot.getScreenshotAs(org.openqa.selenium.OutputType)\" because \"driver\" is null\n\tat school.redrover.runner.ProjectUtils.takeScreenshot(ProjectUtils.java:126)\n\tat school.redrover.runner.BaseTest.afterMethod(BaseTest.java:122)\n\tat jdk.internal.reflect.GeneratedMethodAccessor128.invoke(Unknown Source)\n\tat java.base/jdk.internal.reflect.DelegatingMethodAccessorImpl.invoke(DelegatingMethodAccessorImpl.java:43)\n\tat java.base/java.lang.reflect.Method.invoke(Method.java:568)\n\tat org.testng.internal.invokers.MethodInvocationHelper.invokeMethod(MethodInvocationHelper.java:139)\n\tat org.testng.internal.invokers.MethodInvocationHelper.invokeMethodConsideringTimeout(MethodInvocationHelper.java:69)\n\tat org.testng.internal.invokers.ConfigInvoker.invokeConfigurationMethod(ConfigInvoker.java:361)\n\tat org.testng.internal.invokers.ConfigInvoker.invokeConfigurations(ConfigInvoker.java:296)\n\tat org.testng.internal.invokers.TestInvoker.runConfigMethods(TestInvoker.java:823)\n\tat org.testng.internal.invokers.TestInvoker.runAfterConfigurations(TestInvoker.java:792)\n\tat org.testng.internal.invokers.TestInvoker.invokeMethod(TestInvoker.java:613)\n\tat org.testng.internal.invokers.TestInvoker.invokeTestMethod(TestInvoker.java:221)\n\tat org.testng.internal.invokers.MethodRunner.runInSequence(MethodRunner.java:50)\n\tat org.testng.internal.invokers.TestInvoker$MethodInvocationAgent.invoke(TestInvoker.java:969)\n\tat org.testng.internal.invokers.TestInvoker.invokeTestMethods(TestInvoker.java:194)\n\tat org.testng.internal.invokers.TestMethodWorker.invokeTestMethods(TestMethodWorker.java:148)\n\tat org.testng.internal.invokers.TestMethodWorker.run(TestMethodWorker.java:128)\n\tat java.base/java.util.concurrent.ThreadPoolExecutor.runWorker(ThreadPoolExecutor.java:1136)\n\tat java.base/java.util.concurrent.ThreadPoolExecutor$Worker.run(ThreadPoolExecutor.java:635)\n\tat java.base/java.lang.Thread.run(Thread.java:833)\n","steps":[],"attachments":[],"parameters":[],"stepsCount":0,"attachmentsCount":0,"shouldDisplayMessage":true,"hasContent":true},{"name":"unlockInstance","time":{"start":1692539659256,"stop":1692539659256,"duration":0},"description":"","status":"passed","steps":[],"attachments":[],"parameters":[],"stepsCount":0,"attachmentsCount":0,"shouldDisplayMessage":false,"hasContent":false}],"labels":[{"name":"package","value":"school.redrover.FolderTest"},{"name":"testClass","value":"school.redrover.FolderTest"},{"name":"testMethod","value":"testCreateFromManageJenkinsPage"},{"name":"parentSuite","value":"AllTestsSuite"},{"name":"suite","value":"AllTests"},{"name":"subSuite","value":"school.redrover.FolderTest"},{"name":"host","value":"fv-az577-553"},{"name":"thread","value":"3203@fv-az577-553.TestNG-test=AllTests-4(20)"},{"name":"framework","value":"testng"},{"name":"language","value":"java"},{"name":"severity","value":"critical"},{"name":"resultFormat","value":"allure2"}],"parameters":[],"links":[],"hidden":false,"retry":false,"extra":{"severity":"critical","retries":[],"categories":[],"history":{"statistic":{"failed":0,"broken":0,"skipped":5,"passed":5,"unknown":0,"total":10},"items":[{"uid":"921c92348c28c887","reportUrl":"https://RedRoverSchool.github.io/JenkinsQA_06/6545//#testresult/921c92348c28c887","status":"skipped","statusDetails":"1 expectation failed.\nExpected status code <302> but was <403>.\n","time":{"start":1692538385364,"stop":1692538385364,"duration":0}},{"uid":"14a73acaf26cf0e","reportUrl":"https://RedRoverSchool.github.io/JenkinsQA_06/6544//#testresult/14a73acaf26cf0e","status":"skipped","statusDetails":"1 expectation failed.\nExpected status code <302> but was <403>.\n","time":{"start":1692536772189,"stop":1692536772189,"duration":0}},{"uid":"314708470750d797","reportUrl":"https://RedRoverSchool.github.io/JenkinsQA_06/6539//#testresult/314708470750d797","status":"passed","time":{"start":1692534736023,"stop":1692534737904,"duration":1881}},{"uid":"36e8af03d09519f8","reportUrl":"https://RedRoverSchool.github.io/JenkinsQA_06/6542//#testresult/36e8af03d09519f8","status":"passed","time":{"start":1692533409627,"stop":1692533411204,"duration":1577}},{"uid":"58a10b4b1db2e996","reportUrl":"https://RedRoverSchool.github.io/JenkinsQA_06/6543//#testresult/58a10b4b1db2e996","status":"skipped","statusDetails":"1 expectation failed.\nExpected status code <302> but was <403>.\n","time":{"start":1692533975184,"stop":1692533975184,"duration":0}},{"uid":"a6a43b04c100a854","reportUrl":"https://RedRoverSchool.github.io/JenkinsQA_06/6541//#testresult/a6a43b04c100a854","status":"passed","time":{"start":1692531247294,"stop":1692531250320,"duration":3026}},{"uid":"f928ba420f5aedb3","reportUrl":"https://RedRoverSchool.github.io/JenkinsQA_06/6539//#testresult/f928ba420f5aedb3","status":"passed","time":{"start":1692530149977,"stop":1692530152026,"duration":2049}},{"uid":"b9020e26250aec27","reportUrl":"https://RedRoverSchool.github.io/JenkinsQA_06/6537//#testresult/b9020e26250aec27","status":"passed","time":{"start":1692530247472,"stop":1692530249230,"duration":1758}},{"uid":"dc8f8cbbb2491c4e","reportUrl":"https://RedRoverSchool.github.io/JenkinsQA_06/6540//#testresult/dc8f8cbbb2491c4e","status":"skipped","statusDetails":"Invalid number of path parameters. Expected 1, was 0. Undefined path parameters are: .","time":{"start":1692528229182,"stop":1692528229182,"duration":0}}]},"tags":[]},"source":"2fed139ca52c93b5.json","parameterValues":[]}