{"uid":"504d83dd3d845629","name":"testCancelDeletingFromDropDownMenu","fullName":"school.redrover.MultiConfigurationProjectTest.testCancelDeletingFromDropDownMenu","historyId":"f84d3275106373b47f38729753265bb9","time":{"start":1692539554691,"stop":1692539554691,"duration":0},"description":"Verification of possibility to cancel deleting from drop-down menu for MultiConfiguration Project","descriptionHtml":"<p>Verification of possibility to cancel deleting from drop-down menu for MultiConfiguration Project</p>\n","status":"skipped","statusMessage":"Cannot invoke \"org.openqa.selenium.TakesScreenshot.getScreenshotAs(org.openqa.selenium.OutputType)\" because \"driver\" is null","statusTrace":"java.lang.NullPointerException: Cannot invoke \"org.openqa.selenium.TakesScreenshot.getScreenshotAs(org.openqa.selenium.OutputType)\" because \"driver\" is null\n\tat school.redrover.runner.ProjectUtils.takeScreenshot(ProjectUtils.java:126)\n\tat school.redrover.runner.BaseTest.afterMethod(BaseTest.java:122)\n\tat java.base/jdk.internal.reflect.NativeMethodAccessorImpl.invoke0(Native Method)\n\tat java.base/jdk.internal.reflect.NativeMethodAccessorImpl.invoke(NativeMethodAccessorImpl.java:77)\n\tat java.base/jdk.internal.reflect.DelegatingMethodAccessorImpl.invoke(DelegatingMethodAccessorImpl.java:43)\n\tat java.base/java.lang.reflect.Method.invoke(Method.java:568)\n\tat org.testng.internal.invokers.MethodInvocationHelper.invokeMethod(MethodInvocationHelper.java:139)\n\tat org.testng.internal.invokers.MethodInvocationHelper.invokeMethodConsideringTimeout(MethodInvocationHelper.java:69)\n\tat org.testng.internal.invokers.ConfigInvoker.invokeConfigurationMethod(ConfigInvoker.java:361)\n\tat org.testng.internal.invokers.ConfigInvoker.invokeConfigurations(ConfigInvoker.java:296)\n\tat org.testng.internal.invokers.TestInvoker.runConfigMethods(TestInvoker.java:823)\n\tat org.testng.internal.invokers.TestInvoker.runAfterConfigurations(TestInvoker.java:792)\n\tat org.testng.internal.invokers.TestInvoker.invokeMethod(TestInvoker.java:613)\n\tat org.testng.internal.invokers.TestInvoker.invokeTestMethod(TestInvoker.java:221)\n\tat org.testng.internal.invokers.MethodRunner.runInSequence(MethodRunner.java:50)\n\tat org.testng.internal.invokers.TestInvoker$MethodInvocationAgent.invoke(TestInvoker.java:969)\n\tat org.testng.internal.invokers.TestInvoker.invokeTestMethods(TestInvoker.java:194)\n\tat org.testng.internal.invokers.TestMethodWorker.invokeTestMethods(TestMethodWorker.java:148)\n\tat org.testng.internal.invokers.TestMethodWorker.run(TestMethodWorker.java:128)\n\tat java.base/java.util.concurrent.ThreadPoolExecutor.runWorker(ThreadPoolExecutor.java:1136)\n\tat java.base/java.util.concurrent.ThreadPoolExecutor$Worker.run(ThreadPoolExecutor.java:635)\n\tat java.base/java.lang.Thread.run(Thread.java:833)\n","flaky":false,"newFailed":false,"newBroken":false,"newPassed":false,"retriesCount":0,"retriesStatusChange":false,"beforeStages":[{"name":"beforeClass","time":{"start":1692539479915,"stop":1692539482778,"duration":2863},"description":"","status":"passed","steps":[],"attachments":[],"parameters":[],"stepsCount":0,"attachmentsCount":0,"shouldDisplayMessage":false,"hasContent":false},{"name":"beforeMethod","time":{"start":1692539554689,"stop":1692539554690,"duration":1},"description":"","status":"broken","steps":[],"attachments":[],"parameters":[],"stepsCount":0,"attachmentsCount":0,"shouldDisplayMessage":false,"hasContent":false}],"afterStages":[{"name":"afterMethod","time":{"start":1692539554692,"stop":1692539554703,"duration":11},"description":"","status":"broken","statusMessage":"Cannot invoke \"org.openqa.selenium.TakesScreenshot.getScreenshotAs(org.openqa.selenium.OutputType)\" because \"driver\" is null","statusTrace":"java.lang.NullPointerException: Cannot invoke \"org.openqa.selenium.TakesScreenshot.getScreenshotAs(org.openqa.selenium.OutputType)\" because \"driver\" is null\n\tat school.redrover.runner.ProjectUtils.takeScreenshot(ProjectUtils.java:126)\n\tat school.redrover.runner.BaseTest.afterMethod(BaseTest.java:122)\n\tat java.base/jdk.internal.reflect.NativeMethodAccessorImpl.invoke0(Native Method)\n\tat java.base/jdk.internal.reflect.NativeMethodAccessorImpl.invoke(NativeMethodAccessorImpl.java:77)\n\tat java.base/jdk.internal.reflect.DelegatingMethodAccessorImpl.invoke(DelegatingMethodAccessorImpl.java:43)\n\tat java.base/java.lang.reflect.Method.invoke(Method.java:568)\n\tat org.testng.internal.invokers.MethodInvocationHelper.invokeMethod(MethodInvocationHelper.java:139)\n\tat org.testng.internal.invokers.MethodInvocationHelper.invokeMethodConsideringTimeout(MethodInvocationHelper.java:69)\n\tat org.testng.internal.invokers.ConfigInvoker.invokeConfigurationMethod(ConfigInvoker.java:361)\n\tat org.testng.internal.invokers.ConfigInvoker.invokeConfigurations(ConfigInvoker.java:296)\n\tat org.testng.internal.invokers.TestInvoker.runConfigMethods(TestInvoker.java:823)\n\tat org.testng.internal.invokers.TestInvoker.runAfterConfigurations(TestInvoker.java:792)\n\tat org.testng.internal.invokers.TestInvoker.invokeMethod(TestInvoker.java:613)\n\tat org.testng.internal.invokers.TestInvoker.invokeTestMethod(TestInvoker.java:221)\n\tat org.testng.internal.invokers.MethodRunner.runInSequence(MethodRunner.java:50)\n\tat org.testng.internal.invokers.TestInvoker$MethodInvocationAgent.invoke(TestInvoker.java:969)\n\tat org.testng.internal.invokers.TestInvoker.invokeTestMethods(TestInvoker.java:194)\n\tat org.testng.internal.invokers.TestMethodWorker.invokeTestMethods(TestMethodWorker.java:148)\n\tat org.testng.internal.invokers.TestMethodWorker.run(TestMethodWorker.java:128)\n\tat java.base/java.util.concurrent.ThreadPoolExecutor.runWorker(ThreadPoolExecutor.java:1136)\n\tat java.base/java.util.concurrent.ThreadPoolExecutor$Worker.run(ThreadPoolExecutor.java:635)\n\tat java.base/java.lang.Thread.run(Thread.java:833)\n","steps":[],"attachments":[],"parameters":[],"stepsCount":0,"attachmentsCount":0,"shouldDisplayMessage":true,"hasContent":true},{"name":"unlockInstance","time":{"start":1692539557203,"stop":1692539557203,"duration":0},"description":"","status":"passed","steps":[],"attachments":[],"parameters":[],"stepsCount":0,"attachmentsCount":0,"shouldDisplayMessage":false,"hasContent":false}],"labels":[{"name":"package","value":"school.redrover.MultiConfigurationProjectTest"},{"name":"testClass","value":"school.redrover.MultiConfigurationProjectTest"},{"name":"testMethod","value":"testCancelDeletingFromDropDownMenu"},{"name":"parentSuite","value":"AllTestsSuite"},{"name":"suite","value":"AllTests"},{"name":"subSuite","value":"school.redrover.MultiConfigurationProjectTest"},{"name":"host","value":"fv-az577-553"},{"name":"thread","value":"3203@fv-az577-553.TestNG-test=AllTests-1(17)"},{"name":"framework","value":"testng"},{"name":"language","value":"java"},{"name":"feature","value":"Function"},{"name":"severity","value":"critical"},{"name":"resultFormat","value":"allure2"}],"parameters":[],"links":[],"hidden":false,"retry":false,"extra":{"severity":"critical","retries":[],"categories":[],"history":{"statistic":{"failed":0,"broken":0,"skipped":5,"passed":6,"unknown":0,"total":11},"items":[{"uid":"4c6d0837d5d3eccf","reportUrl":"https://RedRoverSchool.github.io/JenkinsQA_06/6545//#testresult/4c6d0837d5d3eccf","status":"skipped","statusDetails":"1 expectation failed.\nExpected status code <302> but was <403>.\n","time":{"start":1692538294228,"stop":1692538294229,"duration":1}},{"uid":"d3751d5462e53439","reportUrl":"https://RedRoverSchool.github.io/JenkinsQA_06/6544//#testresult/d3751d5462e53439","status":"skipped","statusDetails":"1 expectation failed.\nExpected status code <302> but was <403>.\n","time":{"start":1692536703600,"stop":1692536703600,"duration":0}},{"uid":"f99f6073b0d4ee55","reportUrl":"https://RedRoverSchool.github.io/JenkinsQA_06/6539//#testresult/f99f6073b0d4ee55","status":"passed","time":{"start":1692532861444,"stop":1692532863909,"duration":2465}},{"uid":"377ce3f5e6823684","reportUrl":"https://RedRoverSchool.github.io/JenkinsQA_06/6542//#testresult/377ce3f5e6823684","status":"passed","time":{"start":1692531728015,"stop":1692531730368,"duration":2353}},{"uid":"1f042660be334b3d","reportUrl":"https://RedRoverSchool.github.io/JenkinsQA_06/6543//#testresult/1f042660be334b3d","status":"skipped","statusDetails":"1 expectation failed.\nExpected status code <302> but was <403>.\n","time":{"start":1692533935769,"stop":1692533935769,"duration":0}},{"uid":"c80fa3109c135d8d","reportUrl":"https://RedRoverSchool.github.io/JenkinsQA_06/6541//#testresult/c80fa3109c135d8d","status":"passed","time":{"start":1692529653767,"stop":1692529658328,"duration":4561}},{"uid":"e43c40badc75f311","reportUrl":"https://RedRoverSchool.github.io/JenkinsQA_06/6539//#testresult/e43c40badc75f311","status":"passed","time":{"start":1692528165256,"stop":1692528167995,"duration":2739}},{"uid":"2d891d8a1d8b041c","reportUrl":"https://RedRoverSchool.github.io/JenkinsQA_06/6537//#testresult/2d891d8a1d8b041c","status":"passed","time":{"start":1692527742677,"stop":1692527745187,"duration":2510}},{"uid":"ae8bcd62987aef0","reportUrl":"https://RedRoverSchool.github.io/JenkinsQA_06/6540//#testresult/ae8bcd62987aef0","status":"skipped","statusDetails":"Invalid number of path parameters. Expected 1, was 0. Undefined path parameters are: .","time":{"start":1692528174178,"stop":1692528174178,"duration":0}},{"uid":"c139c1bb02d5352d","reportUrl":"https://RedRoverSchool.github.io/JenkinsQA_06/6538//#testresult/c139c1bb02d5352d","status":"passed","time":{"start":1692527248057,"stop":1692527250610,"duration":2553}}]},"tags":[]},"source":"504d83dd3d845629.json","parameterValues":[]}