{"uid":"5750dfe56996927e","name":"testCreateWithLongName","fullName":"school.redrover.FreestyleProjectTest.testCreateWithLongName","historyId":"4ae1d70cba5af30494b70f747fecd420","time":{"start":1692539599609,"stop":1692539599609,"duration":0},"description":"Verification of showing error message while creating Freestyle project with long name","descriptionHtml":"<p>Verification of showing error message while creating Freestyle project with long name</p>\n","status":"skipped","statusMessage":"Cannot invoke \"org.openqa.selenium.TakesScreenshot.getScreenshotAs(org.openqa.selenium.OutputType)\" because \"driver\" is null","statusTrace":"java.lang.NullPointerException: Cannot invoke \"org.openqa.selenium.TakesScreenshot.getScreenshotAs(org.openqa.selenium.OutputType)\" because \"driver\" is null\n\tat school.redrover.runner.ProjectUtils.takeScreenshot(ProjectUtils.java:126)\n\tat school.redrover.runner.BaseTest.afterMethod(BaseTest.java:122)\n\tat jdk.internal.reflect.GeneratedMethodAccessor128.invoke(Unknown Source)\n\tat java.base/jdk.internal.reflect.DelegatingMethodAccessorImpl.invoke(DelegatingMethodAccessorImpl.java:43)\n\tat java.base/java.lang.reflect.Method.invoke(Method.java:568)\n\tat org.testng.internal.invokers.MethodInvocationHelper.invokeMethod(MethodInvocationHelper.java:139)\n\tat org.testng.internal.invokers.MethodInvocationHelper.invokeMethodConsideringTimeout(MethodInvocationHelper.java:69)\n\tat org.testng.internal.invokers.ConfigInvoker.invokeConfigurationMethod(ConfigInvoker.java:361)\n\tat org.testng.internal.invokers.ConfigInvoker.invokeConfigurations(ConfigInvoker.java:296)\n\tat org.testng.internal.invokers.TestInvoker.runConfigMethods(TestInvoker.java:823)\n\tat org.testng.internal.invokers.TestInvoker.runAfterConfigurations(TestInvoker.java:792)\n\tat org.testng.internal.invokers.TestInvoker.invokeMethod(TestInvoker.java:613)\n\tat org.testng.internal.invokers.TestInvoker.invokeTestMethod(TestInvoker.java:221)\n\tat org.testng.internal.invokers.MethodRunner.runInSequence(MethodRunner.java:50)\n\tat org.testng.internal.invokers.TestInvoker$MethodInvocationAgent.invoke(TestInvoker.java:969)\n\tat org.testng.internal.invokers.TestInvoker.invokeTestMethods(TestInvoker.java:194)\n\tat org.testng.internal.invokers.TestMethodWorker.invokeTestMethods(TestMethodWorker.java:148)\n\tat org.testng.internal.invokers.TestMethodWorker.run(TestMethodWorker.java:128)\n\tat java.base/java.util.concurrent.ThreadPoolExecutor.runWorker(ThreadPoolExecutor.java:1136)\n\tat java.base/java.util.concurrent.ThreadPoolExecutor$Worker.run(ThreadPoolExecutor.java:635)\n\tat java.base/java.lang.Thread.run(Thread.java:833)\n","flaky":false,"newFailed":false,"newBroken":false,"newPassed":false,"retriesCount":0,"retriesStatusChange":false,"beforeStages":[{"name":"beforeClass","time":{"start":1692539558767,"stop":1692539558768,"duration":1},"description":"","status":"passed","steps":[],"attachments":[],"parameters":[],"stepsCount":0,"attachmentsCount":0,"shouldDisplayMessage":false,"hasContent":false},{"name":"beforeMethod","time":{"start":1692539599608,"stop":1692539599608,"duration":0},"description":"","status":"broken","steps":[],"attachments":[],"parameters":[],"stepsCount":0,"attachmentsCount":0,"shouldDisplayMessage":false,"hasContent":false}],"afterStages":[{"name":"afterMethod","time":{"start":1692539599609,"stop":1692539599609,"duration":0},"description":"","status":"broken","statusMessage":"Cannot invoke \"org.openqa.selenium.TakesScreenshot.getScreenshotAs(org.openqa.selenium.OutputType)\" because \"driver\" is null","statusTrace":"java.lang.NullPointerException: Cannot invoke \"org.openqa.selenium.TakesScreenshot.getScreenshotAs(org.openqa.selenium.OutputType)\" because \"driver\" is null\n\tat school.redrover.runner.ProjectUtils.takeScreenshot(ProjectUtils.java:126)\n\tat school.redrover.runner.BaseTest.afterMethod(BaseTest.java:122)\n\tat jdk.internal.reflect.GeneratedMethodAccessor128.invoke(Unknown Source)\n\tat java.base/jdk.internal.reflect.DelegatingMethodAccessorImpl.invoke(DelegatingMethodAccessorImpl.java:43)\n\tat java.base/java.lang.reflect.Method.invoke(Method.java:568)\n\tat org.testng.internal.invokers.MethodInvocationHelper.invokeMethod(MethodInvocationHelper.java:139)\n\tat org.testng.internal.invokers.MethodInvocationHelper.invokeMethodConsideringTimeout(MethodInvocationHelper.java:69)\n\tat org.testng.internal.invokers.ConfigInvoker.invokeConfigurationMethod(ConfigInvoker.java:361)\n\tat org.testng.internal.invokers.ConfigInvoker.invokeConfigurations(ConfigInvoker.java:296)\n\tat org.testng.internal.invokers.TestInvoker.runConfigMethods(TestInvoker.java:823)\n\tat org.testng.internal.invokers.TestInvoker.runAfterConfigurations(TestInvoker.java:792)\n\tat org.testng.internal.invokers.TestInvoker.invokeMethod(TestInvoker.java:613)\n\tat org.testng.internal.invokers.TestInvoker.invokeTestMethod(TestInvoker.java:221)\n\tat org.testng.internal.invokers.MethodRunner.runInSequence(MethodRunner.java:50)\n\tat org.testng.internal.invokers.TestInvoker$MethodInvocationAgent.invoke(TestInvoker.java:969)\n\tat org.testng.internal.invokers.TestInvoker.invokeTestMethods(TestInvoker.java:194)\n\tat org.testng.internal.invokers.TestMethodWorker.invokeTestMethods(TestMethodWorker.java:148)\n\tat org.testng.internal.invokers.TestMethodWorker.run(TestMethodWorker.java:128)\n\tat java.base/java.util.concurrent.ThreadPoolExecutor.runWorker(ThreadPoolExecutor.java:1136)\n\tat java.base/java.util.concurrent.ThreadPoolExecutor$Worker.run(ThreadPoolExecutor.java:635)\n\tat java.base/java.lang.Thread.run(Thread.java:833)\n","steps":[],"attachments":[],"parameters":[],"stepsCount":0,"attachmentsCount":0,"shouldDisplayMessage":true,"hasContent":true},{"name":"unlockInstance","time":{"start":1692539600965,"stop":1692539600965,"duration":0},"description":"","status":"passed","steps":[],"attachments":[],"parameters":[],"stepsCount":0,"attachmentsCount":0,"shouldDisplayMessage":false,"hasContent":false}],"labels":[{"name":"package","value":"school.redrover.FreestyleProjectTest"},{"name":"testClass","value":"school.redrover.FreestyleProjectTest"},{"name":"testMethod","value":"testCreateWithLongName"},{"name":"parentSuite","value":"AllTestsSuite"},{"name":"suite","value":"AllTests"},{"name":"subSuite","value":"school.redrover.FreestyleProjectTest"},{"name":"host","value":"fv-az577-553"},{"name":"thread","value":"3203@fv-az577-553.TestNG-test=AllTests-4(20)"},{"name":"framework","value":"testng"},{"name":"language","value":"java"},{"name":"feature","value":"Function"},{"name":"resultFormat","value":"allure2"}],"parameters":[],"links":[],"hidden":false,"retry":false,"extra":{"severity":"normal","retries":[],"categories":[],"history":{"statistic":{"failed":0,"broken":0,"skipped":5,"passed":5,"unknown":0,"total":10},"items":[{"uid":"fe8852ce17ef3118","reportUrl":"https://RedRoverSchool.github.io/JenkinsQA_06/6545//#testresult/fe8852ce17ef3118","status":"skipped","statusDetails":"1 expectation failed.\nExpected status code <302> but was <403>.\n","time":{"start":1692538338174,"stop":1692538338174,"duration":0}},{"uid":"b57fd4cf16afbf6","reportUrl":"https://RedRoverSchool.github.io/JenkinsQA_06/6544//#testresult/b57fd4cf16afbf6","status":"skipped","statusDetails":"1 expectation failed.\nExpected status code <302> but was <403>.\n","time":{"start":1692536769609,"stop":1692536769609,"duration":0}},{"uid":"30fa9a224106ec9a","reportUrl":"https://RedRoverSchool.github.io/JenkinsQA_06/6539//#testresult/30fa9a224106ec9a","status":"passed","time":{"start":1692533892932,"stop":1692533894935,"duration":2003}},{"uid":"8be5147b4fc4643f","reportUrl":"https://RedRoverSchool.github.io/JenkinsQA_06/6542//#testresult/8be5147b4fc4643f","status":"passed","time":{"start":1692532636417,"stop":1692532637705,"duration":1288}},{"uid":"3115f2baf48048db","reportUrl":"https://RedRoverSchool.github.io/JenkinsQA_06/6543//#testresult/3115f2baf48048db","status":"skipped","statusDetails":"1 expectation failed.\nExpected status code <302> but was <403>.\n","time":{"start":1692533959856,"stop":1692533959856,"duration":0}},{"uid":"1e07969f21ce9ef6","reportUrl":"https://RedRoverSchool.github.io/JenkinsQA_06/6541//#testresult/1e07969f21ce9ef6","status":"passed","time":{"start":1692530951467,"stop":1692530954743,"duration":3276}},{"uid":"3bc3d22562ef8fff","reportUrl":"https://RedRoverSchool.github.io/JenkinsQA_06/6539//#testresult/3bc3d22562ef8fff","status":"passed","time":{"start":1692529250284,"stop":1692529252290,"duration":2006}},{"uid":"5b6454a71bf119aa","reportUrl":"https://RedRoverSchool.github.io/JenkinsQA_06/6537//#testresult/5b6454a71bf119aa","status":"passed","time":{"start":1692529870184,"stop":1692529871874,"duration":1690}},{"uid":"eae88480b0aabf12","reportUrl":"https://RedRoverSchool.github.io/JenkinsQA_06/6540//#testresult/eae88480b0aabf12","status":"skipped","statusDetails":"Invalid number of path parameters. Expected 1, was 0. Undefined path parameters are: .","time":{"start":1692528221234,"stop":1692528221234,"duration":0}}]},"tags":[]},"source":"5750dfe56996927e.json","parameterValues":[]}