{"uid":"30d822b6cf626b1","name":"testDiscardOldBuilds0Days","fullName":"school.redrover.PipelineTest.testDiscardOldBuilds0Days","historyId":"45475714bfbf4459702bcca7b944269c","time":{"start":1692457349838,"stop":1692457349838,"duration":0},"status":"skipped","statusMessage":"org.openqa.selenium.WebDriverException: unknown error: cannot determine loading status\nfrom no such window\n  (Session info: chrome=115.0.5790.170)\nBuild info: version: '4.8.3', revision: 'e5e76298c3'\nSystem info: os.name: 'Linux', os.arch: 'amd64', os.version: '5.15.0-1042-azure', java.version: '17.0.8'\nDriver info: org.openqa.selenium.chrome.ChromeDriver\nCommand: [aa18bb7bc497f6ef38ad5b2de618d5b3, get {url=http://localhost:8080/}]\nCapabilities {acceptInsecureCerts: false, browserName: chrome, browserVersion: 115.0.5790.170, chrome: {chromedriverVersion: 114.0.5735.90 (386bc09e8f4f..., userDataDir: /tmp/.com.google.Chrome.b01yML}, goog:chromeOptions: {debuggerAddress: localhost:44305}, networkConnectionEnabled: false, pageLoadStrategy: normal, platformName: LINUX, proxy: Proxy(), se:cdp: ws://localhost:44305/devtoo..., se:cdpVersion: 115.0.5790.170, setWindowRect: true, strictFileInteractability: false, timeouts: {implicit: 0, pageLoad: 300000, script: 30000}, unhandledPromptBehavior: dismiss and notify, webauthn:extension:credBlob: true, webauthn:extension:largeBlob: true, webauthn:extension:minPinLength: true, webauthn:extension:prf: true, webauthn:virtualAuthenticators: true}\nSession ID: aa18bb7bc497f6ef38ad5b2de618d5b3","statusTrace":"java.lang.RuntimeException: org.openqa.selenium.WebDriverException: unknown error: cannot determine loading status\nfrom no such window\n  (Session info: chrome=115.0.5790.170)\nBuild info: version: '4.8.3', revision: 'e5e76298c3'\nSystem info: os.name: 'Linux', os.arch: 'amd64', os.version: '5.15.0-1042-azure', java.version: '17.0.8'\nDriver info: org.openqa.selenium.chrome.ChromeDriver\nCommand: [aa18bb7bc497f6ef38ad5b2de618d5b3, get {url=http://localhost:8080/}]\nCapabilities {acceptInsecureCerts: false, browserName: chrome, browserVersion: 115.0.5790.170, chrome: {chromedriverVersion: 114.0.5735.90 (386bc09e8f4f..., userDataDir: /tmp/.com.google.Chrome.b01yML}, goog:chromeOptions: {debuggerAddress: localhost:44305}, networkConnectionEnabled: false, pageLoadStrategy: normal, platformName: LINUX, proxy: Proxy(), se:cdp: ws://localhost:44305/devtoo..., se:cdpVersion: 115.0.5790.170, setWindowRect: true, strictFileInteractability: false, timeouts: {implicit: 0, pageLoad: 300000, script: 30000}, unhandledPromptBehavior: dismiss and notify, webauthn:extension:credBlob: true, webauthn:extension:largeBlob: true, webauthn:extension:minPinLength: true, webauthn:extension:prf: true, webauthn:virtualAuthenticators: true}\nSession ID: aa18bb7bc497f6ef38ad5b2de618d5b3\n\tat school.redrover.runner.BaseTest.beforeMethod(BaseTest.java:54)\n\tat jdk.internal.reflect.GeneratedMethodAccessor66.invoke(Unknown Source)\n\tat java.base/jdk.internal.reflect.DelegatingMethodAccessorImpl.invoke(DelegatingMethodAccessorImpl.java:43)\n\tat java.base/java.lang.reflect.Method.invoke(Method.java:568)\n\tat org.testng.internal.invokers.MethodInvocationHelper.invokeMethod(MethodInvocationHelper.java:139)\n\tat org.testng.internal.invokers.MethodInvocationHelper.invokeMethodConsideringTimeout(MethodInvocationHelper.java:69)\n\tat org.testng.internal.invokers.ConfigInvoker.invokeConfigurationMethod(ConfigInvoker.java:361)\n\tat org.testng.internal.invokers.ConfigInvoker.invokeConfigurations(ConfigInvoker.java:296)\n\tat org.testng.internal.invokers.TestInvoker.runConfigMethods(TestInvoker.java:823)\n\tat org.testng.internal.invokers.TestInvoker.invokeMethod(TestInvoker.java:590)\n\tat org.testng.internal.invokers.TestInvoker.invokeTestMethod(TestInvoker.java:221)\n\tat org.testng.internal.invokers.MethodRunner.runInSequence(MethodRunner.java:50)\n\tat org.testng.internal.invokers.TestInvoker$MethodInvocationAgent.invoke(TestInvoker.java:969)\n\tat org.testng.internal.invokers.TestInvoker.invokeTestMethods(TestInvoker.java:194)\n\tat org.testng.internal.invokers.TestMethodWorker.invokeTestMethods(TestMethodWorker.java:148)\n\tat org.testng.internal.invokers.TestMethodWorker.run(TestMethodWorker.java:128)\n\tat java.base/java.util.ArrayList.forEach(ArrayList.java:1511)\n\tat org.testng.TestRunner.privateRun(TestRunner.java:829)\n\tat org.testng.TestRunner.run(TestRunner.java:602)\n\tat org.testng.SuiteRunner.runTest(SuiteRunner.java:437)\n\tat org.testng.SuiteRunner.runSequentially(SuiteRunner.java:431)\n\tat org.testng.SuiteRunner.privateRun(SuiteRunner.java:391)\n\tat org.testng.SuiteRunner.run(SuiteRunner.java:330)\n\tat org.testng.SuiteRunnerWorker.runSuite(SuiteRunnerWorker.java:52)\n\tat org.testng.SuiteRunnerWorker.run(SuiteRunnerWorker.java:95)\n\tat org.testng.TestNG.runSuitesSequentially(TestNG.java:1256)\n\tat org.testng.TestNG.runSuitesLocally(TestNG.java:1176)\n\tat org.testng.TestNG.runSuites(TestNG.java:1099)\n\tat org.testng.TestNG.run(TestNG.java:1067)\n\tat org.apache.maven.surefire.testng.TestNGExecutor.run(TestNGExecutor.java:283)\n\tat org.apache.maven.surefire.testng.TestNGXmlTestSuite.execute(TestNGXmlTestSuite.java:75)\n\tat org.apache.maven.surefire.testng.TestNGProvider.invoke(TestNGProvider.java:120)\n\tat org.apache.maven.surefire.booter.ForkedBooter.invokeProviderInSameClassLoader(ForkedBooter.java:386)\n\tat org.apache.maven.surefire.booter.ForkedBooter.runSuitesInProcess(ForkedBooter.java:323)\n\tat org.apache.maven.surefire.booter.ForkedBooter.main(ForkedBooter.java:143)\nCaused by: org.openqa.selenium.WebDriverException: unknown error: cannot determine loading status\nfrom no such window\n  (Session info: chrome=115.0.5790.170)\nBuild info: version: '4.8.3', revision: 'e5e76298c3'\nSystem info: os.name: 'Linux', os.arch: 'amd64', os.version: '5.15.0-1042-azure', java.version: '17.0.8'\nDriver info: org.openqa.selenium.chrome.ChromeDriver\nCommand: [aa18bb7bc497f6ef38ad5b2de618d5b3, get {url=http://localhost:8080/}]\nCapabilities {acceptInsecureCerts: false, browserName: chrome, browserVersion: 115.0.5790.170, chrome: {chromedriverVersion: 114.0.5735.90 (386bc09e8f4f..., userDataDir: /tmp/.com.google.Chrome.b01yML}, goog:chromeOptions: {debuggerAddress: localhost:44305}, networkConnectionEnabled: false, pageLoadStrategy: normal, platformName: LINUX, proxy: Proxy(), se:cdp: ws://localhost:44305/devtoo..., se:cdpVersion: 115.0.5790.170, setWindowRect: true, strictFileInteractability: false, timeouts: {implicit: 0, pageLoad: 300000, script: 30000}, unhandledPromptBehavior: dismiss and notify, webauthn:extension:credBlob: true, webauthn:extension:largeBlob: true, webauthn:extension:minPinLength: true, webauthn:extension:prf: true, webauthn:virtualAuthenticators: true}\nSession ID: aa18bb7bc497f6ef38ad5b2de618d5b3\n\tat java.base/jdk.internal.reflect.NativeConstructorAccessorImpl.newInstance0(Native Method)\n\tat java.base/jdk.internal.reflect.NativeConstructorAccessorImpl.newInstance(NativeConstructorAccessorImpl.java:77)\n\tat java.base/jdk.internal.reflect.DelegatingConstructorAccessorImpl.newInstance(DelegatingConstructorAccessorImpl.java:45)\n\tat java.base/java.lang.reflect.Constructor.newInstanceWithCaller(Constructor.java:499)\n\tat java.base/java.lang.reflect.Constructor.newInstance(Constructor.java:480)\n\tat org.openqa.selenium.remote.codec.w3c.W3CHttpResponseCodec.createException(W3CHttpResponseCodec.java:200)\n\tat org.openqa.selenium.remote.codec.w3c.W3CHttpResponseCodec.decode(W3CHttpResponseCodec.java:133)\n\tat org.openqa.selenium.remote.codec.w3c.W3CHttpResponseCodec.decode(W3CHttpResponseCodec.java:53)\n\tat org.openqa.selenium.remote.HttpCommandExecutor.execute(HttpCommandExecutor.java:193)\n\tat org.openqa.selenium.remote.service.DriverCommandExecutor.invokeExecute(DriverCommandExecutor.java:183)\n\tat org.openqa.selenium.remote.service.DriverCommandExecutor.execute(DriverCommandExecutor.java:158)\n\tat org.openqa.selenium.remote.RemoteWebDriver.execute(RemoteWebDriver.java:543)\n\tat org.openqa.selenium.remote.RemoteWebDriver.get(RemoteWebDriver.java:297)\n\tat school.redrover.runner.ProjectUtils.get(ProjectUtils.java:92)\n\tat school.redrover.runner.BaseTest.getWeb(BaseTest.java:72)\n\tat school.redrover.runner.BaseTest.beforeMethod(BaseTest.java:47)\n\t... 34 more\n","flaky":false,"newFailed":false,"newBroken":false,"newPassed":false,"retriesCount":0,"retriesStatusChange":false,"beforeStages":[{"name":"beforeClass","time":{"start":1692457149796,"stop":1692457149798,"duration":2},"description":"","status":"passed","steps":[],"attachments":[],"parameters":[],"stepsCount":0,"attachmentsCount":0,"shouldDisplayMessage":false,"hasContent":false},{"name":"beforeMethod","time":{"start":1692457349837,"stop":1692457349837,"duration":0},"description":"","status":"broken","steps":[],"attachments":[],"parameters":[],"stepsCount":0,"attachmentsCount":0,"shouldDisplayMessage":false,"hasContent":false}],"afterStages":[{"name":"afterMethod","time":{"start":1692457349839,"stop":1692457349839,"duration":0},"description":"","status":"broken","steps":[],"attachments":[],"parameters":[],"stepsCount":0,"attachmentsCount":0,"shouldDisplayMessage":false,"hasContent":false}],"labels":[{"name":"package","value":"school.redrover.PipelineTest"},{"name":"testClass","value":"school.redrover.PipelineTest"},{"name":"testMethod","value":"testDiscardOldBuilds0Days"},{"name":"parentSuite","value":"AllTestsSuite"},{"name":"suite","value":"AllTests"},{"name":"subSuite","value":"school.redrover.PipelineTest"},{"name":"host","value":"fv-az444-796"},{"name":"thread","value":"2667@fv-az444-796.main(1)"},{"name":"framework","value":"testng"},{"name":"language","value":"java"},{"name":"feature","value":"Function"},{"name":"severity","value":"normal"},{"name":"resultFormat","value":"allure2"}],"parameters":[],"links":[],"hidden":false,"retry":false,"extra":{"severity":"normal","retries":[],"categories":[],"history":{"statistic":{"failed":0,"broken":0,"skipped":1,"passed":31,"unknown":0,"total":32},"items":[{"uid":"54be0a5036b80ce9","reportUrl":"https://RedRoverSchool.github.io/JenkinsQA_06/6525//#testresult/54be0a5036b80ce9","status":"passed","time":{"start":1692455735449,"stop":1692455738650,"duration":3201}},{"uid":"dd5e7fdcc43d282b","reportUrl":"https://RedRoverSchool.github.io/JenkinsQA_06/6524//#testresult/dd5e7fdcc43d282b","status":"passed","time":{"start":1692449741216,"stop":1692449743541,"duration":2325}},{"uid":"f36204b2546b9cd9","reportUrl":"https://RedRoverSchool.github.io/JenkinsQA_06/6523//#testresult/f36204b2546b9cd9","status":"passed","time":{"start":1692448896347,"stop":1692448899890,"duration":3543}},{"uid":"b671bb653ead32","reportUrl":"https://RedRoverSchool.github.io/JenkinsQA_06/6522//#testresult/b671bb653ead32","status":"passed","time":{"start":1692444316060,"stop":1692444318558,"duration":2498}},{"uid":"a04b7d99f9118144","reportUrl":"https://RedRoverSchool.github.io/JenkinsQA_06/6521//#testresult/a04b7d99f9118144","status":"passed","time":{"start":1692442029611,"stop":1692442032506,"duration":2895}},{"uid":"e9da31548f3fe258","reportUrl":"https://RedRoverSchool.github.io/JenkinsQA_06/6522//#testresult/e9da31548f3fe258","status":"passed","time":{"start":1692439766973,"stop":1692439769580,"duration":2607}},{"uid":"e04a7c4dab2182d4","reportUrl":"https://RedRoverSchool.github.io/JenkinsQA_06/6521//#testresult/e04a7c4dab2182d4","status":"passed","time":{"start":1692436957109,"stop":1692436959403,"duration":2294}},{"uid":"9062db7fce5b586a","reportUrl":"https://RedRoverSchool.github.io/JenkinsQA_06/6522//#testresult/9062db7fce5b586a","status":"passed","time":{"start":1692434652628,"stop":1692434656537,"duration":3909}},{"uid":"8c3a674e7e4f65b0","reportUrl":"https://RedRoverSchool.github.io/JenkinsQA_06/6521//#testresult/8c3a674e7e4f65b0","status":"passed","time":{"start":1692432732839,"stop":1692432736093,"duration":3254}},{"uid":"6c3f951763c9908c","reportUrl":"https://RedRoverSchool.github.io/JenkinsQA_06/6521//#testresult/6c3f951763c9908c","status":"passed","time":{"start":1692426643408,"stop":1692426646179,"duration":2771}},{"uid":"349cc7fd73a2a4d0","reportUrl":"https://RedRoverSchool.github.io/JenkinsQA_06/6519//#testresult/349cc7fd73a2a4d0","status":"passed","time":{"start":1692414976810,"stop":1692414981057,"duration":4247}},{"uid":"3af524101fb8f0a1","reportUrl":"https://RedRoverSchool.github.io/JenkinsQA_06/6511//#testresult/3af524101fb8f0a1","status":"passed","time":{"start":1692364874499,"stop":1692364878952,"duration":4453}},{"uid":"a5f8de0619620735","reportUrl":"https://RedRoverSchool.github.io/JenkinsQA_06/6510//#testresult/a5f8de0619620735","status":"passed","time":{"start":1692364978516,"stop":1692364981368,"duration":2852}},{"uid":"45bf4f4fb57a23f1","reportUrl":"https://RedRoverSchool.github.io/JenkinsQA_06/6509//#testresult/45bf4f4fb57a23f1","status":"passed","time":{"start":1692359872562,"stop":1692359875184,"duration":2622}},{"uid":"70bd024e40488ff1","reportUrl":"https://RedRoverSchool.github.io/JenkinsQA_06/6508//#testresult/70bd024e40488ff1","status":"passed","time":{"start":1692358967055,"stop":1692358969899,"duration":2844}},{"uid":"b5720c5637723bd6","reportUrl":"https://RedRoverSchool.github.io/JenkinsQA_06/6507//#testresult/b5720c5637723bd6","status":"passed","time":{"start":1692356391249,"stop":1692356393953,"duration":2704}},{"uid":"f71b33aba1ae6403","reportUrl":"https://RedRoverSchool.github.io/JenkinsQA_06/6506//#testresult/f71b33aba1ae6403","status":"passed","time":{"start":1692356034197,"stop":1692356036630,"duration":2433}},{"uid":"848d02c768e3c720","reportUrl":"https://RedRoverSchool.github.io/JenkinsQA_06/6505//#testresult/848d02c768e3c720","status":"passed","time":{"start":1692346597240,"stop":1692346600153,"duration":2913}},{"uid":"2f6ecc7a3d9cf046","reportUrl":"https://RedRoverSchool.github.io/JenkinsQA_06/6504//#testresult/2f6ecc7a3d9cf046","status":"passed","time":{"start":1692340578221,"stop":1692340580956,"duration":2735}},{"uid":"f3b1ba379bafee53","reportUrl":"https://RedRoverSchool.github.io/JenkinsQA_06/6503//#testresult/f3b1ba379bafee53","status":"passed","time":{"start":1692337395710,"stop":1692337399324,"duration":3614}}]},"tags":[]},"source":"30d822b6cf626b1.json","parameterValues":[]}