{"uid":"9dc221e239945b19","name":"testDisableFromProjectPage","fullName":"school.redrover.PipelineTest.testDisableFromProjectPage","historyId":"fd76d0f4cf32e61fe30cbe01895e6f1b","time":{"start":1692457349836,"stop":1692457349836,"duration":0},"status":"skipped","statusMessage":"org.openqa.selenium.WebDriverException: unknown error: cannot determine loading status\nfrom no such window\n  (Session info: chrome=115.0.5790.170)\nBuild info: version: '4.8.3', revision: 'e5e76298c3'\nSystem info: os.name: 'Linux', os.arch: 'amd64', os.version: '5.15.0-1042-azure', java.version: '17.0.8'\nDriver info: org.openqa.selenium.chrome.ChromeDriver\nCommand: [aa18bb7bc497f6ef38ad5b2de618d5b3, get {url=http://localhost:8080/}]\nCapabilities {acceptInsecureCerts: false, browserName: chrome, browserVersion: 115.0.5790.170, chrome: {chromedriverVersion: 114.0.5735.90 (386bc09e8f4f..., userDataDir: /tmp/.com.google.Chrome.b01yML}, goog:chromeOptions: {debuggerAddress: localhost:44305}, networkConnectionEnabled: false, pageLoadStrategy: normal, platformName: LINUX, proxy: Proxy(), se:cdp: ws://localhost:44305/devtoo..., se:cdpVersion: 115.0.5790.170, setWindowRect: true, strictFileInteractability: false, timeouts: {implicit: 0, pageLoad: 300000, script: 30000}, unhandledPromptBehavior: dismiss and notify, webauthn:extension:credBlob: true, webauthn:extension:largeBlob: true, webauthn:extension:minPinLength: true, webauthn:extension:prf: true, webauthn:virtualAuthenticators: true}\nSession ID: aa18bb7bc497f6ef38ad5b2de618d5b3","statusTrace":"java.lang.RuntimeException: org.openqa.selenium.WebDriverException: unknown error: cannot determine loading status\nfrom no such window\n  (Session info: chrome=115.0.5790.170)\nBuild info: version: '4.8.3', revision: 'e5e76298c3'\nSystem info: os.name: 'Linux', os.arch: 'amd64', os.version: '5.15.0-1042-azure', java.version: '17.0.8'\nDriver info: org.openqa.selenium.chrome.ChromeDriver\nCommand: [aa18bb7bc497f6ef38ad5b2de618d5b3, get {url=http://localhost:8080/}]\nCapabilities {acceptInsecureCerts: false, browserName: chrome, browserVersion: 115.0.5790.170, chrome: {chromedriverVersion: 114.0.5735.90 (386bc09e8f4f..., userDataDir: /tmp/.com.google.Chrome.b01yML}, goog:chromeOptions: {debuggerAddress: localhost:44305}, networkConnectionEnabled: false, pageLoadStrategy: normal, platformName: LINUX, proxy: Proxy(), se:cdp: ws://localhost:44305/devtoo..., se:cdpVersion: 115.0.5790.170, setWindowRect: true, strictFileInteractability: false, timeouts: {implicit: 0, pageLoad: 300000, script: 30000}, unhandledPromptBehavior: dismiss and notify, webauthn:extension:credBlob: true, webauthn:extension:largeBlob: true, webauthn:extension:minPinLength: true, webauthn:extension:prf: true, webauthn:virtualAuthenticators: true}\nSession ID: aa18bb7bc497f6ef38ad5b2de618d5b3\n\tat school.redrover.runner.BaseTest.beforeMethod(BaseTest.java:54)\n\tat jdk.internal.reflect.GeneratedMethodAccessor66.invoke(Unknown Source)\n\tat java.base/jdk.internal.reflect.DelegatingMethodAccessorImpl.invoke(DelegatingMethodAccessorImpl.java:43)\n\tat java.base/java.lang.reflect.Method.invoke(Method.java:568)\n\tat org.testng.internal.invokers.MethodInvocationHelper.invokeMethod(MethodInvocationHelper.java:139)\n\tat org.testng.internal.invokers.MethodInvocationHelper.invokeMethodConsideringTimeout(MethodInvocationHelper.java:69)\n\tat org.testng.internal.invokers.ConfigInvoker.invokeConfigurationMethod(ConfigInvoker.java:361)\n\tat org.testng.internal.invokers.ConfigInvoker.invokeConfigurations(ConfigInvoker.java:296)\n\tat org.testng.internal.invokers.TestInvoker.runConfigMethods(TestInvoker.java:823)\n\tat org.testng.internal.invokers.TestInvoker.invokeMethod(TestInvoker.java:590)\n\tat org.testng.internal.invokers.TestInvoker.invokeTestMethod(TestInvoker.java:221)\n\tat org.testng.internal.invokers.MethodRunner.runInSequence(MethodRunner.java:50)\n\tat org.testng.internal.invokers.TestInvoker$MethodInvocationAgent.invoke(TestInvoker.java:969)\n\tat org.testng.internal.invokers.TestInvoker.invokeTestMethods(TestInvoker.java:194)\n\tat org.testng.internal.invokers.TestMethodWorker.invokeTestMethods(TestMethodWorker.java:148)\n\tat org.testng.internal.invokers.TestMethodWorker.run(TestMethodWorker.java:128)\n\tat java.base/java.util.ArrayList.forEach(ArrayList.java:1511)\n\tat org.testng.TestRunner.privateRun(TestRunner.java:829)\n\tat org.testng.TestRunner.run(TestRunner.java:602)\n\tat org.testng.SuiteRunner.runTest(SuiteRunner.java:437)\n\tat org.testng.SuiteRunner.runSequentially(SuiteRunner.java:431)\n\tat org.testng.SuiteRunner.privateRun(SuiteRunner.java:391)\n\tat org.testng.SuiteRunner.run(SuiteRunner.java:330)\n\tat org.testng.SuiteRunnerWorker.runSuite(SuiteRunnerWorker.java:52)\n\tat org.testng.SuiteRunnerWorker.run(SuiteRunnerWorker.java:95)\n\tat org.testng.TestNG.runSuitesSequentially(TestNG.java:1256)\n\tat org.testng.TestNG.runSuitesLocally(TestNG.java:1176)\n\tat org.testng.TestNG.runSuites(TestNG.java:1099)\n\tat org.testng.TestNG.run(TestNG.java:1067)\n\tat org.apache.maven.surefire.testng.TestNGExecutor.run(TestNGExecutor.java:283)\n\tat org.apache.maven.surefire.testng.TestNGXmlTestSuite.execute(TestNGXmlTestSuite.java:75)\n\tat org.apache.maven.surefire.testng.TestNGProvider.invoke(TestNGProvider.java:120)\n\tat org.apache.maven.surefire.booter.ForkedBooter.invokeProviderInSameClassLoader(ForkedBooter.java:386)\n\tat org.apache.maven.surefire.booter.ForkedBooter.runSuitesInProcess(ForkedBooter.java:323)\n\tat org.apache.maven.surefire.booter.ForkedBooter.main(ForkedBooter.java:143)\nCaused by: org.openqa.selenium.WebDriverException: unknown error: cannot determine loading status\nfrom no such window\n  (Session info: chrome=115.0.5790.170)\nBuild info: version: '4.8.3', revision: 'e5e76298c3'\nSystem info: os.name: 'Linux', os.arch: 'amd64', os.version: '5.15.0-1042-azure', java.version: '17.0.8'\nDriver info: org.openqa.selenium.chrome.ChromeDriver\nCommand: [aa18bb7bc497f6ef38ad5b2de618d5b3, get {url=http://localhost:8080/}]\nCapabilities {acceptInsecureCerts: false, browserName: chrome, browserVersion: 115.0.5790.170, chrome: {chromedriverVersion: 114.0.5735.90 (386bc09e8f4f..., userDataDir: /tmp/.com.google.Chrome.b01yML}, goog:chromeOptions: {debuggerAddress: localhost:44305}, networkConnectionEnabled: false, pageLoadStrategy: normal, platformName: LINUX, proxy: Proxy(), se:cdp: ws://localhost:44305/devtoo..., se:cdpVersion: 115.0.5790.170, setWindowRect: true, strictFileInteractability: false, timeouts: {implicit: 0, pageLoad: 300000, script: 30000}, unhandledPromptBehavior: dismiss and notify, webauthn:extension:credBlob: true, webauthn:extension:largeBlob: true, webauthn:extension:minPinLength: true, webauthn:extension:prf: true, webauthn:virtualAuthenticators: true}\nSession ID: aa18bb7bc497f6ef38ad5b2de618d5b3\n\tat java.base/jdk.internal.reflect.NativeConstructorAccessorImpl.newInstance0(Native Method)\n\tat java.base/jdk.internal.reflect.NativeConstructorAccessorImpl.newInstance(NativeConstructorAccessorImpl.java:77)\n\tat java.base/jdk.internal.reflect.DelegatingConstructorAccessorImpl.newInstance(DelegatingConstructorAccessorImpl.java:45)\n\tat java.base/java.lang.reflect.Constructor.newInstanceWithCaller(Constructor.java:499)\n\tat java.base/java.lang.reflect.Constructor.newInstance(Constructor.java:480)\n\tat org.openqa.selenium.remote.codec.w3c.W3CHttpResponseCodec.createException(W3CHttpResponseCodec.java:200)\n\tat org.openqa.selenium.remote.codec.w3c.W3CHttpResponseCodec.decode(W3CHttpResponseCodec.java:133)\n\tat org.openqa.selenium.remote.codec.w3c.W3CHttpResponseCodec.decode(W3CHttpResponseCodec.java:53)\n\tat org.openqa.selenium.remote.HttpCommandExecutor.execute(HttpCommandExecutor.java:193)\n\tat org.openqa.selenium.remote.service.DriverCommandExecutor.invokeExecute(DriverCommandExecutor.java:183)\n\tat org.openqa.selenium.remote.service.DriverCommandExecutor.execute(DriverCommandExecutor.java:158)\n\tat org.openqa.selenium.remote.RemoteWebDriver.execute(RemoteWebDriver.java:543)\n\tat org.openqa.selenium.remote.RemoteWebDriver.get(RemoteWebDriver.java:297)\n\tat school.redrover.runner.ProjectUtils.get(ProjectUtils.java:92)\n\tat school.redrover.runner.BaseTest.getWeb(BaseTest.java:72)\n\tat school.redrover.runner.BaseTest.beforeMethod(BaseTest.java:47)\n\t... 34 more\n","flaky":false,"newFailed":false,"newBroken":false,"newPassed":false,"retriesCount":0,"retriesStatusChange":false,"beforeStages":[{"name":"beforeClass","time":{"start":1692457149796,"stop":1692457149798,"duration":2},"description":"","status":"passed","steps":[],"attachments":[],"parameters":[],"stepsCount":0,"attachmentsCount":0,"shouldDisplayMessage":false,"hasContent":false},{"name":"beforeMethod","time":{"start":1692457349835,"stop":1692457349835,"duration":0},"description":"","status":"broken","steps":[],"attachments":[],"parameters":[],"stepsCount":0,"attachmentsCount":0,"shouldDisplayMessage":false,"hasContent":false}],"afterStages":[{"name":"afterMethod","time":{"start":1692457349837,"stop":1692457349837,"duration":0},"description":"","status":"broken","steps":[],"attachments":[],"parameters":[],"stepsCount":0,"attachmentsCount":0,"shouldDisplayMessage":false,"hasContent":false}],"labels":[{"name":"package","value":"school.redrover.PipelineTest"},{"name":"testClass","value":"school.redrover.PipelineTest"},{"name":"testMethod","value":"testDisableFromProjectPage"},{"name":"parentSuite","value":"AllTestsSuite"},{"name":"suite","value":"AllTests"},{"name":"subSuite","value":"school.redrover.PipelineTest"},{"name":"host","value":"fv-az444-796"},{"name":"thread","value":"2667@fv-az444-796.main(1)"},{"name":"framework","value":"testng"},{"name":"language","value":"java"},{"name":"feature","value":"Function"},{"name":"severity","value":"normal"},{"name":"resultFormat","value":"allure2"}],"parameters":[],"links":[],"hidden":false,"retry":false,"extra":{"severity":"normal","retries":[],"categories":[],"history":{"statistic":{"failed":0,"broken":0,"skipped":1,"passed":31,"unknown":0,"total":32},"items":[{"uid":"a0608a35bedc1067","reportUrl":"https://RedRoverSchool.github.io/JenkinsQA_06/6525//#testresult/a0608a35bedc1067","status":"passed","time":{"start":1692455731297,"stop":1692455733767,"duration":2470}},{"uid":"941905ac928bb937","reportUrl":"https://RedRoverSchool.github.io/JenkinsQA_06/6524//#testresult/941905ac928bb937","status":"passed","time":{"start":1692449737309,"stop":1692449739480,"duration":2171}},{"uid":"b930f0d5f16087fe","reportUrl":"https://RedRoverSchool.github.io/JenkinsQA_06/6523//#testresult/b930f0d5f16087fe","status":"passed","time":{"start":1692448891747,"stop":1692448894593,"duration":2846}},{"uid":"be14d2f5ae33eb5f","reportUrl":"https://RedRoverSchool.github.io/JenkinsQA_06/6522//#testresult/be14d2f5ae33eb5f","status":"passed","time":{"start":1692444311741,"stop":1692444314222,"duration":2481}},{"uid":"633414c5284b799a","reportUrl":"https://RedRoverSchool.github.io/JenkinsQA_06/6521//#testresult/633414c5284b799a","status":"passed","time":{"start":1692442025639,"stop":1692442028065,"duration":2426}},{"uid":"d74d7f0b144859ae","reportUrl":"https://RedRoverSchool.github.io/JenkinsQA_06/6522//#testresult/d74d7f0b144859ae","status":"passed","time":{"start":1692439762699,"stop":1692439765142,"duration":2443}},{"uid":"fd6dfa73de8f401b","reportUrl":"https://RedRoverSchool.github.io/JenkinsQA_06/6521//#testresult/fd6dfa73de8f401b","status":"passed","time":{"start":1692436953165,"stop":1692436955394,"duration":2229}},{"uid":"65792e8d60c3d008","reportUrl":"https://RedRoverSchool.github.io/JenkinsQA_06/6522//#testresult/65792e8d60c3d008","status":"passed","time":{"start":1692434647521,"stop":1692434650700,"duration":3179}},{"uid":"226d9cf98f4ec26d","reportUrl":"https://RedRoverSchool.github.io/JenkinsQA_06/6521//#testresult/226d9cf98f4ec26d","status":"passed","time":{"start":1692432728275,"stop":1692432731121,"duration":2846}},{"uid":"b12acd1ee3cb5611","reportUrl":"https://RedRoverSchool.github.io/JenkinsQA_06/6521//#testresult/b12acd1ee3cb5611","status":"passed","time":{"start":1692426639644,"stop":1692426641848,"duration":2204}},{"uid":"3f2169ecb71b6c45","reportUrl":"https://RedRoverSchool.github.io/JenkinsQA_06/6519//#testresult/3f2169ecb71b6c45","status":"passed","time":{"start":1692414971561,"stop":1692414974789,"duration":3228}},{"uid":"6392362589d1cc30","reportUrl":"https://RedRoverSchool.github.io/JenkinsQA_06/6511//#testresult/6392362589d1cc30","status":"passed","time":{"start":1692364869474,"stop":1692364872433,"duration":2959}},{"uid":"d4ea47928d8222d8","reportUrl":"https://RedRoverSchool.github.io/JenkinsQA_06/6510//#testresult/d4ea47928d8222d8","status":"passed","time":{"start":1692364973609,"stop":1692364976481,"duration":2872}},{"uid":"1b254e25216616b7","reportUrl":"https://RedRoverSchool.github.io/JenkinsQA_06/6509//#testresult/1b254e25216616b7","status":"passed","time":{"start":1692359868364,"stop":1692359870765,"duration":2401}},{"uid":"26ddd5e85531069a","reportUrl":"https://RedRoverSchool.github.io/JenkinsQA_06/6508//#testresult/26ddd5e85531069a","status":"passed","time":{"start":1692358963083,"stop":1692358965476,"duration":2393}},{"uid":"dab1c5bf539c0674","reportUrl":"https://RedRoverSchool.github.io/JenkinsQA_06/6507//#testresult/dab1c5bf539c0674","status":"passed","time":{"start":1692356386708,"stop":1692356389346,"duration":2638}},{"uid":"92207c86fa3e17cb","reportUrl":"https://RedRoverSchool.github.io/JenkinsQA_06/6506//#testresult/92207c86fa3e17cb","status":"passed","time":{"start":1692356030034,"stop":1692356032412,"duration":2378}},{"uid":"cf0bb701553bf20a","reportUrl":"https://RedRoverSchool.github.io/JenkinsQA_06/6505//#testresult/cf0bb701553bf20a","status":"passed","time":{"start":1692346593129,"stop":1692346595697,"duration":2568}},{"uid":"24daeff52b9e940b","reportUrl":"https://RedRoverSchool.github.io/JenkinsQA_06/6504//#testresult/24daeff52b9e940b","status":"passed","time":{"start":1692340574147,"stop":1692340576367,"duration":2220}},{"uid":"2777564d63581d66","reportUrl":"https://RedRoverSchool.github.io/JenkinsQA_06/6503//#testresult/2777564d63581d66","status":"passed","time":{"start":1692337391221,"stop":1692337393863,"duration":2642}}]},"tags":[]},"source":"9dc221e239945b19.json","parameterValues":[]}