{"uid":"196820157c833ec7","name":"testConfigureProjectsEditScriptPath","fullName":"school.redrover.OrganizationFolderTest.testConfigureProjectsEditScriptPath","historyId":"58778fbb5be231aeac56717c08c7d94","time":{"start":1692548537735,"stop":1692548537735,"duration":0},"description":"The 'Script Path' can be edited to the Organization Folder from Configuration page","descriptionHtml":"<p>The 'Script Path' can be edited to the Organization Folder from Configuration page</p>\n","status":"skipped","statusMessage":"1 expectation failed.\nExpected status code <302> but was <403>.\n","statusTrace":"java.lang.AssertionError: 1 expectation failed.\nExpected status code <302> but was <403>.\n\n\tat java.base/jdk.internal.reflect.NativeConstructorAccessorImpl.newInstance0(Native Method)\n\tat java.base/jdk.internal.reflect.NativeConstructorAccessorImpl.newInstance(NativeConstructorAccessorImpl.java:77)\n\tat java.base/jdk.internal.reflect.DelegatingConstructorAccessorImpl.newInstance(DelegatingConstructorAccessorImpl.java:45)\n\tat java.base/java.lang.reflect.Constructor.newInstanceWithCaller(Constructor.java:499)\n\tat java.base/java.lang.reflect.Constructor.newInstance(Constructor.java:480)\n\tat org.codehaus.groovy.reflection.CachedConstructor.invoke(CachedConstructor.java:73)\n\tat org.codehaus.groovy.runtime.callsite.ConstructorSite$ConstructorSiteNoUnwrapNoCoerce.callConstructor(ConstructorSite.java:108)\n\tat org.codehaus.groovy.runtime.callsite.AbstractCallSite.callConstructor(AbstractCallSite.java:277)\n\tat io.restassured.internal.ResponseSpecificationImpl$HamcrestAssertionClosure.validate(ResponseSpecificationImpl.groovy:512)\n\tat io.restassured.internal.ResponseSpecificationImpl$HamcrestAssertionClosure$validate$1.call(Unknown Source)\n\tat io.restassured.internal.ResponseSpecificationImpl.validateResponseIfRequired(ResponseSpecificationImpl.groovy:696)\n\tat io.restassured.internal.ResponseSpecificationImpl.this$2$validateResponseIfRequired(ResponseSpecificationImpl.groovy)\n\tat java.base/jdk.internal.reflect.NativeMethodAccessorImpl.invoke0(Native Method)\n\tat java.base/jdk.internal.reflect.NativeMethodAccessorImpl.invoke(NativeMethodAccessorImpl.java:77)\n\tat java.base/jdk.internal.reflect.DelegatingMethodAccessorImpl.invoke(DelegatingMethodAccessorImpl.java:43)\n\tat java.base/java.lang.reflect.Method.invoke(Method.java:568)\n\tat org.codehaus.groovy.runtime.callsite.PlainObjectMetaMethodSite.doInvoke(PlainObjectMetaMethodSite.java:43)\n\tat org.codehaus.groovy.runtime.callsite.PogoMetaMethodSite$PogoCachedMethodSiteNoUnwrapNoCoerce.invoke(PogoMetaMethodSite.java:198)\n\tat org.codehaus.groovy.runtime.callsite.PogoMetaMethodSite.callCurrent(PogoMetaMethodSite.java:62)\n\tat org.codehaus.groovy.runtime.callsite.AbstractCallSite.callCurrent(AbstractCallSite.java:185)\n\tat io.restassured.internal.ResponseSpecificationImpl.statusCode(ResponseSpecificationImpl.groovy:135)\n\tat io.restassured.specification.ResponseSpecification$statusCode$0.callCurrent(Unknown Source)\n\tat io.restassured.internal.ResponseSpecificationImpl.statusCode(ResponseSpecificationImpl.groovy:143)\n\tat io.restassured.internal.ValidatableResponseOptionsImpl.statusCode(ValidatableResponseOptionsImpl.java:89)\n\tat school.redrover.runner.JenkinsUtils.lambda$deleteJobs$0(JenkinsUtils.java:15)\n\tat java.base/java.util.ArrayList.forEach(ArrayList.java:1511)\n\tat school.redrover.runner.JenkinsUtils.deleteJobs(JenkinsUtils.java:15)\n\tat school.redrover.runner.JenkinsUtils.clearData(JenkinsUtils.java:61)\n\tat school.redrover.runner.BaseTest.clearData(BaseTest.java:65)\n\tat school.redrover.runner.BaseTest.afterMethod(BaseTest.java:132)\n\tat java.base/jdk.internal.reflect.NativeMethodAccessorImpl.invoke0(Native Method)\n\tat java.base/jdk.internal.reflect.NativeMethodAccessorImpl.invoke(NativeMethodAccessorImpl.java:77)\n\tat java.base/jdk.internal.reflect.DelegatingMethodAccessorImpl.invoke(DelegatingMethodAccessorImpl.java:43)\n\tat java.base/java.lang.reflect.Method.invoke(Method.java:568)\n\tat org.testng.internal.invokers.MethodInvocationHelper.invokeMethod(MethodInvocationHelper.java:139)\n\tat org.testng.internal.invokers.MethodInvocationHelper.invokeMethodConsideringTimeout(MethodInvocationHelper.java:69)\n\tat org.testng.internal.invokers.ConfigInvoker.invokeConfigurationMethod(ConfigInvoker.java:361)\n\tat org.testng.internal.invokers.ConfigInvoker.invokeConfigurations(ConfigInvoker.java:296)\n\tat org.testng.internal.invokers.TestInvoker.runConfigMethods(TestInvoker.java:823)\n\tat org.testng.internal.invokers.TestInvoker.runAfterConfigurations(TestInvoker.java:792)\n\tat org.testng.internal.invokers.TestInvoker.invokeMethod(TestInvoker.java:768)\n\tat org.testng.internal.invokers.TestInvoker.invokeTestMethod(TestInvoker.java:221)\n\tat org.testng.internal.invokers.MethodRunner.runInSequence(MethodRunner.java:50)\n\tat org.testng.internal.invokers.TestInvoker$MethodInvocationAgent.invoke(TestInvoker.java:969)\n\tat org.testng.internal.invokers.TestInvoker.invokeTestMethods(TestInvoker.java:194)\n\tat org.testng.internal.invokers.TestMethodWorker.invokeTestMethods(TestMethodWorker.java:148)\n\tat org.testng.internal.invokers.TestMethodWorker.run(TestMethodWorker.java:128)\n\tat java.base/java.util.concurrent.ThreadPoolExecutor.runWorker(ThreadPoolExecutor.java:1136)\n\tat java.base/java.util.concurrent.ThreadPoolExecutor$Worker.run(ThreadPoolExecutor.java:635)\n\tat java.base/java.lang.Thread.run(Thread.java:833)\n","flaky":false,"newFailed":false,"newBroken":false,"newPassed":false,"retriesCount":0,"retriesStatusChange":false,"beforeStages":[{"name":"beforeClass","time":{"start":1692548476917,"stop":1692548480844,"duration":3927},"description":"","status":"passed","steps":[{"name":"Lock Instance","time":{"start":1692548480843,"stop":1692548480844,"duration":1},"status":"passed","steps":[],"attachments":[{"uid":"e214e246a0e0449a","name":"Locked instance: ","source":"e214e246a0e0449a.txt","type":"text/plain","size":22}],"parameters":[],"stepsCount":0,"attachmentsCount":1,"shouldDisplayMessage":false,"hasContent":true}],"attachments":[],"parameters":[],"stepsCount":1,"attachmentsCount":1,"shouldDisplayMessage":false,"hasContent":true},{"name":"beforeMethod","time":{"start":1692548537734,"stop":1692548537734,"duration":0},"description":"","status":"broken","steps":[],"attachments":[],"parameters":[],"stepsCount":0,"attachmentsCount":0,"shouldDisplayMessage":false,"hasContent":false}],"afterStages":[{"name":"afterMethod","time":{"start":1692548537736,"stop":1692548537737,"duration":1},"description":"","status":"broken","statusMessage":"Cannot invoke \"org.openqa.selenium.TakesScreenshot.getScreenshotAs(org.openqa.selenium.OutputType)\" because \"driver\" is null","statusTrace":"java.lang.NullPointerException: Cannot invoke \"org.openqa.selenium.TakesScreenshot.getScreenshotAs(org.openqa.selenium.OutputType)\" because \"driver\" is null\n\tat school.redrover.runner.ProjectUtils.takeScreenshot(ProjectUtils.java:132)\n\tat school.redrover.runner.BaseTest.afterMethod(BaseTest.java:119)\n\tat jdk.internal.reflect.GeneratedMethodAccessor128.invoke(Unknown Source)\n\tat java.base/jdk.internal.reflect.DelegatingMethodAccessorImpl.invoke(DelegatingMethodAccessorImpl.java:43)\n\tat java.base/java.lang.reflect.Method.invoke(Method.java:568)\n\tat org.testng.internal.invokers.MethodInvocationHelper.invokeMethod(MethodInvocationHelper.java:139)\n\tat org.testng.internal.invokers.MethodInvocationHelper.invokeMethodConsideringTimeout(MethodInvocationHelper.java:69)\n\tat org.testng.internal.invokers.ConfigInvoker.invokeConfigurationMethod(ConfigInvoker.java:361)\n\tat org.testng.internal.invokers.ConfigInvoker.invokeConfigurations(ConfigInvoker.java:296)\n\tat org.testng.internal.invokers.TestInvoker.runConfigMethods(TestInvoker.java:823)\n\tat org.testng.internal.invokers.TestInvoker.runAfterConfigurations(TestInvoker.java:792)\n\tat org.testng.internal.invokers.TestInvoker.invokeMethod(TestInvoker.java:613)\n\tat org.testng.internal.invokers.TestInvoker.invokeTestMethod(TestInvoker.java:221)\n\tat org.testng.internal.invokers.MethodRunner.runInSequence(MethodRunner.java:50)\n\tat org.testng.internal.invokers.TestInvoker$MethodInvocationAgent.invoke(TestInvoker.java:969)\n\tat org.testng.internal.invokers.TestInvoker.invokeTestMethods(TestInvoker.java:194)\n\tat org.testng.internal.invokers.TestMethodWorker.invokeTestMethods(TestMethodWorker.java:148)\n\tat org.testng.internal.invokers.TestMethodWorker.run(TestMethodWorker.java:128)\n\tat java.base/java.util.concurrent.ThreadPoolExecutor.runWorker(ThreadPoolExecutor.java:1136)\n\tat java.base/java.util.concurrent.ThreadPoolExecutor$Worker.run(ThreadPoolExecutor.java:635)\n\tat java.base/java.lang.Thread.run(Thread.java:833)\n","steps":[],"attachments":[],"parameters":[],"stepsCount":0,"attachmentsCount":0,"shouldDisplayMessage":true,"hasContent":true},{"name":"unlockInstance","time":{"start":1692548538798,"stop":1692548538798,"duration":0},"description":"","status":"passed","steps":[{"name":"Unlock instance http://localhost:8082/","time":{"start":1692548538798,"stop":1692548538798,"duration":0},"status":"passed","steps":[],"attachments":[],"parameters":[{"name":"instance","value":"http://localhost:8082/"}],"stepsCount":0,"attachmentsCount":0,"shouldDisplayMessage":false,"hasContent":true}],"attachments":[],"parameters":[],"stepsCount":1,"attachmentsCount":0,"shouldDisplayMessage":false,"hasContent":true}],"labels":[{"name":"package","value":"school.redrover.OrganizationFolderTest"},{"name":"testClass","value":"school.redrover.OrganizationFolderTest"},{"name":"testMethod","value":"testConfigureProjectsEditScriptPath"},{"name":"parentSuite","value":"AllTestsSuite"},{"name":"suite","value":"AllTests"},{"name":"subSuite","value":"school.redrover.OrganizationFolderTest"},{"name":"host","value":"fv-az955-274"},{"name":"thread","value":"3189@fv-az955-274.TestNG-test=AllTests-4(20)"},{"name":"framework","value":"testng"},{"name":"language","value":"java"},{"name":"feature","value":"Function"},{"name":"severity","value":"normal"},{"name":"resultFormat","value":"allure2"}],"parameters":[],"links":[],"hidden":false,"retry":false,"extra":{"severity":"normal","retries":[],"categories":[],"history":{"statistic":{"failed":0,"broken":0,"skipped":6,"passed":8,"unknown":0,"total":14},"items":[{"uid":"3aa050a07b6908a8","reportUrl":"https://RedRoverSchool.github.io/JenkinsQA_06/6542//#testresult/3aa050a07b6908a8","status":"passed","time":{"start":1692539858219,"stop":1692539861655,"duration":3436}},{"uid":"a1f5dd41883c3f95","reportUrl":"https://RedRoverSchool.github.io/JenkinsQA_06/6547//#testresult/a1f5dd41883c3f95","status":"passed","time":{"start":1692540931087,"stop":1692540936602,"duration":5515}},{"uid":"51746c8fbd22fa7a","reportUrl":"https://RedRoverSchool.github.io/JenkinsQA_06/6546//#testresult/51746c8fbd22fa7a","status":"skipped","statusDetails":"Cannot invoke \"org.openqa.selenium.TakesScreenshot.getScreenshotAs(org.openqa.selenium.OutputType)\" because \"driver\" is null","time":{"start":1692539557476,"stop":1692539557476,"duration":0}},{"uid":"3695d48e631d7b20","reportUrl":"https://RedRoverSchool.github.io/JenkinsQA_06/6545//#testresult/3695d48e631d7b20","status":"skipped","statusDetails":"1 expectation failed.\nExpected status code <302> but was <403>.\n","time":{"start":1692538299071,"stop":1692538299071,"duration":0}},{"uid":"1f0bc573188ced18","reportUrl":"https://RedRoverSchool.github.io/JenkinsQA_06/6544//#testresult/1f0bc573188ced18","status":"skipped","statusDetails":"1 expectation failed.\nExpected status code <302> but was <403>.\n","time":{"start":1692536744945,"stop":1692536744945,"duration":0}},{"uid":"e537f5e5f0b763e7","reportUrl":"https://RedRoverSchool.github.io/JenkinsQA_06/6539//#testresult/e537f5e5f0b763e7","status":"passed","time":{"start":1692532514268,"stop":1692532517774,"duration":3506}},{"uid":"7fefda4e679eb521","reportUrl":"https://RedRoverSchool.github.io/JenkinsQA_06/6542//#testresult/7fefda4e679eb521","status":"passed","time":{"start":1692531424330,"stop":1692531427310,"duration":2980}},{"uid":"37b5566a7cd7fb5e","reportUrl":"https://RedRoverSchool.github.io/JenkinsQA_06/6543//#testresult/37b5566a7cd7fb5e","status":"skipped","statusDetails":"1 expectation failed.\nExpected status code <302> but was <403>.\n","time":{"start":1692533935323,"stop":1692533935325,"duration":2}},{"uid":"77fae89cda459627","reportUrl":"https://RedRoverSchool.github.io/JenkinsQA_06/6541//#testresult/77fae89cda459627","status":"passed","time":{"start":1692529490975,"stop":1692529497480,"duration":6505}},{"uid":"bb61104b9bf78979","reportUrl":"https://RedRoverSchool.github.io/JenkinsQA_06/6539//#testresult/bb61104b9bf78979","status":"passed","time":{"start":1692527807222,"stop":1692527811087,"duration":3865}},{"uid":"9e86f77dc6aab9a","reportUrl":"https://RedRoverSchool.github.io/JenkinsQA_06/6537//#testresult/9e86f77dc6aab9a","status":"passed","time":{"start":1692528954164,"stop":1692528957689,"duration":3525}},{"uid":"337d417dec610df8","reportUrl":"https://RedRoverSchool.github.io/JenkinsQA_06/6540//#testresult/337d417dec610df8","status":"skipped","statusDetails":"Invalid number of path parameters. Expected 1, was 0. Undefined path parameters are: .","time":{"start":1692528203114,"stop":1692528203114,"duration":0}},{"uid":"ca1bfdce97380415","reportUrl":"https://RedRoverSchool.github.io/JenkinsQA_06/6538//#testresult/ca1bfdce97380415","status":"passed","time":{"start":1692526899692,"stop":1692526903071,"duration":3379}}]},"tags":[]},"source":"196820157c833ec7.json","parameterValues":[]}