{"uid":"2f129202258defd2","name":"testCreateFromCreateAJob","fullName":"school.redrover.MultibranchPipelineTest.testCreateFromCreateAJob","historyId":"92cb0981b7c814c3c08728eb32c6fd29","time":{"start":1692548589235,"stop":1692548589235,"duration":0},"description":"Verification of creating Multibranch Pipeline project by clicking 'Create a job' button","descriptionHtml":"<p>Verification of creating Multibranch Pipeline project by clicking 'Create a job' button</p>\n","status":"skipped","statusMessage":"Cannot invoke \"org.openqa.selenium.TakesScreenshot.getScreenshotAs(org.openqa.selenium.OutputType)\" because \"driver\" is null","statusTrace":"java.lang.NullPointerException: Cannot invoke \"org.openqa.selenium.TakesScreenshot.getScreenshotAs(org.openqa.selenium.OutputType)\" because \"driver\" is null\n\tat school.redrover.runner.ProjectUtils.takeScreenshot(ProjectUtils.java:132)\n\tat school.redrover.runner.BaseTest.afterMethod(BaseTest.java:119)\n\tat jdk.internal.reflect.GeneratedMethodAccessor128.invoke(Unknown Source)\n\tat java.base/jdk.internal.reflect.DelegatingMethodAccessorImpl.invoke(DelegatingMethodAccessorImpl.java:43)\n\tat java.base/java.lang.reflect.Method.invoke(Method.java:568)\n\tat org.testng.internal.invokers.MethodInvocationHelper.invokeMethod(MethodInvocationHelper.java:139)\n\tat org.testng.internal.invokers.MethodInvocationHelper.invokeMethodConsideringTimeout(MethodInvocationHelper.java:69)\n\tat org.testng.internal.invokers.ConfigInvoker.invokeConfigurationMethod(ConfigInvoker.java:361)\n\tat org.testng.internal.invokers.ConfigInvoker.invokeConfigurations(ConfigInvoker.java:296)\n\tat org.testng.internal.invokers.TestInvoker.runConfigMethods(TestInvoker.java:823)\n\tat org.testng.internal.invokers.TestInvoker.runAfterConfigurations(TestInvoker.java:792)\n\tat org.testng.internal.invokers.TestInvoker.invokeMethod(TestInvoker.java:613)\n\tat org.testng.internal.invokers.TestInvoker.invokeTestMethod(TestInvoker.java:221)\n\tat org.testng.internal.invokers.MethodRunner.runInSequence(MethodRunner.java:50)\n\tat org.testng.internal.invokers.TestInvoker$MethodInvocationAgent.invoke(TestInvoker.java:969)\n\tat org.testng.internal.invokers.TestInvoker.invokeTestMethods(TestInvoker.java:194)\n\tat org.testng.internal.invokers.TestMethodWorker.invokeTestMethods(TestMethodWorker.java:148)\n\tat org.testng.internal.invokers.TestMethodWorker.run(TestMethodWorker.java:128)\n\tat java.base/java.util.concurrent.ThreadPoolExecutor.runWorker(ThreadPoolExecutor.java:1136)\n\tat java.base/java.util.concurrent.ThreadPoolExecutor$Worker.run(ThreadPoolExecutor.java:635)\n\tat java.base/java.lang.Thread.run(Thread.java:833)\n","flaky":false,"newFailed":false,"newBroken":false,"newPassed":false,"retriesCount":0,"retriesStatusChange":false,"beforeStages":[{"name":"beforeClass","time":{"start":1692548570438,"stop":1692548570439,"duration":1},"description":"","status":"passed","steps":[{"name":"Lock Instance","time":{"start":1692548570439,"stop":1692548570439,"duration":0},"status":"passed","steps":[],"attachments":[{"uid":"a133f955bdc49342","name":"Locked instance: ","source":"a133f955bdc49342.txt","type":"text/plain","size":22}],"parameters":[],"stepsCount":0,"attachmentsCount":1,"shouldDisplayMessage":false,"hasContent":true}],"attachments":[],"parameters":[],"stepsCount":1,"attachmentsCount":1,"shouldDisplayMessage":false,"hasContent":true},{"name":"beforeMethod","time":{"start":1692548589235,"stop":1692548589235,"duration":0},"description":"","status":"broken","steps":[],"attachments":[],"parameters":[],"stepsCount":0,"attachmentsCount":0,"shouldDisplayMessage":false,"hasContent":false}],"afterStages":[{"name":"afterMethod","time":{"start":1692548589235,"stop":1692548589235,"duration":0},"description":"","status":"broken","statusMessage":"Cannot invoke \"org.openqa.selenium.TakesScreenshot.getScreenshotAs(org.openqa.selenium.OutputType)\" because \"driver\" is null","statusTrace":"java.lang.NullPointerException: Cannot invoke \"org.openqa.selenium.TakesScreenshot.getScreenshotAs(org.openqa.selenium.OutputType)\" because \"driver\" is null\n\tat school.redrover.runner.ProjectUtils.takeScreenshot(ProjectUtils.java:132)\n\tat school.redrover.runner.BaseTest.afterMethod(BaseTest.java:119)\n\tat jdk.internal.reflect.GeneratedMethodAccessor128.invoke(Unknown Source)\n\tat java.base/jdk.internal.reflect.DelegatingMethodAccessorImpl.invoke(DelegatingMethodAccessorImpl.java:43)\n\tat java.base/java.lang.reflect.Method.invoke(Method.java:568)\n\tat org.testng.internal.invokers.MethodInvocationHelper.invokeMethod(MethodInvocationHelper.java:139)\n\tat org.testng.internal.invokers.MethodInvocationHelper.invokeMethodConsideringTimeout(MethodInvocationHelper.java:69)\n\tat org.testng.internal.invokers.ConfigInvoker.invokeConfigurationMethod(ConfigInvoker.java:361)\n\tat org.testng.internal.invokers.ConfigInvoker.invokeConfigurations(ConfigInvoker.java:296)\n\tat org.testng.internal.invokers.TestInvoker.runConfigMethods(TestInvoker.java:823)\n\tat org.testng.internal.invokers.TestInvoker.runAfterConfigurations(TestInvoker.java:792)\n\tat org.testng.internal.invokers.TestInvoker.invokeMethod(TestInvoker.java:613)\n\tat org.testng.internal.invokers.TestInvoker.invokeTestMethod(TestInvoker.java:221)\n\tat org.testng.internal.invokers.MethodRunner.runInSequence(MethodRunner.java:50)\n\tat org.testng.internal.invokers.TestInvoker$MethodInvocationAgent.invoke(TestInvoker.java:969)\n\tat org.testng.internal.invokers.TestInvoker.invokeTestMethods(TestInvoker.java:194)\n\tat org.testng.internal.invokers.TestMethodWorker.invokeTestMethods(TestMethodWorker.java:148)\n\tat org.testng.internal.invokers.TestMethodWorker.run(TestMethodWorker.java:128)\n\tat java.base/java.util.concurrent.ThreadPoolExecutor.runWorker(ThreadPoolExecutor.java:1136)\n\tat java.base/java.util.concurrent.ThreadPoolExecutor$Worker.run(ThreadPoolExecutor.java:635)\n\tat java.base/java.lang.Thread.run(Thread.java:833)\n","steps":[],"attachments":[],"parameters":[],"stepsCount":0,"attachmentsCount":0,"shouldDisplayMessage":true,"hasContent":true},{"name":"unlockInstance","time":{"start":1692548590332,"stop":1692548590332,"duration":0},"description":"","status":"passed","steps":[{"name":"Unlock instance http://localhost:8082/","time":{"start":1692548590332,"stop":1692548590332,"duration":0},"status":"passed","steps":[],"attachments":[],"parameters":[{"name":"instance","value":"http://localhost:8082/"}],"stepsCount":0,"attachmentsCount":0,"shouldDisplayMessage":false,"hasContent":true}],"attachments":[],"parameters":[],"stepsCount":1,"attachmentsCount":0,"shouldDisplayMessage":false,"hasContent":true}],"labels":[{"name":"package","value":"school.redrover.MultibranchPipelineTest"},{"name":"testClass","value":"school.redrover.MultibranchPipelineTest"},{"name":"testMethod","value":"testCreateFromCreateAJob"},{"name":"parentSuite","value":"AllTestsSuite"},{"name":"suite","value":"AllTests"},{"name":"subSuite","value":"school.redrover.MultibranchPipelineTest"},{"name":"host","value":"fv-az955-274"},{"name":"thread","value":"3189@fv-az955-274.TestNG-test=AllTests-4(20)"},{"name":"framework","value":"testng"},{"name":"language","value":"java"},{"name":"feature","value":"Function"},{"name":"severity","value":"critical"},{"name":"resultFormat","value":"allure2"}],"parameters":[],"links":[],"hidden":false,"retry":false,"extra":{"severity":"critical","retries":[],"categories":[],"history":{"statistic":{"failed":0,"broken":0,"skipped":6,"passed":7,"unknown":0,"total":13},"items":[{"uid":"5a33cf6c1c0cb921","reportUrl":"https://RedRoverSchool.github.io/JenkinsQA_06/6542//#testresult/5a33cf6c1c0cb921","status":"passed","time":{"start":1692541689717,"stop":1692541691222,"duration":1505}},{"uid":"ffcaf1dc2c712c7e","reportUrl":"https://RedRoverSchool.github.io/JenkinsQA_06/6547//#testresult/ffcaf1dc2c712c7e","status":"skipped","statusDetails":"Cannot invoke \"org.openqa.selenium.TakesScreenshot.getScreenshotAs(org.openqa.selenium.OutputType)\" because \"driver\" is null","time":{"start":1692540862662,"stop":1692540862662,"duration":0}},{"uid":"1ea890744596f1a9","reportUrl":"https://RedRoverSchool.github.io/JenkinsQA_06/6546//#testresult/1ea890744596f1a9","status":"skipped","statusDetails":"Cannot invoke \"org.openqa.selenium.TakesScreenshot.getScreenshotAs(org.openqa.selenium.OutputType)\" because \"driver\" is null","time":{"start":1692539627898,"stop":1692539627898,"duration":0}},{"uid":"f3bd282ef30938d7","reportUrl":"https://RedRoverSchool.github.io/JenkinsQA_06/6545//#testresult/f3bd282ef30938d7","status":"skipped","statusDetails":"1 expectation failed.\nExpected status code <302> but was <403>.\n","time":{"start":1692538363816,"stop":1692538363816,"duration":0}},{"uid":"f75fe1ba49c39aa3","reportUrl":"https://RedRoverSchool.github.io/JenkinsQA_06/6544//#testresult/f75fe1ba49c39aa3","status":"passed","time":{"start":1692536851043,"stop":1692536852933,"duration":1890}},{"uid":"e9fcd83332b1dd7","reportUrl":"https://RedRoverSchool.github.io/JenkinsQA_06/6539//#testresult/e9fcd83332b1dd7","status":"passed","time":{"start":1692534318426,"stop":1692534319879,"duration":1453}},{"uid":"4d38e4406816e661","reportUrl":"https://RedRoverSchool.github.io/JenkinsQA_06/6542//#testresult/4d38e4406816e661","status":"passed","time":{"start":1692533012688,"stop":1692533013935,"duration":1247}},{"uid":"c8aabac042c53f5b","reportUrl":"https://RedRoverSchool.github.io/JenkinsQA_06/6543//#testresult/c8aabac042c53f5b","status":"skipped","statusDetails":"1 expectation failed.\nExpected status code <302> but was <403>.\n","time":{"start":1692533967344,"stop":1692533967345,"duration":1}},{"uid":"96131d6d0df7efea","reportUrl":"https://RedRoverSchool.github.io/JenkinsQA_06/6541//#testresult/96131d6d0df7efea","status":"passed","time":{"start":1692530577377,"stop":1692530579969,"duration":2592}},{"uid":"c1f51a82b027f8c1","reportUrl":"https://RedRoverSchool.github.io/JenkinsQA_06/6539//#testresult/c1f51a82b027f8c1","status":"passed","time":{"start":1692529713245,"stop":1692529714639,"duration":1394}},{"uid":"3f9f5ce15c72df35","reportUrl":"https://RedRoverSchool.github.io/JenkinsQA_06/6537//#testresult/3f9f5ce15c72df35","status":"passed","time":{"start":1692529265924,"stop":1692529267148,"duration":1224}},{"uid":"8385e3cbc1cfeb5c","reportUrl":"https://RedRoverSchool.github.io/JenkinsQA_06/6540//#testresult/8385e3cbc1cfeb5c","status":"skipped","statusDetails":"Invalid number of path parameters. Expected 1, was 0. Undefined path parameters are: .","time":{"start":1692528211106,"stop":1692528211106,"duration":0}}]},"tags":[]},"source":"2f129202258defd2.json","parameterValues":[]}