{"uid":"2ffe0e933647c760","name":"testDeleteItemFromDropDown","fullName":"school.redrover.FolderTest.testDeleteItemFromDropDown","historyId":"a9860dc928b020b01d6b84e6d3543ba9","time":{"start":1692548609350,"stop":1692548609350,"duration":0},"description":"Verify that the Folder can be deleted with the 'Delete' option from drop-down menu on the Main page","descriptionHtml":"<p>Verify that the Folder can be deleted with the 'Delete' option from drop-down menu on the Main page</p>\n","status":"skipped","statusMessage":"Cannot invoke \"org.openqa.selenium.TakesScreenshot.getScreenshotAs(org.openqa.selenium.OutputType)\" because \"driver\" is null","statusTrace":"java.lang.NullPointerException: Cannot invoke \"org.openqa.selenium.TakesScreenshot.getScreenshotAs(org.openqa.selenium.OutputType)\" because \"driver\" is null\n\tat school.redrover.runner.ProjectUtils.takeScreenshot(ProjectUtils.java:132)\n\tat school.redrover.runner.BaseTest.afterMethod(BaseTest.java:119)\n\tat jdk.internal.reflect.GeneratedMethodAccessor128.invoke(Unknown Source)\n\tat java.base/jdk.internal.reflect.DelegatingMethodAccessorImpl.invoke(DelegatingMethodAccessorImpl.java:43)\n\tat java.base/java.lang.reflect.Method.invoke(Method.java:568)\n\tat org.testng.internal.invokers.MethodInvocationHelper.invokeMethod(MethodInvocationHelper.java:139)\n\tat org.testng.internal.invokers.MethodInvocationHelper.invokeMethodConsideringTimeout(MethodInvocationHelper.java:69)\n\tat org.testng.internal.invokers.ConfigInvoker.invokeConfigurationMethod(ConfigInvoker.java:361)\n\tat org.testng.internal.invokers.ConfigInvoker.invokeConfigurations(ConfigInvoker.java:296)\n\tat org.testng.internal.invokers.TestInvoker.runConfigMethods(TestInvoker.java:823)\n\tat org.testng.internal.invokers.TestInvoker.runAfterConfigurations(TestInvoker.java:792)\n\tat org.testng.internal.invokers.TestInvoker.invokeMethod(TestInvoker.java:613)\n\tat org.testng.internal.invokers.TestInvoker.invokeTestMethod(TestInvoker.java:221)\n\tat org.testng.internal.invokers.MethodRunner.runInSequence(MethodRunner.java:50)\n\tat org.testng.internal.invokers.TestInvoker$MethodInvocationAgent.invoke(TestInvoker.java:969)\n\tat org.testng.internal.invokers.TestInvoker.invokeTestMethods(TestInvoker.java:194)\n\tat org.testng.internal.invokers.TestMethodWorker.invokeTestMethods(TestMethodWorker.java:148)\n\tat org.testng.internal.invokers.TestMethodWorker.run(TestMethodWorker.java:128)\n\tat java.base/java.util.concurrent.ThreadPoolExecutor.runWorker(ThreadPoolExecutor.java:1136)\n\tat java.base/java.util.concurrent.ThreadPoolExecutor$Worker.run(ThreadPoolExecutor.java:635)\n\tat java.base/java.lang.Thread.run(Thread.java:833)\n","flaky":false,"newFailed":false,"newBroken":false,"newPassed":false,"retriesCount":0,"retriesStatusChange":false,"beforeStages":[{"name":"beforeClass","time":{"start":1692548590332,"stop":1692548590333,"duration":1},"description":"","status":"passed","steps":[{"name":"Lock Instance","time":{"start":1692548590333,"stop":1692548590333,"duration":0},"status":"passed","steps":[],"attachments":[{"uid":"1cef6afdcebe1032","name":"Locked instance: ","source":"1cef6afdcebe1032.txt","type":"text/plain","size":22}],"parameters":[],"stepsCount":0,"attachmentsCount":1,"shouldDisplayMessage":false,"hasContent":true}],"attachments":[],"parameters":[],"stepsCount":1,"attachmentsCount":1,"shouldDisplayMessage":false,"hasContent":true},{"name":"beforeMethod","time":{"start":1692548609349,"stop":1692548609349,"duration":0},"description":"","status":"broken","steps":[],"attachments":[],"parameters":[],"stepsCount":0,"attachmentsCount":0,"shouldDisplayMessage":false,"hasContent":false}],"afterStages":[{"name":"afterMethod","time":{"start":1692548609350,"stop":1692548609350,"duration":0},"description":"","status":"broken","statusMessage":"Cannot invoke \"org.openqa.selenium.TakesScreenshot.getScreenshotAs(org.openqa.selenium.OutputType)\" because \"driver\" is null","statusTrace":"java.lang.NullPointerException: Cannot invoke \"org.openqa.selenium.TakesScreenshot.getScreenshotAs(org.openqa.selenium.OutputType)\" because \"driver\" is null\n\tat school.redrover.runner.ProjectUtils.takeScreenshot(ProjectUtils.java:132)\n\tat school.redrover.runner.BaseTest.afterMethod(BaseTest.java:119)\n\tat jdk.internal.reflect.GeneratedMethodAccessor128.invoke(Unknown Source)\n\tat java.base/jdk.internal.reflect.DelegatingMethodAccessorImpl.invoke(DelegatingMethodAccessorImpl.java:43)\n\tat java.base/java.lang.reflect.Method.invoke(Method.java:568)\n\tat org.testng.internal.invokers.MethodInvocationHelper.invokeMethod(MethodInvocationHelper.java:139)\n\tat org.testng.internal.invokers.MethodInvocationHelper.invokeMethodConsideringTimeout(MethodInvocationHelper.java:69)\n\tat org.testng.internal.invokers.ConfigInvoker.invokeConfigurationMethod(ConfigInvoker.java:361)\n\tat org.testng.internal.invokers.ConfigInvoker.invokeConfigurations(ConfigInvoker.java:296)\n\tat org.testng.internal.invokers.TestInvoker.runConfigMethods(TestInvoker.java:823)\n\tat org.testng.internal.invokers.TestInvoker.runAfterConfigurations(TestInvoker.java:792)\n\tat org.testng.internal.invokers.TestInvoker.invokeMethod(TestInvoker.java:613)\n\tat org.testng.internal.invokers.TestInvoker.invokeTestMethod(TestInvoker.java:221)\n\tat org.testng.internal.invokers.MethodRunner.runInSequence(MethodRunner.java:50)\n\tat org.testng.internal.invokers.TestInvoker$MethodInvocationAgent.invoke(TestInvoker.java:969)\n\tat org.testng.internal.invokers.TestInvoker.invokeTestMethods(TestInvoker.java:194)\n\tat org.testng.internal.invokers.TestMethodWorker.invokeTestMethods(TestMethodWorker.java:148)\n\tat org.testng.internal.invokers.TestMethodWorker.run(TestMethodWorker.java:128)\n\tat java.base/java.util.concurrent.ThreadPoolExecutor.runWorker(ThreadPoolExecutor.java:1136)\n\tat java.base/java.util.concurrent.ThreadPoolExecutor$Worker.run(ThreadPoolExecutor.java:635)\n\tat java.base/java.lang.Thread.run(Thread.java:833)\n","steps":[],"attachments":[],"parameters":[],"stepsCount":0,"attachmentsCount":0,"shouldDisplayMessage":true,"hasContent":true},{"name":"unlockInstance","time":{"start":1692548609709,"stop":1692548609709,"duration":0},"description":"","status":"passed","steps":[{"name":"Unlock instance http://localhost:8082/","time":{"start":1692548609709,"stop":1692548609709,"duration":0},"status":"passed","steps":[],"attachments":[],"parameters":[{"name":"instance","value":"http://localhost:8082/"}],"stepsCount":0,"attachmentsCount":0,"shouldDisplayMessage":false,"hasContent":true}],"attachments":[],"parameters":[],"stepsCount":1,"attachmentsCount":0,"shouldDisplayMessage":false,"hasContent":true}],"labels":[{"name":"package","value":"school.redrover.FolderTest"},{"name":"testClass","value":"school.redrover.FolderTest"},{"name":"testMethod","value":"testDeleteItemFromDropDown"},{"name":"parentSuite","value":"AllTestsSuite"},{"name":"suite","value":"AllTests"},{"name":"subSuite","value":"school.redrover.FolderTest"},{"name":"host","value":"fv-az955-274"},{"name":"thread","value":"3189@fv-az955-274.TestNG-test=AllTests-4(20)"},{"name":"framework","value":"testng"},{"name":"language","value":"java"},{"name":"severity","value":"critical"},{"name":"resultFormat","value":"allure2"}],"parameters":[],"links":[],"hidden":false,"retry":false,"extra":{"severity":"critical","retries":[],"categories":[],"history":{"statistic":{"failed":0,"broken":0,"skipped":7,"passed":6,"unknown":0,"total":13},"items":[{"uid":"5da32342c0fa186e","reportUrl":"https://RedRoverSchool.github.io/JenkinsQA_06/6542//#testresult/5da32342c0fa186e","status":"passed","time":{"start":1692542251415,"stop":1692542253721,"duration":2306}},{"uid":"c71385b42326c2aa","reportUrl":"https://RedRoverSchool.github.io/JenkinsQA_06/6547//#testresult/c71385b42326c2aa","status":"skipped","statusDetails":"Cannot invoke \"org.openqa.selenium.TakesScreenshot.getScreenshotAs(org.openqa.selenium.OutputType)\" because \"driver\" is null","time":{"start":1692540881473,"stop":1692540881473,"duration":0}},{"uid":"6094523b23727c0b","reportUrl":"https://RedRoverSchool.github.io/JenkinsQA_06/6546//#testresult/6094523b23727c0b","status":"skipped","statusDetails":"Cannot invoke \"org.openqa.selenium.TakesScreenshot.getScreenshotAs(org.openqa.selenium.OutputType)\" because \"driver\" is null","time":{"start":1692539658026,"stop":1692539658026,"duration":0}},{"uid":"9f1b2dac9812b875","reportUrl":"https://RedRoverSchool.github.io/JenkinsQA_06/6545//#testresult/9f1b2dac9812b875","status":"skipped","statusDetails":"1 expectation failed.\nExpected status code <302> but was <403>.\n","time":{"start":1692538385726,"stop":1692538385726,"duration":0}},{"uid":"ea57dc4af4bf4a7a","reportUrl":"https://RedRoverSchool.github.io/JenkinsQA_06/6544//#testresult/ea57dc4af4bf4a7a","status":"skipped","statusDetails":"1 expectation failed.\nExpected status code <302> but was <403>.\n","time":{"start":1692536772561,"stop":1692536772561,"duration":0}},{"uid":"8009b8f0a544714d","reportUrl":"https://RedRoverSchool.github.io/JenkinsQA_06/6539//#testresult/8009b8f0a544714d","status":"passed","time":{"start":1692534854848,"stop":1692534857032,"duration":2184}},{"uid":"bcd89fbdc2f19d52","reportUrl":"https://RedRoverSchool.github.io/JenkinsQA_06/6542//#testresult/bcd89fbdc2f19d52","status":"passed","time":{"start":1692533514857,"stop":1692533516822,"duration":1965}},{"uid":"4822d0b76f6f5d3b","reportUrl":"https://RedRoverSchool.github.io/JenkinsQA_06/6543//#testresult/4822d0b76f6f5d3b","status":"skipped","statusDetails":"1 expectation failed.\nExpected status code <302> but was <403>.\n","time":{"start":1692533975600,"stop":1692533975600,"duration":0}},{"uid":"5db99767ff4f4d58","reportUrl":"https://RedRoverSchool.github.io/JenkinsQA_06/6541//#testresult/5db99767ff4f4d58","status":"passed","time":{"start":1692531461773,"stop":1692531465830,"duration":4057}},{"uid":"88417037aa1b5f59","reportUrl":"https://RedRoverSchool.github.io/JenkinsQA_06/6539//#testresult/88417037aa1b5f59","status":"passed","time":{"start":1692530271141,"stop":1692530273361,"duration":2220}},{"uid":"67aa55e07b8d5446","reportUrl":"https://RedRoverSchool.github.io/JenkinsQA_06/6537//#testresult/67aa55e07b8d5446","status":"passed","time":{"start":1692530363803,"stop":1692530365812,"duration":2009}},{"uid":"1830fc69a393608f","reportUrl":"https://RedRoverSchool.github.io/JenkinsQA_06/6540//#testresult/1830fc69a393608f","status":"skipped","statusDetails":"Invalid number of path parameters. Expected 1, was 0. Undefined path parameters are: .","time":{"start":1692528229245,"stop":1692528229245,"duration":0}}]},"tags":[]},"source":"2ffe0e933647c760.json","parameterValues":[]}