{"uid":"8549d7931be5c8e9","name":"testNotAvailableDeleteForDefaultViewForUser","fullName":"school.redrover.ViewsTest.testNotAvailableDeleteForDefaultViewForUser","historyId":"9d497ed07005a0167b92df51bb0e3e1e","time":{"start":1692548632301,"stop":1692548632301,"duration":0},"description":"Verification the possibility of Deleting View From Default View To User","descriptionHtml":"<p>Verification the possibility of Deleting View From Default View To User</p>\n","status":"skipped","statusMessage":"Cannot invoke \"org.openqa.selenium.TakesScreenshot.getScreenshotAs(org.openqa.selenium.OutputType)\" because \"driver\" is null","statusTrace":"java.lang.NullPointerException: Cannot invoke \"org.openqa.selenium.TakesScreenshot.getScreenshotAs(org.openqa.selenium.OutputType)\" because \"driver\" is null\n\tat school.redrover.runner.ProjectUtils.takeScreenshot(ProjectUtils.java:132)\n\tat school.redrover.runner.BaseTest.afterMethod(BaseTest.java:119)\n\tat jdk.internal.reflect.GeneratedMethodAccessor128.invoke(Unknown Source)\n\tat java.base/jdk.internal.reflect.DelegatingMethodAccessorImpl.invoke(DelegatingMethodAccessorImpl.java:43)\n\tat java.base/java.lang.reflect.Method.invoke(Method.java:568)\n\tat org.testng.internal.invokers.MethodInvocationHelper.invokeMethod(MethodInvocationHelper.java:139)\n\tat org.testng.internal.invokers.MethodInvocationHelper.invokeMethodConsideringTimeout(MethodInvocationHelper.java:69)\n\tat org.testng.internal.invokers.ConfigInvoker.invokeConfigurationMethod(ConfigInvoker.java:361)\n\tat org.testng.internal.invokers.ConfigInvoker.invokeConfigurations(ConfigInvoker.java:296)\n\tat org.testng.internal.invokers.TestInvoker.runConfigMethods(TestInvoker.java:823)\n\tat org.testng.internal.invokers.TestInvoker.runAfterConfigurations(TestInvoker.java:792)\n\tat org.testng.internal.invokers.TestInvoker.invokeMethod(TestInvoker.java:613)\n\tat org.testng.internal.invokers.TestInvoker.invokeTestMethod(TestInvoker.java:221)\n\tat org.testng.internal.invokers.MethodRunner.runInSequence(MethodRunner.java:50)\n\tat org.testng.internal.invokers.TestInvoker$MethodInvocationAgent.invoke(TestInvoker.java:969)\n\tat org.testng.internal.invokers.TestInvoker.invokeTestMethods(TestInvoker.java:194)\n\tat org.testng.internal.invokers.TestMethodWorker.invokeTestMethods(TestMethodWorker.java:148)\n\tat org.testng.internal.invokers.TestMethodWorker.run(TestMethodWorker.java:128)\n\tat java.base/java.util.concurrent.ThreadPoolExecutor.runWorker(ThreadPoolExecutor.java:1136)\n\tat java.base/java.util.concurrent.ThreadPoolExecutor$Worker.run(ThreadPoolExecutor.java:635)\n\tat java.base/java.lang.Thread.run(Thread.java:833)\n","flaky":false,"newFailed":false,"newBroken":false,"newPassed":false,"retriesCount":0,"retriesStatusChange":false,"beforeStages":[{"name":"beforeClass","time":{"start":1692548614082,"stop":1692548614084,"duration":2},"description":"","status":"passed","steps":[{"name":"Lock Instance","time":{"start":1692548614082,"stop":1692548614084,"duration":2},"status":"passed","steps":[],"attachments":[{"uid":"3c8d93265d370846","name":"Locked instance: ","source":"3c8d93265d370846.txt","type":"text/plain","size":22}],"parameters":[],"stepsCount":0,"attachmentsCount":1,"shouldDisplayMessage":false,"hasContent":true}],"attachments":[],"parameters":[],"stepsCount":1,"attachmentsCount":1,"shouldDisplayMessage":false,"hasContent":true},{"name":"beforeMethod","time":{"start":1692548632301,"stop":1692548632301,"duration":0},"description":"","status":"broken","steps":[],"attachments":[],"parameters":[],"stepsCount":0,"attachmentsCount":0,"shouldDisplayMessage":false,"hasContent":false}],"afterStages":[{"name":"afterMethod","time":{"start":1692548632302,"stop":1692548632302,"duration":0},"description":"","status":"broken","statusMessage":"Cannot invoke \"org.openqa.selenium.TakesScreenshot.getScreenshotAs(org.openqa.selenium.OutputType)\" because \"driver\" is null","statusTrace":"java.lang.NullPointerException: Cannot invoke \"org.openqa.selenium.TakesScreenshot.getScreenshotAs(org.openqa.selenium.OutputType)\" because \"driver\" is null\n\tat school.redrover.runner.ProjectUtils.takeScreenshot(ProjectUtils.java:132)\n\tat school.redrover.runner.BaseTest.afterMethod(BaseTest.java:119)\n\tat jdk.internal.reflect.GeneratedMethodAccessor128.invoke(Unknown Source)\n\tat java.base/jdk.internal.reflect.DelegatingMethodAccessorImpl.invoke(DelegatingMethodAccessorImpl.java:43)\n\tat java.base/java.lang.reflect.Method.invoke(Method.java:568)\n\tat org.testng.internal.invokers.MethodInvocationHelper.invokeMethod(MethodInvocationHelper.java:139)\n\tat org.testng.internal.invokers.MethodInvocationHelper.invokeMethodConsideringTimeout(MethodInvocationHelper.java:69)\n\tat org.testng.internal.invokers.ConfigInvoker.invokeConfigurationMethod(ConfigInvoker.java:361)\n\tat org.testng.internal.invokers.ConfigInvoker.invokeConfigurations(ConfigInvoker.java:296)\n\tat org.testng.internal.invokers.TestInvoker.runConfigMethods(TestInvoker.java:823)\n\tat org.testng.internal.invokers.TestInvoker.runAfterConfigurations(TestInvoker.java:792)\n\tat org.testng.internal.invokers.TestInvoker.invokeMethod(TestInvoker.java:613)\n\tat org.testng.internal.invokers.TestInvoker.invokeTestMethod(TestInvoker.java:221)\n\tat org.testng.internal.invokers.MethodRunner.runInSequence(MethodRunner.java:50)\n\tat org.testng.internal.invokers.TestInvoker$MethodInvocationAgent.invoke(TestInvoker.java:969)\n\tat org.testng.internal.invokers.TestInvoker.invokeTestMethods(TestInvoker.java:194)\n\tat org.testng.internal.invokers.TestMethodWorker.invokeTestMethods(TestMethodWorker.java:148)\n\tat org.testng.internal.invokers.TestMethodWorker.run(TestMethodWorker.java:128)\n\tat java.base/java.util.concurrent.ThreadPoolExecutor.runWorker(ThreadPoolExecutor.java:1136)\n\tat java.base/java.util.concurrent.ThreadPoolExecutor$Worker.run(ThreadPoolExecutor.java:635)\n\tat java.base/java.lang.Thread.run(Thread.java:833)\n","steps":[],"attachments":[],"parameters":[],"stepsCount":0,"attachmentsCount":0,"shouldDisplayMessage":true,"hasContent":true},{"name":"unlockInstance","time":{"start":1692548632306,"stop":1692548632306,"duration":0},"description":"","status":"passed","steps":[{"name":"Unlock instance http://localhost:8081/","time":{"start":1692548632306,"stop":1692548632306,"duration":0},"status":"passed","steps":[],"attachments":[],"parameters":[{"name":"instance","value":"http://localhost:8081/"}],"stepsCount":0,"attachmentsCount":0,"shouldDisplayMessage":false,"hasContent":true}],"attachments":[],"parameters":[],"stepsCount":1,"attachmentsCount":0,"shouldDisplayMessage":false,"hasContent":true}],"labels":[{"name":"package","value":"school.redrover.ViewsTest"},{"name":"testClass","value":"school.redrover.ViewsTest"},{"name":"testMethod","value":"testNotAvailableDeleteForDefaultViewForUser"},{"name":"parentSuite","value":"AllTestsSuite"},{"name":"suite","value":"AllTests"},{"name":"subSuite","value":"school.redrover.ViewsTest"},{"name":"host","value":"fv-az955-274"},{"name":"thread","value":"3189@fv-az955-274.TestNG-test=AllTests-2(18)"},{"name":"framework","value":"testng"},{"name":"language","value":"java"},{"name":"feature","value":"Function"},{"name":"severity","value":"normal"},{"name":"resultFormat","value":"allure2"}],"parameters":[],"links":[],"hidden":false,"retry":false,"extra":{"severity":"normal","retries":[],"categories":[],"history":{"statistic":{"failed":0,"broken":0,"skipped":7,"passed":6,"unknown":0,"total":13},"items":[{"uid":"b39034a3574a9e9b","reportUrl":"https://RedRoverSchool.github.io/JenkinsQA_06/6542//#testresult/b39034a3574a9e9b","status":"passed","time":{"start":1692543982422,"stop":1692543998912,"duration":16490}},{"uid":"33428d34ea73b412","reportUrl":"https://RedRoverSchool.github.io/JenkinsQA_06/6547//#testresult/33428d34ea73b412","status":"skipped","statusDetails":"Cannot invoke \"org.openqa.selenium.TakesScreenshot.getScreenshotAs(org.openqa.selenium.OutputType)\" because \"driver\" is null","time":{"start":1692540923562,"stop":1692540923562,"duration":0}},{"uid":"6c4153b531cba859","reportUrl":"https://RedRoverSchool.github.io/JenkinsQA_06/6546//#testresult/6c4153b531cba859","status":"skipped","statusDetails":"Cannot invoke \"org.openqa.selenium.TakesScreenshot.getScreenshotAs(org.openqa.selenium.OutputType)\" because \"driver\" is null","time":{"start":1692539717165,"stop":1692539717165,"duration":0}},{"uid":"36dda77d68113f7a","reportUrl":"https://RedRoverSchool.github.io/JenkinsQA_06/6545//#testresult/36dda77d68113f7a","status":"skipped","statusDetails":"1 expectation failed.\nExpected status code <302> but was <403>.\n","time":{"start":1692538432104,"stop":1692538432104,"duration":0}},{"uid":"e9c1307e3ccb03f2","reportUrl":"https://RedRoverSchool.github.io/JenkinsQA_06/6544//#testresult/e9c1307e3ccb03f2","status":"skipped","statusDetails":"1 expectation failed.\nExpected status code <302> but was <403>.\n","time":{"start":1692536698649,"stop":1692536698650,"duration":1}},{"uid":"61aefcadd9075087","reportUrl":"https://RedRoverSchool.github.io/JenkinsQA_06/6539//#testresult/61aefcadd9075087","status":"passed","time":{"start":1692536540063,"stop":1692536556149,"duration":16086}},{"uid":"34c601aac1d7d2fd","reportUrl":"https://RedRoverSchool.github.io/JenkinsQA_06/6542//#testresult/34c601aac1d7d2fd","status":"passed","time":{"start":1692535005865,"stop":1692535021089,"duration":15224}},{"uid":"41192195dbb2395e","reportUrl":"https://RedRoverSchool.github.io/JenkinsQA_06/6543//#testresult/41192195dbb2395e","status":"skipped","statusDetails":"1 expectation failed.\nExpected status code <302> but was <403>.\n","time":{"start":1692534009936,"stop":1692534009936,"duration":0}},{"uid":"66531b09e169d164","reportUrl":"https://RedRoverSchool.github.io/JenkinsQA_06/6541//#testresult/66531b09e169d164","status":"passed","time":{"start":1692532972204,"stop":1692532988627,"duration":16423}},{"uid":"a1152e2d81b005bd","reportUrl":"https://RedRoverSchool.github.io/JenkinsQA_06/6539//#testresult/a1152e2d81b005bd","status":"passed","time":{"start":1692532024377,"stop":1692532040984,"duration":16607}},{"uid":"a4cfc26c9b4f1464","reportUrl":"https://RedRoverSchool.github.io/JenkinsQA_06/6537//#testresult/a4cfc26c9b4f1464","status":"passed","time":{"start":1692527628230,"stop":1692527644300,"duration":16070}},{"uid":"25e50fe3ddd42fed","reportUrl":"https://RedRoverSchool.github.io/JenkinsQA_06/6540//#testresult/25e50fe3ddd42fed","status":"skipped","statusDetails":"Invalid number of path parameters. Expected 1, was 0. Undefined path parameters are: .","time":{"start":1692528166167,"stop":1692528166167,"duration":0}}]},"tags":[]},"source":"8549d7931be5c8e9.json","parameterValues":[]}