{"uid":"9956438215d7cf79","name":"testDeleteItemFromDropDown","fullName":"school.redrover.MultibranchPipelineTest.testDeleteItemFromDropDown","historyId":"21a1b2e24f131d7334456f7992492d5b","time":{"start":1692548589930,"stop":1692548589930,"duration":0},"description":"Verify that the 'Multibranch Pipeline' can be deleted with the 'Delete' option from drop-down menu on the Main page","descriptionHtml":"<p>Verify that the 'Multibranch Pipeline' can be deleted with the 'Delete' option from drop-down menu on the Main page</p>\n","status":"skipped","statusMessage":"Cannot invoke \"org.openqa.selenium.TakesScreenshot.getScreenshotAs(org.openqa.selenium.OutputType)\" because \"driver\" is null","statusTrace":"java.lang.NullPointerException: Cannot invoke \"org.openqa.selenium.TakesScreenshot.getScreenshotAs(org.openqa.selenium.OutputType)\" because \"driver\" is null\n\tat school.redrover.runner.ProjectUtils.takeScreenshot(ProjectUtils.java:132)\n\tat school.redrover.runner.BaseTest.afterMethod(BaseTest.java:119)\n\tat jdk.internal.reflect.GeneratedMethodAccessor128.invoke(Unknown Source)\n\tat java.base/jdk.internal.reflect.DelegatingMethodAccessorImpl.invoke(DelegatingMethodAccessorImpl.java:43)\n\tat java.base/java.lang.reflect.Method.invoke(Method.java:568)\n\tat org.testng.internal.invokers.MethodInvocationHelper.invokeMethod(MethodInvocationHelper.java:139)\n\tat org.testng.internal.invokers.MethodInvocationHelper.invokeMethodConsideringTimeout(MethodInvocationHelper.java:69)\n\tat org.testng.internal.invokers.ConfigInvoker.invokeConfigurationMethod(ConfigInvoker.java:361)\n\tat org.testng.internal.invokers.ConfigInvoker.invokeConfigurations(ConfigInvoker.java:296)\n\tat org.testng.internal.invokers.TestInvoker.runConfigMethods(TestInvoker.java:823)\n\tat org.testng.internal.invokers.TestInvoker.runAfterConfigurations(TestInvoker.java:792)\n\tat org.testng.internal.invokers.TestInvoker.invokeMethod(TestInvoker.java:613)\n\tat org.testng.internal.invokers.TestInvoker.invokeTestMethod(TestInvoker.java:221)\n\tat org.testng.internal.invokers.MethodRunner.runInSequence(MethodRunner.java:50)\n\tat org.testng.internal.invokers.TestInvoker$MethodInvocationAgent.invoke(TestInvoker.java:969)\n\tat org.testng.internal.invokers.TestInvoker.invokeTestMethods(TestInvoker.java:194)\n\tat org.testng.internal.invokers.TestMethodWorker.invokeTestMethods(TestMethodWorker.java:148)\n\tat org.testng.internal.invokers.TestMethodWorker.run(TestMethodWorker.java:128)\n\tat java.base/java.util.concurrent.ThreadPoolExecutor.runWorker(ThreadPoolExecutor.java:1136)\n\tat java.base/java.util.concurrent.ThreadPoolExecutor$Worker.run(ThreadPoolExecutor.java:635)\n\tat java.base/java.lang.Thread.run(Thread.java:833)\n","flaky":false,"newFailed":false,"newBroken":false,"newPassed":false,"retriesCount":0,"retriesStatusChange":false,"beforeStages":[{"name":"beforeClass","time":{"start":1692548570438,"stop":1692548570439,"duration":1},"description":"","status":"passed","steps":[{"name":"Lock Instance","time":{"start":1692548570439,"stop":1692548570439,"duration":0},"status":"passed","steps":[],"attachments":[{"uid":"a133f955bdc49342","name":"Locked instance: ","source":"a133f955bdc49342.txt","type":"text/plain","size":22}],"parameters":[],"stepsCount":0,"attachmentsCount":1,"shouldDisplayMessage":false,"hasContent":true}],"attachments":[],"parameters":[],"stepsCount":1,"attachmentsCount":1,"shouldDisplayMessage":false,"hasContent":true},{"name":"beforeMethod","time":{"start":1692548589929,"stop":1692548589929,"duration":0},"description":"","status":"broken","steps":[],"attachments":[],"parameters":[],"stepsCount":0,"attachmentsCount":0,"shouldDisplayMessage":false,"hasContent":false}],"afterStages":[{"name":"afterMethod","time":{"start":1692548589930,"stop":1692548589930,"duration":0},"description":"","status":"broken","statusMessage":"Cannot invoke \"org.openqa.selenium.TakesScreenshot.getScreenshotAs(org.openqa.selenium.OutputType)\" because \"driver\" is null","statusTrace":"java.lang.NullPointerException: Cannot invoke \"org.openqa.selenium.TakesScreenshot.getScreenshotAs(org.openqa.selenium.OutputType)\" because \"driver\" is null\n\tat school.redrover.runner.ProjectUtils.takeScreenshot(ProjectUtils.java:132)\n\tat school.redrover.runner.BaseTest.afterMethod(BaseTest.java:119)\n\tat jdk.internal.reflect.GeneratedMethodAccessor128.invoke(Unknown Source)\n\tat java.base/jdk.internal.reflect.DelegatingMethodAccessorImpl.invoke(DelegatingMethodAccessorImpl.java:43)\n\tat java.base/java.lang.reflect.Method.invoke(Method.java:568)\n\tat org.testng.internal.invokers.MethodInvocationHelper.invokeMethod(MethodInvocationHelper.java:139)\n\tat org.testng.internal.invokers.MethodInvocationHelper.invokeMethodConsideringTimeout(MethodInvocationHelper.java:69)\n\tat org.testng.internal.invokers.ConfigInvoker.invokeConfigurationMethod(ConfigInvoker.java:361)\n\tat org.testng.internal.invokers.ConfigInvoker.invokeConfigurations(ConfigInvoker.java:296)\n\tat org.testng.internal.invokers.TestInvoker.runConfigMethods(TestInvoker.java:823)\n\tat org.testng.internal.invokers.TestInvoker.runAfterConfigurations(TestInvoker.java:792)\n\tat org.testng.internal.invokers.TestInvoker.invokeMethod(TestInvoker.java:613)\n\tat org.testng.internal.invokers.TestInvoker.invokeTestMethod(TestInvoker.java:221)\n\tat org.testng.internal.invokers.MethodRunner.runInSequence(MethodRunner.java:50)\n\tat org.testng.internal.invokers.TestInvoker$MethodInvocationAgent.invoke(TestInvoker.java:969)\n\tat org.testng.internal.invokers.TestInvoker.invokeTestMethods(TestInvoker.java:194)\n\tat org.testng.internal.invokers.TestMethodWorker.invokeTestMethods(TestMethodWorker.java:148)\n\tat org.testng.internal.invokers.TestMethodWorker.run(TestMethodWorker.java:128)\n\tat java.base/java.util.concurrent.ThreadPoolExecutor.runWorker(ThreadPoolExecutor.java:1136)\n\tat java.base/java.util.concurrent.ThreadPoolExecutor$Worker.run(ThreadPoolExecutor.java:635)\n\tat java.base/java.lang.Thread.run(Thread.java:833)\n","steps":[],"attachments":[],"parameters":[],"stepsCount":0,"attachmentsCount":0,"shouldDisplayMessage":true,"hasContent":true},{"name":"unlockInstance","time":{"start":1692548590332,"stop":1692548590332,"duration":0},"description":"","status":"passed","steps":[{"name":"Unlock instance http://localhost:8082/","time":{"start":1692548590332,"stop":1692548590332,"duration":0},"status":"passed","steps":[],"attachments":[],"parameters":[{"name":"instance","value":"http://localhost:8082/"}],"stepsCount":0,"attachmentsCount":0,"shouldDisplayMessage":false,"hasContent":true}],"attachments":[],"parameters":[],"stepsCount":1,"attachmentsCount":0,"shouldDisplayMessage":false,"hasContent":true}],"labels":[{"name":"package","value":"school.redrover.MultibranchPipelineTest"},{"name":"testClass","value":"school.redrover.MultibranchPipelineTest"},{"name":"testMethod","value":"testDeleteItemFromDropDown"},{"name":"parentSuite","value":"AllTestsSuite"},{"name":"suite","value":"AllTests"},{"name":"subSuite","value":"school.redrover.MultibranchPipelineTest"},{"name":"host","value":"fv-az955-274"},{"name":"thread","value":"3189@fv-az955-274.TestNG-test=AllTests-4(20)"},{"name":"framework","value":"testng"},{"name":"language","value":"java"},{"name":"feature","value":"Function"},{"name":"severity","value":"critical"},{"name":"resultFormat","value":"allure2"}],"parameters":[],"links":[],"hidden":false,"retry":false,"extra":{"severity":"critical","retries":[],"categories":[],"history":{"statistic":{"failed":0,"broken":0,"skipped":6,"passed":7,"unknown":0,"total":13},"items":[{"uid":"6e6de7018f22bb2","reportUrl":"https://RedRoverSchool.github.io/JenkinsQA_06/6542//#testresult/6e6de7018f22bb2","status":"passed","time":{"start":1692541794460,"stop":1692541796648,"duration":2188}},{"uid":"ba97cb63c292ac49","reportUrl":"https://RedRoverSchool.github.io/JenkinsQA_06/6547//#testresult/ba97cb63c292ac49","status":"skipped","statusDetails":"Cannot invoke \"org.openqa.selenium.TakesScreenshot.getScreenshotAs(org.openqa.selenium.OutputType)\" because \"driver\" is null","time":{"start":1692540862845,"stop":1692540862845,"duration":0}},{"uid":"2ef20c59df2ca6a6","reportUrl":"https://RedRoverSchool.github.io/JenkinsQA_06/6546//#testresult/2ef20c59df2ca6a6","status":"skipped","statusDetails":"Cannot invoke \"org.openqa.selenium.TakesScreenshot.getScreenshotAs(org.openqa.selenium.OutputType)\" because \"driver\" is null","time":{"start":1692539628824,"stop":1692539628824,"duration":0}},{"uid":"9b2b40495d3259d","reportUrl":"https://RedRoverSchool.github.io/JenkinsQA_06/6545//#testresult/9b2b40495d3259d","status":"skipped","statusDetails":"1 expectation failed.\nExpected status code <302> but was <403>.\n","time":{"start":1692538364356,"stop":1692538364356,"duration":0}},{"uid":"71fcee03430b2b80","reportUrl":"https://RedRoverSchool.github.io/JenkinsQA_06/6544//#testresult/71fcee03430b2b80","status":"passed","time":{"start":1692536991567,"stop":1692536993587,"duration":2020}},{"uid":"d0fcec707bfb4bbf","reportUrl":"https://RedRoverSchool.github.io/JenkinsQA_06/6539//#testresult/d0fcec707bfb4bbf","status":"passed","time":{"start":1692534422945,"stop":1692534424837,"duration":1892}},{"uid":"23b29cdaafcf64aa","reportUrl":"https://RedRoverSchool.github.io/JenkinsQA_06/6542//#testresult/23b29cdaafcf64aa","status":"passed","time":{"start":1692533106600,"stop":1692533108154,"duration":1554}},{"uid":"8e271c13452155b7","reportUrl":"https://RedRoverSchool.github.io/JenkinsQA_06/6543//#testresult/8e271c13452155b7","status":"skipped","statusDetails":"1 expectation failed.\nExpected status code <302> but was <403>.\n","time":{"start":1692533967573,"stop":1692533967573,"duration":0}},{"uid":"d9ce556bfef101f1","reportUrl":"https://RedRoverSchool.github.io/JenkinsQA_06/6541//#testresult/d9ce556bfef101f1","status":"passed","time":{"start":1692530756577,"stop":1692530760672,"duration":4095}},{"uid":"58f5e4f7d8c5440c","reportUrl":"https://RedRoverSchool.github.io/JenkinsQA_06/6539//#testresult/58f5e4f7d8c5440c","status":"passed","time":{"start":1692529824274,"stop":1692529826704,"duration":2430}},{"uid":"1a93bf34317c3dcb","reportUrl":"https://RedRoverSchool.github.io/JenkinsQA_06/6537//#testresult/1a93bf34317c3dcb","status":"passed","time":{"start":1692529367796,"stop":1692529369812,"duration":2016}},{"uid":"22fc9efeb634ccf3","reportUrl":"https://RedRoverSchool.github.io/JenkinsQA_06/6540//#testresult/22fc9efeb634ccf3","status":"skipped","statusDetails":"Invalid number of path parameters. Expected 1, was 0. Undefined path parameters are: .","time":{"start":1692528211151,"stop":1692528211151,"duration":0}}]},"tags":[]},"source":"9956438215d7cf79.json","parameterValues":[]}