{"uid":"c2d3f4b4b95af666","name":"testCreateFromCreateAJob","fullName":"school.redrover.FreestyleProjectTest.testCreateFromCreateAJob","historyId":"82d1fe7d1e99b51cdcfd3fc2ecb989b8","time":{"start":1692548568941,"stop":1692548568941,"duration":0},"description":"Verification of creating Freestyle project by clicking 'Create a job' button","descriptionHtml":"<p>Verification of creating Freestyle project by clicking 'Create a job' button</p>\n","status":"skipped","statusMessage":"Cannot invoke \"org.openqa.selenium.TakesScreenshot.getScreenshotAs(org.openqa.selenium.OutputType)\" because \"driver\" is null","statusTrace":"java.lang.NullPointerException: Cannot invoke \"org.openqa.selenium.TakesScreenshot.getScreenshotAs(org.openqa.selenium.OutputType)\" because \"driver\" is null\n\tat school.redrover.runner.ProjectUtils.takeScreenshot(ProjectUtils.java:132)\n\tat school.redrover.runner.BaseTest.afterMethod(BaseTest.java:119)\n\tat jdk.internal.reflect.GeneratedMethodAccessor128.invoke(Unknown Source)\n\tat java.base/jdk.internal.reflect.DelegatingMethodAccessorImpl.invoke(DelegatingMethodAccessorImpl.java:43)\n\tat java.base/java.lang.reflect.Method.invoke(Method.java:568)\n\tat org.testng.internal.invokers.MethodInvocationHelper.invokeMethod(MethodInvocationHelper.java:139)\n\tat org.testng.internal.invokers.MethodInvocationHelper.invokeMethodConsideringTimeout(MethodInvocationHelper.java:69)\n\tat org.testng.internal.invokers.ConfigInvoker.invokeConfigurationMethod(ConfigInvoker.java:361)\n\tat org.testng.internal.invokers.ConfigInvoker.invokeConfigurations(ConfigInvoker.java:296)\n\tat org.testng.internal.invokers.TestInvoker.runConfigMethods(TestInvoker.java:823)\n\tat org.testng.internal.invokers.TestInvoker.runAfterConfigurations(TestInvoker.java:792)\n\tat org.testng.internal.invokers.TestInvoker.invokeMethod(TestInvoker.java:613)\n\tat org.testng.internal.invokers.TestInvoker.invokeTestMethod(TestInvoker.java:221)\n\tat org.testng.internal.invokers.MethodRunner.runInSequence(MethodRunner.java:50)\n\tat org.testng.internal.invokers.TestInvoker$MethodInvocationAgent.invoke(TestInvoker.java:969)\n\tat org.testng.internal.invokers.TestInvoker.invokeTestMethods(TestInvoker.java:194)\n\tat org.testng.internal.invokers.TestMethodWorker.invokeTestMethods(TestMethodWorker.java:148)\n\tat org.testng.internal.invokers.TestMethodWorker.run(TestMethodWorker.java:128)\n\tat java.base/java.util.concurrent.ThreadPoolExecutor.runWorker(ThreadPoolExecutor.java:1136)\n\tat java.base/java.util.concurrent.ThreadPoolExecutor$Worker.run(ThreadPoolExecutor.java:635)\n\tat java.base/java.lang.Thread.run(Thread.java:833)\n","flaky":false,"newFailed":false,"newBroken":false,"newPassed":false,"retriesCount":0,"retriesStatusChange":false,"beforeStages":[{"name":"beforeClass","time":{"start":1692548538798,"stop":1692548538799,"duration":1},"description":"","status":"passed","steps":[{"name":"Lock Instance","time":{"start":1692548538799,"stop":1692548538799,"duration":0},"status":"passed","steps":[],"attachments":[{"uid":"39c26605dd0460ed","name":"Locked instance: ","source":"39c26605dd0460ed.txt","type":"text/plain","size":22}],"parameters":[],"stepsCount":0,"attachmentsCount":1,"shouldDisplayMessage":false,"hasContent":true}],"attachments":[],"parameters":[],"stepsCount":1,"attachmentsCount":1,"shouldDisplayMessage":false,"hasContent":true},{"name":"beforeMethod","time":{"start":1692548568940,"stop":1692548568940,"duration":0},"description":"","status":"broken","steps":[],"attachments":[],"parameters":[],"stepsCount":0,"attachmentsCount":0,"shouldDisplayMessage":false,"hasContent":false}],"afterStages":[{"name":"afterMethod","time":{"start":1692548568985,"stop":1692548568985,"duration":0},"description":"","status":"broken","statusMessage":"Cannot invoke \"org.openqa.selenium.TakesScreenshot.getScreenshotAs(org.openqa.selenium.OutputType)\" because \"driver\" is null","statusTrace":"java.lang.NullPointerException: Cannot invoke \"org.openqa.selenium.TakesScreenshot.getScreenshotAs(org.openqa.selenium.OutputType)\" because \"driver\" is null\n\tat school.redrover.runner.ProjectUtils.takeScreenshot(ProjectUtils.java:132)\n\tat school.redrover.runner.BaseTest.afterMethod(BaseTest.java:119)\n\tat jdk.internal.reflect.GeneratedMethodAccessor128.invoke(Unknown Source)\n\tat java.base/jdk.internal.reflect.DelegatingMethodAccessorImpl.invoke(DelegatingMethodAccessorImpl.java:43)\n\tat java.base/java.lang.reflect.Method.invoke(Method.java:568)\n\tat org.testng.internal.invokers.MethodInvocationHelper.invokeMethod(MethodInvocationHelper.java:139)\n\tat org.testng.internal.invokers.MethodInvocationHelper.invokeMethodConsideringTimeout(MethodInvocationHelper.java:69)\n\tat org.testng.internal.invokers.ConfigInvoker.invokeConfigurationMethod(ConfigInvoker.java:361)\n\tat org.testng.internal.invokers.ConfigInvoker.invokeConfigurations(ConfigInvoker.java:296)\n\tat org.testng.internal.invokers.TestInvoker.runConfigMethods(TestInvoker.java:823)\n\tat org.testng.internal.invokers.TestInvoker.runAfterConfigurations(TestInvoker.java:792)\n\tat org.testng.internal.invokers.TestInvoker.invokeMethod(TestInvoker.java:613)\n\tat org.testng.internal.invokers.TestInvoker.invokeTestMethod(TestInvoker.java:221)\n\tat org.testng.internal.invokers.MethodRunner.runInSequence(MethodRunner.java:50)\n\tat org.testng.internal.invokers.TestInvoker$MethodInvocationAgent.invoke(TestInvoker.java:969)\n\tat org.testng.internal.invokers.TestInvoker.invokeTestMethods(TestInvoker.java:194)\n\tat org.testng.internal.invokers.TestMethodWorker.invokeTestMethods(TestMethodWorker.java:148)\n\tat org.testng.internal.invokers.TestMethodWorker.run(TestMethodWorker.java:128)\n\tat java.base/java.util.concurrent.ThreadPoolExecutor.runWorker(ThreadPoolExecutor.java:1136)\n\tat java.base/java.util.concurrent.ThreadPoolExecutor$Worker.run(ThreadPoolExecutor.java:635)\n\tat java.base/java.lang.Thread.run(Thread.java:833)\n","steps":[],"attachments":[],"parameters":[],"stepsCount":0,"attachmentsCount":0,"shouldDisplayMessage":true,"hasContent":true},{"name":"unlockInstance","time":{"start":1692548570438,"stop":1692548570438,"duration":0},"description":"","status":"passed","steps":[{"name":"Unlock instance http://localhost:8082/","time":{"start":1692548570438,"stop":1692548570438,"duration":0},"status":"passed","steps":[],"attachments":[],"parameters":[{"name":"instance","value":"http://localhost:8082/"}],"stepsCount":0,"attachmentsCount":0,"shouldDisplayMessage":false,"hasContent":true}],"attachments":[],"parameters":[],"stepsCount":1,"attachmentsCount":0,"shouldDisplayMessage":false,"hasContent":true}],"labels":[{"name":"package","value":"school.redrover.FreestyleProjectTest"},{"name":"testClass","value":"school.redrover.FreestyleProjectTest"},{"name":"testMethod","value":"testCreateFromCreateAJob"},{"name":"parentSuite","value":"AllTestsSuite"},{"name":"suite","value":"AllTests"},{"name":"subSuite","value":"school.redrover.FreestyleProjectTest"},{"name":"host","value":"fv-az955-274"},{"name":"thread","value":"3189@fv-az955-274.TestNG-test=AllTests-4(20)"},{"name":"framework","value":"testng"},{"name":"language","value":"java"},{"name":"feature","value":"Function"},{"name":"resultFormat","value":"allure2"}],"parameters":[],"links":[],"hidden":false,"retry":false,"extra":{"severity":"normal","retries":[],"categories":[],"history":{"statistic":{"failed":0,"broken":0,"skipped":7,"passed":6,"unknown":0,"total":13},"items":[{"uid":"dd6bf6c3b7770057","reportUrl":"https://RedRoverSchool.github.io/JenkinsQA_06/6542//#testresult/dd6bf6c3b7770057","status":"passed","time":{"start":1692541190918,"stop":1692541192719,"duration":1801}},{"uid":"33f78b4fec15b0da","reportUrl":"https://RedRoverSchool.github.io/JenkinsQA_06/6547//#testresult/33f78b4fec15b0da","status":"skipped","statusDetails":"Cannot invoke \"org.openqa.selenium.TakesScreenshot.getScreenshotAs(org.openqa.selenium.OutputType)\" because \"driver\" is null","time":{"start":1692540822017,"stop":1692540822017,"duration":0}},{"uid":"23d24c0d94f6761c","reportUrl":"https://RedRoverSchool.github.io/JenkinsQA_06/6546//#testresult/23d24c0d94f6761c","status":"skipped","statusDetails":"Cannot invoke \"org.openqa.selenium.TakesScreenshot.getScreenshotAs(org.openqa.selenium.OutputType)\" because \"driver\" is null","time":{"start":1692539599142,"stop":1692539599142,"duration":0}},{"uid":"f635aeecef5ed8eb","reportUrl":"https://RedRoverSchool.github.io/JenkinsQA_06/6545//#testresult/f635aeecef5ed8eb","status":"skipped","statusDetails":"1 expectation failed.\nExpected status code <302> but was <403>.\n","time":{"start":1692538337712,"stop":1692538337713,"duration":1}},{"uid":"626c7489d16c4cac","reportUrl":"https://RedRoverSchool.github.io/JenkinsQA_06/6544//#testresult/626c7489d16c4cac","status":"skipped","statusDetails":"1 expectation failed.\nExpected status code <302> but was <403>.\n","time":{"start":1692536769572,"stop":1692536769572,"duration":0}},{"uid":"7bb64375d8cb5b53","reportUrl":"https://RedRoverSchool.github.io/JenkinsQA_06/6539//#testresult/7bb64375d8cb5b53","status":"passed","time":{"start":1692533827790,"stop":1692533829529,"duration":1739}},{"uid":"b2c7b3aaa3bf6f15","reportUrl":"https://RedRoverSchool.github.io/JenkinsQA_06/6542//#testresult/b2c7b3aaa3bf6f15","status":"passed","time":{"start":1692532579723,"stop":1692532581248,"duration":1525}},{"uid":"54f95a934da292b9","reportUrl":"https://RedRoverSchool.github.io/JenkinsQA_06/6543//#testresult/54f95a934da292b9","status":"skipped","statusDetails":"1 expectation failed.\nExpected status code <302> but was <403>.\n","time":{"start":1692533959640,"stop":1692533959640,"duration":0}},{"uid":"b270e1d8497fa85a","reportUrl":"https://RedRoverSchool.github.io/JenkinsQA_06/6541//#testresult/b270e1d8497fa85a","status":"passed","time":{"start":1692530828957,"stop":1692530831937,"duration":2980}},{"uid":"3c80f7c7d2089997","reportUrl":"https://RedRoverSchool.github.io/JenkinsQA_06/6539//#testresult/3c80f7c7d2089997","status":"passed","time":{"start":1692529180728,"stop":1692529182417,"duration":1689}},{"uid":"e1698428bfcef33e","reportUrl":"https://RedRoverSchool.github.io/JenkinsQA_06/6537//#testresult/e1698428bfcef33e","status":"passed","time":{"start":1692529805814,"stop":1692529807274,"duration":1460}},{"uid":"c9ede71cfd50dd5","reportUrl":"https://RedRoverSchool.github.io/JenkinsQA_06/6540//#testresult/c9ede71cfd50dd5","status":"skipped","statusDetails":"Invalid number of path parameters. Expected 1, was 0. Undefined path parameters are: .","time":{"start":1692528221178,"stop":1692528221178,"duration":0}}]},"tags":[]},"source":"c2d3f4b4b95af666.json","parameterValues":[]}