{"uid":"db21224dcab74d4c","name":"testDeleteMyViewTypesFromViewPage","fullName":"school.redrover.ViewsTest.testDeleteMyViewTypesFromViewPage","historyId":"61b26d722f2d5214a2f7196f068af77c","time":{"start":1692548632286,"stop":1692548632286,"duration":0},"description":"Verification the possibility of Deleting of all Type of 'MyView' From ViewPage","descriptionHtml":"<p>Verification the possibility of Deleting of all Type of 'MyView' From ViewPage</p>\n","status":"skipped","statusMessage":"Cannot invoke \"org.openqa.selenium.TakesScreenshot.getScreenshotAs(org.openqa.selenium.OutputType)\" because \"driver\" is null","statusTrace":"java.lang.NullPointerException: Cannot invoke \"org.openqa.selenium.TakesScreenshot.getScreenshotAs(org.openqa.selenium.OutputType)\" because \"driver\" is null\n\tat school.redrover.runner.ProjectUtils.takeScreenshot(ProjectUtils.java:132)\n\tat school.redrover.runner.BaseTest.afterMethod(BaseTest.java:119)\n\tat jdk.internal.reflect.GeneratedMethodAccessor128.invoke(Unknown Source)\n\tat java.base/jdk.internal.reflect.DelegatingMethodAccessorImpl.invoke(DelegatingMethodAccessorImpl.java:43)\n\tat java.base/java.lang.reflect.Method.invoke(Method.java:568)\n\tat org.testng.internal.invokers.MethodInvocationHelper.invokeMethod(MethodInvocationHelper.java:139)\n\tat org.testng.internal.invokers.MethodInvocationHelper.invokeMethodConsideringTimeout(MethodInvocationHelper.java:69)\n\tat org.testng.internal.invokers.ConfigInvoker.invokeConfigurationMethod(ConfigInvoker.java:361)\n\tat org.testng.internal.invokers.ConfigInvoker.invokeConfigurations(ConfigInvoker.java:296)\n\tat org.testng.internal.invokers.TestInvoker.runConfigMethods(TestInvoker.java:823)\n\tat org.testng.internal.invokers.TestInvoker.runAfterConfigurations(TestInvoker.java:792)\n\tat org.testng.internal.invokers.TestInvoker.invokeMethod(TestInvoker.java:613)\n\tat org.testng.internal.invokers.TestInvoker.invokeTestMethod(TestInvoker.java:221)\n\tat org.testng.internal.invokers.MethodRunner.runInSequence(MethodRunner.java:50)\n\tat org.testng.internal.invokers.TestInvoker$MethodInvocationAgent.invoke(TestInvoker.java:969)\n\tat org.testng.internal.invokers.TestInvoker.invokeTestMethods(TestInvoker.java:194)\n\tat org.testng.internal.invokers.TestMethodWorker.invokeTestMethods(TestMethodWorker.java:148)\n\tat org.testng.internal.invokers.TestMethodWorker.run(TestMethodWorker.java:128)\n\tat java.base/java.util.concurrent.ThreadPoolExecutor.runWorker(ThreadPoolExecutor.java:1136)\n\tat java.base/java.util.concurrent.ThreadPoolExecutor$Worker.run(ThreadPoolExecutor.java:635)\n\tat java.base/java.lang.Thread.run(Thread.java:833)\n","flaky":false,"newFailed":false,"newBroken":false,"newPassed":false,"retriesCount":0,"retriesStatusChange":false,"beforeStages":[{"name":"beforeClass","time":{"start":1692548614082,"stop":1692548614084,"duration":2},"description":"","status":"passed","steps":[{"name":"Lock Instance","time":{"start":1692548614082,"stop":1692548614084,"duration":2},"status":"passed","steps":[],"attachments":[{"uid":"3c8d93265d370846","name":"Locked instance: ","source":"3c8d93265d370846.txt","type":"text/plain","size":22}],"parameters":[],"stepsCount":0,"attachmentsCount":1,"shouldDisplayMessage":false,"hasContent":true}],"attachments":[],"parameters":[],"stepsCount":1,"attachmentsCount":1,"shouldDisplayMessage":false,"hasContent":true},{"name":"beforeMethod","time":{"start":1692548632285,"stop":1692548632285,"duration":0},"description":"","status":"broken","steps":[],"attachments":[],"parameters":[],"stepsCount":0,"attachmentsCount":0,"shouldDisplayMessage":false,"hasContent":false}],"afterStages":[{"name":"afterMethod","time":{"start":1692548632286,"stop":1692548632286,"duration":0},"description":"","status":"broken","statusMessage":"Cannot invoke \"org.openqa.selenium.TakesScreenshot.getScreenshotAs(org.openqa.selenium.OutputType)\" because \"driver\" is null","statusTrace":"java.lang.NullPointerException: Cannot invoke \"org.openqa.selenium.TakesScreenshot.getScreenshotAs(org.openqa.selenium.OutputType)\" because \"driver\" is null\n\tat school.redrover.runner.ProjectUtils.takeScreenshot(ProjectUtils.java:132)\n\tat school.redrover.runner.BaseTest.afterMethod(BaseTest.java:119)\n\tat jdk.internal.reflect.GeneratedMethodAccessor128.invoke(Unknown Source)\n\tat java.base/jdk.internal.reflect.DelegatingMethodAccessorImpl.invoke(DelegatingMethodAccessorImpl.java:43)\n\tat java.base/java.lang.reflect.Method.invoke(Method.java:568)\n\tat org.testng.internal.invokers.MethodInvocationHelper.invokeMethod(MethodInvocationHelper.java:139)\n\tat org.testng.internal.invokers.MethodInvocationHelper.invokeMethodConsideringTimeout(MethodInvocationHelper.java:69)\n\tat org.testng.internal.invokers.ConfigInvoker.invokeConfigurationMethod(ConfigInvoker.java:361)\n\tat org.testng.internal.invokers.ConfigInvoker.invokeConfigurations(ConfigInvoker.java:296)\n\tat org.testng.internal.invokers.TestInvoker.runConfigMethods(TestInvoker.java:823)\n\tat org.testng.internal.invokers.TestInvoker.runAfterConfigurations(TestInvoker.java:792)\n\tat org.testng.internal.invokers.TestInvoker.invokeMethod(TestInvoker.java:613)\n\tat org.testng.internal.invokers.TestInvoker.invokeTestMethod(TestInvoker.java:221)\n\tat org.testng.internal.invokers.MethodRunner.runInSequence(MethodRunner.java:50)\n\tat org.testng.internal.invokers.TestInvoker$MethodInvocationAgent.invoke(TestInvoker.java:969)\n\tat org.testng.internal.invokers.TestInvoker.invokeTestMethods(TestInvoker.java:194)\n\tat org.testng.internal.invokers.TestMethodWorker.invokeTestMethods(TestMethodWorker.java:148)\n\tat org.testng.internal.invokers.TestMethodWorker.run(TestMethodWorker.java:128)\n\tat java.base/java.util.concurrent.ThreadPoolExecutor.runWorker(ThreadPoolExecutor.java:1136)\n\tat java.base/java.util.concurrent.ThreadPoolExecutor$Worker.run(ThreadPoolExecutor.java:635)\n\tat java.base/java.lang.Thread.run(Thread.java:833)\n","steps":[],"attachments":[],"parameters":[],"stepsCount":0,"attachmentsCount":0,"shouldDisplayMessage":true,"hasContent":true},{"name":"unlockInstance","time":{"start":1692548632306,"stop":1692548632306,"duration":0},"description":"","status":"passed","steps":[{"name":"Unlock instance http://localhost:8081/","time":{"start":1692548632306,"stop":1692548632306,"duration":0},"status":"passed","steps":[],"attachments":[],"parameters":[{"name":"instance","value":"http://localhost:8081/"}],"stepsCount":0,"attachmentsCount":0,"shouldDisplayMessage":false,"hasContent":true}],"attachments":[],"parameters":[],"stepsCount":1,"attachmentsCount":0,"shouldDisplayMessage":false,"hasContent":true}],"labels":[{"name":"package","value":"school.redrover.ViewsTest"},{"name":"testClass","value":"school.redrover.ViewsTest"},{"name":"testMethod","value":"testDeleteMyViewTypesFromViewPage"},{"name":"parentSuite","value":"AllTestsSuite"},{"name":"suite","value":"AllTests"},{"name":"subSuite","value":"school.redrover.ViewsTest"},{"name":"host","value":"fv-az955-274"},{"name":"thread","value":"3189@fv-az955-274.TestNG-test=AllTests-2(18)"},{"name":"framework","value":"testng"},{"name":"language","value":"java"},{"name":"feature","value":"Function"},{"name":"severity","value":"normal"},{"name":"resultFormat","value":"allure2"}],"parameters":[{"name":"arg0","value":"ListView"}],"links":[],"hidden":false,"retry":false,"extra":{"severity":"normal","retries":[],"categories":[],"history":{"statistic":{"failed":0,"broken":0,"skipped":7,"passed":6,"unknown":0,"total":13},"items":[{"uid":"3b3ad2d0e6201c72","reportUrl":"https://RedRoverSchool.github.io/JenkinsQA_06/6542//#testresult/3b3ad2d0e6201c72","status":"passed","time":{"start":1692543914037,"stop":1692543918053,"duration":4016}},{"uid":"5134e4cc475615f8","reportUrl":"https://RedRoverSchool.github.io/JenkinsQA_06/6547//#testresult/5134e4cc475615f8","status":"skipped","statusDetails":"Cannot invoke \"org.openqa.selenium.TakesScreenshot.getScreenshotAs(org.openqa.selenium.OutputType)\" because \"driver\" is null","time":{"start":1692540923543,"stop":1692540923543,"duration":0}},{"uid":"ea16a6a33da8fee6","reportUrl":"https://RedRoverSchool.github.io/JenkinsQA_06/6546//#testresult/ea16a6a33da8fee6","status":"skipped","statusDetails":"Cannot invoke \"org.openqa.selenium.TakesScreenshot.getScreenshotAs(org.openqa.selenium.OutputType)\" because \"driver\" is null","time":{"start":1692539717012,"stop":1692539717012,"duration":0}},{"uid":"d04aa10bac643321","reportUrl":"https://RedRoverSchool.github.io/JenkinsQA_06/6545//#testresult/d04aa10bac643321","status":"skipped","statusDetails":"1 expectation failed.\nExpected status code <302> but was <403>.\n","time":{"start":1692538432055,"stop":1692538432055,"duration":0}},{"uid":"2bb76d180c8f060f","reportUrl":"https://RedRoverSchool.github.io/JenkinsQA_06/6544//#testresult/2bb76d180c8f060f","status":"skipped","statusDetails":"1 expectation failed.\nExpected status code <302> but was <403>.\n","time":{"start":1692536698385,"stop":1692536698385,"duration":0}},{"uid":"a457e6b1591a62fd","reportUrl":"https://RedRoverSchool.github.io/JenkinsQA_06/6539//#testresult/a457e6b1591a62fd","status":"passed","time":{"start":1692536473397,"stop":1692536476924,"duration":3527}},{"uid":"8a330fb32a9709d7","reportUrl":"https://RedRoverSchool.github.io/JenkinsQA_06/6542//#testresult/8a330fb32a9709d7","status":"passed","time":{"start":1692534949953,"stop":1692534953137,"duration":3184}},{"uid":"4a0fa789047fe628","reportUrl":"https://RedRoverSchool.github.io/JenkinsQA_06/6543//#testresult/4a0fa789047fe628","status":"skipped","statusDetails":"1 expectation failed.\nExpected status code <302> but was <403>.\n","time":{"start":1692534009926,"stop":1692534009926,"duration":0}},{"uid":"45b198209413c108","reportUrl":"https://RedRoverSchool.github.io/JenkinsQA_06/6541//#testresult/45b198209413c108","status":"passed","time":{"start":1692532887454,"stop":1692532891148,"duration":3694}},{"uid":"20b3351f70d123b8","reportUrl":"https://RedRoverSchool.github.io/JenkinsQA_06/6539//#testresult/20b3351f70d123b8","status":"passed","time":{"start":1692531952951,"stop":1692531957263,"duration":4312}},{"uid":"663bc643d4627562","reportUrl":"https://RedRoverSchool.github.io/JenkinsQA_06/6537//#testresult/663bc643d4627562","status":"passed","time":{"start":1692527562598,"stop":1692527565982,"duration":3384}},{"uid":"c6e0f87ec830340f","reportUrl":"https://RedRoverSchool.github.io/JenkinsQA_06/6540//#testresult/c6e0f87ec830340f","status":"skipped","statusDetails":"Invalid number of path parameters. Expected 1, was 0. Undefined path parameters are: .","time":{"start":1692528166135,"stop":1692528166135,"duration":0}}]},"tags":[]},"source":"db21224dcab74d4c.json","parameterValues":["ListView"]}