{"uid":"ddaa1021abe2c3e7","name":"testCancelDeletingFromDropDownMenu","fullName":"school.redrover.MultibranchPipelineTest.testCancelDeletingFromDropDownMenu","historyId":"899da8b8ebc4d13bd7e458d3fdcd3a","time":{"start":1692548589108,"stop":1692548589108,"duration":0},"description":"Verify that deleting 'Multibranch Pipeline' can be canceled from drop-down menu on the Main page","descriptionHtml":"<p>Verify that deleting 'Multibranch Pipeline' can be canceled from drop-down menu on the Main page</p>\n","status":"skipped","statusMessage":"Cannot invoke \"org.openqa.selenium.TakesScreenshot.getScreenshotAs(org.openqa.selenium.OutputType)\" because \"driver\" is null","statusTrace":"java.lang.NullPointerException: Cannot invoke \"org.openqa.selenium.TakesScreenshot.getScreenshotAs(org.openqa.selenium.OutputType)\" because \"driver\" is null\n\tat school.redrover.runner.ProjectUtils.takeScreenshot(ProjectUtils.java:132)\n\tat school.redrover.runner.BaseTest.afterMethod(BaseTest.java:119)\n\tat jdk.internal.reflect.GeneratedMethodAccessor128.invoke(Unknown Source)\n\tat java.base/jdk.internal.reflect.DelegatingMethodAccessorImpl.invoke(DelegatingMethodAccessorImpl.java:43)\n\tat java.base/java.lang.reflect.Method.invoke(Method.java:568)\n\tat org.testng.internal.invokers.MethodInvocationHelper.invokeMethod(MethodInvocationHelper.java:139)\n\tat org.testng.internal.invokers.MethodInvocationHelper.invokeMethodConsideringTimeout(MethodInvocationHelper.java:69)\n\tat org.testng.internal.invokers.ConfigInvoker.invokeConfigurationMethod(ConfigInvoker.java:361)\n\tat org.testng.internal.invokers.ConfigInvoker.invokeConfigurations(ConfigInvoker.java:296)\n\tat org.testng.internal.invokers.TestInvoker.runConfigMethods(TestInvoker.java:823)\n\tat org.testng.internal.invokers.TestInvoker.runAfterConfigurations(TestInvoker.java:792)\n\tat org.testng.internal.invokers.TestInvoker.invokeMethod(TestInvoker.java:613)\n\tat org.testng.internal.invokers.TestInvoker.invokeTestMethod(TestInvoker.java:221)\n\tat org.testng.internal.invokers.MethodRunner.runInSequence(MethodRunner.java:50)\n\tat org.testng.internal.invokers.TestInvoker$MethodInvocationAgent.invoke(TestInvoker.java:969)\n\tat org.testng.internal.invokers.TestInvoker.invokeTestMethods(TestInvoker.java:194)\n\tat org.testng.internal.invokers.TestMethodWorker.invokeTestMethods(TestMethodWorker.java:148)\n\tat org.testng.internal.invokers.TestMethodWorker.run(TestMethodWorker.java:128)\n\tat java.base/java.util.concurrent.ThreadPoolExecutor.runWorker(ThreadPoolExecutor.java:1136)\n\tat java.base/java.util.concurrent.ThreadPoolExecutor$Worker.run(ThreadPoolExecutor.java:635)\n\tat java.base/java.lang.Thread.run(Thread.java:833)\n","flaky":false,"newFailed":false,"newBroken":false,"newPassed":false,"retriesCount":0,"retriesStatusChange":false,"beforeStages":[{"name":"beforeClass","time":{"start":1692548570438,"stop":1692548570439,"duration":1},"description":"","status":"passed","steps":[{"name":"Lock Instance","time":{"start":1692548570439,"stop":1692548570439,"duration":0},"status":"passed","steps":[],"attachments":[{"uid":"a133f955bdc49342","name":"Locked instance: ","source":"a133f955bdc49342.txt","type":"text/plain","size":22}],"parameters":[],"stepsCount":0,"attachmentsCount":1,"shouldDisplayMessage":false,"hasContent":true}],"attachments":[],"parameters":[],"stepsCount":1,"attachmentsCount":1,"shouldDisplayMessage":false,"hasContent":true},{"name":"beforeMethod","time":{"start":1692548589107,"stop":1692548589107,"duration":0},"description":"","status":"broken","steps":[],"attachments":[],"parameters":[],"stepsCount":0,"attachmentsCount":0,"shouldDisplayMessage":false,"hasContent":false}],"afterStages":[{"name":"afterMethod","time":{"start":1692548589120,"stop":1692548589120,"duration":0},"description":"","status":"broken","statusMessage":"Cannot invoke \"org.openqa.selenium.TakesScreenshot.getScreenshotAs(org.openqa.selenium.OutputType)\" because \"driver\" is null","statusTrace":"java.lang.NullPointerException: Cannot invoke \"org.openqa.selenium.TakesScreenshot.getScreenshotAs(org.openqa.selenium.OutputType)\" because \"driver\" is null\n\tat school.redrover.runner.ProjectUtils.takeScreenshot(ProjectUtils.java:132)\n\tat school.redrover.runner.BaseTest.afterMethod(BaseTest.java:119)\n\tat jdk.internal.reflect.GeneratedMethodAccessor128.invoke(Unknown Source)\n\tat java.base/jdk.internal.reflect.DelegatingMethodAccessorImpl.invoke(DelegatingMethodAccessorImpl.java:43)\n\tat java.base/java.lang.reflect.Method.invoke(Method.java:568)\n\tat org.testng.internal.invokers.MethodInvocationHelper.invokeMethod(MethodInvocationHelper.java:139)\n\tat org.testng.internal.invokers.MethodInvocationHelper.invokeMethodConsideringTimeout(MethodInvocationHelper.java:69)\n\tat org.testng.internal.invokers.ConfigInvoker.invokeConfigurationMethod(ConfigInvoker.java:361)\n\tat org.testng.internal.invokers.ConfigInvoker.invokeConfigurations(ConfigInvoker.java:296)\n\tat org.testng.internal.invokers.TestInvoker.runConfigMethods(TestInvoker.java:823)\n\tat org.testng.internal.invokers.TestInvoker.runAfterConfigurations(TestInvoker.java:792)\n\tat org.testng.internal.invokers.TestInvoker.invokeMethod(TestInvoker.java:613)\n\tat org.testng.internal.invokers.TestInvoker.invokeTestMethod(TestInvoker.java:221)\n\tat org.testng.internal.invokers.MethodRunner.runInSequence(MethodRunner.java:50)\n\tat org.testng.internal.invokers.TestInvoker$MethodInvocationAgent.invoke(TestInvoker.java:969)\n\tat org.testng.internal.invokers.TestInvoker.invokeTestMethods(TestInvoker.java:194)\n\tat org.testng.internal.invokers.TestMethodWorker.invokeTestMethods(TestMethodWorker.java:148)\n\tat org.testng.internal.invokers.TestMethodWorker.run(TestMethodWorker.java:128)\n\tat java.base/java.util.concurrent.ThreadPoolExecutor.runWorker(ThreadPoolExecutor.java:1136)\n\tat java.base/java.util.concurrent.ThreadPoolExecutor$Worker.run(ThreadPoolExecutor.java:635)\n\tat java.base/java.lang.Thread.run(Thread.java:833)\n","steps":[],"attachments":[],"parameters":[],"stepsCount":0,"attachmentsCount":0,"shouldDisplayMessage":true,"hasContent":true},{"name":"unlockInstance","time":{"start":1692548590332,"stop":1692548590332,"duration":0},"description":"","status":"passed","steps":[{"name":"Unlock instance http://localhost:8082/","time":{"start":1692548590332,"stop":1692548590332,"duration":0},"status":"passed","steps":[],"attachments":[],"parameters":[{"name":"instance","value":"http://localhost:8082/"}],"stepsCount":0,"attachmentsCount":0,"shouldDisplayMessage":false,"hasContent":true}],"attachments":[],"parameters":[],"stepsCount":1,"attachmentsCount":0,"shouldDisplayMessage":false,"hasContent":true}],"labels":[{"name":"package","value":"school.redrover.MultibranchPipelineTest"},{"name":"testClass","value":"school.redrover.MultibranchPipelineTest"},{"name":"testMethod","value":"testCancelDeletingFromDropDownMenu"},{"name":"parentSuite","value":"AllTestsSuite"},{"name":"suite","value":"AllTests"},{"name":"subSuite","value":"school.redrover.MultibranchPipelineTest"},{"name":"host","value":"fv-az955-274"},{"name":"thread","value":"3189@fv-az955-274.TestNG-test=AllTests-4(20)"},{"name":"framework","value":"testng"},{"name":"language","value":"java"},{"name":"feature","value":"Function"},{"name":"severity","value":"critical"},{"name":"resultFormat","value":"allure2"}],"parameters":[],"links":[],"hidden":false,"retry":false,"extra":{"severity":"critical","retries":[],"categories":[],"history":{"statistic":{"failed":0,"broken":0,"skipped":6,"passed":7,"unknown":0,"total":13},"items":[{"uid":"13b989ff5befdf3f","reportUrl":"https://RedRoverSchool.github.io/JenkinsQA_06/6542//#testresult/13b989ff5befdf3f","status":"passed","time":{"start":1692541669420,"stop":1692541671636,"duration":2216}},{"uid":"33ea6fd0f524b0cf","reportUrl":"https://RedRoverSchool.github.io/JenkinsQA_06/6547//#testresult/33ea6fd0f524b0cf","status":"skipped","statusDetails":"Cannot invoke \"org.openqa.selenium.TakesScreenshot.getScreenshotAs(org.openqa.selenium.OutputType)\" because \"driver\" is null","time":{"start":1692540862651,"stop":1692540862651,"duration":0}},{"uid":"84eaf19739af03c","reportUrl":"https://RedRoverSchool.github.io/JenkinsQA_06/6546//#testresult/84eaf19739af03c","status":"skipped","statusDetails":"Cannot invoke \"org.openqa.selenium.TakesScreenshot.getScreenshotAs(org.openqa.selenium.OutputType)\" because \"driver\" is null","time":{"start":1692539627801,"stop":1692539627801,"duration":0}},{"uid":"e509fcd2c5f6963e","reportUrl":"https://RedRoverSchool.github.io/JenkinsQA_06/6545//#testresult/e509fcd2c5f6963e","status":"skipped","statusDetails":"1 expectation failed.\nExpected status code <302> but was <403>.\n","time":{"start":1692538363748,"stop":1692538363751,"duration":3}},{"uid":"357da6f067d7cf0e","reportUrl":"https://RedRoverSchool.github.io/JenkinsQA_06/6544//#testresult/357da6f067d7cf0e","status":"passed","time":{"start":1692536822317,"stop":1692536824943,"duration":2626}},{"uid":"e017bb0948c26f99","reportUrl":"https://RedRoverSchool.github.io/JenkinsQA_06/6539//#testresult/e017bb0948c26f99","status":"passed","time":{"start":1692534298710,"stop":1692534300571,"duration":1861}},{"uid":"a6cd5da5a8d70117","reportUrl":"https://RedRoverSchool.github.io/JenkinsQA_06/6542//#testresult/a6cd5da5a8d70117","status":"passed","time":{"start":1692532995319,"stop":1692532996825,"duration":1506}},{"uid":"fd7bd53957a56700","reportUrl":"https://RedRoverSchool.github.io/JenkinsQA_06/6543//#testresult/fd7bd53957a56700","status":"skipped","statusDetails":"1 expectation failed.\nExpected status code <302> but was <403>.\n","time":{"start":1692533967313,"stop":1692533967313,"duration":0}},{"uid":"94687fa70d27930e","reportUrl":"https://RedRoverSchool.github.io/JenkinsQA_06/6541//#testresult/94687fa70d27930e","status":"passed","time":{"start":1692530542146,"stop":1692530545641,"duration":3495}},{"uid":"38acb3fda743983f","reportUrl":"https://RedRoverSchool.github.io/JenkinsQA_06/6539//#testresult/38acb3fda743983f","status":"passed","time":{"start":1692529690420,"stop":1692529692496,"duration":2076}},{"uid":"156091883e7cdf24","reportUrl":"https://RedRoverSchool.github.io/JenkinsQA_06/6537//#testresult/156091883e7cdf24","status":"passed","time":{"start":1692529245530,"stop":1692529247717,"duration":2187}},{"uid":"ab62e9a7ae521b55","reportUrl":"https://RedRoverSchool.github.io/JenkinsQA_06/6540//#testresult/ab62e9a7ae521b55","status":"skipped","statusDetails":"Invalid number of path parameters. Expected 1, was 0. Undefined path parameters are: .","time":{"start":1692528211098,"stop":1692528211098,"duration":0}}]},"tags":[]},"source":"ddaa1021abe2c3e7.json","parameterValues":[]}