{"uid":"e16298954baf9c3d","name":"testRenameWithInvalidData","fullName":"school.redrover.FolderTest.testRenameWithInvalidData","historyId":"1ebd308f245af0723a6a1caf0d3ad8c9","time":{"start":1692548609671,"stop":1692548609671,"duration":0},"description":"Verification of impossibility to rename Folder project with invalid data","descriptionHtml":"<p>Verification of impossibility to rename Folder project with invalid data</p>\n","status":"skipped","statusMessage":"Cannot invoke \"org.openqa.selenium.TakesScreenshot.getScreenshotAs(org.openqa.selenium.OutputType)\" because \"driver\" is null","statusTrace":"java.lang.NullPointerException: Cannot invoke \"org.openqa.selenium.TakesScreenshot.getScreenshotAs(org.openqa.selenium.OutputType)\" because \"driver\" is null\n\tat school.redrover.runner.ProjectUtils.takeScreenshot(ProjectUtils.java:132)\n\tat school.redrover.runner.BaseTest.afterMethod(BaseTest.java:119)\n\tat jdk.internal.reflect.GeneratedMethodAccessor128.invoke(Unknown Source)\n\tat java.base/jdk.internal.reflect.DelegatingMethodAccessorImpl.invoke(DelegatingMethodAccessorImpl.java:43)\n\tat java.base/java.lang.reflect.Method.invoke(Method.java:568)\n\tat org.testng.internal.invokers.MethodInvocationHelper.invokeMethod(MethodInvocationHelper.java:139)\n\tat org.testng.internal.invokers.MethodInvocationHelper.invokeMethodConsideringTimeout(MethodInvocationHelper.java:69)\n\tat org.testng.internal.invokers.ConfigInvoker.invokeConfigurationMethod(ConfigInvoker.java:361)\n\tat org.testng.internal.invokers.ConfigInvoker.invokeConfigurations(ConfigInvoker.java:296)\n\tat org.testng.internal.invokers.TestInvoker.runConfigMethods(TestInvoker.java:823)\n\tat org.testng.internal.invokers.TestInvoker.runAfterConfigurations(TestInvoker.java:792)\n\tat org.testng.internal.invokers.TestInvoker.invokeMethod(TestInvoker.java:613)\n\tat org.testng.internal.invokers.TestInvoker.invokeTestMethod(TestInvoker.java:221)\n\tat org.testng.internal.invokers.MethodRunner.runInSequence(MethodRunner.java:50)\n\tat org.testng.internal.invokers.TestInvoker$MethodInvocationAgent.invoke(TestInvoker.java:969)\n\tat org.testng.internal.invokers.TestInvoker.invokeTestMethods(TestInvoker.java:194)\n\tat org.testng.internal.invokers.TestMethodWorker.invokeTestMethods(TestMethodWorker.java:148)\n\tat org.testng.internal.invokers.TestMethodWorker.run(TestMethodWorker.java:128)\n\tat java.base/java.util.concurrent.ThreadPoolExecutor.runWorker(ThreadPoolExecutor.java:1136)\n\tat java.base/java.util.concurrent.ThreadPoolExecutor$Worker.run(ThreadPoolExecutor.java:635)\n\tat java.base/java.lang.Thread.run(Thread.java:833)\n","flaky":false,"newFailed":false,"newBroken":false,"newPassed":false,"retriesCount":0,"retriesStatusChange":false,"beforeStages":[{"name":"beforeClass","time":{"start":1692548590332,"stop":1692548590333,"duration":1},"description":"","status":"passed","steps":[{"name":"Lock Instance","time":{"start":1692548590333,"stop":1692548590333,"duration":0},"status":"passed","steps":[],"attachments":[{"uid":"1cef6afdcebe1032","name":"Locked instance: ","source":"1cef6afdcebe1032.txt","type":"text/plain","size":22}],"parameters":[],"stepsCount":0,"attachmentsCount":1,"shouldDisplayMessage":false,"hasContent":true}],"attachments":[],"parameters":[],"stepsCount":1,"attachmentsCount":1,"shouldDisplayMessage":false,"hasContent":true},{"name":"beforeMethod","time":{"start":1692548609671,"stop":1692548609671,"duration":0},"description":"","status":"broken","steps":[],"attachments":[],"parameters":[],"stepsCount":0,"attachmentsCount":0,"shouldDisplayMessage":false,"hasContent":false}],"afterStages":[{"name":"afterMethod","time":{"start":1692548609672,"stop":1692548609672,"duration":0},"description":"","status":"broken","statusMessage":"Cannot invoke \"org.openqa.selenium.TakesScreenshot.getScreenshotAs(org.openqa.selenium.OutputType)\" because \"driver\" is null","statusTrace":"java.lang.NullPointerException: Cannot invoke \"org.openqa.selenium.TakesScreenshot.getScreenshotAs(org.openqa.selenium.OutputType)\" because \"driver\" is null\n\tat school.redrover.runner.ProjectUtils.takeScreenshot(ProjectUtils.java:132)\n\tat school.redrover.runner.BaseTest.afterMethod(BaseTest.java:119)\n\tat jdk.internal.reflect.GeneratedMethodAccessor128.invoke(Unknown Source)\n\tat java.base/jdk.internal.reflect.DelegatingMethodAccessorImpl.invoke(DelegatingMethodAccessorImpl.java:43)\n\tat java.base/java.lang.reflect.Method.invoke(Method.java:568)\n\tat org.testng.internal.invokers.MethodInvocationHelper.invokeMethod(MethodInvocationHelper.java:139)\n\tat org.testng.internal.invokers.MethodInvocationHelper.invokeMethodConsideringTimeout(MethodInvocationHelper.java:69)\n\tat org.testng.internal.invokers.ConfigInvoker.invokeConfigurationMethod(ConfigInvoker.java:361)\n\tat org.testng.internal.invokers.ConfigInvoker.invokeConfigurations(ConfigInvoker.java:296)\n\tat org.testng.internal.invokers.TestInvoker.runConfigMethods(TestInvoker.java:823)\n\tat org.testng.internal.invokers.TestInvoker.runAfterConfigurations(TestInvoker.java:792)\n\tat org.testng.internal.invokers.TestInvoker.invokeMethod(TestInvoker.java:613)\n\tat org.testng.internal.invokers.TestInvoker.invokeTestMethod(TestInvoker.java:221)\n\tat org.testng.internal.invokers.MethodRunner.runInSequence(MethodRunner.java:50)\n\tat org.testng.internal.invokers.TestInvoker$MethodInvocationAgent.invoke(TestInvoker.java:969)\n\tat org.testng.internal.invokers.TestInvoker.invokeTestMethods(TestInvoker.java:194)\n\tat org.testng.internal.invokers.TestMethodWorker.invokeTestMethods(TestMethodWorker.java:148)\n\tat org.testng.internal.invokers.TestMethodWorker.run(TestMethodWorker.java:128)\n\tat java.base/java.util.concurrent.ThreadPoolExecutor.runWorker(ThreadPoolExecutor.java:1136)\n\tat java.base/java.util.concurrent.ThreadPoolExecutor$Worker.run(ThreadPoolExecutor.java:635)\n\tat java.base/java.lang.Thread.run(Thread.java:833)\n","steps":[],"attachments":[],"parameters":[],"stepsCount":0,"attachmentsCount":0,"shouldDisplayMessage":true,"hasContent":true},{"name":"unlockInstance","time":{"start":1692548609709,"stop":1692548609709,"duration":0},"description":"","status":"passed","steps":[{"name":"Unlock instance http://localhost:8082/","time":{"start":1692548609709,"stop":1692548609709,"duration":0},"status":"passed","steps":[],"attachments":[],"parameters":[{"name":"instance","value":"http://localhost:8082/"}],"stepsCount":0,"attachmentsCount":0,"shouldDisplayMessage":false,"hasContent":true}],"attachments":[],"parameters":[],"stepsCount":1,"attachmentsCount":0,"shouldDisplayMessage":false,"hasContent":true}],"labels":[{"name":"package","value":"school.redrover.FolderTest"},{"name":"testClass","value":"school.redrover.FolderTest"},{"name":"testMethod","value":"testRenameWithInvalidData"},{"name":"parentSuite","value":"AllTestsSuite"},{"name":"suite","value":"AllTests"},{"name":"subSuite","value":"school.redrover.FolderTest"},{"name":"host","value":"fv-az955-274"},{"name":"thread","value":"3189@fv-az955-274.TestNG-test=AllTests-4(20)"},{"name":"framework","value":"testng"},{"name":"language","value":"java"},{"name":"severity","value":"normal"},{"name":"resultFormat","value":"allure2"}],"parameters":[{"name":"arg0","value":"@"}],"links":[],"hidden":false,"retry":false,"extra":{"severity":"normal","retries":[],"categories":[],"history":{"statistic":{"failed":0,"broken":0,"skipped":7,"passed":6,"unknown":0,"total":13},"items":[{"uid":"c089abcd861bb883","reportUrl":"https://RedRoverSchool.github.io/JenkinsQA_06/6542//#testresult/c089abcd861bb883","status":"passed","time":{"start":1692542426991,"stop":1692542429566,"duration":2575}},{"uid":"e4333319e952b3c4","reportUrl":"https://RedRoverSchool.github.io/JenkinsQA_06/6547//#testresult/e4333319e952b3c4","status":"skipped","statusDetails":"Cannot invoke \"org.openqa.selenium.TakesScreenshot.getScreenshotAs(org.openqa.selenium.OutputType)\" because \"driver\" is null","time":{"start":1692540882328,"stop":1692540882328,"duration":0}},{"uid":"cefed6d9fb983658","reportUrl":"https://RedRoverSchool.github.io/JenkinsQA_06/6546//#testresult/cefed6d9fb983658","status":"skipped","statusDetails":"Cannot invoke \"org.openqa.selenium.TakesScreenshot.getScreenshotAs(org.openqa.selenium.OutputType)\" because \"driver\" is null","time":{"start":1692539659102,"stop":1692539659103,"duration":1}},{"uid":"c79c51efc7428818","reportUrl":"https://RedRoverSchool.github.io/JenkinsQA_06/6545//#testresult/c79c51efc7428818","status":"skipped","statusDetails":"1 expectation failed.\nExpected status code <302> but was <403>.\n","time":{"start":1692538386158,"stop":1692538386160,"duration":2}},{"uid":"4810178f89b709b7","reportUrl":"https://RedRoverSchool.github.io/JenkinsQA_06/6544//#testresult/4810178f89b709b7","status":"skipped","statusDetails":"1 expectation failed.\nExpected status code <302> but was <403>.\n","time":{"start":1692536772812,"stop":1692536772812,"duration":0}},{"uid":"df0f79c8785e4fcf","reportUrl":"https://RedRoverSchool.github.io/JenkinsQA_06/6539//#testresult/df0f79c8785e4fcf","status":"passed","time":{"start":1692535027364,"stop":1692535029478,"duration":2114}},{"uid":"82aa3128f9b243f4","reportUrl":"https://RedRoverSchool.github.io/JenkinsQA_06/6542//#testresult/82aa3128f9b243f4","status":"passed","time":{"start":1692533663444,"stop":1692533665472,"duration":2028}},{"uid":"df10498c1db9af0b","reportUrl":"https://RedRoverSchool.github.io/JenkinsQA_06/6543//#testresult/df10498c1db9af0b","status":"skipped","statusDetails":"1 expectation failed.\nExpected status code <302> but was <403>.\n","time":{"start":1692533975861,"stop":1692533975861,"duration":0}},{"uid":"c1f22fdd5fe52d95","reportUrl":"https://RedRoverSchool.github.io/JenkinsQA_06/6541//#testresult/c1f22fdd5fe52d95","status":"passed","time":{"start":1692531768806,"stop":1692531772350,"duration":3544}},{"uid":"25b47aeb3adabbf2","reportUrl":"https://RedRoverSchool.github.io/JenkinsQA_06/6539//#testresult/25b47aeb3adabbf2","status":"passed","time":{"start":1692530449157,"stop":1692530451745,"duration":2588}},{"uid":"6e8f2edb59625db0","reportUrl":"https://RedRoverSchool.github.io/JenkinsQA_06/6537//#testresult/6e8f2edb59625db0","status":"passed","time":{"start":1692530524771,"stop":1692530526705,"duration":1934}},{"uid":"2bb3957a294d313a","reportUrl":"https://RedRoverSchool.github.io/JenkinsQA_06/6540//#testresult/2bb3957a294d313a","status":"skipped","statusDetails":"Invalid number of path parameters. Expected 1, was 0. Undefined path parameters are: .","time":{"start":1692528229358,"stop":1692528229358,"duration":0}}]},"tags":[]},"source":"e16298954baf9c3d.json","parameterValues":["@"]}