{"uid":"f5ebc02f98d2e43f","name":"testPreviewDescriptionFromConfigurationPage","fullName":"school.redrover.FolderTest.testPreviewDescriptionFromConfigurationPage","historyId":"d3589db665c5558eea4cbb4dddf90850","time":{"start":1692548609511,"stop":1692548609511,"duration":0},"description":"Verify that Folder description is previewed on the Configuration page","descriptionHtml":"<p>Verify that Folder description is previewed on the Configuration page</p>\n","status":"skipped","statusMessage":"Cannot invoke \"org.openqa.selenium.TakesScreenshot.getScreenshotAs(org.openqa.selenium.OutputType)\" because \"driver\" is null","statusTrace":"java.lang.NullPointerException: Cannot invoke \"org.openqa.selenium.TakesScreenshot.getScreenshotAs(org.openqa.selenium.OutputType)\" because \"driver\" is null\n\tat school.redrover.runner.ProjectUtils.takeScreenshot(ProjectUtils.java:132)\n\tat school.redrover.runner.BaseTest.afterMethod(BaseTest.java:119)\n\tat jdk.internal.reflect.GeneratedMethodAccessor128.invoke(Unknown Source)\n\tat java.base/jdk.internal.reflect.DelegatingMethodAccessorImpl.invoke(DelegatingMethodAccessorImpl.java:43)\n\tat java.base/java.lang.reflect.Method.invoke(Method.java:568)\n\tat org.testng.internal.invokers.MethodInvocationHelper.invokeMethod(MethodInvocationHelper.java:139)\n\tat org.testng.internal.invokers.MethodInvocationHelper.invokeMethodConsideringTimeout(MethodInvocationHelper.java:69)\n\tat org.testng.internal.invokers.ConfigInvoker.invokeConfigurationMethod(ConfigInvoker.java:361)\n\tat org.testng.internal.invokers.ConfigInvoker.invokeConfigurations(ConfigInvoker.java:296)\n\tat org.testng.internal.invokers.TestInvoker.runConfigMethods(TestInvoker.java:823)\n\tat org.testng.internal.invokers.TestInvoker.runAfterConfigurations(TestInvoker.java:792)\n\tat org.testng.internal.invokers.TestInvoker.invokeMethod(TestInvoker.java:613)\n\tat org.testng.internal.invokers.TestInvoker.invokeTestMethod(TestInvoker.java:221)\n\tat org.testng.internal.invokers.MethodRunner.runInSequence(MethodRunner.java:50)\n\tat org.testng.internal.invokers.TestInvoker$MethodInvocationAgent.invoke(TestInvoker.java:969)\n\tat org.testng.internal.invokers.TestInvoker.invokeTestMethods(TestInvoker.java:194)\n\tat org.testng.internal.invokers.TestMethodWorker.invokeTestMethods(TestMethodWorker.java:148)\n\tat org.testng.internal.invokers.TestMethodWorker.run(TestMethodWorker.java:128)\n\tat java.base/java.util.concurrent.ThreadPoolExecutor.runWorker(ThreadPoolExecutor.java:1136)\n\tat java.base/java.util.concurrent.ThreadPoolExecutor$Worker.run(ThreadPoolExecutor.java:635)\n\tat java.base/java.lang.Thread.run(Thread.java:833)\n","flaky":false,"newFailed":false,"newBroken":false,"newPassed":false,"retriesCount":0,"retriesStatusChange":false,"beforeStages":[{"name":"beforeClass","time":{"start":1692548590332,"stop":1692548590333,"duration":1},"description":"","status":"passed","steps":[{"name":"Lock Instance","time":{"start":1692548590333,"stop":1692548590333,"duration":0},"status":"passed","steps":[],"attachments":[{"uid":"1cef6afdcebe1032","name":"Locked instance: ","source":"1cef6afdcebe1032.txt","type":"text/plain","size":22}],"parameters":[],"stepsCount":0,"attachmentsCount":1,"shouldDisplayMessage":false,"hasContent":true}],"attachments":[],"parameters":[],"stepsCount":1,"attachmentsCount":1,"shouldDisplayMessage":false,"hasContent":true},{"name":"beforeMethod","time":{"start":1692548609510,"stop":1692548609510,"duration":0},"description":"","status":"broken","steps":[],"attachments":[],"parameters":[],"stepsCount":0,"attachmentsCount":0,"shouldDisplayMessage":false,"hasContent":false}],"afterStages":[{"name":"afterMethod","time":{"start":1692548609512,"stop":1692548609512,"duration":0},"description":"","status":"broken","statusMessage":"Cannot invoke \"org.openqa.selenium.TakesScreenshot.getScreenshotAs(org.openqa.selenium.OutputType)\" because \"driver\" is null","statusTrace":"java.lang.NullPointerException: Cannot invoke \"org.openqa.selenium.TakesScreenshot.getScreenshotAs(org.openqa.selenium.OutputType)\" because \"driver\" is null\n\tat school.redrover.runner.ProjectUtils.takeScreenshot(ProjectUtils.java:132)\n\tat school.redrover.runner.BaseTest.afterMethod(BaseTest.java:119)\n\tat jdk.internal.reflect.GeneratedMethodAccessor128.invoke(Unknown Source)\n\tat java.base/jdk.internal.reflect.DelegatingMethodAccessorImpl.invoke(DelegatingMethodAccessorImpl.java:43)\n\tat java.base/java.lang.reflect.Method.invoke(Method.java:568)\n\tat org.testng.internal.invokers.MethodInvocationHelper.invokeMethod(MethodInvocationHelper.java:139)\n\tat org.testng.internal.invokers.MethodInvocationHelper.invokeMethodConsideringTimeout(MethodInvocationHelper.java:69)\n\tat org.testng.internal.invokers.ConfigInvoker.invokeConfigurationMethod(ConfigInvoker.java:361)\n\tat org.testng.internal.invokers.ConfigInvoker.invokeConfigurations(ConfigInvoker.java:296)\n\tat org.testng.internal.invokers.TestInvoker.runConfigMethods(TestInvoker.java:823)\n\tat org.testng.internal.invokers.TestInvoker.runAfterConfigurations(TestInvoker.java:792)\n\tat org.testng.internal.invokers.TestInvoker.invokeMethod(TestInvoker.java:613)\n\tat org.testng.internal.invokers.TestInvoker.invokeTestMethod(TestInvoker.java:221)\n\tat org.testng.internal.invokers.MethodRunner.runInSequence(MethodRunner.java:50)\n\tat org.testng.internal.invokers.TestInvoker$MethodInvocationAgent.invoke(TestInvoker.java:969)\n\tat org.testng.internal.invokers.TestInvoker.invokeTestMethods(TestInvoker.java:194)\n\tat org.testng.internal.invokers.TestMethodWorker.invokeTestMethods(TestMethodWorker.java:148)\n\tat org.testng.internal.invokers.TestMethodWorker.run(TestMethodWorker.java:128)\n\tat java.base/java.util.concurrent.ThreadPoolExecutor.runWorker(ThreadPoolExecutor.java:1136)\n\tat java.base/java.util.concurrent.ThreadPoolExecutor$Worker.run(ThreadPoolExecutor.java:635)\n\tat java.base/java.lang.Thread.run(Thread.java:833)\n","steps":[],"attachments":[],"parameters":[],"stepsCount":0,"attachmentsCount":0,"shouldDisplayMessage":true,"hasContent":true},{"name":"unlockInstance","time":{"start":1692548609709,"stop":1692548609709,"duration":0},"description":"","status":"passed","steps":[{"name":"Unlock instance http://localhost:8082/","time":{"start":1692548609709,"stop":1692548609709,"duration":0},"status":"passed","steps":[],"attachments":[],"parameters":[{"name":"instance","value":"http://localhost:8082/"}],"stepsCount":0,"attachmentsCount":0,"shouldDisplayMessage":false,"hasContent":true}],"attachments":[],"parameters":[],"stepsCount":1,"attachmentsCount":0,"shouldDisplayMessage":false,"hasContent":true}],"labels":[{"name":"package","value":"school.redrover.FolderTest"},{"name":"testClass","value":"school.redrover.FolderTest"},{"name":"testMethod","value":"testPreviewDescriptionFromConfigurationPage"},{"name":"parentSuite","value":"AllTestsSuite"},{"name":"suite","value":"AllTests"},{"name":"subSuite","value":"school.redrover.FolderTest"},{"name":"host","value":"fv-az955-274"},{"name":"thread","value":"3189@fv-az955-274.TestNG-test=AllTests-4(20)"},{"name":"framework","value":"testng"},{"name":"language","value":"java"},{"name":"severity","value":"trivial"},{"name":"resultFormat","value":"allure2"}],"parameters":[],"links":[],"hidden":false,"retry":false,"extra":{"severity":"trivial","retries":[],"categories":[],"history":{"statistic":{"failed":0,"broken":0,"skipped":7,"passed":6,"unknown":0,"total":13},"items":[{"uid":"48a9e18137c25e32","reportUrl":"https://RedRoverSchool.github.io/JenkinsQA_06/6542//#testresult/48a9e18137c25e32","status":"passed","time":{"start":1692542351269,"stop":1692542353738,"duration":2469}},{"uid":"4f831ca8cfc4dd9a","reportUrl":"https://RedRoverSchool.github.io/JenkinsQA_06/6547//#testresult/4f831ca8cfc4dd9a","status":"skipped","statusDetails":"Cannot invoke \"org.openqa.selenium.TakesScreenshot.getScreenshotAs(org.openqa.selenium.OutputType)\" because \"driver\" is null","time":{"start":1692540881918,"stop":1692540881918,"duration":0}},{"uid":"46b32e3ad004a43","reportUrl":"https://RedRoverSchool.github.io/JenkinsQA_06/6546//#testresult/46b32e3ad004a43","status":"skipped","statusDetails":"Cannot invoke \"org.openqa.selenium.TakesScreenshot.getScreenshotAs(org.openqa.selenium.OutputType)\" because \"driver\" is null","time":{"start":1692539658492,"stop":1692539658492,"duration":0}},{"uid":"74f222ac199045a7","reportUrl":"https://RedRoverSchool.github.io/JenkinsQA_06/6545//#testresult/74f222ac199045a7","status":"skipped","statusDetails":"1 expectation failed.\nExpected status code <302> but was <403>.\n","time":{"start":1692538385867,"stop":1692538385867,"duration":0}},{"uid":"7cbdc92bda616154","reportUrl":"https://RedRoverSchool.github.io/JenkinsQA_06/6544//#testresult/7cbdc92bda616154","status":"skipped","statusDetails":"1 expectation failed.\nExpected status code <302> but was <403>.\n","time":{"start":1692536772659,"stop":1692536772659,"duration":0}},{"uid":"6868049e95dabe4","reportUrl":"https://RedRoverSchool.github.io/JenkinsQA_06/6539//#testresult/6868049e95dabe4","status":"passed","time":{"start":1692534953320,"stop":1692534955468,"duration":2148}},{"uid":"61cd11431f4465c4","reportUrl":"https://RedRoverSchool.github.io/JenkinsQA_06/6542//#testresult/61cd11431f4465c4","status":"passed","time":{"start":1692533600252,"stop":1692533602265,"duration":2013}},{"uid":"ef94cbf196dc97b4","reportUrl":"https://RedRoverSchool.github.io/JenkinsQA_06/6543//#testresult/ef94cbf196dc97b4","status":"skipped","statusDetails":"1 expectation failed.\nExpected status code <302> but was <403>.\n","time":{"start":1692533975666,"stop":1692533975667,"duration":1}},{"uid":"7f828aaa35588e1b","reportUrl":"https://RedRoverSchool.github.io/JenkinsQA_06/6541//#testresult/7f828aaa35588e1b","status":"passed","time":{"start":1692531629186,"stop":1692531633326,"duration":4140}},{"uid":"ee20e66ce0160094","reportUrl":"https://RedRoverSchool.github.io/JenkinsQA_06/6539//#testresult/ee20e66ce0160094","status":"passed","time":{"start":1692530372274,"stop":1692530374598,"duration":2324}},{"uid":"61062af301352041","reportUrl":"https://RedRoverSchool.github.io/JenkinsQA_06/6537//#testresult/61062af301352041","status":"passed","time":{"start":1692530455820,"stop":1692530458052,"duration":2232}},{"uid":"e1f7daa4fe9ec150","reportUrl":"https://RedRoverSchool.github.io/JenkinsQA_06/6540//#testresult/e1f7daa4fe9ec150","status":"skipped","statusDetails":"Invalid number of path parameters. Expected 1, was 0. Undefined path parameters are: .","time":{"start":1692528229302,"stop":1692528229303,"duration":1}}]},"tags":[]},"source":"f5ebc02f98d2e43f.json","parameterValues":[]}