{"uid":"c97c8aed5d18430b","name":"testAddDisplayName","fullName":"school.redrover.FreestyleProjectTest.testAddDisplayName","historyId":"15006487ff4e306ce1421f7fb946c1e2","time":{"start":1693594610243,"stop":1693594610243,"duration":0},"description":"Verify that 'Display name' can be added from Configuration page","descriptionHtml":"<p>Verify that 'Display name' can be added from Configuration page</p>\n","status":"skipped","statusMessage":"java.lang.RuntimeException: Authorization does not work with user: \"admin\" and password: \"5e0aef0b28024018aa59bd5f2cd22fc8\"","statusTrace":"java.lang.RuntimeException: java.lang.RuntimeException: Authorization does not work with user: \"admin\" and password: \"5e0aef0b28024018aa59bd5f2cd22fc8\"\n\tat school.redrover.runner.BaseTest.beforeMethod(BaseTest.java:50)\n\tat jdk.internal.reflect.GeneratedMethodAccessor67.invoke(Unknown Source)\n\tat java.base/jdk.internal.reflect.DelegatingMethodAccessorImpl.invoke(DelegatingMethodAccessorImpl.java:43)\n\tat java.base/java.lang.reflect.Method.invoke(Method.java:568)\n\tat org.testng.internal.invokers.MethodInvocationHelper.invokeMethod(MethodInvocationHelper.java:139)\n\tat org.testng.internal.invokers.MethodInvocationHelper.invokeMethodConsideringTimeout(MethodInvocationHelper.java:69)\n\tat org.testng.internal.invokers.ConfigInvoker.invokeConfigurationMethod(ConfigInvoker.java:361)\n\tat org.testng.internal.invokers.ConfigInvoker.invokeConfigurations(ConfigInvoker.java:296)\n\tat org.testng.internal.invokers.TestInvoker.runConfigMethods(TestInvoker.java:823)\n\tat org.testng.internal.invokers.TestInvoker.invokeMethod(TestInvoker.java:590)\n\tat org.testng.internal.invokers.TestInvoker.invokeTestMethod(TestInvoker.java:221)\n\tat org.testng.internal.invokers.MethodRunner.runInSequence(MethodRunner.java:50)\n\tat org.testng.internal.invokers.TestInvoker$MethodInvocationAgent.invoke(TestInvoker.java:969)\n\tat org.testng.internal.invokers.TestInvoker.invokeTestMethods(TestInvoker.java:194)\n\tat org.testng.internal.invokers.TestMethodWorker.invokeTestMethods(TestMethodWorker.java:148)\n\tat org.testng.internal.invokers.TestMethodWorker.run(TestMethodWorker.java:128)\n\tat java.base/java.util.ArrayList.forEach(ArrayList.java:1511)\n\tat org.testng.TestRunner.privateRun(TestRunner.java:829)\n\tat org.testng.TestRunner.run(TestRunner.java:602)\n\tat org.testng.SuiteRunner.runTest(SuiteRunner.java:437)\n\tat org.testng.SuiteRunner.runSequentially(SuiteRunner.java:431)\n\tat org.testng.SuiteRunner.privateRun(SuiteRunner.java:391)\n\tat org.testng.SuiteRunner.run(SuiteRunner.java:330)\n\tat org.testng.SuiteRunnerWorker.runSuite(SuiteRunnerWorker.java:52)\n\tat org.testng.SuiteRunnerWorker.run(SuiteRunnerWorker.java:95)\n\tat org.testng.TestNG.runSuitesSequentially(TestNG.java:1256)\n\tat org.testng.TestNG.runSuitesLocally(TestNG.java:1176)\n\tat org.testng.TestNG.runSuites(TestNG.java:1099)\n\tat org.testng.TestNG.run(TestNG.java:1067)\n\tat org.apache.maven.surefire.testng.TestNGExecutor.run(TestNGExecutor.java:283)\n\tat org.apache.maven.surefire.testng.TestNGXmlTestSuite.execute(TestNGXmlTestSuite.java:75)\n\tat org.apache.maven.surefire.testng.TestNGProvider.invoke(TestNGProvider.java:120)\n\tat org.apache.maven.surefire.booter.ForkedBooter.invokeProviderInSameClassLoader(ForkedBooter.java:386)\n\tat org.apache.maven.surefire.booter.ForkedBooter.runSuitesInProcess(ForkedBooter.java:323)\n\tat org.apache.maven.surefire.booter.ForkedBooter.main(ForkedBooter.java:143)\nCaused by: java.lang.RuntimeException: Authorization does not work with user: \"admin\" and password: \"5e0aef0b28024018aa59bd5f2cd22fc8\"\n\tat school.redrover.runner.JenkinsUtils.getPage(JenkinsUtils.java:108)\n\tat school.redrover.runner.JenkinsUtils.deleteViews(JenkinsUtils.java:136)\n\tat school.redrover.runner.JenkinsUtils.clearData(JenkinsUtils.java:167)\n\tat school.redrover.runner.BaseTest.clearData(BaseTest.java:58)\n\tat school.redrover.runner.BaseTest.beforeMethod(BaseTest.java:41)\n\t... 34 more\n","flaky":false,"newFailed":false,"newBroken":false,"newPassed":false,"retriesCount":0,"retriesStatusChange":false,"beforeStages":[{"name":"beforeClass","time":{"start":1693594610043,"stop":1693594610043,"duration":0},"description":"","status":"passed","steps":[],"attachments":[],"parameters":[],"stepsCount":0,"attachmentsCount":0,"shouldDisplayMessage":false,"hasContent":false},{"name":"beforeMethod","time":{"start":1693594610243,"stop":1693594610243,"duration":0},"description":"","status":"broken","steps":[],"attachments":[],"parameters":[],"stepsCount":0,"attachmentsCount":0,"shouldDisplayMessage":false,"hasContent":false}],"afterStages":[{"name":"afterMethod","time":{"start":1693594610244,"stop":1693594610244,"duration":0},"description":"","status":"broken","steps":[],"attachments":[],"parameters":[],"stepsCount":0,"attachmentsCount":0,"shouldDisplayMessage":false,"hasContent":false}],"labels":[{"name":"package","value":"school.redrover.FreestyleProjectTest"},{"name":"testClass","value":"school.redrover.FreestyleProjectTest"},{"name":"testMethod","value":"testAddDisplayName"},{"name":"parentSuite","value":"AllTestsSuite"},{"name":"suite","value":"FirefoxAllTests"},{"name":"subSuite","value":"school.redrover.FreestyleProjectTest"},{"name":"host","value":"fv-az551-261"},{"name":"thread","value":"2511@fv-az551-261.main(1)"},{"name":"framework","value":"testng"},{"name":"language","value":"java"},{"name":"feature","value":"Function"},{"name":"severity","value":"critical"},{"name":"resultFormat","value":"allure2"}],"parameters":[{"name":"browserName","value":"firefox"}],"links":[],"hidden":false,"retry":false,"extra":{"severity":"critical","retries":[],"categories":[],"history":{"statistic":{"failed":0,"broken":0,"skipped":5,"passed":0,"unknown":0,"total":5},"items":[{"uid":"707e0d53a6091d01","reportUrl":"https://RedRoverSchool.github.io/JenkinsQA_06/6698//#testresult/707e0d53a6091d01","status":"skipped","statusDetails":"java.lang.RuntimeException: Authorization does not work with user: \"admin\" and password: \"5e0aef0b28024018aa59bd5f2cd22fc8\"","time":{"start":1693589292017,"stop":1693589292017,"duration":0}},{"uid":"f97780bb86cbbdee","reportUrl":"https://RedRoverSchool.github.io/JenkinsQA_06/6697//#testresult/f97780bb86cbbdee","status":"skipped","statusDetails":"java.lang.RuntimeException: Authorization does not work with user: \"admin\" and password: \"5e0aef0b28024018aa59bd5f2cd22fc8\"","time":{"start":1693570162908,"stop":1693570162908,"duration":0}},{"uid":"771dc8ab0cdbe981","reportUrl":"https://RedRoverSchool.github.io/JenkinsQA_06/6695//#testresult/771dc8ab0cdbe981","status":"skipped","statusDetails":"java.lang.RuntimeException: Authorization does not work with user: \"admin\" and password: \"5e0aef0b28024018aa59bd5f2cd22fc8\"","time":{"start":1693560349214,"stop":1693560349214,"duration":0}},{"uid":"573de1e10088d1f6","reportUrl":"https://RedRoverSchool.github.io/JenkinsQA_06/6694//#testresult/573de1e10088d1f6","status":"skipped","statusDetails":"java.lang.RuntimeException: Authorization does not work with user: \"admin\" and password: \"5e0aef0b28024018aa59bd5f2cd22fc8\"","time":{"start":1693558268590,"stop":1693558268590,"duration":0}}]},"tags":[]},"source":"c97c8aed5d18430b.json","parameterValues":["firefox"]}